[0.091s] DEBUG:colcon:Command line arguments: ['/home/virtualkris2/.local/bin/colcon', 'build']
[0.091s] DEBUG:colcon:Parsed command line arguments: Namespace(log_base=None, log_level=None, verb_name='build', build_base='build', install_base='install', merge_install=False, symlink_install=False, test_result_base=None, continue_on_error=False, executor='parallel', parallel_workers=24, event_handlers=None, ignore_user_meta=False, metas=['./colcon.meta'], base_paths=['.'], packages_ignore=None, packages_ignore_regex=None, paths=None, packages_up_to=None, packages_up_to_regex=None, packages_above=None, packages_above_and_dependencies=None, packages_above_depth=None, packages_select_by_dep=None, packages_skip_by_dep=None, packages_skip_up_to=None, packages_select_build_failed=False, packages_skip_build_finished=False, packages_select_test_failures=False, packages_skip_test_passed=False, packages_select=None, packages_skip=None, packages_select_regex=None, packages_skip_regex=None, packages_start=None, packages_end=None, cmake_args=None, cmake_target=None, cmake_target_skip_unavailable=False, cmake_clean_cache=False, cmake_clean_first=False, cmake_force_configure=False, ament_cmake_args=None, catkin_cmake_args=None, catkin_skip_building_tests=False, verb_parser=<colcon_defaults.argument_parser.defaults.DefaultArgumentsDecorator object at 0x7fcc6c670a90>, verb_extension=<colcon_core.verb.build.BuildVerb object at 0x7fcc6c670640>, main=<bound method BuildVerb.main of <colcon_core.verb.build.BuildVerb object at 0x7fcc6c670640>>)
[0.143s] Level 1:colcon.colcon_core.package_discovery:discover_packages(colcon_meta) check parameters
[0.143s] Level 1:colcon.colcon_core.package_discovery:discover_packages(recursive) check parameters
[0.143s] Level 1:colcon.colcon_core.package_discovery:discover_packages(ignore) check parameters
[0.143s] Level 1:colcon.colcon_core.package_discovery:discover_packages(path) check parameters
[0.143s] Level 1:colcon.colcon_core.package_discovery:discover_packages(colcon_meta) discover
[0.143s] Level 1:colcon.colcon_core.package_discovery:discover_packages(recursive) discover
[0.143s] INFO:colcon.colcon_core.package_discovery:Crawling recursively for packages in '/home/virtualkris2/ros2_ws'
[0.143s] Level 1:colcon.colcon_core.package_identification:_identify(.) by extensions ['ignore', 'ignore_ament_install']
[0.143s] Level 1:colcon.colcon_core.package_identification:_identify(.) by extension 'ignore'
[0.143s] Level 1:colcon.colcon_core.package_identification:_identify(.) by extension 'ignore_ament_install'
[0.143s] Level 1:colcon.colcon_core.package_identification:_identify(.) by extensions ['colcon_pkg']
[0.143s] Level 1:colcon.colcon_core.package_identification:_identify(.) by extension 'colcon_pkg'
[0.143s] Level 1:colcon.colcon_core.package_identification:_identify(.) by extensions ['colcon_meta']
[0.143s] Level 1:colcon.colcon_core.package_identification:_identify(.) by extension 'colcon_meta'
[0.143s] Level 1:colcon.colcon_core.package_identification:_identify(.) by extensions ['ros']
[0.143s] Level 1:colcon.colcon_core.package_identification:_identify(.) by extension 'ros'
[0.149s] Level 1:colcon.colcon_core.package_identification:_identify(.) by extensions ['cmake', 'python']
[0.149s] Level 1:colcon.colcon_core.package_identification:_identify(.) by extension 'cmake'
[0.149s] Level 1:colcon.colcon_core.package_identification:_identify(.) by extension 'python'
[0.149s] Level 1:colcon.colcon_core.package_identification:_identify(.) by extensions ['python_setup_py']
[0.149s] Level 1:colcon.colcon_core.package_identification:_identify(.) by extension 'python_setup_py'
[0.149s] Level 1:colcon.colcon_core.package_identification:_identify(build) by extensions ['ignore', 'ignore_ament_install']
[0.149s] Level 1:colcon.colcon_core.package_identification:_identify(build) by extension 'ignore'
[0.149s] Level 1:colcon.colcon_core.package_identification:_identify(build) ignored
[0.149s] Level 1:colcon.colcon_core.package_identification:_identify(install) by extensions ['ignore', 'ignore_ament_install']
[0.149s] Level 1:colcon.colcon_core.package_identification:_identify(install) by extension 'ignore'
[0.149s] Level 1:colcon.colcon_core.package_identification:_identify(install) ignored
[0.149s] Level 1:colcon.colcon_core.package_identification:_identify(log) by extensions ['ignore', 'ignore_ament_install']
[0.149s] Level 1:colcon.colcon_core.package_identification:_identify(log) by extension 'ignore'
[0.149s] Level 1:colcon.colcon_core.package_identification:_identify(log) ignored
[0.149s] Level 1:colcon.colcon_core.package_identification:_identify(src) by extensions ['ignore', 'ignore_ament_install']
[0.149s] Level 1:colcon.colcon_core.package_identification:_identify(src) by extension 'ignore'
[0.149s] Level 1:colcon.colcon_core.package_identification:_identify(src) by extension 'ignore_ament_install'
[0.149s] Level 1:colcon.colcon_core.package_identification:_identify(src) by extensions ['colcon_pkg']
[0.149s] Level 1:colcon.colcon_core.package_identification:_identify(src) by extension 'colcon_pkg'
[0.149s] Level 1:colcon.colcon_core.package_identification:_identify(src) by extensions ['colcon_meta']
[0.149s] Level 1:colcon.colcon_core.package_identification:_identify(src) by extension 'colcon_meta'
[0.149s] Level 1:colcon.colcon_core.package_identification:_identify(src) by extensions ['ros']
[0.149s] Level 1:colcon.colcon_core.package_identification:_identify(src) by extension 'ros'
[0.149s] Level 1:colcon.colcon_core.package_identification:_identify(src) by extensions ['cmake', 'python']
[0.149s] Level 1:colcon.colcon_core.package_identification:_identify(src) by extension 'cmake'
[0.149s] Level 1:colcon.colcon_core.package_identification:_identify(src) by extension 'python'
[0.149s] Level 1:colcon.colcon_core.package_identification:_identify(src) by extensions ['python_setup_py']
[0.149s] Level 1:colcon.colcon_core.package_identification:_identify(src) by extension 'python_setup_py'
[0.149s] Level 1:colcon.colcon_core.package_identification:_identify(src/Base Motor Control Program C++) by extensions ['ignore', 'ignore_ament_install']
[0.149s] Level 1:colcon.colcon_core.package_identification:_identify(src/Base Motor Control Program C++) by extension 'ignore'
[0.149s] Level 1:colcon.colcon_core.package_identification:_identify(src/Base Motor Control Program C++) by extension 'ignore_ament_install'
[0.149s] Level 1:colcon.colcon_core.package_identification:_identify(src/Base Motor Control Program C++) by extensions ['colcon_pkg']
[0.149s] Level 1:colcon.colcon_core.package_identification:_identify(src/Base Motor Control Program C++) by extension 'colcon_pkg'
[0.149s] Level 1:colcon.colcon_core.package_identification:_identify(src/Base Motor Control Program C++) by extensions ['colcon_meta']
[0.149s] Level 1:colcon.colcon_core.package_identification:_identify(src/Base Motor Control Program C++) by extension 'colcon_meta'
[0.149s] Level 1:colcon.colcon_core.package_identification:_identify(src/Base Motor Control Program C++) by extensions ['ros']
[0.149s] Level 1:colcon.colcon_core.package_identification:_identify(src/Base Motor Control Program C++) by extension 'ros'
[0.149s] Level 1:colcon.colcon_core.package_identification:_identify(src/Base Motor Control Program C++) by extensions ['cmake', 'python']
[0.149s] Level 1:colcon.colcon_core.package_identification:_identify(src/Base Motor Control Program C++) by extension 'cmake'
[0.149s] Level 1:colcon.colcon_core.package_identification:_identify(src/Base Motor Control Program C++) by extension 'python'
[0.150s] Level 1:colcon.colcon_core.package_identification:_identify(src/Base Motor Control Program C++) by extensions ['python_setup_py']
[0.150s] Level 1:colcon.colcon_core.package_identification:_identify(src/Base Motor Control Program C++) by extension 'python_setup_py'
[0.150s] Level 1:colcon.colcon_core.package_identification:_identify(src/Base Motor Control Program C++/Capstone) by extensions ['ignore', 'ignore_ament_install']
[0.150s] Level 1:colcon.colcon_core.package_identification:_identify(src/Base Motor Control Program C++/Capstone) by extension 'ignore'
[0.150s] Level 1:colcon.colcon_core.package_identification:_identify(src/Base Motor Control Program C++/Capstone) by extension 'ignore_ament_install'
[0.150s] Level 1:colcon.colcon_core.package_identification:_identify(src/Base Motor Control Program C++/Capstone) by extensions ['colcon_pkg']
[0.150s] Level 1:colcon.colcon_core.package_identification:_identify(src/Base Motor Control Program C++/Capstone) by extension 'colcon_pkg'
[0.150s] Level 1:colcon.colcon_core.package_identification:_identify(src/Base Motor Control Program C++/Capstone) by extensions ['colcon_meta']
[0.150s] Level 1:colcon.colcon_core.package_identification:_identify(src/Base Motor Control Program C++/Capstone) by extension 'colcon_meta'
[0.150s] Level 1:colcon.colcon_core.package_identification:_identify(src/Base Motor Control Program C++/Capstone) by extensions ['ros']
[0.150s] Level 1:colcon.colcon_core.package_identification:_identify(src/Base Motor Control Program C++/Capstone) by extension 'ros'
[0.150s] Level 1:colcon.colcon_core.package_identification:_identify(src/Base Motor Control Program C++/Capstone) by extensions ['cmake', 'python']
[0.150s] Level 1:colcon.colcon_core.package_identification:_identify(src/Base Motor Control Program C++/Capstone) by extension 'cmake'
[0.150s] Level 1:colcon.colcon_core.package_identification:_identify(src/Base Motor Control Program C++/Capstone) by extension 'python'
[0.150s] Level 1:colcon.colcon_core.package_identification:_identify(src/Base Motor Control Program C++/Capstone) by extensions ['python_setup_py']
[0.150s] Level 1:colcon.colcon_core.package_identification:_identify(src/Base Motor Control Program C++/Capstone) by extension 'python_setup_py'
[0.150s] Level 1:colcon.colcon_core.package_identification:_identify(src/core_interfaces) by extensions ['ignore', 'ignore_ament_install']
[0.150s] Level 1:colcon.colcon_core.package_identification:_identify(src/core_interfaces) by extension 'ignore'
[0.150s] Level 1:colcon.colcon_core.package_identification:_identify(src/core_interfaces) by extension 'ignore_ament_install'
[0.150s] Level 1:colcon.colcon_core.package_identification:_identify(src/core_interfaces) by extensions ['colcon_pkg']
[0.150s] Level 1:colcon.colcon_core.package_identification:_identify(src/core_interfaces) by extension 'colcon_pkg'
[0.150s] Level 1:colcon.colcon_core.package_identification:_identify(src/core_interfaces) by extensions ['colcon_meta']
[0.150s] Level 1:colcon.colcon_core.package_identification:_identify(src/core_interfaces) by extension 'colcon_meta'
[0.150s] Level 1:colcon.colcon_core.package_identification:_identify(src/core_interfaces) by extensions ['ros']
[0.150s] Level 1:colcon.colcon_core.package_identification:_identify(src/core_interfaces) by extension 'ros'
[0.151s] DEBUG:colcon.colcon_core.package_identification:Package 'src/core_interfaces' with type 'ros.ament_cmake' and name 'core_interfaces'
[0.151s] Level 1:colcon.colcon_core.package_identification:_identify(src/three_legged_bot) by extensions ['ignore', 'ignore_ament_install']
[0.151s] Level 1:colcon.colcon_core.package_identification:_identify(src/three_legged_bot) by extension 'ignore'
[0.151s] Level 1:colcon.colcon_core.package_identification:_identify(src/three_legged_bot) by extension 'ignore_ament_install'
[0.151s] Level 1:colcon.colcon_core.package_identification:_identify(src/three_legged_bot) by extensions ['colcon_pkg']
[0.151s] Level 1:colcon.colcon_core.package_identification:_identify(src/three_legged_bot) by extension 'colcon_pkg'
[0.151s] Level 1:colcon.colcon_core.package_identification:_identify(src/three_legged_bot) by extensions ['colcon_meta']
[0.151s] Level 1:colcon.colcon_core.package_identification:_identify(src/three_legged_bot) by extension 'colcon_meta'
[0.151s] Level 1:colcon.colcon_core.package_identification:_identify(src/three_legged_bot) by extensions ['ros']
[0.151s] Level 1:colcon.colcon_core.package_identification:_identify(src/three_legged_bot) by extension 'ros'
[0.152s] DEBUG:colcon.colcon_core.package_identification:Package 'src/three_legged_bot' with type 'ros.ament_cmake' and name 'three_legged_bot'
[0.152s] Level 1:colcon.colcon_core.package_discovery:discover_packages(recursive) using defaults
[0.152s] Level 1:colcon.colcon_core.package_discovery:discover_packages(ignore) discover
[0.152s] Level 1:colcon.colcon_core.package_discovery:discover_packages(ignore) using defaults
[0.152s] Level 1:colcon.colcon_core.package_discovery:discover_packages(path) discover
[0.152s] Level 1:colcon.colcon_core.package_discovery:discover_packages(path) using defaults
[0.162s] Level 5:colcon.colcon_core.verb:set package 'core_interfaces' build argument 'cmake_args' from command line to 'None'
[0.163s] Level 5:colcon.colcon_core.verb:set package 'core_interfaces' build argument 'cmake_target' from command line to 'None'
[0.163s] Level 5:colcon.colcon_core.verb:set package 'core_interfaces' build argument 'cmake_target_skip_unavailable' from command line to 'False'
[0.163s] Level 5:colcon.colcon_core.verb:set package 'core_interfaces' build argument 'cmake_clean_cache' from command line to 'False'
[0.163s] Level 5:colcon.colcon_core.verb:set package 'core_interfaces' build argument 'cmake_clean_first' from command line to 'False'
[0.163s] Level 5:colcon.colcon_core.verb:set package 'core_interfaces' build argument 'cmake_force_configure' from command line to 'False'
[0.163s] Level 5:colcon.colcon_core.verb:set package 'core_interfaces' build argument 'ament_cmake_args' from command line to 'None'
[0.163s] Level 5:colcon.colcon_core.verb:set package 'core_interfaces' build argument 'catkin_cmake_args' from command line to 'None'
[0.163s] Level 5:colcon.colcon_core.verb:set package 'core_interfaces' build argument 'catkin_skip_building_tests' from command line to 'False'
[0.163s] DEBUG:colcon.colcon_core.verb:Building package 'core_interfaces' with the following arguments: {'ament_cmake_args': None, 'build_base': '/home/virtualkris2/ros2_ws/build/core_interfaces', 'catkin_cmake_args': None, 'catkin_skip_building_tests': False, 'cmake_args': None, 'cmake_clean_cache': False, 'cmake_clean_first': False, 'cmake_force_configure': False, 'cmake_target': None, 'cmake_target_skip_unavailable': False, 'install_base': '/home/virtualkris2/ros2_ws/install/core_interfaces', 'merge_install': False, 'path': '/home/virtualkris2/ros2_ws/src/core_interfaces', 'symlink_install': False, 'test_result_base': None}
[0.163s] Level 5:colcon.colcon_core.verb:set package 'three_legged_bot' build argument 'cmake_args' from command line to 'None'
[0.163s] Level 5:colcon.colcon_core.verb:set package 'three_legged_bot' build argument 'cmake_target' from command line to 'None'
[0.163s] Level 5:colcon.colcon_core.verb:set package 'three_legged_bot' build argument 'cmake_target_skip_unavailable' from command line to 'False'
[0.163s] Level 5:colcon.colcon_core.verb:set package 'three_legged_bot' build argument 'cmake_clean_cache' from command line to 'False'
[0.163s] Level 5:colcon.colcon_core.verb:set package 'three_legged_bot' build argument 'cmake_clean_first' from command line to 'False'
[0.163s] Level 5:colcon.colcon_core.verb:set package 'three_legged_bot' build argument 'cmake_force_configure' from command line to 'False'
[0.163s] Level 5:colcon.colcon_core.verb:set package 'three_legged_bot' build argument 'ament_cmake_args' from command line to 'None'
[0.163s] Level 5:colcon.colcon_core.verb:set package 'three_legged_bot' build argument 'catkin_cmake_args' from command line to 'None'
[0.163s] Level 5:colcon.colcon_core.verb:set package 'three_legged_bot' build argument 'catkin_skip_building_tests' from command line to 'False'
[0.163s] DEBUG:colcon.colcon_core.verb:Building package 'three_legged_bot' with the following arguments: {'ament_cmake_args': None, 'build_base': '/home/virtualkris2/ros2_ws/build/three_legged_bot', 'catkin_cmake_args': None, 'catkin_skip_building_tests': False, 'cmake_args': None, 'cmake_clean_cache': False, 'cmake_clean_first': False, 'cmake_force_configure': False, 'cmake_target': None, 'cmake_target_skip_unavailable': False, 'install_base': '/home/virtualkris2/ros2_ws/install/three_legged_bot', 'merge_install': False, 'path': '/home/virtualkris2/ros2_ws/src/three_legged_bot', 'symlink_install': False, 'test_result_base': None}
[0.163s] INFO:colcon.colcon_core.executor:Executing jobs using 'parallel' executor
[0.164s] DEBUG:colcon.colcon_parallel_executor.executor.parallel:run_until_complete
[0.164s] INFO:colcon.colcon_ros.task.ament_cmake.build:Building ROS package in '/home/virtualkris2/ros2_ws/src/core_interfaces' with build type 'ament_cmake'
[0.164s] INFO:colcon.colcon_cmake.task.cmake.build:Building CMake package in '/home/virtualkris2/ros2_ws/src/core_interfaces'
[0.166s] INFO:colcon.colcon_core.plugin_system:Skipping extension 'colcon_core.shell.bat': Not used on non-Windows systems
[0.166s] INFO:colcon.colcon_core.shell:Skip shell extension 'powershell' for command environment: Not usable outside of PowerShell
[0.166s] DEBUG:colcon.colcon_core.shell:Skip shell extension 'dsv' for command environment
[0.172s] DEBUG:colcon.colcon_core.event_handler.log_command:Invoking command in '/home/virtualkris2/ros2_ws/build/core_interfaces': CMAKE_PREFIX_PATH=/opt/ros/humble:${CMAKE_PREFIX_PATH} /usr/bin/cmake --build /home/virtualkris2/ros2_ws/build/core_interfaces -- -j24 -l24
[0.300s] DEBUG:colcon.colcon_core.event_handler.log_command:Invoked command in '/home/virtualkris2/ros2_ws/build/core_interfaces' returned '0': CMAKE_PREFIX_PATH=/opt/ros/humble:${CMAKE_PREFIX_PATH} /usr/bin/cmake --build /home/virtualkris2/ros2_ws/build/core_interfaces -- -j24 -l24
[0.322s] DEBUG:colcon.colcon_core.event_handler.log_command:Invoking command in '/home/virtualkris2/ros2_ws/build/core_interfaces': CMAKE_PREFIX_PATH=/opt/ros/humble:${CMAKE_PREFIX_PATH} /usr/bin/cmake --install /home/virtualkris2/ros2_ws/build/core_interfaces
[0.346s] Level 1:colcon.colcon_core.environment:create_environment_scripts_only(core_interfaces)
[0.347s] DEBUG:colcon.colcon_core.event_handler.log_command:Invoked command in '/home/virtualkris2/ros2_ws/build/core_interfaces' returned '0': CMAKE_PREFIX_PATH=/opt/ros/humble:${CMAKE_PREFIX_PATH} /usr/bin/cmake --install /home/virtualkris2/ros2_ws/build/core_interfaces
[0.347s] Level 1:colcon.colcon_core.environment:checking '/home/virtualkris2/ros2_ws/install/core_interfaces' for CMake module files
[0.348s] Level 1:colcon.colcon_core.environment:checking '/home/virtualkris2/ros2_ws/install/core_interfaces' for CMake config files
[0.348s] Level 1:colcon.colcon_core.shell:create_environment_hook('core_interfaces', 'cmake_prefix_path')
[0.348s] INFO:colcon.colcon_core.shell:Creating environment hook '/home/virtualkris2/ros2_ws/install/core_interfaces/share/core_interfaces/hook/cmake_prefix_path.ps1'
[0.348s] INFO:colcon.colcon_core.shell:Creating environment descriptor '/home/virtualkris2/ros2_ws/install/core_interfaces/share/core_interfaces/hook/cmake_prefix_path.dsv'
[0.349s] INFO:colcon.colcon_core.shell:Creating environment hook '/home/virtualkris2/ros2_ws/install/core_interfaces/share/core_interfaces/hook/cmake_prefix_path.sh'
[0.349s] Level 1:colcon.colcon_core.environment:checking '/home/virtualkris2/ros2_ws/install/core_interfaces/lib'
[0.349s] Level 1:colcon.colcon_core.shell:create_environment_hook('core_interfaces', 'ld_library_path_lib')
[0.349s] INFO:colcon.colcon_core.shell:Creating environment hook '/home/virtualkris2/ros2_ws/install/core_interfaces/share/core_interfaces/hook/ld_library_path_lib.ps1'
[0.349s] INFO:colcon.colcon_core.shell:Creating environment descriptor '/home/virtualkris2/ros2_ws/install/core_interfaces/share/core_interfaces/hook/ld_library_path_lib.dsv'
[0.349s] INFO:colcon.colcon_core.shell:Creating environment hook '/home/virtualkris2/ros2_ws/install/core_interfaces/share/core_interfaces/hook/ld_library_path_lib.sh'
[0.349s] Level 1:colcon.colcon_core.environment:checking '/home/virtualkris2/ros2_ws/install/core_interfaces/bin'
[0.349s] Level 1:colcon.colcon_core.environment:checking '/home/virtualkris2/ros2_ws/install/core_interfaces/lib/pkgconfig/core_interfaces.pc'
[0.350s] Level 1:colcon.colcon_core.environment:checking '/home/virtualkris2/ros2_ws/install/core_interfaces/lib/python3.10/site-packages'
[0.350s] Level 1:colcon.colcon_core.environment:checking '/home/virtualkris2/ros2_ws/install/core_interfaces/bin'
[0.350s] INFO:colcon.colcon_core.shell:Creating package script '/home/virtualkris2/ros2_ws/install/core_interfaces/share/core_interfaces/package.ps1'
[0.351s] INFO:colcon.colcon_core.shell:Creating package descriptor '/home/virtualkris2/ros2_ws/install/core_interfaces/share/core_interfaces/package.dsv'
[0.351s] INFO:colcon.colcon_core.shell:Creating package script '/home/virtualkris2/ros2_ws/install/core_interfaces/share/core_interfaces/package.sh'
[0.351s] INFO:colcon.colcon_core.shell:Creating package script '/home/virtualkris2/ros2_ws/install/core_interfaces/share/core_interfaces/package.bash'
[0.351s] INFO:colcon.colcon_core.shell:Creating package script '/home/virtualkris2/ros2_ws/install/core_interfaces/share/core_interfaces/package.zsh'
[0.352s] Level 1:colcon.colcon_core.environment:create_file_with_runtime_dependencies(/home/virtualkris2/ros2_ws/install/core_interfaces/share/colcon-core/packages/core_interfaces)
[0.371s] Level 1:colcon.colcon_core.environment:create_environment_scripts_only(core_interfaces)
[0.371s] Level 1:colcon.colcon_core.environment:checking '/home/virtualkris2/ros2_ws/install/core_interfaces' for CMake module files
[0.372s] Level 1:colcon.colcon_core.environment:checking '/home/virtualkris2/ros2_ws/install/core_interfaces' for CMake config files
[0.372s] Level 1:colcon.colcon_core.shell:create_environment_hook('core_interfaces', 'cmake_prefix_path')
[0.372s] INFO:colcon.colcon_core.shell:Creating environment hook '/home/virtualkris2/ros2_ws/install/core_interfaces/share/core_interfaces/hook/cmake_prefix_path.ps1'
[0.372s] INFO:colcon.colcon_core.shell:Creating environment descriptor '/home/virtualkris2/ros2_ws/install/core_interfaces/share/core_interfaces/hook/cmake_prefix_path.dsv'
[0.372s] INFO:colcon.colcon_core.shell:Creating environment hook '/home/virtualkris2/ros2_ws/install/core_interfaces/share/core_interfaces/hook/cmake_prefix_path.sh'
[0.372s] Level 1:colcon.colcon_core.environment:checking '/home/virtualkris2/ros2_ws/install/core_interfaces/lib'
[0.372s] Level 1:colcon.colcon_core.shell:create_environment_hook('core_interfaces', 'ld_library_path_lib')
[0.372s] INFO:colcon.colcon_core.shell:Creating environment hook '/home/virtualkris2/ros2_ws/install/core_interfaces/share/core_interfaces/hook/ld_library_path_lib.ps1'
[0.373s] INFO:colcon.colcon_core.shell:Creating environment descriptor '/home/virtualkris2/ros2_ws/install/core_interfaces/share/core_interfaces/hook/ld_library_path_lib.dsv'
[0.373s] INFO:colcon.colcon_core.shell:Creating environment hook '/home/virtualkris2/ros2_ws/install/core_interfaces/share/core_interfaces/hook/ld_library_path_lib.sh'
[0.373s] Level 1:colcon.colcon_core.environment:checking '/home/virtualkris2/ros2_ws/install/core_interfaces/bin'
[0.373s] Level 1:colcon.colcon_core.environment:checking '/home/virtualkris2/ros2_ws/install/core_interfaces/lib/pkgconfig/core_interfaces.pc'
[0.373s] Level 1:colcon.colcon_core.environment:checking '/home/virtualkris2/ros2_ws/install/core_interfaces/lib/python3.10/site-packages'
[0.373s] Level 1:colcon.colcon_core.environment:checking '/home/virtualkris2/ros2_ws/install/core_interfaces/bin'
[0.373s] INFO:colcon.colcon_core.shell:Creating package script '/home/virtualkris2/ros2_ws/install/core_interfaces/share/core_interfaces/package.ps1'
[0.373s] INFO:colcon.colcon_core.shell:Creating package descriptor '/home/virtualkris2/ros2_ws/install/core_interfaces/share/core_interfaces/package.dsv'
[0.373s] INFO:colcon.colcon_core.shell:Creating package script '/home/virtualkris2/ros2_ws/install/core_interfaces/share/core_interfaces/package.sh'
[0.374s] INFO:colcon.colcon_core.shell:Creating package script '/home/virtualkris2/ros2_ws/install/core_interfaces/share/core_interfaces/package.bash'
[0.374s] INFO:colcon.colcon_core.shell:Creating package script '/home/virtualkris2/ros2_ws/install/core_interfaces/share/core_interfaces/package.zsh'
[0.374s] Level 1:colcon.colcon_core.environment:create_file_with_runtime_dependencies(/home/virtualkris2/ros2_ws/install/core_interfaces/share/colcon-core/packages/core_interfaces)
[0.374s] INFO:colcon.colcon_ros.task.ament_cmake.build:Building ROS package in '/home/virtualkris2/ros2_ws/src/three_legged_bot' with build type 'ament_cmake'
[0.374s] INFO:colcon.colcon_cmake.task.cmake.build:Building CMake package in '/home/virtualkris2/ros2_ws/src/three_legged_bot'
[0.374s] INFO:colcon.colcon_core.shell:Skip shell extension 'powershell' for command environment: Not usable outside of PowerShell
[0.374s] DEBUG:colcon.colcon_core.shell:Skip shell extension 'dsv' for command environment
[0.411s] DEBUG:colcon.colcon_core.event_handler.log_command:Invoking command in '/home/virtualkris2/ros2_ws/build/three_legged_bot': AMENT_PREFIX_PATH=/home/virtualkris2/ros2_ws/install/core_interfaces:${AMENT_PREFIX_PATH} CMAKE_PREFIX_PATH=/home/virtualkris2/ros2_ws/install/core_interfaces:/opt/ros/humble:${CMAKE_PREFIX_PATH} LD_LIBRARY_PATH=/home/virtualkris2/ros2_ws/install/core_interfaces/lib:${LD_LIBRARY_PATH} PYTHONPATH=/home/virtualkris2/ros2_ws/install/core_interfaces/local/lib/python3.10/dist-packages:${PYTHONPATH} /usr/bin/cmake --build /home/virtualkris2/ros2_ws/build/three_legged_bot -- -j24 -l24
[0.447s] DEBUG:colcon.colcon_core.event_handler.log_command:Invoked command in '/home/virtualkris2/ros2_ws/build/three_legged_bot' returned '0': AMENT_PREFIX_PATH=/home/virtualkris2/ros2_ws/install/core_interfaces:${AMENT_PREFIX_PATH} CMAKE_PREFIX_PATH=/home/virtualkris2/ros2_ws/install/core_interfaces:/opt/ros/humble:${CMAKE_PREFIX_PATH} LD_LIBRARY_PATH=/home/virtualkris2/ros2_ws/install/core_interfaces/lib:${LD_LIBRARY_PATH} PYTHONPATH=/home/virtualkris2/ros2_ws/install/core_interfaces/local/lib/python3.10/dist-packages:${PYTHONPATH} /usr/bin/cmake --build /home/virtualkris2/ros2_ws/build/three_legged_bot -- -j24 -l24
[0.458s] DEBUG:colcon.colcon_core.event_handler.log_command:Invoking command in '/home/virtualkris2/ros2_ws/build/three_legged_bot': AMENT_PREFIX_PATH=/home/virtualkris2/ros2_ws/install/core_interfaces:${AMENT_PREFIX_PATH} CMAKE_PREFIX_PATH=/home/virtualkris2/ros2_ws/install/core_interfaces:/opt/ros/humble:${CMAKE_PREFIX_PATH} LD_LIBRARY_PATH=/home/virtualkris2/ros2_ws/install/core_interfaces/lib:${LD_LIBRARY_PATH} PYTHONPATH=/home/virtualkris2/ros2_ws/install/core_interfaces/local/lib/python3.10/dist-packages:${PYTHONPATH} /usr/bin/cmake --install /home/virtualkris2/ros2_ws/build/three_legged_bot
[0.462s] Level 1:colcon.colcon_core.environment:create_environment_scripts_only(three_legged_bot)
[0.462s] Level 1:colcon.colcon_core.environment:checking '/home/virtualkris2/ros2_ws/install/three_legged_bot' for CMake module files
[0.463s] DEBUG:colcon.colcon_core.event_handler.log_command:Invoked command in '/home/virtualkris2/ros2_ws/build/three_legged_bot' returned '0': AMENT_PREFIX_PATH=/home/virtualkris2/ros2_ws/install/core_interfaces:${AMENT_PREFIX_PATH} CMAKE_PREFIX_PATH=/home/virtualkris2/ros2_ws/install/core_interfaces:/opt/ros/humble:${CMAKE_PREFIX_PATH} LD_LIBRARY_PATH=/home/virtualkris2/ros2_ws/install/core_interfaces/lib:${LD_LIBRARY_PATH} PYTHONPATH=/home/virtualkris2/ros2_ws/install/core_interfaces/local/lib/python3.10/dist-packages:${PYTHONPATH} /usr/bin/cmake --install /home/virtualkris2/ros2_ws/build/three_legged_bot
[0.463s] Level 1:colcon.colcon_core.environment:checking '/home/virtualkris2/ros2_ws/install/three_legged_bot' for CMake config files
[0.463s] Level 1:colcon.colcon_core.shell:create_environment_hook('three_legged_bot', 'cmake_prefix_path')
[0.463s] INFO:colcon.colcon_core.shell:Creating environment hook '/home/virtualkris2/ros2_ws/install/three_legged_bot/share/three_legged_bot/hook/cmake_prefix_path.ps1'
[0.463s] INFO:colcon.colcon_core.shell:Creating environment descriptor '/home/virtualkris2/ros2_ws/install/three_legged_bot/share/three_legged_bot/hook/cmake_prefix_path.dsv'
[0.463s] INFO:colcon.colcon_core.shell:Creating environment hook '/home/virtualkris2/ros2_ws/install/three_legged_bot/share/three_legged_bot/hook/cmake_prefix_path.sh'
[0.464s] Level 1:colcon.colcon_core.environment:checking '/home/virtualkris2/ros2_ws/install/three_legged_bot/lib'
[0.464s] Level 1:colcon.colcon_core.environment:checking '/home/virtualkris2/ros2_ws/install/three_legged_bot/bin'
[0.464s] Level 1:colcon.colcon_core.environment:checking '/home/virtualkris2/ros2_ws/install/three_legged_bot/lib/pkgconfig/three_legged_bot.pc'
[0.464s] Level 1:colcon.colcon_core.environment:checking '/home/virtualkris2/ros2_ws/install/three_legged_bot/lib/python3.10/site-packages'
[0.464s] Level 1:colcon.colcon_core.environment:checking '/home/virtualkris2/ros2_ws/install/three_legged_bot/bin'
[0.464s] INFO:colcon.colcon_core.shell:Creating package script '/home/virtualkris2/ros2_ws/install/three_legged_bot/share/three_legged_bot/package.ps1'
[0.464s] INFO:colcon.colcon_core.shell:Creating package descriptor '/home/virtualkris2/ros2_ws/install/three_legged_bot/share/three_legged_bot/package.dsv'
[0.464s] INFO:colcon.colcon_core.shell:Creating package script '/home/virtualkris2/ros2_ws/install/three_legged_bot/share/three_legged_bot/package.sh'
[0.465s] INFO:colcon.colcon_core.shell:Creating package script '/home/virtualkris2/ros2_ws/install/three_legged_bot/share/three_legged_bot/package.bash'
[0.465s] INFO:colcon.colcon_core.shell:Creating package script '/home/virtualkris2/ros2_ws/install/three_legged_bot/share/three_legged_bot/package.zsh'
[0.465s] Level 1:colcon.colcon_core.environment:create_file_with_runtime_dependencies(/home/virtualkris2/ros2_ws/install/three_legged_bot/share/colcon-core/packages/three_legged_bot)
[0.476s] Level 1:colcon.colcon_core.environment:create_environment_scripts_only(three_legged_bot)
[0.476s] Level 1:colcon.colcon_core.environment:checking '/home/virtualkris2/ros2_ws/install/three_legged_bot' for CMake module files
[0.476s] Level 1:colcon.colcon_core.environment:checking '/home/virtualkris2/ros2_ws/install/three_legged_bot' for CMake config files
[0.476s] Level 1:colcon.colcon_core.shell:create_environment_hook('three_legged_bot', 'cmake_prefix_path')
[0.476s] INFO:colcon.colcon_core.shell:Creating environment hook '/home/virtualkris2/ros2_ws/install/three_legged_bot/share/three_legged_bot/hook/cmake_prefix_path.ps1'
[0.476s] INFO:colcon.colcon_core.shell:Creating environment descriptor '/home/virtualkris2/ros2_ws/install/three_legged_bot/share/three_legged_bot/hook/cmake_prefix_path.dsv'
[0.477s] INFO:colcon.colcon_core.shell:Creating environment hook '/home/virtualkris2/ros2_ws/install/three_legged_bot/share/three_legged_bot/hook/cmake_prefix_path.sh'
[0.477s] Level 1:colcon.colcon_core.environment:checking '/home/virtualkris2/ros2_ws/install/three_legged_bot/lib'
[0.477s] Level 1:colcon.colcon_core.environment:checking '/home/virtualkris2/ros2_ws/install/three_legged_bot/bin'
[0.477s] Level 1:colcon.colcon_core.environment:checking '/home/virtualkris2/ros2_ws/install/three_legged_bot/lib/pkgconfig/three_legged_bot.pc'
[0.477s] Level 1:colcon.colcon_core.environment:checking '/home/virtualkris2/ros2_ws/install/three_legged_bot/lib/python3.10/site-packages'
[0.477s] Level 1:colcon.colcon_core.environment:checking '/home/virtualkris2/ros2_ws/install/three_legged_bot/bin'
[0.477s] INFO:colcon.colcon_core.shell:Creating package script '/home/virtualkris2/ros2_ws/install/three_legged_bot/share/three_legged_bot/package.ps1'
[0.477s] INFO:colcon.colcon_core.shell:Creating package descriptor '/home/virtualkris2/ros2_ws/install/three_legged_bot/share/three_legged_bot/package.dsv'
[0.477s] INFO:colcon.colcon_core.shell:Creating package script '/home/virtualkris2/ros2_ws/install/three_legged_bot/share/three_legged_bot/package.sh'
[0.478s] INFO:colcon.colcon_core.shell:Creating package script '/home/virtualkris2/ros2_ws/install/three_legged_bot/share/three_legged_bot/package.bash'
[0.478s] INFO:colcon.colcon_core.shell:Creating package script '/home/virtualkris2/ros2_ws/install/three_legged_bot/share/three_legged_bot/package.zsh'
[0.478s] Level 1:colcon.colcon_core.environment:create_file_with_runtime_dependencies(/home/virtualkris2/ros2_ws/install/three_legged_bot/share/colcon-core/packages/three_legged_bot)
[0.478s] DEBUG:colcon.colcon_parallel_executor.executor.parallel:closing loop
[0.478s] DEBUG:colcon.colcon_parallel_executor.executor.parallel:loop closed
[0.478s] DEBUG:colcon.colcon_parallel_executor.executor.parallel:run_until_complete finished with '0'
[0.478s] DEBUG:colcon.colcon_core.event_reactor:joining thread
[0.497s] INFO:colcon.colcon_core.plugin_system:Skipping extension 'colcon_notification.desktop_notification.notify_send': Could not find 'notify-send'
[0.497s] INFO:colcon.colcon_core.plugin_system:Skipping extension 'colcon_notification.desktop_notification.terminal_notifier': Not used on non-Darwin systems
[0.497s] INFO:colcon.colcon_core.plugin_system:Skipping extension 'colcon_notification.desktop_notification.win32': Not used on non-Windows systems
[0.497s] INFO:colcon.colcon_notification.desktop_notification:Sending desktop notification using 'notify2'
[0.497s] DEBUG:colcon.colcon_notification.desktop_notification.notify2:Failed to initialize notify2: org.freedesktop.DBus.Error.FileNotFound: Failed to connect to socket /run/user/1000/bus: No such file or directory
[0.497s] DEBUG:colcon.colcon_core.event_reactor:joined thread
[0.497s] INFO:colcon.colcon_core.shell:Creating prefix script '/home/virtualkris2/ros2_ws/install/local_setup.ps1'
[0.497s] INFO:colcon.colcon_core.shell:Creating prefix util module '/home/virtualkris2/ros2_ws/install/_local_setup_util_ps1.py'
[0.498s] INFO:colcon.colcon_core.shell:Creating prefix chain script '/home/virtualkris2/ros2_ws/install/setup.ps1'
[0.498s] INFO:colcon.colcon_core.shell:Creating prefix script '/home/virtualkris2/ros2_ws/install/local_setup.sh'
[0.499s] INFO:colcon.colcon_core.shell:Creating prefix util module '/home/virtualkris2/ros2_ws/install/_local_setup_util_sh.py'
[0.499s] INFO:colcon.colcon_core.shell:Creating prefix chain script '/home/virtualkris2/ros2_ws/install/setup.sh'
[0.499s] INFO:colcon.colcon_core.shell:Creating prefix script '/home/virtualkris2/ros2_ws/install/local_setup.bash'
[0.499s] INFO:colcon.colcon_core.shell:Creating prefix chain script '/home/virtualkris2/ros2_ws/install/setup.bash'
[0.500s] INFO:colcon.colcon_core.shell:Creating prefix script '/home/virtualkris2/ros2_ws/install/local_setup.zsh'
[0.500s] INFO:colcon.colcon_core.shell:Creating prefix chain script '/home/virtualkris2/ros2_ws/install/setup.zsh'
