[0.015s] Invoking command in '/home/user/ros2_ws/build/core_interfaces': CMAKE_PREFIX_PATH=${CMAKE_PREFIX_PATH}:/opt/ros/humble /usr/bin/cmake --build /home/user/ros2_ws/build/core_interfaces -- -j4 -l4
[0.066s] [  3%] Built target core_interfaces__cpp
[0.067s] [  6%] [32mBuilding C object CMakeFiles/core_interfaces__rosidl_generator_c.dir/rosidl_generator_c/core_interfaces/srv/detail/ui_motor__functions.c.o[0m
[0.076s] [  6%] Built target ament_cmake_python_symlink_core_interfaces
[0.095s] [  9%] [32mBuilding CXX object CMakeFiles/core_interfaces__rosidl_typesupport_fastrtps_cpp.dir/rosidl_typesupport_fastrtps_cpp/core_interfaces/srv/detail/dds_fastrtps/ui_motor__type_support.cpp.o[0m
[0.096s] [ 12%] [32mBuilding CXX object CMakeFiles/core_interfaces__rosidl_typesupport_introspection_cpp.dir/rosidl_typesupport_introspection_cpp/core_interfaces/srv/detail/ui_motor__type_support.cpp.o[0m
[0.102s] [ 16%] [32mBuilding CXX object CMakeFiles/core_interfaces__rosidl_typesupport_cpp.dir/rosidl_typesupport_cpp/core_interfaces/srv/ui_motor__type_support.cpp.o[0m
[0.138s] [ 19%] [32m[1mLinking C shared library libcore_interfaces__rosidl_generator_c.so[0m
[0.193s] [ 22%] Built target core_interfaces__rosidl_generator_c
[0.561s] [ 25%] [32m[1mLinking CXX shared library libcore_interfaces__rosidl_typesupport_cpp.so[0m
[0.601s] [ 29%] [32m[1mLinking CXX shared library libcore_interfaces__rosidl_typesupport_introspection_cpp.so[0m
[0.645s] [ 32%] Built target core_interfaces__rosidl_typesupport_cpp
[0.675s] [ 35%] [32mBuilding CXX object CMakeFiles/core_interfaces__rosidl_typesupport_fastrtps_c.dir/rosidl_typesupport_fastrtps_c/core_interfaces/srv/detail/ui_motor__type_support_c.cpp.o[0m
[0.680s] [ 38%] Built target core_interfaces__rosidl_typesupport_introspection_cpp
[0.713s] [ 41%] [32mBuilding C object CMakeFiles/core_interfaces__rosidl_typesupport_introspection_c.dir/rosidl_typesupport_introspection_c/core_interfaces/srv/detail/ui_motor__type_support.c.o[0m
[0.758s] [ 45%] [32m[1mLinking C shared library libcore_interfaces__rosidl_typesupport_introspection_c.so[0m
[0.796s] [ 48%] Built target core_interfaces__rosidl_typesupport_introspection_c
[0.798s] running egg_info
[0.801s] writing core_interfaces.egg-info/PKG-INFO
[0.801s] writing dependency_links to core_interfaces.egg-info/dependency_links.txt
[0.801s] writing top-level names to core_interfaces.egg-info/top_level.txt
[0.804s] reading manifest file 'core_interfaces.egg-info/SOURCES.txt'
[0.807s] writing manifest file 'core_interfaces.egg-info/SOURCES.txt'
[0.826s] [ 51%] [32mBuilding CXX object CMakeFiles/core_interfaces__rosidl_typesupport_c.dir/rosidl_typesupport_c/core_interfaces/srv/ui_motor__type_support.cpp.o[0m
[0.860s] [ 51%] Built target ament_cmake_python_build_core_interfaces_egg
[0.867s] [ 54%] [32m[1mLinking CXX shared library libcore_interfaces__rosidl_typesupport_c.so[0m
[0.916s] [ 58%] Built target core_interfaces__rosidl_typesupport_c
[0.944s] [ 61%] [32m[1mLinking CXX shared library libcore_interfaces__rosidl_typesupport_fastrtps_cpp.so[0m
[1.039s] [ 64%] Built target core_interfaces__rosidl_typesupport_fastrtps_cpp
[1.097s] [ 67%] [32m[1mLinking CXX shared library libcore_interfaces__rosidl_typesupport_fastrtps_c.so[0m
[1.178s] [ 70%] Built target core_interfaces__rosidl_typesupport_fastrtps_c
[1.196s] [ 70%] Built target core_interfaces
[1.225s] [ 74%] Built target core_interfaces__py
[1.256s] [ 77%] [32mBuilding C object CMakeFiles/core_interfaces__rosidl_generator_py.dir/rosidl_generator_py/core_interfaces/srv/_ui_motor_s.c.o[0m
[1.358s] [ 80%] [32m[1mLinking C shared library rosidl_generator_py/core_interfaces/libcore_interfaces__rosidl_generator_py.so[0m
[1.395s] [ 80%] Built target core_interfaces__rosidl_generator_py
[1.437s] [ 87%] [32mBuilding C object CMakeFiles/core_interfaces__rosidl_typesupport_c__pyext.dir/rosidl_generator_py/core_interfaces/_core_interfaces_s.ep.rosidl_typesupport_c.c.o[0m
[1.438s] [ 90%] [32mBuilding C object CMakeFiles/core_interfaces__rosidl_typesupport_introspection_c__pyext.dir/rosidl_generator_py/core_interfaces/_core_interfaces_s.ep.rosidl_typesupport_introspection_c.c.o[0m
[1.438s] [ 87%] [32mBuilding C object CMakeFiles/core_interfaces__rosidl_typesupport_fastrtps_c__pyext.dir/rosidl_generator_py/core_interfaces/_core_interfaces_s.ep.rosidl_typesupport_fastrtps_c.c.o[0m
[1.541s] [ 93%] [32m[1mLinking C shared library rosidl_generator_py/core_interfaces/core_interfaces_s__rosidl_typesupport_c.cpython-310-x86_64-linux-gnu.so[0m
[1.545s] [ 96%] [32m[1mLinking C shared library rosidl_generator_py/core_interfaces/core_interfaces_s__rosidl_typesupport_introspection_c.cpython-310-x86_64-linux-gnu.so[0m
[1.546s] [100%] [32m[1mLinking C shared library rosidl_generator_py/core_interfaces/core_interfaces_s__rosidl_typesupport_fastrtps_c.cpython-310-x86_64-linux-gnu.so[0m
[1.593s] [100%] Built target core_interfaces__rosidl_typesupport_c__pyext
[1.594s] [100%] Built target core_interfaces__rosidl_typesupport_introspection_c__pyext
[1.598s] [100%] Built target core_interfaces__rosidl_typesupport_fastrtps_c__pyext
[1.615s] Invoked command in '/home/user/ros2_ws/build/core_interfaces' returned '0': CMAKE_PREFIX_PATH=${CMAKE_PREFIX_PATH}:/opt/ros/humble /usr/bin/cmake --build /home/user/ros2_ws/build/core_interfaces -- -j4 -l4
[1.680s] Invoking command in '/home/user/ros2_ws/build/core_interfaces': CMAKE_PREFIX_PATH=${CMAKE_PREFIX_PATH}:/opt/ros/humble /usr/bin/cmake --install /home/user/ros2_ws/build/core_interfaces
[1.688s] -- Install configuration: ""
[1.689s] -- Execute custom install script
[1.689s] -- Up-to-date symlink: /home/user/ros2_ws/install/core_interfaces/share/ament_index/resource_index/rosidl_interfaces/core_interfaces
[1.690s] -- Up-to-date symlink: /home/user/ros2_ws/install/core_interfaces/include/core_interfaces/core_interfaces/msg/rosidl_generator_c__visibility_control.h
[1.690s] -- Up-to-date symlink: /home/user/ros2_ws/install/core_interfaces/include/core_interfaces/core_interfaces/srv/detail/ui_motor__functions.h
[1.690s] -- Up-to-date symlink: /home/user/ros2_ws/install/core_interfaces/include/core_interfaces/core_interfaces/srv/detail/ui_motor__struct.h
[1.690s] -- Up-to-date symlink: /home/user/ros2_ws/install/core_interfaces/include/core_interfaces/core_interfaces/srv/detail/ui_motor__type_support.h
[1.691s] -- Up-to-date symlink: /home/user/ros2_ws/install/core_interfaces/include/core_interfaces/core_interfaces/srv/ui_motor.h
[1.691s] -- Up-to-date symlink: /home/user/ros2_ws/install/core_interfaces/share/core_interfaces/environment/library_path.sh
[1.691s] -- Up-to-date symlink: /home/user/ros2_ws/install/core_interfaces/share/core_interfaces/environment/library_path.dsv
[1.691s] -- Up-to-date symlink: /home/user/ros2_ws/install/core_interfaces/include/core_interfaces/core_interfaces/msg/rosidl_typesupport_fastrtps_c__visibility_control.h
[1.692s] -- Up-to-date symlink: /home/user/ros2_ws/install/core_interfaces/include/core_interfaces/core_interfaces/srv/detail/ui_motor__rosidl_typesupport_fastrtps_c.h
[1.692s] -- Up-to-date symlink: /home/user/ros2_ws/install/core_interfaces/include/core_interfaces/core_interfaces/msg/rosidl_typesupport_introspection_c__visibility_control.h
[1.692s] -- Up-to-date symlink: /home/user/ros2_ws/install/core_interfaces/include/core_interfaces/core_interfaces/srv/detail/ui_motor__rosidl_typesupport_introspection_c.h
[1.692s] -- Up-to-date symlink: /home/user/ros2_ws/install/core_interfaces/include/core_interfaces/core_interfaces/srv/detail/ui_motor__builder.hpp
[1.692s] -- Up-to-date symlink: /home/user/ros2_ws/install/core_interfaces/include/core_interfaces/core_interfaces/srv/detail/ui_motor__struct.hpp
[1.692s] -- Up-to-date symlink: /home/user/ros2_ws/install/core_interfaces/include/core_interfaces/core_interfaces/srv/detail/ui_motor__traits.hpp
[1.693s] -- Up-to-date symlink: /home/user/ros2_ws/install/core_interfaces/include/core_interfaces/core_interfaces/srv/ui_motor.hpp
[1.693s] -- Up-to-date symlink: /home/user/ros2_ws/install/core_interfaces/include/core_interfaces/core_interfaces/msg/rosidl_typesupport_fastrtps_cpp__visibility_control.h
[1.694s] -- Up-to-date symlink: /home/user/ros2_ws/install/core_interfaces/include/core_interfaces/core_interfaces/srv/detail/ui_motor__rosidl_typesupport_fastrtps_cpp.hpp
[1.694s] -- Up-to-date symlink: /home/user/ros2_ws/install/core_interfaces/include/core_interfaces/core_interfaces/srv/detail/ui_motor__rosidl_typesupport_introspection_cpp.hpp
[1.694s] -- Up-to-date symlink: /home/user/ros2_ws/install/core_interfaces/share/core_interfaces/environment/pythonpath.sh
[1.694s] -- Up-to-date symlink: /home/user/ros2_ws/install/core_interfaces/share/core_interfaces/environment/pythonpath.dsv
[1.694s] -- Up-to-date symlink: /home/user/ros2_ws/install/core_interfaces/local/lib/python3.10/dist-packages/core_interfaces-0.0.0-py3.10.egg-info/PKG-INFO
[1.694s] -- Up-to-date symlink: /home/user/ros2_ws/install/core_interfaces/local/lib/python3.10/dist-packages/core_interfaces-0.0.0-py3.10.egg-info/SOURCES.txt
[1.695s] -- Up-to-date symlink: /home/user/ros2_ws/install/core_interfaces/local/lib/python3.10/dist-packages/core_interfaces-0.0.0-py3.10.egg-info/dependency_links.txt
[1.695s] -- Up-to-date symlink: /home/user/ros2_ws/install/core_interfaces/local/lib/python3.10/dist-packages/core_interfaces-0.0.0-py3.10.egg-info/top_level.txt
[1.695s] -- Up-to-date symlink: /home/user/ros2_ws/install/core_interfaces/local/lib/python3.10/dist-packages/core_interfaces/__init__.py
[1.695s] -- Up-to-date symlink: /home/user/ros2_ws/install/core_interfaces/local/lib/python3.10/dist-packages/core_interfaces/_core_interfaces_s.ep.rosidl_typesupport_c.c
[1.695s] -- Up-to-date symlink: /home/user/ros2_ws/install/core_interfaces/local/lib/python3.10/dist-packages/core_interfaces/_core_interfaces_s.ep.rosidl_typesupport_fastrtps_c.c
[1.695s] -- Up-to-date symlink: /home/user/ros2_ws/install/core_interfaces/local/lib/python3.10/dist-packages/core_interfaces/_core_interfaces_s.ep.rosidl_typesupport_introspection_c.c
[1.695s] -- Up-to-date symlink: /home/user/ros2_ws/install/core_interfaces/local/lib/python3.10/dist-packages/core_interfaces/core_interfaces_s__rosidl_typesupport_c.cpython-310-x86_64-linux-gnu.so
[1.695s] -- Up-to-date symlink: /home/user/ros2_ws/install/core_interfaces/local/lib/python3.10/dist-packages/core_interfaces/core_interfaces_s__rosidl_typesupport_fastrtps_c.cpython-310-x86_64-linux-gnu.so
[1.696s] -- Up-to-date symlink: /home/user/ros2_ws/install/core_interfaces/local/lib/python3.10/dist-packages/core_interfaces/core_interfaces_s__rosidl_typesupport_introspection_c.cpython-310-x86_64-linux-gnu.so
[1.696s] -- Up-to-date symlink: /home/user/ros2_ws/install/core_interfaces/local/lib/python3.10/dist-packages/core_interfaces/libcore_interfaces__rosidl_generator_py.so
[1.696s] -- Up-to-date symlink: /home/user/ros2_ws/install/core_interfaces/local/lib/python3.10/dist-packages/core_interfaces/srv/__init__.py
[1.696s] -- Up-to-date symlink: /home/user/ros2_ws/install/core_interfaces/local/lib/python3.10/dist-packages/core_interfaces/srv/_ui_motor.py
[1.696s] -- Up-to-date symlink: /home/user/ros2_ws/install/core_interfaces/local/lib/python3.10/dist-packages/core_interfaces/srv/_ui_motor_s.c
[1.696s] -- Up-to-date symlink: /home/user/ros2_ws/install/core_interfaces/local/lib/python3.10/dist-packages/core_interfaces/core_interfaces_s__rosidl_typesupport_fastrtps_c.cpython-310-x86_64-linux-gnu.so
[1.696s] -- Up-to-date symlink: /home/user/ros2_ws/install/core_interfaces/local/lib/python3.10/dist-packages/core_interfaces/core_interfaces_s__rosidl_typesupport_introspection_c.cpython-310-x86_64-linux-gnu.so
[1.697s] -- Up-to-date symlink: /home/user/ros2_ws/install/core_interfaces/local/lib/python3.10/dist-packages/core_interfaces/core_interfaces_s__rosidl_typesupport_c.cpython-310-x86_64-linux-gnu.so
[1.697s] -- Up-to-date symlink: /home/user/ros2_ws/install/core_interfaces/share/core_interfaces/srv/UiMotor.idl
[1.697s] -- Up-to-date symlink: /home/user/ros2_ws/install/core_interfaces/share/core_interfaces/srv/UiMotor.srv
[1.697s] -- Up-to-date symlink: /home/user/ros2_ws/install/core_interfaces/share/core_interfaces/srv/UiMotor_Request.msg
[1.697s] -- Up-to-date symlink: /home/user/ros2_ws/install/core_interfaces/share/core_interfaces/srv/UiMotor_Response.msg
[1.697s] -- Up-to-date symlink: /home/user/ros2_ws/install/core_interfaces/share/ament_index/resource_index/package_run_dependencies/core_interfaces
[1.698s] -- Up-to-date symlink: /home/user/ros2_ws/install/core_interfaces/share/ament_index/resource_index/parent_prefix_path/core_interfaces
[1.698s] -- Up-to-date symlink: /home/user/ros2_ws/install/core_interfaces/share/core_interfaces/environment/ament_prefix_path.sh
[1.698s] -- Up-to-date symlink: /home/user/ros2_ws/install/core_interfaces/share/core_interfaces/environment/ament_prefix_path.dsv
[1.698s] -- Up-to-date symlink: /home/user/ros2_ws/install/core_interfaces/share/core_interfaces/environment/path.sh
[1.698s] -- Up-to-date symlink: /home/user/ros2_ws/install/core_interfaces/share/core_interfaces/environment/path.dsv
[1.698s] -- Up-to-date symlink: /home/user/ros2_ws/install/core_interfaces/share/core_interfaces/local_setup.bash
[1.698s] -- Up-to-date symlink: /home/user/ros2_ws/install/core_interfaces/share/core_interfaces/local_setup.sh
[1.699s] -- Up-to-date symlink: /home/user/ros2_ws/install/core_interfaces/share/core_interfaces/local_setup.zsh
[1.699s] -- Up-to-date symlink: /home/user/ros2_ws/install/core_interfaces/share/core_interfaces/local_setup.dsv
[1.699s] -- Symlinking: /home/user/ros2_ws/install/core_interfaces/share/core_interfaces/package.dsv
[1.709s] -- Up-to-date symlink: /home/user/ros2_ws/install/core_interfaces/share/ament_index/resource_index/packages/core_interfaces
[1.709s] -- Up-to-date symlink: /home/user/ros2_ws/install/core_interfaces/share/core_interfaces/cmake/rosidl_cmake-extras.cmake
[1.709s] -- Up-to-date symlink: /home/user/ros2_ws/install/core_interfaces/share/core_interfaces/cmake/ament_cmake_export_include_directories-extras.cmake
[1.709s] -- Up-to-date symlink: /home/user/ros2_ws/install/core_interfaces/share/core_interfaces/cmake/ament_cmake_export_libraries-extras.cmake
[1.709s] -- Up-to-date symlink: /home/user/ros2_ws/install/core_interfaces/share/core_interfaces/cmake/ament_cmake_export_targets-extras.cmake
[1.709s] -- Up-to-date symlink: /home/user/ros2_ws/install/core_interfaces/share/core_interfaces/cmake/rosidl_cmake_export_typesupport_targets-extras.cmake
[1.710s] -- Up-to-date symlink: /home/user/ros2_ws/install/core_interfaces/share/core_interfaces/cmake/ament_cmake_export_dependencies-extras.cmake
[1.710s] -- Up-to-date symlink: /home/user/ros2_ws/install/core_interfaces/share/core_interfaces/cmake/rosidl_cmake_export_typesupport_libraries-extras.cmake
[1.710s] -- Up-to-date symlink: /home/user/ros2_ws/install/core_interfaces/share/core_interfaces/cmake/core_interfacesConfig.cmake
[1.710s] -- Up-to-date symlink: /home/user/ros2_ws/install/core_interfaces/share/core_interfaces/cmake/core_interfacesConfig-version.cmake
[1.711s] -- Up-to-date symlink: /home/user/ros2_ws/install/core_interfaces/share/core_interfaces/package.xml
[1.711s] -- Installing: /home/user/ros2_ws/install/core_interfaces/lib/libcore_interfaces__rosidl_generator_c.so
[1.712s] -- Set runtime path of "/home/user/ros2_ws/install/core_interfaces/lib/libcore_interfaces__rosidl_generator_c.so" to ""
[1.712s] -- Installing: /home/user/ros2_ws/install/core_interfaces/lib/libcore_interfaces__rosidl_typesupport_fastrtps_c.so
[1.712s] -- Set runtime path of "/home/user/ros2_ws/install/core_interfaces/lib/libcore_interfaces__rosidl_typesupport_fastrtps_c.so" to ""
[1.713s] -- Installing: /home/user/ros2_ws/install/core_interfaces/lib/libcore_interfaces__rosidl_typesupport_introspection_c.so
[1.713s] -- Set runtime path of "/home/user/ros2_ws/install/core_interfaces/lib/libcore_interfaces__rosidl_typesupport_introspection_c.so" to ""
[1.713s] -- Installing: /home/user/ros2_ws/install/core_interfaces/lib/libcore_interfaces__rosidl_typesupport_c.so
[1.713s] -- Set runtime path of "/home/user/ros2_ws/install/core_interfaces/lib/libcore_interfaces__rosidl_typesupport_c.so" to ""
[1.714s] -- Installing: /home/user/ros2_ws/install/core_interfaces/lib/libcore_interfaces__rosidl_typesupport_fastrtps_cpp.so
[1.714s] -- Set runtime path of "/home/user/ros2_ws/install/core_interfaces/lib/libcore_interfaces__rosidl_typesupport_fastrtps_cpp.so" to ""
[1.714s] -- Installing: /home/user/ros2_ws/install/core_interfaces/lib/libcore_interfaces__rosidl_typesupport_introspection_cpp.so
[1.715s] -- Set runtime path of "/home/user/ros2_ws/install/core_interfaces/lib/libcore_interfaces__rosidl_typesupport_introspection_cpp.so" to ""
[1.715s] -- Installing: /home/user/ros2_ws/install/core_interfaces/lib/libcore_interfaces__rosidl_typesupport_cpp.so
[1.715s] -- Set runtime path of "/home/user/ros2_ws/install/core_interfaces/lib/libcore_interfaces__rosidl_typesupport_cpp.so" to ""
[1.751s] Listing '/home/user/ros2_ws/install/core_interfaces/local/lib/python3.10/dist-packages/core_interfaces'...
[1.751s] Listing '/home/user/ros2_ws/install/core_interfaces/local/lib/python3.10/dist-packages/core_interfaces/srv'...
[1.757s] -- Installing: /home/user/ros2_ws/install/core_interfaces/lib/libcore_interfaces__rosidl_generator_py.so
[1.757s] -- Set runtime path of "/home/user/ros2_ws/install/core_interfaces/lib/libcore_interfaces__rosidl_generator_py.so" to ""
[1.757s] -- Up-to-date: /home/user/ros2_ws/install/core_interfaces/share/core_interfaces/cmake/export_core_interfaces__rosidl_generator_cExport.cmake
[1.757s] -- Up-to-date: /home/user/ros2_ws/install/core_interfaces/share/core_interfaces/cmake/export_core_interfaces__rosidl_generator_cExport-noconfig.cmake
[1.757s] -- Up-to-date: /home/user/ros2_ws/install/core_interfaces/share/core_interfaces/cmake/export_core_interfaces__rosidl_typesupport_fastrtps_cExport.cmake
[1.758s] -- Up-to-date: /home/user/ros2_ws/install/core_interfaces/share/core_interfaces/cmake/export_core_interfaces__rosidl_typesupport_fastrtps_cExport-noconfig.cmake
[1.758s] -- Up-to-date: /home/user/ros2_ws/install/core_interfaces/share/core_interfaces/cmake/core_interfaces__rosidl_typesupport_introspection_cExport.cmake
[1.758s] -- Up-to-date: /home/user/ros2_ws/install/core_interfaces/share/core_interfaces/cmake/core_interfaces__rosidl_typesupport_introspection_cExport-noconfig.cmake
[1.758s] -- Up-to-date: /home/user/ros2_ws/install/core_interfaces/share/core_interfaces/cmake/core_interfaces__rosidl_typesupport_cExport.cmake
[1.758s] -- Up-to-date: /home/user/ros2_ws/install/core_interfaces/share/core_interfaces/cmake/core_interfaces__rosidl_typesupport_cExport-noconfig.cmake
[1.758s] -- Up-to-date: /home/user/ros2_ws/install/core_interfaces/share/core_interfaces/cmake/export_core_interfaces__rosidl_generator_cppExport.cmake
[1.758s] -- Up-to-date: /home/user/ros2_ws/install/core_interfaces/share/core_interfaces/cmake/export_core_interfaces__rosidl_typesupport_fastrtps_cppExport.cmake
[1.758s] -- Up-to-date: /home/user/ros2_ws/install/core_interfaces/share/core_interfaces/cmake/export_core_interfaces__rosidl_typesupport_fastrtps_cppExport-noconfig.cmake
[1.758s] -- Up-to-date: /home/user/ros2_ws/install/core_interfaces/share/core_interfaces/cmake/core_interfaces__rosidl_typesupport_introspection_cppExport.cmake
[1.758s] -- Up-to-date: /home/user/ros2_ws/install/core_interfaces/share/core_interfaces/cmake/core_interfaces__rosidl_typesupport_introspection_cppExport-noconfig.cmake
[1.759s] -- Up-to-date: /home/user/ros2_ws/install/core_interfaces/share/core_interfaces/cmake/core_interfaces__rosidl_typesupport_cppExport.cmake
[1.759s] -- Up-to-date: /home/user/ros2_ws/install/core_interfaces/share/core_interfaces/cmake/core_interfaces__rosidl_typesupport_cppExport-noconfig.cmake
[1.759s] -- Up-to-date: /home/user/ros2_ws/install/core_interfaces/share/core_interfaces/cmake/export_core_interfaces__rosidl_generator_pyExport.cmake
[1.759s] -- Up-to-date: /home/user/ros2_ws/install/core_interfaces/share/core_interfaces/cmake/export_core_interfaces__rosidl_generator_pyExport-noconfig.cmake
[1.760s] Invoked command in '/home/user/ros2_ws/build/core_interfaces' returned '0': CMAKE_PREFIX_PATH=${CMAKE_PREFIX_PATH}:/opt/ros/humble /usr/bin/cmake --install /home/user/ros2_ws/build/core_interfaces
