[0.101s] DEBUG:colcon:Command line arguments: ['/usr/bin/colcon', 'build', '--symlink-install']
[0.101s] DEBUG:colcon:Parsed command line arguments: Namespace(log_base=None, log_level=None, verb_name='build', build_base='build', install_base='install', merge_install=False, symlink_install=True, test_result_base=None, continue_on_error=False, executor='parallel', parallel_workers=4, event_handlers=None, ignore_user_meta=False, metas=['./colcon.meta'], base_paths=['.'], packages_ignore=None, packages_ignore_regex=None, paths=None, packages_up_to=None, packages_up_to_regex=None, packages_above=None, packages_above_and_dependencies=None, packages_above_depth=None, packages_select_by_dep=None, packages_skip_by_dep=None, packages_skip_up_to=None, packages_select_build_failed=False, packages_skip_build_finished=False, packages_select_test_failures=False, packages_skip_test_passed=False, packages_select=None, packages_skip=None, packages_select_regex=None, packages_skip_regex=None, packages_start=None, packages_end=None, allow_overriding=[], cmake_args=None, cmake_target=None, cmake_target_skip_unavailable=False, cmake_clean_cache=False, cmake_clean_first=False, cmake_force_configure=False, ament_cmake_args=None, catkin_cmake_args=None, catkin_skip_building_tests=False, mixin_files=None, mixin=None, verb_parser=<colcon_mixin.mixin.mixin_argument.MixinArgumentDecorator object at 0x7dce3dd66170>, verb_extension=<colcon_core.verb.build.BuildVerb object at 0x7dce3dd65a80>, main=<bound method BuildVerb.main of <colcon_core.verb.build.BuildVerb object at 0x7dce3dd65a80>>, mixin_verb=('build',))
[0.264s] Level 1:colcon.colcon_core.package_discovery:discover_packages(colcon_meta) check parameters
[0.265s] Level 1:colcon.colcon_core.package_discovery:discover_packages(recursive) check parameters
[0.265s] Level 1:colcon.colcon_core.package_discovery:discover_packages(ignore) check parameters
[0.265s] Level 1:colcon.colcon_core.package_discovery:discover_packages(path) check parameters
[0.265s] Level 1:colcon.colcon_core.package_discovery:discover_packages(colcon_meta) discover
[0.265s] Level 1:colcon.colcon_core.package_discovery:discover_packages(recursive) discover
[0.265s] INFO:colcon.colcon_core.package_discovery:Crawling recursively for packages in '/home/user/ros2_ws'
[0.265s] Level 1:colcon.colcon_core.package_identification:_identify(.) by extensions ['ignore', 'ignore_ament_install']
[0.265s] Level 1:colcon.colcon_core.package_identification:_identify(.) by extension 'ignore'
[0.265s] Level 1:colcon.colcon_core.package_identification:_identify(.) by extension 'ignore_ament_install'
[0.265s] Level 1:colcon.colcon_core.package_identification:_identify(.) by extensions ['colcon_pkg']
[0.265s] Level 1:colcon.colcon_core.package_identification:_identify(.) by extension 'colcon_pkg'
[0.265s] Level 1:colcon.colcon_core.package_identification:_identify(.) by extensions ['colcon_meta']
[0.265s] Level 1:colcon.colcon_core.package_identification:_identify(.) by extension 'colcon_meta'
[0.265s] Level 1:colcon.colcon_core.package_identification:_identify(.) by extensions ['ros']
[0.265s] Level 1:colcon.colcon_core.package_identification:_identify(.) by extension 'ros'
[0.276s] Level 1:colcon.colcon_core.package_identification:_identify(.) by extensions ['cmake', 'python']
[0.276s] Level 1:colcon.colcon_core.package_identification:_identify(.) by extension 'cmake'
[0.276s] Level 1:colcon.colcon_core.package_identification:_identify(.) by extension 'python'
[0.276s] Level 1:colcon.colcon_core.package_identification:_identify(.) by extensions ['python_setup_py']
[0.276s] Level 1:colcon.colcon_core.package_identification:_identify(.) by extension 'python_setup_py'
[0.276s] Level 1:colcon.colcon_core.package_identification:_identify(build) by extensions ['ignore', 'ignore_ament_install']
[0.276s] Level 1:colcon.colcon_core.package_identification:_identify(build) by extension 'ignore'
[0.276s] Level 1:colcon.colcon_core.package_identification:_identify(build) ignored
[0.277s] Level 1:colcon.colcon_core.package_identification:_identify(install) by extensions ['ignore', 'ignore_ament_install']
[0.277s] Level 1:colcon.colcon_core.package_identification:_identify(install) by extension 'ignore'
[0.277s] Level 1:colcon.colcon_core.package_identification:_identify(install) ignored
[0.277s] Level 1:colcon.colcon_core.package_identification:_identify(log) by extensions ['ignore', 'ignore_ament_install']
[0.277s] Level 1:colcon.colcon_core.package_identification:_identify(log) by extension 'ignore'
[0.277s] Level 1:colcon.colcon_core.package_identification:_identify(log) ignored
[0.277s] Level 1:colcon.colcon_core.package_identification:_identify(src) by extensions ['ignore', 'ignore_ament_install']
[0.277s] Level 1:colcon.colcon_core.package_identification:_identify(src) by extension 'ignore'
[0.277s] Level 1:colcon.colcon_core.package_identification:_identify(src) by extension 'ignore_ament_install'
[0.277s] Level 1:colcon.colcon_core.package_identification:_identify(src) by extensions ['colcon_pkg']
[0.277s] Level 1:colcon.colcon_core.package_identification:_identify(src) by extension 'colcon_pkg'
[0.277s] Level 1:colcon.colcon_core.package_identification:_identify(src) by extensions ['colcon_meta']
[0.277s] Level 1:colcon.colcon_core.package_identification:_identify(src) by extension 'colcon_meta'
[0.277s] Level 1:colcon.colcon_core.package_identification:_identify(src) by extensions ['ros']
[0.277s] Level 1:colcon.colcon_core.package_identification:_identify(src) by extension 'ros'
[0.277s] Level 1:colcon.colcon_core.package_identification:_identify(src) by extensions ['cmake', 'python']
[0.277s] Level 1:colcon.colcon_core.package_identification:_identify(src) by extension 'cmake'
[0.277s] Level 1:colcon.colcon_core.package_identification:_identify(src) by extension 'python'
[0.277s] Level 1:colcon.colcon_core.package_identification:_identify(src) by extensions ['python_setup_py']
[0.277s] Level 1:colcon.colcon_core.package_identification:_identify(src) by extension 'python_setup_py'
[0.278s] Level 1:colcon.colcon_core.package_identification:_identify(src/core_interfaces) by extensions ['ignore', 'ignore_ament_install']
[0.278s] Level 1:colcon.colcon_core.package_identification:_identify(src/core_interfaces) by extension 'ignore'
[0.278s] Level 1:colcon.colcon_core.package_identification:_identify(src/core_interfaces) by extension 'ignore_ament_install'
[0.278s] Level 1:colcon.colcon_core.package_identification:_identify(src/core_interfaces) by extensions ['colcon_pkg']
[0.278s] Level 1:colcon.colcon_core.package_identification:_identify(src/core_interfaces) by extension 'colcon_pkg'
[0.278s] Level 1:colcon.colcon_core.package_identification:_identify(src/core_interfaces) by extensions ['colcon_meta']
[0.278s] Level 1:colcon.colcon_core.package_identification:_identify(src/core_interfaces) by extension 'colcon_meta'
[0.278s] Level 1:colcon.colcon_core.package_identification:_identify(src/core_interfaces) by extensions ['ros']
[0.278s] Level 1:colcon.colcon_core.package_identification:_identify(src/core_interfaces) by extension 'ros'
[0.280s] DEBUG:colcon.colcon_core.package_identification:Package 'src/core_interfaces' with type 'ros.ament_cmake' and name 'core_interfaces'
[0.280s] Level 1:colcon.colcon_core.package_identification:_identify(src/three_legged_bot) by extensions ['ignore', 'ignore_ament_install']
[0.280s] Level 1:colcon.colcon_core.package_identification:_identify(src/three_legged_bot) by extension 'ignore'
[0.280s] Level 1:colcon.colcon_core.package_identification:_identify(src/three_legged_bot) by extension 'ignore_ament_install'
[0.280s] Level 1:colcon.colcon_core.package_identification:_identify(src/three_legged_bot) by extensions ['colcon_pkg']
[0.280s] Level 1:colcon.colcon_core.package_identification:_identify(src/three_legged_bot) by extension 'colcon_pkg'
[0.280s] Level 1:colcon.colcon_core.package_identification:_identify(src/three_legged_bot) by extensions ['colcon_meta']
[0.280s] Level 1:colcon.colcon_core.package_identification:_identify(src/three_legged_bot) by extension 'colcon_meta'
[0.280s] Level 1:colcon.colcon_core.package_identification:_identify(src/three_legged_bot) by extensions ['ros']
[0.280s] Level 1:colcon.colcon_core.package_identification:_identify(src/three_legged_bot) by extension 'ros'
[0.281s] DEBUG:colcon.colcon_core.package_identification:Package 'src/three_legged_bot' with type 'ros.ament_cmake' and name 'three_legged_bot'
[0.281s] Level 1:colcon.colcon_core.package_discovery:discover_packages(recursive) using defaults
[0.281s] Level 1:colcon.colcon_core.package_discovery:discover_packages(ignore) discover
[0.281s] Level 1:colcon.colcon_core.package_discovery:discover_packages(ignore) using defaults
[0.281s] Level 1:colcon.colcon_core.package_discovery:discover_packages(path) discover
[0.281s] Level 1:colcon.colcon_core.package_discovery:discover_packages(path) using defaults
[0.309s] Level 1:colcon.colcon_core.package_discovery:discover_packages(prefix_path) check parameters
[0.309s] Level 1:colcon.colcon_core.package_discovery:discover_packages(prefix_path) discover
[0.312s] DEBUG:colcon.colcon_installed_package_information.package_discovery:Found 319 installed packages in /opt/ros/humble
[0.313s] Level 1:colcon.colcon_core.package_discovery:discover_packages(prefix_path) using defaults
[0.353s] Level 5:colcon.colcon_core.verb:set package 'core_interfaces' build argument 'cmake_args' from command line to 'None'
[0.353s] Level 5:colcon.colcon_core.verb:set package 'core_interfaces' build argument 'cmake_target' from command line to 'None'
[0.353s] Level 5:colcon.colcon_core.verb:set package 'core_interfaces' build argument 'cmake_target_skip_unavailable' from command line to 'False'
[0.353s] Level 5:colcon.colcon_core.verb:set package 'core_interfaces' build argument 'cmake_clean_cache' from command line to 'False'
[0.353s] Level 5:colcon.colcon_core.verb:set package 'core_interfaces' build argument 'cmake_clean_first' from command line to 'False'
[0.353s] Level 5:colcon.colcon_core.verb:set package 'core_interfaces' build argument 'cmake_force_configure' from command line to 'False'
[0.353s] Level 5:colcon.colcon_core.verb:set package 'core_interfaces' build argument 'ament_cmake_args' from command line to 'None'
[0.353s] Level 5:colcon.colcon_core.verb:set package 'core_interfaces' build argument 'catkin_cmake_args' from command line to 'None'
[0.353s] Level 5:colcon.colcon_core.verb:set package 'core_interfaces' build argument 'catkin_skip_building_tests' from command line to 'False'
[0.353s] DEBUG:colcon.colcon_core.verb:Building package 'core_interfaces' with the following arguments: {'ament_cmake_args': None, 'build_base': '/home/user/ros2_ws/build/core_interfaces', 'catkin_cmake_args': None, 'catkin_skip_building_tests': False, 'cmake_args': None, 'cmake_clean_cache': False, 'cmake_clean_first': False, 'cmake_force_configure': False, 'cmake_target': None, 'cmake_target_skip_unavailable': False, 'install_base': '/home/user/ros2_ws/install/core_interfaces', 'merge_install': False, 'path': '/home/user/ros2_ws/src/core_interfaces', 'symlink_install': True, 'test_result_base': None}
[0.353s] Level 5:colcon.colcon_core.verb:set package 'three_legged_bot' build argument 'cmake_args' from command line to 'None'
[0.354s] Level 5:colcon.colcon_core.verb:set package 'three_legged_bot' build argument 'cmake_target' from command line to 'None'
[0.354s] Level 5:colcon.colcon_core.verb:set package 'three_legged_bot' build argument 'cmake_target_skip_unavailable' from command line to 'False'
[0.354s] Level 5:colcon.colcon_core.verb:set package 'three_legged_bot' build argument 'cmake_clean_cache' from command line to 'False'
[0.354s] Level 5:colcon.colcon_core.verb:set package 'three_legged_bot' build argument 'cmake_clean_first' from command line to 'False'
[0.354s] Level 5:colcon.colcon_core.verb:set package 'three_legged_bot' build argument 'cmake_force_configure' from command line to 'False'
[0.354s] Level 5:colcon.colcon_core.verb:set package 'three_legged_bot' build argument 'ament_cmake_args' from command line to 'None'
[0.354s] Level 5:colcon.colcon_core.verb:set package 'three_legged_bot' build argument 'catkin_cmake_args' from command line to 'None'
[0.354s] Level 5:colcon.colcon_core.verb:set package 'three_legged_bot' build argument 'catkin_skip_building_tests' from command line to 'False'
[0.354s] DEBUG:colcon.colcon_core.verb:Building package 'three_legged_bot' with the following arguments: {'ament_cmake_args': None, 'build_base': '/home/user/ros2_ws/build/three_legged_bot', 'catkin_cmake_args': None, 'catkin_skip_building_tests': False, 'cmake_args': None, 'cmake_clean_cache': False, 'cmake_clean_first': False, 'cmake_force_configure': False, 'cmake_target': None, 'cmake_target_skip_unavailable': False, 'install_base': '/home/user/ros2_ws/install/three_legged_bot', 'merge_install': False, 'path': '/home/user/ros2_ws/src/three_legged_bot', 'symlink_install': True, 'test_result_base': None}
[0.354s] INFO:colcon.colcon_core.executor:Executing jobs using 'parallel' executor
[0.355s] DEBUG:colcon.colcon_parallel_executor.executor.parallel:run_until_complete
[0.355s] INFO:colcon.colcon_ros.task.ament_cmake.build:Building ROS package in '/home/user/ros2_ws/src/core_interfaces' with build type 'ament_cmake'
[0.355s] INFO:colcon.colcon_cmake.task.cmake.build:Building CMake package in '/home/user/ros2_ws/src/core_interfaces'
[0.357s] INFO:colcon.colcon_core.plugin_system:Skipping extension 'colcon_core.shell.bat': Not used on non-Windows systems
[0.357s] INFO:colcon.colcon_core.shell:Skip shell extension 'powershell' for command environment: Not usable outside of PowerShell
[0.357s] DEBUG:colcon.colcon_core.shell:Skip shell extension 'dsv' for command environment
[0.364s] DEBUG:colcon.colcon_core.event_handler.log_command:Invoking command in '/home/user/ros2_ws/build/core_interfaces': CMAKE_PREFIX_PATH=/opt/ros/humble /usr/bin/cmake /home/user/ros2_ws/src/core_interfaces -DAMENT_CMAKE_SYMLINK_INSTALL=1 -DCMAKE_INSTALL_PREFIX=/home/user/ros2_ws/install/core_interfaces
[1.688s] DEBUG:colcon.colcon_core.event_handler.log_command:Invoked command in '/home/user/ros2_ws/build/core_interfaces' returned '0': CMAKE_PREFIX_PATH=/opt/ros/humble /usr/bin/cmake /home/user/ros2_ws/src/core_interfaces -DAMENT_CMAKE_SYMLINK_INSTALL=1 -DCMAKE_INSTALL_PREFIX=/home/user/ros2_ws/install/core_interfaces
[1.689s] DEBUG:colcon.colcon_core.event_handler.log_command:Invoking command in '/home/user/ros2_ws/build/core_interfaces': CMAKE_PREFIX_PATH=/opt/ros/humble /usr/bin/cmake --build /home/user/ros2_ws/build/core_interfaces -- -j4 -l4
[4.320s] DEBUG:colcon.colcon_core.event_handler.log_command:Invoked command in '/home/user/ros2_ws/build/core_interfaces' returned '0': CMAKE_PREFIX_PATH=/opt/ros/humble /usr/bin/cmake --build /home/user/ros2_ws/build/core_interfaces -- -j4 -l4
[4.378s] DEBUG:colcon.colcon_core.event_handler.log_command:Invoking command in '/home/user/ros2_ws/build/core_interfaces': CMAKE_PREFIX_PATH=/opt/ros/humble /usr/bin/cmake --install /home/user/ros2_ws/build/core_interfaces
[4.962s] Level 1:colcon.colcon_core.environment:create_environment_scripts_only(core_interfaces)
[4.963s] DEBUG:colcon.colcon_core.event_handler.log_command:Invoked command in '/home/user/ros2_ws/build/core_interfaces' returned '0': CMAKE_PREFIX_PATH=/opt/ros/humble /usr/bin/cmake --install /home/user/ros2_ws/build/core_interfaces
[4.965s] Level 1:colcon.colcon_core.environment:checking '/home/user/ros2_ws/install/core_interfaces' for CMake module files
[4.966s] Level 1:colcon.colcon_core.environment:checking '/home/user/ros2_ws/install/core_interfaces' for CMake config files
[4.966s] Level 1:colcon.colcon_core.shell:create_environment_hook('core_interfaces', 'cmake_prefix_path')
[4.966s] INFO:colcon.colcon_core.shell:Creating environment hook '/home/user/ros2_ws/install/core_interfaces/share/core_interfaces/hook/cmake_prefix_path.ps1'
[4.967s] INFO:colcon.colcon_core.shell:Creating environment descriptor '/home/user/ros2_ws/install/core_interfaces/share/core_interfaces/hook/cmake_prefix_path.dsv'
[4.967s] INFO:colcon.colcon_core.shell:Creating environment hook '/home/user/ros2_ws/install/core_interfaces/share/core_interfaces/hook/cmake_prefix_path.sh'
[4.968s] Level 1:colcon.colcon_core.environment:checking '/home/user/ros2_ws/install/core_interfaces/lib'
[4.968s] Level 1:colcon.colcon_core.shell:create_environment_hook('core_interfaces', 'ld_library_path_lib')
[4.969s] INFO:colcon.colcon_core.shell:Creating environment hook '/home/user/ros2_ws/install/core_interfaces/share/core_interfaces/hook/ld_library_path_lib.ps1'
[4.969s] INFO:colcon.colcon_core.shell:Creating environment descriptor '/home/user/ros2_ws/install/core_interfaces/share/core_interfaces/hook/ld_library_path_lib.dsv'
[4.970s] INFO:colcon.colcon_core.shell:Creating environment hook '/home/user/ros2_ws/install/core_interfaces/share/core_interfaces/hook/ld_library_path_lib.sh'
[4.970s] Level 1:colcon.colcon_core.environment:checking '/home/user/ros2_ws/install/core_interfaces/bin'
[4.970s] Level 1:colcon.colcon_core.environment:checking '/home/user/ros2_ws/install/core_interfaces/lib/pkgconfig/core_interfaces.pc'
[4.970s] Level 1:colcon.colcon_core.environment:checking '/home/user/ros2_ws/install/core_interfaces/lib/python3.10/site-packages'
[4.970s] Level 1:colcon.colcon_core.environment:checking '/home/user/ros2_ws/install/core_interfaces/bin'
[4.971s] INFO:colcon.colcon_core.shell:Creating package script '/home/user/ros2_ws/install/core_interfaces/share/core_interfaces/package.ps1'
[4.972s] INFO:colcon.colcon_core.shell:Creating package descriptor '/home/user/ros2_ws/install/core_interfaces/share/core_interfaces/package.dsv'
[4.972s] INFO:colcon.colcon_core.shell:Creating package script '/home/user/ros2_ws/install/core_interfaces/share/core_interfaces/package.sh'
[4.973s] INFO:colcon.colcon_core.shell:Creating package script '/home/user/ros2_ws/install/core_interfaces/share/core_interfaces/package.bash'
[4.974s] INFO:colcon.colcon_core.shell:Creating package script '/home/user/ros2_ws/install/core_interfaces/share/core_interfaces/package.zsh'
[4.974s] Level 1:colcon.colcon_core.environment:create_file_with_runtime_dependencies(/home/user/ros2_ws/install/core_interfaces/share/colcon-core/packages/core_interfaces)
[5.037s] Level 1:colcon.colcon_core.environment:create_environment_scripts_only(core_interfaces)
[5.037s] Level 1:colcon.colcon_core.environment:checking '/home/user/ros2_ws/install/core_interfaces' for CMake module files
[5.038s] Level 1:colcon.colcon_core.environment:checking '/home/user/ros2_ws/install/core_interfaces' for CMake config files
[5.038s] Level 1:colcon.colcon_core.shell:create_environment_hook('core_interfaces', 'cmake_prefix_path')
[5.039s] INFO:colcon.colcon_core.shell:Creating environment hook '/home/user/ros2_ws/install/core_interfaces/share/core_interfaces/hook/cmake_prefix_path.ps1'
[5.039s] INFO:colcon.colcon_core.shell:Creating environment descriptor '/home/user/ros2_ws/install/core_interfaces/share/core_interfaces/hook/cmake_prefix_path.dsv'
[5.040s] INFO:colcon.colcon_core.shell:Creating environment hook '/home/user/ros2_ws/install/core_interfaces/share/core_interfaces/hook/cmake_prefix_path.sh'
[5.040s] Level 1:colcon.colcon_core.environment:checking '/home/user/ros2_ws/install/core_interfaces/lib'
[5.040s] Level 1:colcon.colcon_core.shell:create_environment_hook('core_interfaces', 'ld_library_path_lib')
[5.040s] INFO:colcon.colcon_core.shell:Creating environment hook '/home/user/ros2_ws/install/core_interfaces/share/core_interfaces/hook/ld_library_path_lib.ps1'
[5.041s] INFO:colcon.colcon_core.shell:Creating environment descriptor '/home/user/ros2_ws/install/core_interfaces/share/core_interfaces/hook/ld_library_path_lib.dsv'
[5.041s] INFO:colcon.colcon_core.shell:Creating environment hook '/home/user/ros2_ws/install/core_interfaces/share/core_interfaces/hook/ld_library_path_lib.sh'
[5.042s] Level 1:colcon.colcon_core.environment:checking '/home/user/ros2_ws/install/core_interfaces/bin'
[5.042s] Level 1:colcon.colcon_core.environment:checking '/home/user/ros2_ws/install/core_interfaces/lib/pkgconfig/core_interfaces.pc'
[5.042s] Level 1:colcon.colcon_core.environment:checking '/home/user/ros2_ws/install/core_interfaces/lib/python3.10/site-packages'
[5.042s] Level 1:colcon.colcon_core.environment:checking '/home/user/ros2_ws/install/core_interfaces/bin'
[5.043s] INFO:colcon.colcon_core.shell:Creating package script '/home/user/ros2_ws/install/core_interfaces/share/core_interfaces/package.ps1'
[5.044s] INFO:colcon.colcon_core.shell:Creating package descriptor '/home/user/ros2_ws/install/core_interfaces/share/core_interfaces/package.dsv'
[5.044s] INFO:colcon.colcon_core.shell:Creating package script '/home/user/ros2_ws/install/core_interfaces/share/core_interfaces/package.sh'
[5.045s] INFO:colcon.colcon_core.shell:Creating package script '/home/user/ros2_ws/install/core_interfaces/share/core_interfaces/package.bash'
[5.045s] INFO:colcon.colcon_core.shell:Creating package script '/home/user/ros2_ws/install/core_interfaces/share/core_interfaces/package.zsh'
[5.046s] Level 1:colcon.colcon_core.environment:create_file_with_runtime_dependencies(/home/user/ros2_ws/install/core_interfaces/share/colcon-core/packages/core_interfaces)
[5.046s] INFO:colcon.colcon_ros.task.ament_cmake.build:Building ROS package in '/home/user/ros2_ws/src/three_legged_bot' with build type 'ament_cmake'
[5.046s] INFO:colcon.colcon_cmake.task.cmake.build:Building CMake package in '/home/user/ros2_ws/src/three_legged_bot'
[5.047s] INFO:colcon.colcon_core.shell:Skip shell extension 'powershell' for command environment: Not usable outside of PowerShell
[5.047s] DEBUG:colcon.colcon_core.shell:Skip shell extension 'dsv' for command environment
[5.055s] DEBUG:colcon.colcon_core.event_handler.log_command:Invoking command in '/home/user/ros2_ws/build/three_legged_bot': AMENT_PREFIX_PATH=/home/user/ros2_ws/install/core_interfaces:${AMENT_PREFIX_PATH} CMAKE_PREFIX_PATH=/home/user/ros2_ws/install/core_interfaces:/opt/ros/humble LD_LIBRARY_PATH=/home/user/ros2_ws/install/core_interfaces/lib:${LD_LIBRARY_PATH} PYTHONPATH=/home/user/ros2_ws/install/core_interfaces/local/lib/python3.10/dist-packages:${PYTHONPATH} /usr/bin/cmake /home/user/ros2_ws/src/three_legged_bot -DAMENT_CMAKE_SYMLINK_INSTALL=1 -DCMAKE_INSTALL_PREFIX=/home/user/ros2_ws/install/three_legged_bot
[6.098s] DEBUG:colcon.colcon_core.event_handler.log_command:Invoked command in '/home/user/ros2_ws/build/three_legged_bot' returned '0': AMENT_PREFIX_PATH=/home/user/ros2_ws/install/core_interfaces:${AMENT_PREFIX_PATH} CMAKE_PREFIX_PATH=/home/user/ros2_ws/install/core_interfaces:/opt/ros/humble LD_LIBRARY_PATH=/home/user/ros2_ws/install/core_interfaces/lib:${LD_LIBRARY_PATH} PYTHONPATH=/home/user/ros2_ws/install/core_interfaces/local/lib/python3.10/dist-packages:${PYTHONPATH} /usr/bin/cmake /home/user/ros2_ws/src/three_legged_bot -DAMENT_CMAKE_SYMLINK_INSTALL=1 -DCMAKE_INSTALL_PREFIX=/home/user/ros2_ws/install/three_legged_bot
[6.099s] DEBUG:colcon.colcon_core.event_handler.log_command:Invoking command in '/home/user/ros2_ws/build/three_legged_bot': AMENT_PREFIX_PATH=/home/user/ros2_ws/install/core_interfaces:${AMENT_PREFIX_PATH} CMAKE_PREFIX_PATH=/home/user/ros2_ws/install/core_interfaces:/opt/ros/humble LD_LIBRARY_PATH=/home/user/ros2_ws/install/core_interfaces/lib:${LD_LIBRARY_PATH} PYTHONPATH=/home/user/ros2_ws/install/core_interfaces/local/lib/python3.10/dist-packages:${PYTHONPATH} /usr/bin/cmake --build /home/user/ros2_ws/build/three_legged_bot -- -j4 -l4
[14.196s] DEBUG:colcon.colcon_core.event_handler.log_command:Invoked command in '/home/user/ros2_ws/build/three_legged_bot' returned '0': AMENT_PREFIX_PATH=/home/user/ros2_ws/install/core_interfaces:${AMENT_PREFIX_PATH} CMAKE_PREFIX_PATH=/home/user/ros2_ws/install/core_interfaces:/opt/ros/humble LD_LIBRARY_PATH=/home/user/ros2_ws/install/core_interfaces/lib:${LD_LIBRARY_PATH} PYTHONPATH=/home/user/ros2_ws/install/core_interfaces/local/lib/python3.10/dist-packages:${PYTHONPATH} /usr/bin/cmake --build /home/user/ros2_ws/build/three_legged_bot -- -j4 -l4
[14.225s] DEBUG:colcon.colcon_core.event_handler.log_command:Invoking command in '/home/user/ros2_ws/build/three_legged_bot': AMENT_PREFIX_PATH=/home/user/ros2_ws/install/core_interfaces:${AMENT_PREFIX_PATH} CMAKE_PREFIX_PATH=/home/user/ros2_ws/install/core_interfaces:/opt/ros/humble LD_LIBRARY_PATH=/home/user/ros2_ws/install/core_interfaces/lib:${LD_LIBRARY_PATH} PYTHONPATH=/home/user/ros2_ws/install/core_interfaces/local/lib/python3.10/dist-packages:${PYTHONPATH} /usr/bin/cmake --install /home/user/ros2_ws/build/three_legged_bot
[14.385s] Level 1:colcon.colcon_core.environment:create_environment_scripts_only(three_legged_bot)
[14.385s] Level 1:colcon.colcon_core.environment:checking '/home/user/ros2_ws/install/three_legged_bot' for CMake module files
[14.386s] DEBUG:colcon.colcon_core.event_handler.log_command:Invoked command in '/home/user/ros2_ws/build/three_legged_bot' returned '0': AMENT_PREFIX_PATH=/home/user/ros2_ws/install/core_interfaces:${AMENT_PREFIX_PATH} CMAKE_PREFIX_PATH=/home/user/ros2_ws/install/core_interfaces:/opt/ros/humble LD_LIBRARY_PATH=/home/user/ros2_ws/install/core_interfaces/lib:${LD_LIBRARY_PATH} PYTHONPATH=/home/user/ros2_ws/install/core_interfaces/local/lib/python3.10/dist-packages:${PYTHONPATH} /usr/bin/cmake --install /home/user/ros2_ws/build/three_legged_bot
[14.386s] Level 1:colcon.colcon_core.environment:checking '/home/user/ros2_ws/install/three_legged_bot' for CMake config files
[14.387s] Level 1:colcon.colcon_core.shell:create_environment_hook('three_legged_bot', 'cmake_prefix_path')
[14.387s] INFO:colcon.colcon_core.shell:Creating environment hook '/home/user/ros2_ws/install/three_legged_bot/share/three_legged_bot/hook/cmake_prefix_path.ps1'
[14.387s] INFO:colcon.colcon_core.shell:Creating environment descriptor '/home/user/ros2_ws/install/three_legged_bot/share/three_legged_bot/hook/cmake_prefix_path.dsv'
[14.388s] INFO:colcon.colcon_core.shell:Creating environment hook '/home/user/ros2_ws/install/three_legged_bot/share/three_legged_bot/hook/cmake_prefix_path.sh'
[14.388s] Level 1:colcon.colcon_core.environment:checking '/home/user/ros2_ws/install/three_legged_bot/lib'
[14.388s] Level 1:colcon.colcon_core.environment:checking '/home/user/ros2_ws/install/three_legged_bot/bin'
[14.388s] Level 1:colcon.colcon_core.environment:checking '/home/user/ros2_ws/install/three_legged_bot/lib/pkgconfig/three_legged_bot.pc'
[14.388s] Level 1:colcon.colcon_core.environment:checking '/home/user/ros2_ws/install/three_legged_bot/lib/python3.10/site-packages'
[14.389s] Level 1:colcon.colcon_core.environment:checking '/home/user/ros2_ws/install/three_legged_bot/bin'
[14.389s] INFO:colcon.colcon_core.shell:Creating package script '/home/user/ros2_ws/install/three_legged_bot/share/three_legged_bot/package.ps1'
[14.389s] INFO:colcon.colcon_core.shell:Creating package descriptor '/home/user/ros2_ws/install/three_legged_bot/share/three_legged_bot/package.dsv'
[14.390s] INFO:colcon.colcon_core.shell:Creating package script '/home/user/ros2_ws/install/three_legged_bot/share/three_legged_bot/package.sh'
[14.390s] INFO:colcon.colcon_core.shell:Creating package script '/home/user/ros2_ws/install/three_legged_bot/share/three_legged_bot/package.bash'
[14.390s] INFO:colcon.colcon_core.shell:Creating package script '/home/user/ros2_ws/install/three_legged_bot/share/three_legged_bot/package.zsh'
[14.391s] Level 1:colcon.colcon_core.environment:create_file_with_runtime_dependencies(/home/user/ros2_ws/install/three_legged_bot/share/colcon-core/packages/three_legged_bot)
[14.431s] Level 1:colcon.colcon_core.environment:create_environment_scripts_only(three_legged_bot)
[14.432s] Level 1:colcon.colcon_core.environment:checking '/home/user/ros2_ws/install/three_legged_bot' for CMake module files
[14.433s] Level 1:colcon.colcon_core.environment:checking '/home/user/ros2_ws/install/three_legged_bot' for CMake config files
[14.433s] Level 1:colcon.colcon_core.shell:create_environment_hook('three_legged_bot', 'cmake_prefix_path')
[14.433s] INFO:colcon.colcon_core.shell:Creating environment hook '/home/user/ros2_ws/install/three_legged_bot/share/three_legged_bot/hook/cmake_prefix_path.ps1'
[14.434s] INFO:colcon.colcon_core.shell:Creating environment descriptor '/home/user/ros2_ws/install/three_legged_bot/share/three_legged_bot/hook/cmake_prefix_path.dsv'
[14.434s] INFO:colcon.colcon_core.shell:Creating environment hook '/home/user/ros2_ws/install/three_legged_bot/share/three_legged_bot/hook/cmake_prefix_path.sh'
[14.435s] Level 1:colcon.colcon_core.environment:checking '/home/user/ros2_ws/install/three_legged_bot/lib'
[14.435s] Level 1:colcon.colcon_core.environment:checking '/home/user/ros2_ws/install/three_legged_bot/bin'
[14.435s] Level 1:colcon.colcon_core.environment:checking '/home/user/ros2_ws/install/three_legged_bot/lib/pkgconfig/three_legged_bot.pc'
[14.436s] Level 1:colcon.colcon_core.environment:checking '/home/user/ros2_ws/install/three_legged_bot/lib/python3.10/site-packages'
[14.436s] Level 1:colcon.colcon_core.environment:checking '/home/user/ros2_ws/install/three_legged_bot/bin'
[14.436s] INFO:colcon.colcon_core.shell:Creating package script '/home/user/ros2_ws/install/three_legged_bot/share/three_legged_bot/package.ps1'
[14.437s] INFO:colcon.colcon_core.shell:Creating package descriptor '/home/user/ros2_ws/install/three_legged_bot/share/three_legged_bot/package.dsv'
[14.437s] INFO:colcon.colcon_core.shell:Creating package script '/home/user/ros2_ws/install/three_legged_bot/share/three_legged_bot/package.sh'
[14.438s] INFO:colcon.colcon_core.shell:Creating package script '/home/user/ros2_ws/install/three_legged_bot/share/three_legged_bot/package.bash'
[14.438s] INFO:colcon.colcon_core.shell:Creating package script '/home/user/ros2_ws/install/three_legged_bot/share/three_legged_bot/package.zsh'
[14.438s] Level 1:colcon.colcon_core.environment:create_file_with_runtime_dependencies(/home/user/ros2_ws/install/three_legged_bot/share/colcon-core/packages/three_legged_bot)
[14.439s] DEBUG:colcon.colcon_parallel_executor.executor.parallel:closing loop
[14.439s] DEBUG:colcon.colcon_parallel_executor.executor.parallel:loop closed
[14.439s] DEBUG:colcon.colcon_parallel_executor.executor.parallel:run_until_complete finished with '0'
[14.439s] DEBUG:colcon.colcon_core.event_reactor:joining thread
[14.444s] INFO:colcon.colcon_core.plugin_system:Skipping extension 'colcon_notification.desktop_notification.terminal_notifier': Not used on non-Darwin systems
[14.444s] INFO:colcon.colcon_core.plugin_system:Skipping extension 'colcon_notification.desktop_notification.win32': Not used on non-Windows systems
[14.444s] INFO:colcon.colcon_notification.desktop_notification:Sending desktop notification using 'notify2'
[14.458s] DEBUG:colcon.colcon_core.event_reactor:joined thread
[14.458s] INFO:colcon.colcon_core.shell:Creating prefix script '/home/user/ros2_ws/install/local_setup.ps1'
[14.460s] INFO:colcon.colcon_core.shell:Creating prefix util module '/home/user/ros2_ws/install/_local_setup_util_ps1.py'
[14.461s] INFO:colcon.colcon_core.shell:Creating prefix chain script '/home/user/ros2_ws/install/setup.ps1'
[14.462s] INFO:colcon.colcon_core.shell:Creating prefix script '/home/user/ros2_ws/install/local_setup.sh'
[14.463s] INFO:colcon.colcon_core.shell:Creating prefix util module '/home/user/ros2_ws/install/_local_setup_util_sh.py'
[14.464s] INFO:colcon.colcon_core.shell:Creating prefix chain script '/home/user/ros2_ws/install/setup.sh'
[14.465s] INFO:colcon.colcon_core.shell:Creating prefix script '/home/user/ros2_ws/install/local_setup.bash'
[14.465s] INFO:colcon.colcon_core.shell:Creating prefix chain script '/home/user/ros2_ws/install/setup.bash'
[14.466s] INFO:colcon.colcon_core.shell:Creating prefix script '/home/user/ros2_ws/install/local_setup.zsh'
[14.467s] INFO:colcon.colcon_core.shell:Creating prefix chain script '/home/user/ros2_ws/install/setup.zsh'
