[0.106s] DEBUG:colcon:Command line arguments: ['/home/virtualkris2/.local/bin/colcon', 'build', '--packages-select', 'boost_asio']
[0.106s] DEBUG:colcon:Parsed command line arguments: Namespace(log_base=None, log_level=None, verb_name='build', build_base='build', install_base='install', merge_install=False, symlink_install=False, test_result_base=None, continue_on_error=False, executor='parallel', parallel_workers=24, event_handlers=None, ignore_user_meta=False, metas=['./colcon.meta'], base_paths=['.'], packages_ignore=None, packages_ignore_regex=None, paths=None, packages_up_to=None, packages_up_to_regex=None, packages_above=None, packages_above_and_dependencies=None, packages_above_depth=None, packages_select_by_dep=None, packages_skip_by_dep=None, packages_skip_up_to=None, packages_select_build_failed=False, packages_skip_build_finished=False, packages_select_test_failures=False, packages_skip_test_passed=False, packages_select=['boost_asio'], packages_skip=None, packages_select_regex=None, packages_skip_regex=None, packages_start=None, packages_end=None, cmake_args=None, cmake_target=None, cmake_target_skip_unavailable=False, cmake_clean_cache=False, cmake_clean_first=False, cmake_force_configure=False, ament_cmake_args=None, catkin_cmake_args=None, catkin_skip_building_tests=False, verb_parser=<colcon_defaults.argument_parser.defaults.DefaultArgumentsDecorator object at 0x7f34332eccd0>, verb_extension=<colcon_core.verb.build.BuildVerb object at 0x7f34332ec880>, main=<bound method BuildVerb.main of <colcon_core.verb.build.BuildVerb object at 0x7f34332ec880>>)
[0.156s] Level 1:colcon.colcon_core.package_discovery:discover_packages(colcon_meta) check parameters
[0.156s] Level 1:colcon.colcon_core.package_discovery:discover_packages(recursive) check parameters
[0.156s] Level 1:colcon.colcon_core.package_discovery:discover_packages(ignore) check parameters
[0.156s] Level 1:colcon.colcon_core.package_discovery:discover_packages(path) check parameters
[0.156s] Level 1:colcon.colcon_core.package_discovery:discover_packages(colcon_meta) discover
[0.156s] Level 1:colcon.colcon_core.package_discovery:discover_packages(recursive) discover
[0.156s] INFO:colcon.colcon_core.package_discovery:Crawling recursively for packages in '/home/virtualkris2/ros2_ws'
[0.156s] Level 1:colcon.colcon_core.package_identification:_identify(.) by extensions ['ignore', 'ignore_ament_install']
[0.156s] Level 1:colcon.colcon_core.package_identification:_identify(.) by extension 'ignore'
[0.156s] Level 1:colcon.colcon_core.package_identification:_identify(.) by extension 'ignore_ament_install'
[0.156s] Level 1:colcon.colcon_core.package_identification:_identify(.) by extensions ['colcon_pkg']
[0.156s] Level 1:colcon.colcon_core.package_identification:_identify(.) by extension 'colcon_pkg'
[0.156s] Level 1:colcon.colcon_core.package_identification:_identify(.) by extensions ['colcon_meta']
[0.156s] Level 1:colcon.colcon_core.package_identification:_identify(.) by extension 'colcon_meta'
[0.156s] Level 1:colcon.colcon_core.package_identification:_identify(.) by extensions ['ros']
[0.156s] Level 1:colcon.colcon_core.package_identification:_identify(.) by extension 'ros'
[0.161s] Level 1:colcon.colcon_core.package_identification:_identify(.) by extensions ['cmake', 'python']
[0.162s] Level 1:colcon.colcon_core.package_identification:_identify(.) by extension 'cmake'
[0.162s] Level 1:colcon.colcon_core.package_identification:_identify(.) by extension 'python'
[0.162s] Level 1:colcon.colcon_core.package_identification:_identify(.) by extensions ['python_setup_py']
[0.162s] Level 1:colcon.colcon_core.package_identification:_identify(.) by extension 'python_setup_py'
[0.162s] Level 1:colcon.colcon_core.package_identification:_identify(build) by extensions ['ignore', 'ignore_ament_install']
[0.162s] Level 1:colcon.colcon_core.package_identification:_identify(build) by extension 'ignore'
[0.162s] Level 1:colcon.colcon_core.package_identification:_identify(build) ignored
[0.162s] Level 1:colcon.colcon_core.package_identification:_identify(install) by extensions ['ignore', 'ignore_ament_install']
[0.162s] Level 1:colcon.colcon_core.package_identification:_identify(install) by extension 'ignore'
[0.162s] Level 1:colcon.colcon_core.package_identification:_identify(install) ignored
[0.162s] Level 1:colcon.colcon_core.package_identification:_identify(log) by extensions ['ignore', 'ignore_ament_install']
[0.162s] Level 1:colcon.colcon_core.package_identification:_identify(log) by extension 'ignore'
[0.162s] Level 1:colcon.colcon_core.package_identification:_identify(log) ignored
[0.162s] Level 1:colcon.colcon_core.package_identification:_identify(src) by extensions ['ignore', 'ignore_ament_install']
[0.162s] Level 1:colcon.colcon_core.package_identification:_identify(src) by extension 'ignore'
[0.162s] Level 1:colcon.colcon_core.package_identification:_identify(src) by extension 'ignore_ament_install'
[0.162s] Level 1:colcon.colcon_core.package_identification:_identify(src) by extensions ['colcon_pkg']
[0.162s] Level 1:colcon.colcon_core.package_identification:_identify(src) by extension 'colcon_pkg'
[0.162s] Level 1:colcon.colcon_core.package_identification:_identify(src) by extensions ['colcon_meta']
[0.162s] Level 1:colcon.colcon_core.package_identification:_identify(src) by extension 'colcon_meta'
[0.162s] Level 1:colcon.colcon_core.package_identification:_identify(src) by extensions ['ros']
[0.162s] Level 1:colcon.colcon_core.package_identification:_identify(src) by extension 'ros'
[0.162s] Level 1:colcon.colcon_core.package_identification:_identify(src) by extensions ['cmake', 'python']
[0.162s] Level 1:colcon.colcon_core.package_identification:_identify(src) by extension 'cmake'
[0.162s] Level 1:colcon.colcon_core.package_identification:_identify(src) by extension 'python'
[0.162s] Level 1:colcon.colcon_core.package_identification:_identify(src) by extensions ['python_setup_py']
[0.162s] Level 1:colcon.colcon_core.package_identification:_identify(src) by extension 'python_setup_py'
[0.162s] Level 1:colcon.colcon_core.package_identification:_identify(src/Base Motor Control Program C++) by extensions ['ignore', 'ignore_ament_install']
[0.162s] Level 1:colcon.colcon_core.package_identification:_identify(src/Base Motor Control Program C++) by extension 'ignore'
[0.162s] Level 1:colcon.colcon_core.package_identification:_identify(src/Base Motor Control Program C++) by extension 'ignore_ament_install'
[0.162s] Level 1:colcon.colcon_core.package_identification:_identify(src/Base Motor Control Program C++) by extensions ['colcon_pkg']
[0.162s] Level 1:colcon.colcon_core.package_identification:_identify(src/Base Motor Control Program C++) by extension 'colcon_pkg'
[0.162s] Level 1:colcon.colcon_core.package_identification:_identify(src/Base Motor Control Program C++) by extensions ['colcon_meta']
[0.162s] Level 1:colcon.colcon_core.package_identification:_identify(src/Base Motor Control Program C++) by extension 'colcon_meta'
[0.162s] Level 1:colcon.colcon_core.package_identification:_identify(src/Base Motor Control Program C++) by extensions ['ros']
[0.162s] Level 1:colcon.colcon_core.package_identification:_identify(src/Base Motor Control Program C++) by extension 'ros'
[0.162s] Level 1:colcon.colcon_core.package_identification:_identify(src/Base Motor Control Program C++) by extensions ['cmake', 'python']
[0.162s] Level 1:colcon.colcon_core.package_identification:_identify(src/Base Motor Control Program C++) by extension 'cmake'
[0.162s] Level 1:colcon.colcon_core.package_identification:_identify(src/Base Motor Control Program C++) by extension 'python'
[0.162s] Level 1:colcon.colcon_core.package_identification:_identify(src/Base Motor Control Program C++) by extensions ['python_setup_py']
[0.162s] Level 1:colcon.colcon_core.package_identification:_identify(src/Base Motor Control Program C++) by extension 'python_setup_py'
[0.162s] Level 1:colcon.colcon_core.package_identification:_identify(src/Base Motor Control Program C++/Capstone) by extensions ['ignore', 'ignore_ament_install']
[0.162s] Level 1:colcon.colcon_core.package_identification:_identify(src/Base Motor Control Program C++/Capstone) by extension 'ignore'
[0.163s] Level 1:colcon.colcon_core.package_identification:_identify(src/Base Motor Control Program C++/Capstone) by extension 'ignore_ament_install'
[0.163s] Level 1:colcon.colcon_core.package_identification:_identify(src/Base Motor Control Program C++/Capstone) by extensions ['colcon_pkg']
[0.163s] Level 1:colcon.colcon_core.package_identification:_identify(src/Base Motor Control Program C++/Capstone) by extension 'colcon_pkg'
[0.163s] Level 1:colcon.colcon_core.package_identification:_identify(src/Base Motor Control Program C++/Capstone) by extensions ['colcon_meta']
[0.163s] Level 1:colcon.colcon_core.package_identification:_identify(src/Base Motor Control Program C++/Capstone) by extension 'colcon_meta'
[0.163s] Level 1:colcon.colcon_core.package_identification:_identify(src/Base Motor Control Program C++/Capstone) by extensions ['ros']
[0.163s] Level 1:colcon.colcon_core.package_identification:_identify(src/Base Motor Control Program C++/Capstone) by extension 'ros'
[0.163s] Level 1:colcon.colcon_core.package_identification:_identify(src/Base Motor Control Program C++/Capstone) by extensions ['cmake', 'python']
[0.163s] Level 1:colcon.colcon_core.package_identification:_identify(src/Base Motor Control Program C++/Capstone) by extension 'cmake'
[0.163s] Level 1:colcon.colcon_core.package_identification:_identify(src/Base Motor Control Program C++/Capstone) by extension 'python'
[0.163s] Level 1:colcon.colcon_core.package_identification:_identify(src/Base Motor Control Program C++/Capstone) by extensions ['python_setup_py']
[0.163s] Level 1:colcon.colcon_core.package_identification:_identify(src/Base Motor Control Program C++/Capstone) by extension 'python_setup_py'
[0.163s] Level 1:colcon.colcon_core.package_identification:_identify(src/boost_asio) by extensions ['ignore', 'ignore_ament_install']
[0.163s] Level 1:colcon.colcon_core.package_identification:_identify(src/boost_asio) by extension 'ignore'
[0.163s] Level 1:colcon.colcon_core.package_identification:_identify(src/boost_asio) by extension 'ignore_ament_install'
[0.163s] Level 1:colcon.colcon_core.package_identification:_identify(src/boost_asio) by extensions ['colcon_pkg']
[0.163s] Level 1:colcon.colcon_core.package_identification:_identify(src/boost_asio) by extension 'colcon_pkg'
[0.163s] Level 1:colcon.colcon_core.package_identification:_identify(src/boost_asio) by extensions ['colcon_meta']
[0.163s] Level 1:colcon.colcon_core.package_identification:_identify(src/boost_asio) by extension 'colcon_meta'
[0.163s] Level 1:colcon.colcon_core.package_identification:_identify(src/boost_asio) by extensions ['ros']
[0.163s] Level 1:colcon.colcon_core.package_identification:_identify(src/boost_asio) by extension 'ros'
[0.164s] DEBUG:colcon.colcon_core.package_identification:Package 'src/boost_asio' with type 'ros.ament_cmake' and name 'boost_asio'
[0.164s] Level 1:colcon.colcon_core.package_identification:_identify(src/core_interfaces) by extensions ['ignore', 'ignore_ament_install']
[0.164s] Level 1:colcon.colcon_core.package_identification:_identify(src/core_interfaces) by extension 'ignore'
[0.164s] Level 1:colcon.colcon_core.package_identification:_identify(src/core_interfaces) by extension 'ignore_ament_install'
[0.164s] Level 1:colcon.colcon_core.package_identification:_identify(src/core_interfaces) by extensions ['colcon_pkg']
[0.164s] Level 1:colcon.colcon_core.package_identification:_identify(src/core_interfaces) by extension 'colcon_pkg'
[0.164s] Level 1:colcon.colcon_core.package_identification:_identify(src/core_interfaces) by extensions ['colcon_meta']
[0.164s] Level 1:colcon.colcon_core.package_identification:_identify(src/core_interfaces) by extension 'colcon_meta'
[0.164s] Level 1:colcon.colcon_core.package_identification:_identify(src/core_interfaces) by extensions ['ros']
[0.164s] Level 1:colcon.colcon_core.package_identification:_identify(src/core_interfaces) by extension 'ros'
[0.164s] DEBUG:colcon.colcon_core.package_identification:Package 'src/core_interfaces' with type 'ros.ament_cmake' and name 'core_interfaces'
[0.164s] Level 1:colcon.colcon_core.package_identification:_identify(src/three_legged_bot) by extensions ['ignore', 'ignore_ament_install']
[0.164s] Level 1:colcon.colcon_core.package_identification:_identify(src/three_legged_bot) by extension 'ignore'
[0.164s] Level 1:colcon.colcon_core.package_identification:_identify(src/three_legged_bot) by extension 'ignore_ament_install'
[0.164s] Level 1:colcon.colcon_core.package_identification:_identify(src/three_legged_bot) by extensions ['colcon_pkg']
[0.164s] Level 1:colcon.colcon_core.package_identification:_identify(src/three_legged_bot) by extension 'colcon_pkg'
[0.164s] Level 1:colcon.colcon_core.package_identification:_identify(src/three_legged_bot) by extensions ['colcon_meta']
[0.164s] Level 1:colcon.colcon_core.package_identification:_identify(src/three_legged_bot) by extension 'colcon_meta'
[0.165s] Level 1:colcon.colcon_core.package_identification:_identify(src/three_legged_bot) by extensions ['ros']
[0.165s] Level 1:colcon.colcon_core.package_identification:_identify(src/three_legged_bot) by extension 'ros'
[0.165s] DEBUG:colcon.colcon_core.package_identification:Package 'src/three_legged_bot' with type 'ros.ament_cmake' and name 'three_legged_bot'
[0.165s] Level 1:colcon.colcon_core.package_discovery:discover_packages(recursive) using defaults
[0.165s] Level 1:colcon.colcon_core.package_discovery:discover_packages(ignore) discover
[0.165s] Level 1:colcon.colcon_core.package_discovery:discover_packages(ignore) using defaults
[0.165s] Level 1:colcon.colcon_core.package_discovery:discover_packages(path) discover
[0.165s] Level 1:colcon.colcon_core.package_discovery:discover_packages(path) using defaults
[0.174s] INFO:colcon.colcon_core.package_selection:Skipping not selected package 'core_interfaces' in 'src/core_interfaces'
[0.174s] INFO:colcon.colcon_core.package_selection:Skipping not selected package 'three_legged_bot' in 'src/three_legged_bot'
[0.174s] Level 5:colcon.colcon_core.verb:set package 'boost_asio' build argument 'cmake_args' from command line to 'None'
[0.174s] Level 5:colcon.colcon_core.verb:set package 'boost_asio' build argument 'cmake_target' from command line to 'None'
[0.174s] Level 5:colcon.colcon_core.verb:set package 'boost_asio' build argument 'cmake_target_skip_unavailable' from command line to 'False'
[0.174s] Level 5:colcon.colcon_core.verb:set package 'boost_asio' build argument 'cmake_clean_cache' from command line to 'False'
[0.174s] Level 5:colcon.colcon_core.verb:set package 'boost_asio' build argument 'cmake_clean_first' from command line to 'False'
[0.174s] Level 5:colcon.colcon_core.verb:set package 'boost_asio' build argument 'cmake_force_configure' from command line to 'False'
[0.174s] Level 5:colcon.colcon_core.verb:set package 'boost_asio' build argument 'ament_cmake_args' from command line to 'None'
[0.174s] Level 5:colcon.colcon_core.verb:set package 'boost_asio' build argument 'catkin_cmake_args' from command line to 'None'
[0.174s] Level 5:colcon.colcon_core.verb:set package 'boost_asio' build argument 'catkin_skip_building_tests' from command line to 'False'
[0.174s] DEBUG:colcon.colcon_core.verb:Building package 'boost_asio' with the following arguments: {'ament_cmake_args': None, 'build_base': '/home/virtualkris2/ros2_ws/build/boost_asio', 'catkin_cmake_args': None, 'catkin_skip_building_tests': False, 'cmake_args': None, 'cmake_clean_cache': False, 'cmake_clean_first': False, 'cmake_force_configure': False, 'cmake_target': None, 'cmake_target_skip_unavailable': False, 'install_base': '/home/virtualkris2/ros2_ws/install/boost_asio', 'merge_install': False, 'path': '/home/virtualkris2/ros2_ws/src/boost_asio', 'symlink_install': False, 'test_result_base': None}
[0.174s] INFO:colcon.colcon_core.executor:Executing jobs using 'parallel' executor
[0.175s] DEBUG:colcon.colcon_parallel_executor.executor.parallel:run_until_complete
[0.175s] INFO:colcon.colcon_ros.task.ament_cmake.build:Building ROS package in '/home/virtualkris2/ros2_ws/src/boost_asio' with build type 'ament_cmake'
[0.175s] INFO:colcon.colcon_cmake.task.cmake.build:Building CMake package in '/home/virtualkris2/ros2_ws/src/boost_asio'
[0.176s] INFO:colcon.colcon_core.plugin_system:Skipping extension 'colcon_core.shell.bat': Not used on non-Windows systems
[0.176s] INFO:colcon.colcon_core.shell:Skip shell extension 'powershell' for command environment: Not usable outside of PowerShell
[0.176s] DEBUG:colcon.colcon_core.shell:Skip shell extension 'dsv' for command environment
[0.181s] DEBUG:colcon.colcon_core.event_handler.log_command:Invoking command in '/home/virtualkris2/ros2_ws/build/boost_asio': CMAKE_PREFIX_PATH=/opt/ros/humble:${CMAKE_PREFIX_PATH} /usr/bin/cmake /home/virtualkris2/ros2_ws/src/boost_asio -DCMAKE_INSTALL_PREFIX=/home/virtualkris2/ros2_ws/install/boost_asio
[2.789s] DEBUG:colcon.colcon_core.event_handler.log_command:Invoked command in '/home/virtualkris2/ros2_ws/build/boost_asio' returned '0': CMAKE_PREFIX_PATH=/opt/ros/humble:${CMAKE_PREFIX_PATH} /usr/bin/cmake /home/virtualkris2/ros2_ws/src/boost_asio -DCMAKE_INSTALL_PREFIX=/home/virtualkris2/ros2_ws/install/boost_asio
[2.790s] DEBUG:colcon.colcon_core.event_handler.log_command:Invoking command in '/home/virtualkris2/ros2_ws/build/boost_asio': CMAKE_PREFIX_PATH=/opt/ros/humble:${CMAKE_PREFIX_PATH} /usr/bin/cmake --build /home/virtualkris2/ros2_ws/build/boost_asio -- -j24 -l24
[3.884s] DEBUG:colcon.colcon_core.event_handler.log_command:Invoked command in '/home/virtualkris2/ros2_ws/build/boost_asio' returned '0': CMAKE_PREFIX_PATH=/opt/ros/humble:${CMAKE_PREFIX_PATH} /usr/bin/cmake --build /home/virtualkris2/ros2_ws/build/boost_asio -- -j24 -l24
[3.897s] DEBUG:colcon.colcon_core.event_handler.log_command:Invoking command in '/home/virtualkris2/ros2_ws/build/boost_asio': CMAKE_PREFIX_PATH=/opt/ros/humble:${CMAKE_PREFIX_PATH} /usr/bin/cmake --install /home/virtualkris2/ros2_ws/build/boost_asio
[3.901s] Level 1:colcon.colcon_core.environment:create_environment_scripts_only(boost_asio)
[3.901s] DEBUG:colcon.colcon_core.event_handler.log_command:Invoked command in '/home/virtualkris2/ros2_ws/build/boost_asio' returned '0': CMAKE_PREFIX_PATH=/opt/ros/humble:${CMAKE_PREFIX_PATH} /usr/bin/cmake --install /home/virtualkris2/ros2_ws/build/boost_asio
[3.902s] Level 1:colcon.colcon_core.environment:checking '/home/virtualkris2/ros2_ws/install/boost_asio' for CMake module files
[3.902s] Level 1:colcon.colcon_core.environment:checking '/home/virtualkris2/ros2_ws/install/boost_asio' for CMake config files
[3.902s] Level 1:colcon.colcon_core.shell:create_environment_hook('boost_asio', 'cmake_prefix_path')
[3.902s] INFO:colcon.colcon_core.shell:Creating environment hook '/home/virtualkris2/ros2_ws/install/boost_asio/share/boost_asio/hook/cmake_prefix_path.ps1'
[3.903s] INFO:colcon.colcon_core.shell:Creating environment descriptor '/home/virtualkris2/ros2_ws/install/boost_asio/share/boost_asio/hook/cmake_prefix_path.dsv'
[3.903s] INFO:colcon.colcon_core.shell:Creating environment hook '/home/virtualkris2/ros2_ws/install/boost_asio/share/boost_asio/hook/cmake_prefix_path.sh'
[3.903s] Level 1:colcon.colcon_core.environment:checking '/home/virtualkris2/ros2_ws/install/boost_asio/lib'
[3.903s] Level 1:colcon.colcon_core.environment:checking '/home/virtualkris2/ros2_ws/install/boost_asio/bin'
[3.903s] Level 1:colcon.colcon_core.environment:checking '/home/virtualkris2/ros2_ws/install/boost_asio/lib/pkgconfig/boost_asio.pc'
[3.904s] Level 1:colcon.colcon_core.environment:checking '/home/virtualkris2/ros2_ws/install/boost_asio/lib/python3.10/site-packages'
[3.904s] Level 1:colcon.colcon_core.environment:checking '/home/virtualkris2/ros2_ws/install/boost_asio/bin'
[3.904s] INFO:colcon.colcon_core.shell:Creating package script '/home/virtualkris2/ros2_ws/install/boost_asio/share/boost_asio/package.ps1'
[3.905s] INFO:colcon.colcon_core.shell:Creating package descriptor '/home/virtualkris2/ros2_ws/install/boost_asio/share/boost_asio/package.dsv'
[3.905s] INFO:colcon.colcon_core.shell:Creating package script '/home/virtualkris2/ros2_ws/install/boost_asio/share/boost_asio/package.sh'
[3.905s] INFO:colcon.colcon_core.shell:Creating package script '/home/virtualkris2/ros2_ws/install/boost_asio/share/boost_asio/package.bash'
[3.905s] INFO:colcon.colcon_core.shell:Creating package script '/home/virtualkris2/ros2_ws/install/boost_asio/share/boost_asio/package.zsh'
[3.906s] Level 1:colcon.colcon_core.environment:create_file_with_runtime_dependencies(/home/virtualkris2/ros2_ws/install/boost_asio/share/colcon-core/packages/boost_asio)
[3.914s] Level 1:colcon.colcon_core.environment:create_environment_scripts_only(boost_asio)
[3.914s] Level 1:colcon.colcon_core.environment:checking '/home/virtualkris2/ros2_ws/install/boost_asio' for CMake module files
[3.914s] Level 1:colcon.colcon_core.environment:checking '/home/virtualkris2/ros2_ws/install/boost_asio' for CMake config files
[3.915s] Level 1:colcon.colcon_core.shell:create_environment_hook('boost_asio', 'cmake_prefix_path')
[3.915s] INFO:colcon.colcon_core.shell:Creating environment hook '/home/virtualkris2/ros2_ws/install/boost_asio/share/boost_asio/hook/cmake_prefix_path.ps1'
[3.915s] INFO:colcon.colcon_core.shell:Creating environment descriptor '/home/virtualkris2/ros2_ws/install/boost_asio/share/boost_asio/hook/cmake_prefix_path.dsv'
[3.915s] INFO:colcon.colcon_core.shell:Creating environment hook '/home/virtualkris2/ros2_ws/install/boost_asio/share/boost_asio/hook/cmake_prefix_path.sh'
[3.915s] Level 1:colcon.colcon_core.environment:checking '/home/virtualkris2/ros2_ws/install/boost_asio/lib'
[3.915s] Level 1:colcon.colcon_core.environment:checking '/home/virtualkris2/ros2_ws/install/boost_asio/bin'
[3.915s] Level 1:colcon.colcon_core.environment:checking '/home/virtualkris2/ros2_ws/install/boost_asio/lib/pkgconfig/boost_asio.pc'
[3.915s] Level 1:colcon.colcon_core.environment:checking '/home/virtualkris2/ros2_ws/install/boost_asio/lib/python3.10/site-packages'
[3.915s] Level 1:colcon.colcon_core.environment:checking '/home/virtualkris2/ros2_ws/install/boost_asio/bin'
[3.915s] INFO:colcon.colcon_core.shell:Creating package script '/home/virtualkris2/ros2_ws/install/boost_asio/share/boost_asio/package.ps1'
[3.916s] INFO:colcon.colcon_core.shell:Creating package descriptor '/home/virtualkris2/ros2_ws/install/boost_asio/share/boost_asio/package.dsv'
[3.916s] INFO:colcon.colcon_core.shell:Creating package script '/home/virtualkris2/ros2_ws/install/boost_asio/share/boost_asio/package.sh'
[3.916s] INFO:colcon.colcon_core.shell:Creating package script '/home/virtualkris2/ros2_ws/install/boost_asio/share/boost_asio/package.bash'
[3.916s] INFO:colcon.colcon_core.shell:Creating package script '/home/virtualkris2/ros2_ws/install/boost_asio/share/boost_asio/package.zsh'
[3.916s] Level 1:colcon.colcon_core.environment:create_file_with_runtime_dependencies(/home/virtualkris2/ros2_ws/install/boost_asio/share/colcon-core/packages/boost_asio)
[3.916s] DEBUG:colcon.colcon_parallel_executor.executor.parallel:closing loop
[3.916s] DEBUG:colcon.colcon_parallel_executor.executor.parallel:loop closed
[3.916s] DEBUG:colcon.colcon_parallel_executor.executor.parallel:run_until_complete finished with '0'
[3.916s] DEBUG:colcon.colcon_core.event_reactor:joining thread
[3.934s] INFO:colcon.colcon_core.plugin_system:Skipping extension 'colcon_notification.desktop_notification.notify_send': Could not find 'notify-send'
[3.934s] INFO:colcon.colcon_core.plugin_system:Skipping extension 'colcon_notification.desktop_notification.terminal_notifier': Not used on non-Darwin systems
[3.934s] INFO:colcon.colcon_core.plugin_system:Skipping extension 'colcon_notification.desktop_notification.win32': Not used on non-Windows systems
[3.934s] INFO:colcon.colcon_notification.desktop_notification:Sending desktop notification using 'notify2'
[3.934s] DEBUG:colcon.colcon_notification.desktop_notification.notify2:Failed to initialize notify2: org.freedesktop.DBus.Error.FileNotFound: Failed to connect to socket /run/user/1000/bus: No such file or directory
[3.934s] DEBUG:colcon.colcon_core.event_reactor:joined thread
[3.934s] INFO:colcon.colcon_core.shell:Creating prefix script '/home/virtualkris2/ros2_ws/install/local_setup.ps1'
[3.934s] INFO:colcon.colcon_core.shell:Creating prefix util module '/home/virtualkris2/ros2_ws/install/_local_setup_util_ps1.py'
[3.935s] INFO:colcon.colcon_core.shell:Creating prefix chain script '/home/virtualkris2/ros2_ws/install/setup.ps1'
[3.935s] INFO:colcon.colcon_core.shell:Creating prefix script '/home/virtualkris2/ros2_ws/install/local_setup.sh'
[3.936s] INFO:colcon.colcon_core.shell:Creating prefix util module '/home/virtualkris2/ros2_ws/install/_local_setup_util_sh.py'
[3.936s] INFO:colcon.colcon_core.shell:Creating prefix chain script '/home/virtualkris2/ros2_ws/install/setup.sh'
[3.936s] INFO:colcon.colcon_core.shell:Creating prefix script '/home/virtualkris2/ros2_ws/install/local_setup.bash'
[3.936s] INFO:colcon.colcon_core.shell:Creating prefix chain script '/home/virtualkris2/ros2_ws/install/setup.bash'
[3.937s] INFO:colcon.colcon_core.shell:Creating prefix script '/home/virtualkris2/ros2_ws/install/local_setup.zsh'
[3.937s] INFO:colcon.colcon_core.shell:Creating prefix chain script '/home/virtualkris2/ros2_ws/install/setup.zsh'
