[0.112s] DEBUG:colcon:Command line arguments: ['/home/virtualkris2/.local/bin/colcon', 'build']
[0.112s] DEBUG:colcon:Parsed command line arguments: Namespace(log_base=None, log_level=None, verb_name='build', build_base='build', install_base='install', merge_install=False, symlink_install=False, test_result_base=None, continue_on_error=False, executor='parallel', parallel_workers=24, event_handlers=None, ignore_user_meta=False, metas=['./colcon.meta'], base_paths=['.'], packages_ignore=None, packages_ignore_regex=None, paths=None, packages_up_to=None, packages_up_to_regex=None, packages_above=None, packages_above_and_dependencies=None, packages_above_depth=None, packages_select_by_dep=None, packages_skip_by_dep=None, packages_skip_up_to=None, packages_select_build_failed=False, packages_skip_build_finished=False, packages_select_test_failures=False, packages_skip_test_passed=False, packages_select=None, packages_skip=None, packages_select_regex=None, packages_skip_regex=None, packages_start=None, packages_end=None, cmake_args=None, cmake_target=None, cmake_target_skip_unavailable=False, cmake_clean_cache=False, cmake_clean_first=False, cmake_force_configure=False, ament_cmake_args=None, catkin_cmake_args=None, catkin_skip_building_tests=False, verb_parser=<colcon_defaults.argument_parser.defaults.DefaultArgumentsDecorator object at 0x7f08220a0a90>, verb_extension=<colcon_core.verb.build.BuildVerb object at 0x7f08220a0640>, main=<bound method BuildVerb.main of <colcon_core.verb.build.BuildVerb object at 0x7f08220a0640>>)
[0.163s] Level 1:colcon.colcon_core.package_discovery:discover_packages(colcon_meta) check parameters
[0.163s] Level 1:colcon.colcon_core.package_discovery:discover_packages(recursive) check parameters
[0.163s] Level 1:colcon.colcon_core.package_discovery:discover_packages(ignore) check parameters
[0.163s] Level 1:colcon.colcon_core.package_discovery:discover_packages(path) check parameters
[0.163s] Level 1:colcon.colcon_core.package_discovery:discover_packages(colcon_meta) discover
[0.163s] Level 1:colcon.colcon_core.package_discovery:discover_packages(recursive) discover
[0.163s] INFO:colcon.colcon_core.package_discovery:Crawling recursively for packages in '/home/virtualkris2/ros2_ws'
[0.164s] Level 1:colcon.colcon_core.package_identification:_identify(.) by extensions ['ignore', 'ignore_ament_install']
[0.164s] Level 1:colcon.colcon_core.package_identification:_identify(.) by extension 'ignore'
[0.164s] Level 1:colcon.colcon_core.package_identification:_identify(.) by extension 'ignore_ament_install'
[0.164s] Level 1:colcon.colcon_core.package_identification:_identify(.) by extensions ['colcon_pkg']
[0.164s] Level 1:colcon.colcon_core.package_identification:_identify(.) by extension 'colcon_pkg'
[0.164s] Level 1:colcon.colcon_core.package_identification:_identify(.) by extensions ['colcon_meta']
[0.164s] Level 1:colcon.colcon_core.package_identification:_identify(.) by extension 'colcon_meta'
[0.164s] Level 1:colcon.colcon_core.package_identification:_identify(.) by extensions ['ros']
[0.164s] Level 1:colcon.colcon_core.package_identification:_identify(.) by extension 'ros'
[0.169s] Level 1:colcon.colcon_core.package_identification:_identify(.) by extensions ['cmake', 'python']
[0.169s] Level 1:colcon.colcon_core.package_identification:_identify(.) by extension 'cmake'
[0.169s] Level 1:colcon.colcon_core.package_identification:_identify(.) by extension 'python'
[0.169s] Level 1:colcon.colcon_core.package_identification:_identify(.) by extensions ['python_setup_py']
[0.169s] Level 1:colcon.colcon_core.package_identification:_identify(.) by extension 'python_setup_py'
[0.169s] Level 1:colcon.colcon_core.package_identification:_identify(build) by extensions ['ignore', 'ignore_ament_install']
[0.169s] Level 1:colcon.colcon_core.package_identification:_identify(build) by extension 'ignore'
[0.169s] Level 1:colcon.colcon_core.package_identification:_identify(build) ignored
[0.169s] Level 1:colcon.colcon_core.package_identification:_identify(install) by extensions ['ignore', 'ignore_ament_install']
[0.169s] Level 1:colcon.colcon_core.package_identification:_identify(install) by extension 'ignore'
[0.169s] Level 1:colcon.colcon_core.package_identification:_identify(install) ignored
[0.169s] Level 1:colcon.colcon_core.package_identification:_identify(log) by extensions ['ignore', 'ignore_ament_install']
[0.169s] Level 1:colcon.colcon_core.package_identification:_identify(log) by extension 'ignore'
[0.169s] Level 1:colcon.colcon_core.package_identification:_identify(log) ignored
[0.169s] Level 1:colcon.colcon_core.package_identification:_identify(src) by extensions ['ignore', 'ignore_ament_install']
[0.169s] Level 1:colcon.colcon_core.package_identification:_identify(src) by extension 'ignore'
[0.169s] Level 1:colcon.colcon_core.package_identification:_identify(src) by extension 'ignore_ament_install'
[0.169s] Level 1:colcon.colcon_core.package_identification:_identify(src) by extensions ['colcon_pkg']
[0.169s] Level 1:colcon.colcon_core.package_identification:_identify(src) by extension 'colcon_pkg'
[0.170s] Level 1:colcon.colcon_core.package_identification:_identify(src) by extensions ['colcon_meta']
[0.170s] Level 1:colcon.colcon_core.package_identification:_identify(src) by extension 'colcon_meta'
[0.170s] Level 1:colcon.colcon_core.package_identification:_identify(src) by extensions ['ros']
[0.170s] Level 1:colcon.colcon_core.package_identification:_identify(src) by extension 'ros'
[0.170s] Level 1:colcon.colcon_core.package_identification:_identify(src) by extensions ['cmake', 'python']
[0.170s] Level 1:colcon.colcon_core.package_identification:_identify(src) by extension 'cmake'
[0.170s] Level 1:colcon.colcon_core.package_identification:_identify(src) by extension 'python'
[0.170s] Level 1:colcon.colcon_core.package_identification:_identify(src) by extensions ['python_setup_py']
[0.170s] Level 1:colcon.colcon_core.package_identification:_identify(src) by extension 'python_setup_py'
[0.170s] Level 1:colcon.colcon_core.package_identification:_identify(src/core_interfaces) by extensions ['ignore', 'ignore_ament_install']
[0.170s] Level 1:colcon.colcon_core.package_identification:_identify(src/core_interfaces) by extension 'ignore'
[0.170s] Level 1:colcon.colcon_core.package_identification:_identify(src/core_interfaces) by extension 'ignore_ament_install'
[0.170s] Level 1:colcon.colcon_core.package_identification:_identify(src/core_interfaces) by extensions ['colcon_pkg']
[0.170s] Level 1:colcon.colcon_core.package_identification:_identify(src/core_interfaces) by extension 'colcon_pkg'
[0.170s] Level 1:colcon.colcon_core.package_identification:_identify(src/core_interfaces) by extensions ['colcon_meta']
[0.170s] Level 1:colcon.colcon_core.package_identification:_identify(src/core_interfaces) by extension 'colcon_meta'
[0.170s] Level 1:colcon.colcon_core.package_identification:_identify(src/core_interfaces) by extensions ['ros']
[0.170s] Level 1:colcon.colcon_core.package_identification:_identify(src/core_interfaces) by extension 'ros'
[0.171s] DEBUG:colcon.colcon_core.package_identification:Package 'src/core_interfaces' with type 'ros.ament_cmake' and name 'core_interfaces'
[0.171s] Level 1:colcon.colcon_core.package_identification:_identify(src/three_legged_bot) by extensions ['ignore', 'ignore_ament_install']
[0.171s] Level 1:colcon.colcon_core.package_identification:_identify(src/three_legged_bot) by extension 'ignore'
[0.171s] Level 1:colcon.colcon_core.package_identification:_identify(src/three_legged_bot) by extension 'ignore_ament_install'
[0.171s] Level 1:colcon.colcon_core.package_identification:_identify(src/three_legged_bot) by extensions ['colcon_pkg']
[0.171s] Level 1:colcon.colcon_core.package_identification:_identify(src/three_legged_bot) by extension 'colcon_pkg'
[0.171s] Level 1:colcon.colcon_core.package_identification:_identify(src/three_legged_bot) by extensions ['colcon_meta']
[0.171s] Level 1:colcon.colcon_core.package_identification:_identify(src/three_legged_bot) by extension 'colcon_meta'
[0.171s] Level 1:colcon.colcon_core.package_identification:_identify(src/three_legged_bot) by extensions ['ros']
[0.171s] Level 1:colcon.colcon_core.package_identification:_identify(src/three_legged_bot) by extension 'ros'
[0.171s] DEBUG:colcon.colcon_core.package_identification:Package 'src/three_legged_bot' with type 'ros.ament_cmake' and name 'three_legged_bot'
[0.171s] Level 1:colcon.colcon_core.package_discovery:discover_packages(recursive) using defaults
[0.171s] Level 1:colcon.colcon_core.package_discovery:discover_packages(ignore) discover
[0.171s] Level 1:colcon.colcon_core.package_discovery:discover_packages(ignore) using defaults
[0.171s] Level 1:colcon.colcon_core.package_discovery:discover_packages(path) discover
[0.171s] Level 1:colcon.colcon_core.package_discovery:discover_packages(path) using defaults
[0.181s] Level 5:colcon.colcon_core.verb:set package 'core_interfaces' build argument 'cmake_args' from command line to 'None'
[0.181s] Level 5:colcon.colcon_core.verb:set package 'core_interfaces' build argument 'cmake_target' from command line to 'None'
[0.181s] Level 5:colcon.colcon_core.verb:set package 'core_interfaces' build argument 'cmake_target_skip_unavailable' from command line to 'False'
[0.181s] Level 5:colcon.colcon_core.verb:set package 'core_interfaces' build argument 'cmake_clean_cache' from command line to 'False'
[0.181s] Level 5:colcon.colcon_core.verb:set package 'core_interfaces' build argument 'cmake_clean_first' from command line to 'False'
[0.181s] Level 5:colcon.colcon_core.verb:set package 'core_interfaces' build argument 'cmake_force_configure' from command line to 'False'
[0.181s] Level 5:colcon.colcon_core.verb:set package 'core_interfaces' build argument 'ament_cmake_args' from command line to 'None'
[0.181s] Level 5:colcon.colcon_core.verb:set package 'core_interfaces' build argument 'catkin_cmake_args' from command line to 'None'
[0.181s] Level 5:colcon.colcon_core.verb:set package 'core_interfaces' build argument 'catkin_skip_building_tests' from command line to 'False'
[0.181s] DEBUG:colcon.colcon_core.verb:Building package 'core_interfaces' with the following arguments: {'ament_cmake_args': None, 'build_base': '/home/virtualkris2/ros2_ws/build/core_interfaces', 'catkin_cmake_args': None, 'catkin_skip_building_tests': False, 'cmake_args': None, 'cmake_clean_cache': False, 'cmake_clean_first': False, 'cmake_force_configure': False, 'cmake_target': None, 'cmake_target_skip_unavailable': False, 'install_base': '/home/virtualkris2/ros2_ws/install/core_interfaces', 'merge_install': False, 'path': '/home/virtualkris2/ros2_ws/src/core_interfaces', 'symlink_install': False, 'test_result_base': None}
[0.181s] Level 5:colcon.colcon_core.verb:set package 'three_legged_bot' build argument 'cmake_args' from command line to 'None'
[0.181s] Level 5:colcon.colcon_core.verb:set package 'three_legged_bot' build argument 'cmake_target' from command line to 'None'
[0.181s] Level 5:colcon.colcon_core.verb:set package 'three_legged_bot' build argument 'cmake_target_skip_unavailable' from command line to 'False'
[0.181s] Level 5:colcon.colcon_core.verb:set package 'three_legged_bot' build argument 'cmake_clean_cache' from command line to 'False'
[0.181s] Level 5:colcon.colcon_core.verb:set package 'three_legged_bot' build argument 'cmake_clean_first' from command line to 'False'
[0.181s] Level 5:colcon.colcon_core.verb:set package 'three_legged_bot' build argument 'cmake_force_configure' from command line to 'False'
[0.181s] Level 5:colcon.colcon_core.verb:set package 'three_legged_bot' build argument 'ament_cmake_args' from command line to 'None'
[0.181s] Level 5:colcon.colcon_core.verb:set package 'three_legged_bot' build argument 'catkin_cmake_args' from command line to 'None'
[0.181s] Level 5:colcon.colcon_core.verb:set package 'three_legged_bot' build argument 'catkin_skip_building_tests' from command line to 'False'
[0.181s] DEBUG:colcon.colcon_core.verb:Building package 'three_legged_bot' with the following arguments: {'ament_cmake_args': None, 'build_base': '/home/virtualkris2/ros2_ws/build/three_legged_bot', 'catkin_cmake_args': None, 'catkin_skip_building_tests': False, 'cmake_args': None, 'cmake_clean_cache': False, 'cmake_clean_first': False, 'cmake_force_configure': False, 'cmake_target': None, 'cmake_target_skip_unavailable': False, 'install_base': '/home/virtualkris2/ros2_ws/install/three_legged_bot', 'merge_install': False, 'path': '/home/virtualkris2/ros2_ws/src/three_legged_bot', 'symlink_install': False, 'test_result_base': None}
[0.181s] INFO:colcon.colcon_core.executor:Executing jobs using 'parallel' executor
[0.182s] DEBUG:colcon.colcon_parallel_executor.executor.parallel:run_until_complete
[0.182s] INFO:colcon.colcon_ros.task.ament_cmake.build:Building ROS package in '/home/virtualkris2/ros2_ws/src/core_interfaces' with build type 'ament_cmake'
[0.182s] INFO:colcon.colcon_cmake.task.cmake.build:Building CMake package in '/home/virtualkris2/ros2_ws/src/core_interfaces'
[0.183s] INFO:colcon.colcon_core.plugin_system:Skipping extension 'colcon_core.shell.bat': Not used on non-Windows systems
[0.183s] INFO:colcon.colcon_core.shell:Skip shell extension 'powershell' for command environment: Not usable outside of PowerShell
[0.183s] DEBUG:colcon.colcon_core.shell:Skip shell extension 'dsv' for command environment
[0.188s] DEBUG:colcon.colcon_core.event_handler.log_command:Invoking command in '/home/virtualkris2/ros2_ws/build/core_interfaces': CMAKE_PREFIX_PATH=/opt/ros/humble:${CMAKE_PREFIX_PATH} /usr/bin/cmake --build /home/virtualkris2/ros2_ws/build/core_interfaces -- -j24 -l24
[1.178s] DEBUG:colcon.colcon_core.event_handler.log_command:Invoked command in '/home/virtualkris2/ros2_ws/build/core_interfaces' returned '0': CMAKE_PREFIX_PATH=/opt/ros/humble:${CMAKE_PREFIX_PATH} /usr/bin/cmake --build /home/virtualkris2/ros2_ws/build/core_interfaces -- -j24 -l24
[1.200s] DEBUG:colcon.colcon_core.event_handler.log_command:Invoking command in '/home/virtualkris2/ros2_ws/build/core_interfaces': CMAKE_PREFIX_PATH=/opt/ros/humble:${CMAKE_PREFIX_PATH} /usr/bin/cmake --install /home/virtualkris2/ros2_ws/build/core_interfaces
[1.227s] Level 1:colcon.colcon_core.environment:create_environment_scripts_only(core_interfaces)
[1.227s] DEBUG:colcon.colcon_core.event_handler.log_command:Invoked command in '/home/virtualkris2/ros2_ws/build/core_interfaces' returned '0': CMAKE_PREFIX_PATH=/opt/ros/humble:${CMAKE_PREFIX_PATH} /usr/bin/cmake --install /home/virtualkris2/ros2_ws/build/core_interfaces
[1.228s] Level 1:colcon.colcon_core.environment:checking '/home/virtualkris2/ros2_ws/install/core_interfaces' for CMake module files
[1.229s] Level 1:colcon.colcon_core.environment:checking '/home/virtualkris2/ros2_ws/install/core_interfaces' for CMake config files
[1.229s] Level 1:colcon.colcon_core.shell:create_environment_hook('core_interfaces', 'cmake_prefix_path')
[1.229s] INFO:colcon.colcon_core.shell:Creating environment hook '/home/virtualkris2/ros2_ws/install/core_interfaces/share/core_interfaces/hook/cmake_prefix_path.ps1'
[1.229s] INFO:colcon.colcon_core.shell:Creating environment descriptor '/home/virtualkris2/ros2_ws/install/core_interfaces/share/core_interfaces/hook/cmake_prefix_path.dsv'
[1.229s] INFO:colcon.colcon_core.shell:Creating environment hook '/home/virtualkris2/ros2_ws/install/core_interfaces/share/core_interfaces/hook/cmake_prefix_path.sh'
[1.230s] Level 1:colcon.colcon_core.environment:checking '/home/virtualkris2/ros2_ws/install/core_interfaces/lib'
[1.230s] Level 1:colcon.colcon_core.shell:create_environment_hook('core_interfaces', 'ld_library_path_lib')
[1.230s] INFO:colcon.colcon_core.shell:Creating environment hook '/home/virtualkris2/ros2_ws/install/core_interfaces/share/core_interfaces/hook/ld_library_path_lib.ps1'
[1.230s] INFO:colcon.colcon_core.shell:Creating environment descriptor '/home/virtualkris2/ros2_ws/install/core_interfaces/share/core_interfaces/hook/ld_library_path_lib.dsv'
[1.230s] INFO:colcon.colcon_core.shell:Creating environment hook '/home/virtualkris2/ros2_ws/install/core_interfaces/share/core_interfaces/hook/ld_library_path_lib.sh'
[1.230s] Level 1:colcon.colcon_core.environment:checking '/home/virtualkris2/ros2_ws/install/core_interfaces/bin'
[1.230s] Level 1:colcon.colcon_core.environment:checking '/home/virtualkris2/ros2_ws/install/core_interfaces/lib/pkgconfig/core_interfaces.pc'
[1.231s] Level 1:colcon.colcon_core.environment:checking '/home/virtualkris2/ros2_ws/install/core_interfaces/lib/python3.10/site-packages'
[1.231s] Level 1:colcon.colcon_core.environment:checking '/home/virtualkris2/ros2_ws/install/core_interfaces/bin'
[1.231s] INFO:colcon.colcon_core.shell:Creating package script '/home/virtualkris2/ros2_ws/install/core_interfaces/share/core_interfaces/package.ps1'
[1.232s] INFO:colcon.colcon_core.shell:Creating package descriptor '/home/virtualkris2/ros2_ws/install/core_interfaces/share/core_interfaces/package.dsv'
[1.232s] INFO:colcon.colcon_core.shell:Creating package script '/home/virtualkris2/ros2_ws/install/core_interfaces/share/core_interfaces/package.sh'
[1.232s] INFO:colcon.colcon_core.shell:Creating package script '/home/virtualkris2/ros2_ws/install/core_interfaces/share/core_interfaces/package.bash'
[1.232s] INFO:colcon.colcon_core.shell:Creating package script '/home/virtualkris2/ros2_ws/install/core_interfaces/share/core_interfaces/package.zsh'
[1.233s] Level 1:colcon.colcon_core.environment:create_file_with_runtime_dependencies(/home/virtualkris2/ros2_ws/install/core_interfaces/share/colcon-core/packages/core_interfaces)
[1.251s] Level 1:colcon.colcon_core.environment:create_environment_scripts_only(core_interfaces)
[1.251s] Level 1:colcon.colcon_core.environment:checking '/home/virtualkris2/ros2_ws/install/core_interfaces' for CMake module files
[1.251s] Level 1:colcon.colcon_core.environment:checking '/home/virtualkris2/ros2_ws/install/core_interfaces' for CMake config files
[1.251s] Level 1:colcon.colcon_core.shell:create_environment_hook('core_interfaces', 'cmake_prefix_path')
[1.251s] INFO:colcon.colcon_core.shell:Creating environment hook '/home/virtualkris2/ros2_ws/install/core_interfaces/share/core_interfaces/hook/cmake_prefix_path.ps1'
[1.251s] INFO:colcon.colcon_core.shell:Creating environment descriptor '/home/virtualkris2/ros2_ws/install/core_interfaces/share/core_interfaces/hook/cmake_prefix_path.dsv'
[1.251s] INFO:colcon.colcon_core.shell:Creating environment hook '/home/virtualkris2/ros2_ws/install/core_interfaces/share/core_interfaces/hook/cmake_prefix_path.sh'
[1.252s] Level 1:colcon.colcon_core.environment:checking '/home/virtualkris2/ros2_ws/install/core_interfaces/lib'
[1.252s] Level 1:colcon.colcon_core.shell:create_environment_hook('core_interfaces', 'ld_library_path_lib')
[1.252s] INFO:colcon.colcon_core.shell:Creating environment hook '/home/virtualkris2/ros2_ws/install/core_interfaces/share/core_interfaces/hook/ld_library_path_lib.ps1'
[1.252s] INFO:colcon.colcon_core.shell:Creating environment descriptor '/home/virtualkris2/ros2_ws/install/core_interfaces/share/core_interfaces/hook/ld_library_path_lib.dsv'
[1.252s] INFO:colcon.colcon_core.shell:Creating environment hook '/home/virtualkris2/ros2_ws/install/core_interfaces/share/core_interfaces/hook/ld_library_path_lib.sh'
[1.252s] Level 1:colcon.colcon_core.environment:checking '/home/virtualkris2/ros2_ws/install/core_interfaces/bin'
[1.252s] Level 1:colcon.colcon_core.environment:checking '/home/virtualkris2/ros2_ws/install/core_interfaces/lib/pkgconfig/core_interfaces.pc'
[1.252s] Level 1:colcon.colcon_core.environment:checking '/home/virtualkris2/ros2_ws/install/core_interfaces/lib/python3.10/site-packages'
[1.252s] Level 1:colcon.colcon_core.environment:checking '/home/virtualkris2/ros2_ws/install/core_interfaces/bin'
[1.252s] INFO:colcon.colcon_core.shell:Creating package script '/home/virtualkris2/ros2_ws/install/core_interfaces/share/core_interfaces/package.ps1'
[1.253s] INFO:colcon.colcon_core.shell:Creating package descriptor '/home/virtualkris2/ros2_ws/install/core_interfaces/share/core_interfaces/package.dsv'
[1.253s] INFO:colcon.colcon_core.shell:Creating package script '/home/virtualkris2/ros2_ws/install/core_interfaces/share/core_interfaces/package.sh'
[1.253s] INFO:colcon.colcon_core.shell:Creating package script '/home/virtualkris2/ros2_ws/install/core_interfaces/share/core_interfaces/package.bash'
[1.253s] INFO:colcon.colcon_core.shell:Creating package script '/home/virtualkris2/ros2_ws/install/core_interfaces/share/core_interfaces/package.zsh'
[1.253s] Level 1:colcon.colcon_core.environment:create_file_with_runtime_dependencies(/home/virtualkris2/ros2_ws/install/core_interfaces/share/colcon-core/packages/core_interfaces)
[1.253s] INFO:colcon.colcon_ros.task.ament_cmake.build:Building ROS package in '/home/virtualkris2/ros2_ws/src/three_legged_bot' with build type 'ament_cmake'
[1.253s] INFO:colcon.colcon_cmake.task.cmake.build:Building CMake package in '/home/virtualkris2/ros2_ws/src/three_legged_bot'
[1.254s] INFO:colcon.colcon_core.shell:Skip shell extension 'powershell' for command environment: Not usable outside of PowerShell
[1.254s] DEBUG:colcon.colcon_core.shell:Skip shell extension 'dsv' for command environment
[1.289s] DEBUG:colcon.colcon_core.event_handler.log_command:Invoking command in '/home/virtualkris2/ros2_ws/build/three_legged_bot': AMENT_PREFIX_PATH=/home/virtualkris2/ros2_ws/install/core_interfaces:${AMENT_PREFIX_PATH} CMAKE_PREFIX_PATH=/home/virtualkris2/ros2_ws/install/core_interfaces:/opt/ros/humble:${CMAKE_PREFIX_PATH} LD_LIBRARY_PATH=/home/virtualkris2/ros2_ws/install/core_interfaces/lib:${LD_LIBRARY_PATH} PYTHONPATH=/home/virtualkris2/ros2_ws/install/core_interfaces/local/lib/python3.10/dist-packages:${PYTHONPATH} /usr/bin/cmake /home/virtualkris2/ros2_ws/src/three_legged_bot -DCMAKE_INSTALL_PREFIX=/home/virtualkris2/ros2_ws/install/three_legged_bot
[4.529s] DEBUG:colcon.colcon_core.event_handler.log_command:Invoked command in '/home/virtualkris2/ros2_ws/build/three_legged_bot' returned '0': AMENT_PREFIX_PATH=/home/virtualkris2/ros2_ws/install/core_interfaces:${AMENT_PREFIX_PATH} CMAKE_PREFIX_PATH=/home/virtualkris2/ros2_ws/install/core_interfaces:/opt/ros/humble:${CMAKE_PREFIX_PATH} LD_LIBRARY_PATH=/home/virtualkris2/ros2_ws/install/core_interfaces/lib:${LD_LIBRARY_PATH} PYTHONPATH=/home/virtualkris2/ros2_ws/install/core_interfaces/local/lib/python3.10/dist-packages:${PYTHONPATH} /usr/bin/cmake /home/virtualkris2/ros2_ws/src/three_legged_bot -DCMAKE_INSTALL_PREFIX=/home/virtualkris2/ros2_ws/install/three_legged_bot
[4.530s] DEBUG:colcon.colcon_core.event_handler.log_command:Invoking command in '/home/virtualkris2/ros2_ws/build/three_legged_bot': AMENT_PREFIX_PATH=/home/virtualkris2/ros2_ws/install/core_interfaces:${AMENT_PREFIX_PATH} CMAKE_PREFIX_PATH=/home/virtualkris2/ros2_ws/install/core_interfaces:/opt/ros/humble:${CMAKE_PREFIX_PATH} LD_LIBRARY_PATH=/home/virtualkris2/ros2_ws/install/core_interfaces/lib:${LD_LIBRARY_PATH} PYTHONPATH=/home/virtualkris2/ros2_ws/install/core_interfaces/local/lib/python3.10/dist-packages:${PYTHONPATH} /usr/bin/cmake --build /home/virtualkris2/ros2_ws/build/three_legged_bot -- -j24 -l24
[7.551s] DEBUG:colcon.colcon_core.event_handler.log_command:Invoked command in '/home/virtualkris2/ros2_ws/build/three_legged_bot' returned '0': AMENT_PREFIX_PATH=/home/virtualkris2/ros2_ws/install/core_interfaces:${AMENT_PREFIX_PATH} CMAKE_PREFIX_PATH=/home/virtualkris2/ros2_ws/install/core_interfaces:/opt/ros/humble:${CMAKE_PREFIX_PATH} LD_LIBRARY_PATH=/home/virtualkris2/ros2_ws/install/core_interfaces/lib:${LD_LIBRARY_PATH} PYTHONPATH=/home/virtualkris2/ros2_ws/install/core_interfaces/local/lib/python3.10/dist-packages:${PYTHONPATH} /usr/bin/cmake --build /home/virtualkris2/ros2_ws/build/three_legged_bot -- -j24 -l24
[7.563s] DEBUG:colcon.colcon_core.event_handler.log_command:Invoking command in '/home/virtualkris2/ros2_ws/build/three_legged_bot': AMENT_PREFIX_PATH=/home/virtualkris2/ros2_ws/install/core_interfaces:${AMENT_PREFIX_PATH} CMAKE_PREFIX_PATH=/home/virtualkris2/ros2_ws/install/core_interfaces:/opt/ros/humble:${CMAKE_PREFIX_PATH} LD_LIBRARY_PATH=/home/virtualkris2/ros2_ws/install/core_interfaces/lib:${LD_LIBRARY_PATH} PYTHONPATH=/home/virtualkris2/ros2_ws/install/core_interfaces/local/lib/python3.10/dist-packages:${PYTHONPATH} /usr/bin/cmake --install /home/virtualkris2/ros2_ws/build/three_legged_bot
[7.569s] Level 1:colcon.colcon_core.environment:create_environment_scripts_only(three_legged_bot)
[7.569s] DEBUG:colcon.colcon_core.event_handler.log_command:Invoked command in '/home/virtualkris2/ros2_ws/build/three_legged_bot' returned '0': AMENT_PREFIX_PATH=/home/virtualkris2/ros2_ws/install/core_interfaces:${AMENT_PREFIX_PATH} CMAKE_PREFIX_PATH=/home/virtualkris2/ros2_ws/install/core_interfaces:/opt/ros/humble:${CMAKE_PREFIX_PATH} LD_LIBRARY_PATH=/home/virtualkris2/ros2_ws/install/core_interfaces/lib:${LD_LIBRARY_PATH} PYTHONPATH=/home/virtualkris2/ros2_ws/install/core_interfaces/local/lib/python3.10/dist-packages:${PYTHONPATH} /usr/bin/cmake --install /home/virtualkris2/ros2_ws/build/three_legged_bot
[7.569s] Level 1:colcon.colcon_core.environment:checking '/home/virtualkris2/ros2_ws/install/three_legged_bot' for CMake module files
[7.569s] Level 1:colcon.colcon_core.environment:checking '/home/virtualkris2/ros2_ws/install/three_legged_bot' for CMake config files
[7.570s] Level 1:colcon.colcon_core.shell:create_environment_hook('three_legged_bot', 'cmake_prefix_path')
[7.570s] INFO:colcon.colcon_core.shell:Creating environment hook '/home/virtualkris2/ros2_ws/install/three_legged_bot/share/three_legged_bot/hook/cmake_prefix_path.ps1'
[7.570s] INFO:colcon.colcon_core.shell:Creating environment descriptor '/home/virtualkris2/ros2_ws/install/three_legged_bot/share/three_legged_bot/hook/cmake_prefix_path.dsv'
[7.570s] INFO:colcon.colcon_core.shell:Creating environment hook '/home/virtualkris2/ros2_ws/install/three_legged_bot/share/three_legged_bot/hook/cmake_prefix_path.sh'
[7.570s] Level 1:colcon.colcon_core.environment:checking '/home/virtualkris2/ros2_ws/install/three_legged_bot/lib'
[7.570s] Level 1:colcon.colcon_core.environment:checking '/home/virtualkris2/ros2_ws/install/three_legged_bot/bin'
[7.570s] Level 1:colcon.colcon_core.environment:checking '/home/virtualkris2/ros2_ws/install/three_legged_bot/lib/pkgconfig/three_legged_bot.pc'
[7.570s] Level 1:colcon.colcon_core.environment:checking '/home/virtualkris2/ros2_ws/install/three_legged_bot/lib/python3.10/site-packages'
[7.570s] Level 1:colcon.colcon_core.environment:checking '/home/virtualkris2/ros2_ws/install/three_legged_bot/bin'
[7.571s] INFO:colcon.colcon_core.shell:Creating package script '/home/virtualkris2/ros2_ws/install/three_legged_bot/share/three_legged_bot/package.ps1'
[7.571s] INFO:colcon.colcon_core.shell:Creating package descriptor '/home/virtualkris2/ros2_ws/install/three_legged_bot/share/three_legged_bot/package.dsv'
[7.571s] INFO:colcon.colcon_core.shell:Creating package script '/home/virtualkris2/ros2_ws/install/three_legged_bot/share/three_legged_bot/package.sh'
[7.571s] INFO:colcon.colcon_core.shell:Creating package script '/home/virtualkris2/ros2_ws/install/three_legged_bot/share/three_legged_bot/package.bash'
[7.571s] INFO:colcon.colcon_core.shell:Creating package script '/home/virtualkris2/ros2_ws/install/three_legged_bot/share/three_legged_bot/package.zsh'
[7.571s] Level 1:colcon.colcon_core.environment:create_file_with_runtime_dependencies(/home/virtualkris2/ros2_ws/install/three_legged_bot/share/colcon-core/packages/three_legged_bot)
[7.582s] Level 1:colcon.colcon_core.environment:create_environment_scripts_only(three_legged_bot)
[7.583s] Level 1:colcon.colcon_core.environment:checking '/home/virtualkris2/ros2_ws/install/three_legged_bot' for CMake module files
[7.583s] Level 1:colcon.colcon_core.environment:checking '/home/virtualkris2/ros2_ws/install/three_legged_bot' for CMake config files
[7.583s] Level 1:colcon.colcon_core.shell:create_environment_hook('three_legged_bot', 'cmake_prefix_path')
[7.583s] INFO:colcon.colcon_core.shell:Creating environment hook '/home/virtualkris2/ros2_ws/install/three_legged_bot/share/three_legged_bot/hook/cmake_prefix_path.ps1'
[7.583s] INFO:colcon.colcon_core.shell:Creating environment descriptor '/home/virtualkris2/ros2_ws/install/three_legged_bot/share/three_legged_bot/hook/cmake_prefix_path.dsv'
[7.583s] INFO:colcon.colcon_core.shell:Creating environment hook '/home/virtualkris2/ros2_ws/install/three_legged_bot/share/three_legged_bot/hook/cmake_prefix_path.sh'
[7.583s] Level 1:colcon.colcon_core.environment:checking '/home/virtualkris2/ros2_ws/install/three_legged_bot/lib'
[7.583s] Level 1:colcon.colcon_core.environment:checking '/home/virtualkris2/ros2_ws/install/three_legged_bot/bin'
[7.583s] Level 1:colcon.colcon_core.environment:checking '/home/virtualkris2/ros2_ws/install/three_legged_bot/lib/pkgconfig/three_legged_bot.pc'
[7.584s] Level 1:colcon.colcon_core.environment:checking '/home/virtualkris2/ros2_ws/install/three_legged_bot/lib/python3.10/site-packages'
[7.584s] Level 1:colcon.colcon_core.environment:checking '/home/virtualkris2/ros2_ws/install/three_legged_bot/bin'
[7.584s] INFO:colcon.colcon_core.shell:Creating package script '/home/virtualkris2/ros2_ws/install/three_legged_bot/share/three_legged_bot/package.ps1'
[7.584s] INFO:colcon.colcon_core.shell:Creating package descriptor '/home/virtualkris2/ros2_ws/install/three_legged_bot/share/three_legged_bot/package.dsv'
[7.584s] INFO:colcon.colcon_core.shell:Creating package script '/home/virtualkris2/ros2_ws/install/three_legged_bot/share/three_legged_bot/package.sh'
[7.584s] INFO:colcon.colcon_core.shell:Creating package script '/home/virtualkris2/ros2_ws/install/three_legged_bot/share/three_legged_bot/package.bash'
[7.584s] INFO:colcon.colcon_core.shell:Creating package script '/home/virtualkris2/ros2_ws/install/three_legged_bot/share/three_legged_bot/package.zsh'
[7.584s] Level 1:colcon.colcon_core.environment:create_file_with_runtime_dependencies(/home/virtualkris2/ros2_ws/install/three_legged_bot/share/colcon-core/packages/three_legged_bot)
[7.585s] DEBUG:colcon.colcon_parallel_executor.executor.parallel:closing loop
[7.585s] DEBUG:colcon.colcon_parallel_executor.executor.parallel:loop closed
[7.585s] DEBUG:colcon.colcon_parallel_executor.executor.parallel:run_until_complete finished with '0'
[7.585s] DEBUG:colcon.colcon_core.event_reactor:joining thread
[7.601s] INFO:colcon.colcon_core.plugin_system:Skipping extension 'colcon_notification.desktop_notification.notify_send': Could not find 'notify-send'
[7.601s] INFO:colcon.colcon_core.plugin_system:Skipping extension 'colcon_notification.desktop_notification.terminal_notifier': Not used on non-Darwin systems
[7.601s] INFO:colcon.colcon_core.plugin_system:Skipping extension 'colcon_notification.desktop_notification.win32': Not used on non-Windows systems
[7.601s] INFO:colcon.colcon_notification.desktop_notification:Sending desktop notification using 'notify2'
[7.601s] DEBUG:colcon.colcon_notification.desktop_notification.notify2:Failed to initialize notify2: org.freedesktop.DBus.Error.FileNotFound: Failed to connect to socket /run/user/1000/bus: No such file or directory
[7.601s] DEBUG:colcon.colcon_core.event_reactor:joined thread
[7.601s] INFO:colcon.colcon_core.shell:Creating prefix script '/home/virtualkris2/ros2_ws/install/local_setup.ps1'
[7.601s] INFO:colcon.colcon_core.shell:Creating prefix util module '/home/virtualkris2/ros2_ws/install/_local_setup_util_ps1.py'
[7.602s] INFO:colcon.colcon_core.shell:Creating prefix chain script '/home/virtualkris2/ros2_ws/install/setup.ps1'
[7.602s] INFO:colcon.colcon_core.shell:Creating prefix script '/home/virtualkris2/ros2_ws/install/local_setup.sh'
[7.602s] INFO:colcon.colcon_core.shell:Creating prefix util module '/home/virtualkris2/ros2_ws/install/_local_setup_util_sh.py'
[7.603s] INFO:colcon.colcon_core.shell:Creating prefix chain script '/home/virtualkris2/ros2_ws/install/setup.sh'
[7.603s] INFO:colcon.colcon_core.shell:Creating prefix script '/home/virtualkris2/ros2_ws/install/local_setup.bash'
[7.603s] INFO:colcon.colcon_core.shell:Creating prefix chain script '/home/virtualkris2/ros2_ws/install/setup.bash'
[7.603s] INFO:colcon.colcon_core.shell:Creating prefix script '/home/virtualkris2/ros2_ws/install/local_setup.zsh'
[7.604s] INFO:colcon.colcon_core.shell:Creating prefix chain script '/home/virtualkris2/ros2_ws/install/setup.zsh'
