[0.084s] DEBUG:colcon:Command line arguments: ['/home/virtualkris2/.local/bin/colcon', 'build']
[0.085s] DEBUG:colcon:Parsed command line arguments: Namespace(log_base=None, log_level=None, verb_name='build', build_base='build', install_base='install', merge_install=False, symlink_install=False, test_result_base=None, continue_on_error=False, executor='parallel', parallel_workers=24, event_handlers=None, ignore_user_meta=False, metas=['./colcon.meta'], base_paths=['.'], packages_ignore=None, packages_ignore_regex=None, paths=None, packages_up_to=None, packages_up_to_regex=None, packages_above=None, packages_above_and_dependencies=None, packages_above_depth=None, packages_select_by_dep=None, packages_skip_by_dep=None, packages_skip_up_to=None, packages_select_build_failed=False, packages_skip_build_finished=False, packages_select_test_failures=False, packages_skip_test_passed=False, packages_select=None, packages_skip=None, packages_select_regex=None, packages_skip_regex=None, packages_start=None, packages_end=None, cmake_args=None, cmake_target=None, cmake_target_skip_unavailable=False, cmake_clean_cache=False, cmake_clean_first=False, cmake_force_configure=False, ament_cmake_args=None, catkin_cmake_args=None, catkin_skip_building_tests=False, verb_parser=<colcon_defaults.argument_parser.defaults.DefaultArgumentsDecorator object at 0x7fc63bf64ca0>, verb_extension=<colcon_core.verb.build.BuildVerb object at 0x7fc63bf64850>, main=<bound method BuildVerb.main of <colcon_core.verb.build.BuildVerb object at 0x7fc63bf64850>>)
[0.138s] Level 1:colcon.colcon_core.package_discovery:discover_packages(colcon_meta) check parameters
[0.138s] Level 1:colcon.colcon_core.package_discovery:discover_packages(recursive) check parameters
[0.138s] Level 1:colcon.colcon_core.package_discovery:discover_packages(ignore) check parameters
[0.138s] Level 1:colcon.colcon_core.package_discovery:discover_packages(path) check parameters
[0.138s] Level 1:colcon.colcon_core.package_discovery:discover_packages(colcon_meta) discover
[0.138s] Level 1:colcon.colcon_core.package_discovery:discover_packages(recursive) discover
[0.138s] INFO:colcon.colcon_core.package_discovery:Crawling recursively for packages in '/home/virtualkris2/ros2_ws'
[0.138s] Level 1:colcon.colcon_core.package_identification:_identify(.) by extensions ['ignore', 'ignore_ament_install']
[0.138s] Level 1:colcon.colcon_core.package_identification:_identify(.) by extension 'ignore'
[0.138s] Level 1:colcon.colcon_core.package_identification:_identify(.) by extension 'ignore_ament_install'
[0.138s] Level 1:colcon.colcon_core.package_identification:_identify(.) by extensions ['colcon_pkg']
[0.138s] Level 1:colcon.colcon_core.package_identification:_identify(.) by extension 'colcon_pkg'
[0.138s] Level 1:colcon.colcon_core.package_identification:_identify(.) by extensions ['colcon_meta']
[0.138s] Level 1:colcon.colcon_core.package_identification:_identify(.) by extension 'colcon_meta'
[0.138s] Level 1:colcon.colcon_core.package_identification:_identify(.) by extensions ['ros']
[0.138s] Level 1:colcon.colcon_core.package_identification:_identify(.) by extension 'ros'
[0.143s] Level 1:colcon.colcon_core.package_identification:_identify(.) by extensions ['cmake', 'python']
[0.143s] Level 1:colcon.colcon_core.package_identification:_identify(.) by extension 'cmake'
[0.144s] Level 1:colcon.colcon_core.package_identification:_identify(.) by extension 'python'
[0.144s] Level 1:colcon.colcon_core.package_identification:_identify(.) by extensions ['python_setup_py']
[0.144s] Level 1:colcon.colcon_core.package_identification:_identify(.) by extension 'python_setup_py'
[0.144s] Level 1:colcon.colcon_core.package_identification:_identify(build) by extensions ['ignore', 'ignore_ament_install']
[0.144s] Level 1:colcon.colcon_core.package_identification:_identify(build) by extension 'ignore'
[0.144s] Level 1:colcon.colcon_core.package_identification:_identify(build) ignored
[0.144s] Level 1:colcon.colcon_core.package_identification:_identify(install) by extensions ['ignore', 'ignore_ament_install']
[0.144s] Level 1:colcon.colcon_core.package_identification:_identify(install) by extension 'ignore'
[0.144s] Level 1:colcon.colcon_core.package_identification:_identify(install) ignored
[0.144s] Level 1:colcon.colcon_core.package_identification:_identify(log) by extensions ['ignore', 'ignore_ament_install']
[0.144s] Level 1:colcon.colcon_core.package_identification:_identify(log) by extension 'ignore'
[0.144s] Level 1:colcon.colcon_core.package_identification:_identify(log) ignored
[0.144s] Level 1:colcon.colcon_core.package_identification:_identify(src) by extensions ['ignore', 'ignore_ament_install']
[0.144s] Level 1:colcon.colcon_core.package_identification:_identify(src) by extension 'ignore'
[0.144s] Level 1:colcon.colcon_core.package_identification:_identify(src) by extension 'ignore_ament_install'
[0.144s] Level 1:colcon.colcon_core.package_identification:_identify(src) by extensions ['colcon_pkg']
[0.144s] Level 1:colcon.colcon_core.package_identification:_identify(src) by extension 'colcon_pkg'
[0.144s] Level 1:colcon.colcon_core.package_identification:_identify(src) by extensions ['colcon_meta']
[0.144s] Level 1:colcon.colcon_core.package_identification:_identify(src) by extension 'colcon_meta'
[0.144s] Level 1:colcon.colcon_core.package_identification:_identify(src) by extensions ['ros']
[0.144s] Level 1:colcon.colcon_core.package_identification:_identify(src) by extension 'ros'
[0.144s] Level 1:colcon.colcon_core.package_identification:_identify(src) by extensions ['cmake', 'python']
[0.144s] Level 1:colcon.colcon_core.package_identification:_identify(src) by extension 'cmake'
[0.144s] Level 1:colcon.colcon_core.package_identification:_identify(src) by extension 'python'
[0.144s] Level 1:colcon.colcon_core.package_identification:_identify(src) by extensions ['python_setup_py']
[0.144s] Level 1:colcon.colcon_core.package_identification:_identify(src) by extension 'python_setup_py'
[0.144s] Level 1:colcon.colcon_core.package_identification:_identify(src/Base Motor Control Program C++) by extensions ['ignore', 'ignore_ament_install']
[0.144s] Level 1:colcon.colcon_core.package_identification:_identify(src/Base Motor Control Program C++) by extension 'ignore'
[0.144s] Level 1:colcon.colcon_core.package_identification:_identify(src/Base Motor Control Program C++) by extension 'ignore_ament_install'
[0.144s] Level 1:colcon.colcon_core.package_identification:_identify(src/Base Motor Control Program C++) by extensions ['colcon_pkg']
[0.144s] Level 1:colcon.colcon_core.package_identification:_identify(src/Base Motor Control Program C++) by extension 'colcon_pkg'
[0.144s] Level 1:colcon.colcon_core.package_identification:_identify(src/Base Motor Control Program C++) by extensions ['colcon_meta']
[0.144s] Level 1:colcon.colcon_core.package_identification:_identify(src/Base Motor Control Program C++) by extension 'colcon_meta'
[0.144s] Level 1:colcon.colcon_core.package_identification:_identify(src/Base Motor Control Program C++) by extensions ['ros']
[0.144s] Level 1:colcon.colcon_core.package_identification:_identify(src/Base Motor Control Program C++) by extension 'ros'
[0.144s] Level 1:colcon.colcon_core.package_identification:_identify(src/Base Motor Control Program C++) by extensions ['cmake', 'python']
[0.144s] Level 1:colcon.colcon_core.package_identification:_identify(src/Base Motor Control Program C++) by extension 'cmake'
[0.144s] Level 1:colcon.colcon_core.package_identification:_identify(src/Base Motor Control Program C++) by extension 'python'
[0.144s] Level 1:colcon.colcon_core.package_identification:_identify(src/Base Motor Control Program C++) by extensions ['python_setup_py']
[0.144s] Level 1:colcon.colcon_core.package_identification:_identify(src/Base Motor Control Program C++) by extension 'python_setup_py'
[0.144s] Level 1:colcon.colcon_core.package_identification:_identify(src/Base Motor Control Program C++/Capstone) by extensions ['ignore', 'ignore_ament_install']
[0.144s] Level 1:colcon.colcon_core.package_identification:_identify(src/Base Motor Control Program C++/Capstone) by extension 'ignore'
[0.144s] Level 1:colcon.colcon_core.package_identification:_identify(src/Base Motor Control Program C++/Capstone) by extension 'ignore_ament_install'
[0.144s] Level 1:colcon.colcon_core.package_identification:_identify(src/Base Motor Control Program C++/Capstone) by extensions ['colcon_pkg']
[0.145s] Level 1:colcon.colcon_core.package_identification:_identify(src/Base Motor Control Program C++/Capstone) by extension 'colcon_pkg'
[0.145s] Level 1:colcon.colcon_core.package_identification:_identify(src/Base Motor Control Program C++/Capstone) by extensions ['colcon_meta']
[0.145s] Level 1:colcon.colcon_core.package_identification:_identify(src/Base Motor Control Program C++/Capstone) by extension 'colcon_meta'
[0.145s] Level 1:colcon.colcon_core.package_identification:_identify(src/Base Motor Control Program C++/Capstone) by extensions ['ros']
[0.145s] Level 1:colcon.colcon_core.package_identification:_identify(src/Base Motor Control Program C++/Capstone) by extension 'ros'
[0.145s] Level 1:colcon.colcon_core.package_identification:_identify(src/Base Motor Control Program C++/Capstone) by extensions ['cmake', 'python']
[0.145s] Level 1:colcon.colcon_core.package_identification:_identify(src/Base Motor Control Program C++/Capstone) by extension 'cmake'
[0.145s] Level 1:colcon.colcon_core.package_identification:_identify(src/Base Motor Control Program C++/Capstone) by extension 'python'
[0.145s] Level 1:colcon.colcon_core.package_identification:_identify(src/Base Motor Control Program C++/Capstone) by extensions ['python_setup_py']
[0.145s] Level 1:colcon.colcon_core.package_identification:_identify(src/Base Motor Control Program C++/Capstone) by extension 'python_setup_py'
[0.145s] Level 1:colcon.colcon_core.package_identification:_identify(src/boost_asio) by extensions ['ignore', 'ignore_ament_install']
[0.145s] Level 1:colcon.colcon_core.package_identification:_identify(src/boost_asio) by extension 'ignore'
[0.145s] Level 1:colcon.colcon_core.package_identification:_identify(src/boost_asio) by extension 'ignore_ament_install'
[0.145s] Level 1:colcon.colcon_core.package_identification:_identify(src/boost_asio) by extensions ['colcon_pkg']
[0.145s] Level 1:colcon.colcon_core.package_identification:_identify(src/boost_asio) by extension 'colcon_pkg'
[0.145s] Level 1:colcon.colcon_core.package_identification:_identify(src/boost_asio) by extensions ['colcon_meta']
[0.145s] Level 1:colcon.colcon_core.package_identification:_identify(src/boost_asio) by extension 'colcon_meta'
[0.145s] Level 1:colcon.colcon_core.package_identification:_identify(src/boost_asio) by extensions ['ros']
[0.145s] Level 1:colcon.colcon_core.package_identification:_identify(src/boost_asio) by extension 'ros'
[0.146s] DEBUG:colcon.colcon_core.package_identification:Package 'src/boost_asio' with type 'ros.ament_cmake' and name 'boost_asio'
[0.146s] Level 1:colcon.colcon_core.package_identification:_identify(src/core_interfaces) by extensions ['ignore', 'ignore_ament_install']
[0.146s] Level 1:colcon.colcon_core.package_identification:_identify(src/core_interfaces) by extension 'ignore'
[0.146s] Level 1:colcon.colcon_core.package_identification:_identify(src/core_interfaces) by extension 'ignore_ament_install'
[0.146s] Level 1:colcon.colcon_core.package_identification:_identify(src/core_interfaces) by extensions ['colcon_pkg']
[0.146s] Level 1:colcon.colcon_core.package_identification:_identify(src/core_interfaces) by extension 'colcon_pkg'
[0.146s] Level 1:colcon.colcon_core.package_identification:_identify(src/core_interfaces) by extensions ['colcon_meta']
[0.146s] Level 1:colcon.colcon_core.package_identification:_identify(src/core_interfaces) by extension 'colcon_meta'
[0.146s] Level 1:colcon.colcon_core.package_identification:_identify(src/core_interfaces) by extensions ['ros']
[0.146s] Level 1:colcon.colcon_core.package_identification:_identify(src/core_interfaces) by extension 'ros'
[0.146s] DEBUG:colcon.colcon_core.package_identification:Package 'src/core_interfaces' with type 'ros.ament_cmake' and name 'core_interfaces'
[0.146s] Level 1:colcon.colcon_core.package_identification:_identify(src/three_legged_bot) by extensions ['ignore', 'ignore_ament_install']
[0.147s] Level 1:colcon.colcon_core.package_identification:_identify(src/three_legged_bot) by extension 'ignore'
[0.147s] Level 1:colcon.colcon_core.package_identification:_identify(src/three_legged_bot) by extension 'ignore_ament_install'
[0.147s] Level 1:colcon.colcon_core.package_identification:_identify(src/three_legged_bot) by extensions ['colcon_pkg']
[0.147s] Level 1:colcon.colcon_core.package_identification:_identify(src/three_legged_bot) by extension 'colcon_pkg'
[0.147s] Level 1:colcon.colcon_core.package_identification:_identify(src/three_legged_bot) by extensions ['colcon_meta']
[0.147s] Level 1:colcon.colcon_core.package_identification:_identify(src/three_legged_bot) by extension 'colcon_meta'
[0.147s] Level 1:colcon.colcon_core.package_identification:_identify(src/three_legged_bot) by extensions ['ros']
[0.147s] Level 1:colcon.colcon_core.package_identification:_identify(src/three_legged_bot) by extension 'ros'
[0.147s] DEBUG:colcon.colcon_core.package_identification:Package 'src/three_legged_bot' with type 'ros.ament_cmake' and name 'three_legged_bot'
[0.147s] Level 1:colcon.colcon_core.package_discovery:discover_packages(recursive) using defaults
[0.147s] Level 1:colcon.colcon_core.package_discovery:discover_packages(ignore) discover
[0.147s] Level 1:colcon.colcon_core.package_discovery:discover_packages(ignore) using defaults
[0.147s] Level 1:colcon.colcon_core.package_discovery:discover_packages(path) discover
[0.147s] Level 1:colcon.colcon_core.package_discovery:discover_packages(path) using defaults
[0.156s] Level 5:colcon.colcon_core.verb:set package 'boost_asio' build argument 'cmake_args' from command line to 'None'
[0.157s] Level 5:colcon.colcon_core.verb:set package 'boost_asio' build argument 'cmake_target' from command line to 'None'
[0.157s] Level 5:colcon.colcon_core.verb:set package 'boost_asio' build argument 'cmake_target_skip_unavailable' from command line to 'False'
[0.157s] Level 5:colcon.colcon_core.verb:set package 'boost_asio' build argument 'cmake_clean_cache' from command line to 'False'
[0.157s] Level 5:colcon.colcon_core.verb:set package 'boost_asio' build argument 'cmake_clean_first' from command line to 'False'
[0.157s] Level 5:colcon.colcon_core.verb:set package 'boost_asio' build argument 'cmake_force_configure' from command line to 'False'
[0.157s] Level 5:colcon.colcon_core.verb:set package 'boost_asio' build argument 'ament_cmake_args' from command line to 'None'
[0.157s] Level 5:colcon.colcon_core.verb:set package 'boost_asio' build argument 'catkin_cmake_args' from command line to 'None'
[0.157s] Level 5:colcon.colcon_core.verb:set package 'boost_asio' build argument 'catkin_skip_building_tests' from command line to 'False'
[0.157s] DEBUG:colcon.colcon_core.verb:Building package 'boost_asio' with the following arguments: {'ament_cmake_args': None, 'build_base': '/home/virtualkris2/ros2_ws/build/boost_asio', 'catkin_cmake_args': None, 'catkin_skip_building_tests': False, 'cmake_args': None, 'cmake_clean_cache': False, 'cmake_clean_first': False, 'cmake_force_configure': False, 'cmake_target': None, 'cmake_target_skip_unavailable': False, 'install_base': '/home/virtualkris2/ros2_ws/install/boost_asio', 'merge_install': False, 'path': '/home/virtualkris2/ros2_ws/src/boost_asio', 'symlink_install': False, 'test_result_base': None}
[0.157s] Level 5:colcon.colcon_core.verb:set package 'core_interfaces' build argument 'cmake_args' from command line to 'None'
[0.157s] Level 5:colcon.colcon_core.verb:set package 'core_interfaces' build argument 'cmake_target' from command line to 'None'
[0.157s] Level 5:colcon.colcon_core.verb:set package 'core_interfaces' build argument 'cmake_target_skip_unavailable' from command line to 'False'
[0.157s] Level 5:colcon.colcon_core.verb:set package 'core_interfaces' build argument 'cmake_clean_cache' from command line to 'False'
[0.157s] Level 5:colcon.colcon_core.verb:set package 'core_interfaces' build argument 'cmake_clean_first' from command line to 'False'
[0.157s] Level 5:colcon.colcon_core.verb:set package 'core_interfaces' build argument 'cmake_force_configure' from command line to 'False'
[0.157s] Level 5:colcon.colcon_core.verb:set package 'core_interfaces' build argument 'ament_cmake_args' from command line to 'None'
[0.157s] Level 5:colcon.colcon_core.verb:set package 'core_interfaces' build argument 'catkin_cmake_args' from command line to 'None'
[0.157s] Level 5:colcon.colcon_core.verb:set package 'core_interfaces' build argument 'catkin_skip_building_tests' from command line to 'False'
[0.157s] DEBUG:colcon.colcon_core.verb:Building package 'core_interfaces' with the following arguments: {'ament_cmake_args': None, 'build_base': '/home/virtualkris2/ros2_ws/build/core_interfaces', 'catkin_cmake_args': None, 'catkin_skip_building_tests': False, 'cmake_args': None, 'cmake_clean_cache': False, 'cmake_clean_first': False, 'cmake_force_configure': False, 'cmake_target': None, 'cmake_target_skip_unavailable': False, 'install_base': '/home/virtualkris2/ros2_ws/install/core_interfaces', 'merge_install': False, 'path': '/home/virtualkris2/ros2_ws/src/core_interfaces', 'symlink_install': False, 'test_result_base': None}
[0.157s] Level 5:colcon.colcon_core.verb:set package 'three_legged_bot' build argument 'cmake_args' from command line to 'None'
[0.157s] Level 5:colcon.colcon_core.verb:set package 'three_legged_bot' build argument 'cmake_target' from command line to 'None'
[0.157s] Level 5:colcon.colcon_core.verb:set package 'three_legged_bot' build argument 'cmake_target_skip_unavailable' from command line to 'False'
[0.157s] Level 5:colcon.colcon_core.verb:set package 'three_legged_bot' build argument 'cmake_clean_cache' from command line to 'False'
[0.157s] Level 5:colcon.colcon_core.verb:set package 'three_legged_bot' build argument 'cmake_clean_first' from command line to 'False'
[0.157s] Level 5:colcon.colcon_core.verb:set package 'three_legged_bot' build argument 'cmake_force_configure' from command line to 'False'
[0.157s] Level 5:colcon.colcon_core.verb:set package 'three_legged_bot' build argument 'ament_cmake_args' from command line to 'None'
[0.157s] Level 5:colcon.colcon_core.verb:set package 'three_legged_bot' build argument 'catkin_cmake_args' from command line to 'None'
[0.157s] Level 5:colcon.colcon_core.verb:set package 'three_legged_bot' build argument 'catkin_skip_building_tests' from command line to 'False'
[0.157s] DEBUG:colcon.colcon_core.verb:Building package 'three_legged_bot' with the following arguments: {'ament_cmake_args': None, 'build_base': '/home/virtualkris2/ros2_ws/build/three_legged_bot', 'catkin_cmake_args': None, 'catkin_skip_building_tests': False, 'cmake_args': None, 'cmake_clean_cache': False, 'cmake_clean_first': False, 'cmake_force_configure': False, 'cmake_target': None, 'cmake_target_skip_unavailable': False, 'install_base': '/home/virtualkris2/ros2_ws/install/three_legged_bot', 'merge_install': False, 'path': '/home/virtualkris2/ros2_ws/src/three_legged_bot', 'symlink_install': False, 'test_result_base': None}
[0.157s] INFO:colcon.colcon_core.executor:Executing jobs using 'parallel' executor
[0.158s] DEBUG:colcon.colcon_parallel_executor.executor.parallel:run_until_complete
[0.158s] INFO:colcon.colcon_ros.task.ament_cmake.build:Building ROS package in '/home/virtualkris2/ros2_ws/src/core_interfaces' with build type 'ament_cmake'
[0.158s] INFO:colcon.colcon_cmake.task.cmake.build:Building CMake package in '/home/virtualkris2/ros2_ws/src/core_interfaces'
[0.159s] INFO:colcon.colcon_core.plugin_system:Skipping extension 'colcon_core.shell.bat': Not used on non-Windows systems
[0.159s] INFO:colcon.colcon_core.shell:Skip shell extension 'powershell' for command environment: Not usable outside of PowerShell
[0.159s] DEBUG:colcon.colcon_core.shell:Skip shell extension 'dsv' for command environment
[0.161s] INFO:colcon.colcon_ros.task.ament_cmake.build:Building ROS package in '/home/virtualkris2/ros2_ws/src/boost_asio' with build type 'ament_cmake'
[0.161s] INFO:colcon.colcon_cmake.task.cmake.build:Building CMake package in '/home/virtualkris2/ros2_ws/src/boost_asio'
[0.161s] INFO:colcon.colcon_core.shell:Skip shell extension 'powershell' for command environment: Not usable outside of PowerShell
[0.161s] DEBUG:colcon.colcon_core.shell:Skip shell extension 'dsv' for command environment
[0.166s] DEBUG:colcon.colcon_core.event_handler.log_command:Invoking command in '/home/virtualkris2/ros2_ws/build/core_interfaces': CMAKE_PREFIX_PATH=/home/virtualkris2/ros2_ws/install/boost_asio:/opt/ros/humble:/home/virtualkris2/ros2_ws/install/tripod7:/home/virtualkris2/ros2_ws/install/three_legged_bot:/home/virtualkris2/ros2_ws/install/core_interfaces /usr/bin/cmake --build /home/virtualkris2/ros2_ws/build/core_interfaces -- -j24 -l24
[0.168s] DEBUG:colcon.colcon_core.event_handler.log_command:Invoking command in '/home/virtualkris2/ros2_ws/build/boost_asio': CMAKE_PREFIX_PATH=/home/virtualkris2/ros2_ws/install/boost_asio:/opt/ros/humble:/home/virtualkris2/ros2_ws/install/tripod7:/home/virtualkris2/ros2_ws/install/three_legged_bot:/home/virtualkris2/ros2_ws/install/core_interfaces /usr/bin/cmake --build /home/virtualkris2/ros2_ws/build/boost_asio -- -j24 -l24
[0.295s] DEBUG:colcon.colcon_core.event_handler.log_command:Invoked command in '/home/virtualkris2/ros2_ws/build/core_interfaces' returned '0': CMAKE_PREFIX_PATH=/home/virtualkris2/ros2_ws/install/boost_asio:/opt/ros/humble:/home/virtualkris2/ros2_ws/install/tripod7:/home/virtualkris2/ros2_ws/install/three_legged_bot:/home/virtualkris2/ros2_ws/install/core_interfaces /usr/bin/cmake --build /home/virtualkris2/ros2_ws/build/core_interfaces -- -j24 -l24
[0.316s] DEBUG:colcon.colcon_core.event_handler.log_command:Invoking command in '/home/virtualkris2/ros2_ws/build/core_interfaces': CMAKE_PREFIX_PATH=/home/virtualkris2/ros2_ws/install/boost_asio:/opt/ros/humble:/home/virtualkris2/ros2_ws/install/tripod7:/home/virtualkris2/ros2_ws/install/three_legged_bot:/home/virtualkris2/ros2_ws/install/core_interfaces /usr/bin/cmake --install /home/virtualkris2/ros2_ws/build/core_interfaces
[0.339s] Level 1:colcon.colcon_core.environment:create_environment_scripts_only(core_interfaces)
[0.339s] DEBUG:colcon.colcon_core.event_handler.log_command:Invoked command in '/home/virtualkris2/ros2_ws/build/core_interfaces' returned '0': CMAKE_PREFIX_PATH=/home/virtualkris2/ros2_ws/install/boost_asio:/opt/ros/humble:/home/virtualkris2/ros2_ws/install/tripod7:/home/virtualkris2/ros2_ws/install/three_legged_bot:/home/virtualkris2/ros2_ws/install/core_interfaces /usr/bin/cmake --install /home/virtualkris2/ros2_ws/build/core_interfaces
[0.340s] Level 1:colcon.colcon_core.environment:checking '/home/virtualkris2/ros2_ws/install/core_interfaces' for CMake module files
[0.341s] Level 1:colcon.colcon_core.environment:checking '/home/virtualkris2/ros2_ws/install/core_interfaces' for CMake config files
[0.341s] Level 1:colcon.colcon_core.shell:create_environment_hook('core_interfaces', 'cmake_prefix_path')
[0.341s] INFO:colcon.colcon_core.shell:Creating environment hook '/home/virtualkris2/ros2_ws/install/core_interfaces/share/core_interfaces/hook/cmake_prefix_path.ps1'
[0.341s] INFO:colcon.colcon_core.shell:Creating environment descriptor '/home/virtualkris2/ros2_ws/install/core_interfaces/share/core_interfaces/hook/cmake_prefix_path.dsv'
[0.341s] INFO:colcon.colcon_core.shell:Creating environment hook '/home/virtualkris2/ros2_ws/install/core_interfaces/share/core_interfaces/hook/cmake_prefix_path.sh'
[0.342s] Level 1:colcon.colcon_core.environment:checking '/home/virtualkris2/ros2_ws/install/core_interfaces/lib'
[0.342s] Level 1:colcon.colcon_core.shell:create_environment_hook('core_interfaces', 'ld_library_path_lib')
[0.342s] INFO:colcon.colcon_core.shell:Creating environment hook '/home/virtualkris2/ros2_ws/install/core_interfaces/share/core_interfaces/hook/ld_library_path_lib.ps1'
[0.342s] INFO:colcon.colcon_core.shell:Creating environment descriptor '/home/virtualkris2/ros2_ws/install/core_interfaces/share/core_interfaces/hook/ld_library_path_lib.dsv'
[0.342s] INFO:colcon.colcon_core.shell:Creating environment hook '/home/virtualkris2/ros2_ws/install/core_interfaces/share/core_interfaces/hook/ld_library_path_lib.sh'
[0.342s] Level 1:colcon.colcon_core.environment:checking '/home/virtualkris2/ros2_ws/install/core_interfaces/bin'
[0.342s] Level 1:colcon.colcon_core.environment:checking '/home/virtualkris2/ros2_ws/install/core_interfaces/lib/pkgconfig/core_interfaces.pc'
[0.343s] Level 1:colcon.colcon_core.environment:checking '/home/virtualkris2/ros2_ws/install/core_interfaces/lib/python3.10/site-packages'
[0.343s] Level 1:colcon.colcon_core.environment:checking '/home/virtualkris2/ros2_ws/install/core_interfaces/bin'
[0.343s] INFO:colcon.colcon_core.shell:Creating package script '/home/virtualkris2/ros2_ws/install/core_interfaces/share/core_interfaces/package.ps1'
[0.344s] INFO:colcon.colcon_core.shell:Creating package descriptor '/home/virtualkris2/ros2_ws/install/core_interfaces/share/core_interfaces/package.dsv'
[0.344s] INFO:colcon.colcon_core.shell:Creating package script '/home/virtualkris2/ros2_ws/install/core_interfaces/share/core_interfaces/package.sh'
[0.344s] INFO:colcon.colcon_core.shell:Creating package script '/home/virtualkris2/ros2_ws/install/core_interfaces/share/core_interfaces/package.bash'
[0.344s] INFO:colcon.colcon_core.shell:Creating package script '/home/virtualkris2/ros2_ws/install/core_interfaces/share/core_interfaces/package.zsh'
[0.345s] Level 1:colcon.colcon_core.environment:create_file_with_runtime_dependencies(/home/virtualkris2/ros2_ws/install/core_interfaces/share/colcon-core/packages/core_interfaces)
[0.366s] Level 1:colcon.colcon_core.environment:create_environment_scripts_only(core_interfaces)
[0.366s] Level 1:colcon.colcon_core.environment:checking '/home/virtualkris2/ros2_ws/install/core_interfaces' for CMake module files
[0.366s] Level 1:colcon.colcon_core.environment:checking '/home/virtualkris2/ros2_ws/install/core_interfaces' for CMake config files
[0.366s] Level 1:colcon.colcon_core.shell:create_environment_hook('core_interfaces', 'cmake_prefix_path')
[0.366s] INFO:colcon.colcon_core.shell:Creating environment hook '/home/virtualkris2/ros2_ws/install/core_interfaces/share/core_interfaces/hook/cmake_prefix_path.ps1'
[0.366s] INFO:colcon.colcon_core.shell:Creating environment descriptor '/home/virtualkris2/ros2_ws/install/core_interfaces/share/core_interfaces/hook/cmake_prefix_path.dsv'
[0.367s] INFO:colcon.colcon_core.shell:Creating environment hook '/home/virtualkris2/ros2_ws/install/core_interfaces/share/core_interfaces/hook/cmake_prefix_path.sh'
[0.367s] Level 1:colcon.colcon_core.environment:checking '/home/virtualkris2/ros2_ws/install/core_interfaces/lib'
[0.367s] Level 1:colcon.colcon_core.shell:create_environment_hook('core_interfaces', 'ld_library_path_lib')
[0.367s] INFO:colcon.colcon_core.shell:Creating environment hook '/home/virtualkris2/ros2_ws/install/core_interfaces/share/core_interfaces/hook/ld_library_path_lib.ps1'
[0.367s] INFO:colcon.colcon_core.shell:Creating environment descriptor '/home/virtualkris2/ros2_ws/install/core_interfaces/share/core_interfaces/hook/ld_library_path_lib.dsv'
[0.367s] INFO:colcon.colcon_core.shell:Creating environment hook '/home/virtualkris2/ros2_ws/install/core_interfaces/share/core_interfaces/hook/ld_library_path_lib.sh'
[0.367s] Level 1:colcon.colcon_core.environment:checking '/home/virtualkris2/ros2_ws/install/core_interfaces/bin'
[0.367s] Level 1:colcon.colcon_core.environment:checking '/home/virtualkris2/ros2_ws/install/core_interfaces/lib/pkgconfig/core_interfaces.pc'
[0.367s] Level 1:colcon.colcon_core.environment:checking '/home/virtualkris2/ros2_ws/install/core_interfaces/lib/python3.10/site-packages'
[0.367s] Level 1:colcon.colcon_core.environment:checking '/home/virtualkris2/ros2_ws/install/core_interfaces/bin'
[0.368s] INFO:colcon.colcon_core.shell:Creating package script '/home/virtualkris2/ros2_ws/install/core_interfaces/share/core_interfaces/package.ps1'
[0.368s] INFO:colcon.colcon_core.shell:Creating package descriptor '/home/virtualkris2/ros2_ws/install/core_interfaces/share/core_interfaces/package.dsv'
[0.368s] INFO:colcon.colcon_core.shell:Creating package script '/home/virtualkris2/ros2_ws/install/core_interfaces/share/core_interfaces/package.sh'
[0.368s] INFO:colcon.colcon_core.shell:Creating package script '/home/virtualkris2/ros2_ws/install/core_interfaces/share/core_interfaces/package.bash'
[0.368s] INFO:colcon.colcon_core.shell:Creating package script '/home/virtualkris2/ros2_ws/install/core_interfaces/share/core_interfaces/package.zsh'
[0.368s] Level 1:colcon.colcon_core.environment:create_file_with_runtime_dependencies(/home/virtualkris2/ros2_ws/install/core_interfaces/share/colcon-core/packages/core_interfaces)
[0.368s] INFO:colcon.colcon_ros.task.ament_cmake.build:Building ROS package in '/home/virtualkris2/ros2_ws/src/three_legged_bot' with build type 'ament_cmake'
[0.369s] INFO:colcon.colcon_cmake.task.cmake.build:Building CMake package in '/home/virtualkris2/ros2_ws/src/three_legged_bot'
[0.369s] INFO:colcon.colcon_core.shell:Skip shell extension 'powershell' for command environment: Not usable outside of PowerShell
[0.369s] DEBUG:colcon.colcon_core.shell:Skip shell extension 'dsv' for command environment
[0.402s] DEBUG:colcon.colcon_core.event_handler.log_command:Invoking command in '/home/virtualkris2/ros2_ws/build/three_legged_bot': CMAKE_PREFIX_PATH=/home/virtualkris2/ros2_ws/install/core_interfaces:/home/virtualkris2/ros2_ws/install/boost_asio:/opt/ros/humble:/home/virtualkris2/ros2_ws/install/tripod7:/home/virtualkris2/ros2_ws/install/three_legged_bot /usr/bin/cmake --build /home/virtualkris2/ros2_ws/build/three_legged_bot -- -j24 -l24
[0.430s] DEBUG:colcon.colcon_core.event_handler.log_command:Invoked command in '/home/virtualkris2/ros2_ws/build/three_legged_bot' returned '0': CMAKE_PREFIX_PATH=/home/virtualkris2/ros2_ws/install/core_interfaces:/home/virtualkris2/ros2_ws/install/boost_asio:/opt/ros/humble:/home/virtualkris2/ros2_ws/install/tripod7:/home/virtualkris2/ros2_ws/install/three_legged_bot /usr/bin/cmake --build /home/virtualkris2/ros2_ws/build/three_legged_bot -- -j24 -l24
[0.442s] DEBUG:colcon.colcon_core.event_handler.log_command:Invoking command in '/home/virtualkris2/ros2_ws/build/three_legged_bot': CMAKE_PREFIX_PATH=/home/virtualkris2/ros2_ws/install/core_interfaces:/home/virtualkris2/ros2_ws/install/boost_asio:/opt/ros/humble:/home/virtualkris2/ros2_ws/install/tripod7:/home/virtualkris2/ros2_ws/install/three_legged_bot /usr/bin/cmake --install /home/virtualkris2/ros2_ws/build/three_legged_bot
[0.447s] Level 1:colcon.colcon_core.environment:create_environment_scripts_only(three_legged_bot)
[0.447s] Level 1:colcon.colcon_core.environment:checking '/home/virtualkris2/ros2_ws/install/three_legged_bot' for CMake module files
[0.447s] DEBUG:colcon.colcon_core.event_handler.log_command:Invoked command in '/home/virtualkris2/ros2_ws/build/three_legged_bot' returned '0': CMAKE_PREFIX_PATH=/home/virtualkris2/ros2_ws/install/core_interfaces:/home/virtualkris2/ros2_ws/install/boost_asio:/opt/ros/humble:/home/virtualkris2/ros2_ws/install/tripod7:/home/virtualkris2/ros2_ws/install/three_legged_bot /usr/bin/cmake --install /home/virtualkris2/ros2_ws/build/three_legged_bot
[0.447s] Level 1:colcon.colcon_core.environment:checking '/home/virtualkris2/ros2_ws/install/three_legged_bot' for CMake config files
[0.447s] Level 1:colcon.colcon_core.shell:create_environment_hook('three_legged_bot', 'cmake_prefix_path')
[0.448s] INFO:colcon.colcon_core.shell:Creating environment hook '/home/virtualkris2/ros2_ws/install/three_legged_bot/share/three_legged_bot/hook/cmake_prefix_path.ps1'
[0.448s] INFO:colcon.colcon_core.shell:Creating environment descriptor '/home/virtualkris2/ros2_ws/install/three_legged_bot/share/three_legged_bot/hook/cmake_prefix_path.dsv'
[0.448s] INFO:colcon.colcon_core.shell:Creating environment hook '/home/virtualkris2/ros2_ws/install/three_legged_bot/share/three_legged_bot/hook/cmake_prefix_path.sh'
[0.448s] Level 1:colcon.colcon_core.environment:checking '/home/virtualkris2/ros2_ws/install/three_legged_bot/lib'
[0.448s] Level 1:colcon.colcon_core.environment:checking '/home/virtualkris2/ros2_ws/install/three_legged_bot/bin'
[0.448s] Level 1:colcon.colcon_core.environment:checking '/home/virtualkris2/ros2_ws/install/three_legged_bot/lib/pkgconfig/three_legged_bot.pc'
[0.448s] Level 1:colcon.colcon_core.environment:checking '/home/virtualkris2/ros2_ws/install/three_legged_bot/lib/python3.10/site-packages'
[0.448s] Level 1:colcon.colcon_core.environment:checking '/home/virtualkris2/ros2_ws/install/three_legged_bot/bin'
[0.448s] INFO:colcon.colcon_core.shell:Creating package script '/home/virtualkris2/ros2_ws/install/three_legged_bot/share/three_legged_bot/package.ps1'
[0.449s] INFO:colcon.colcon_core.shell:Creating package descriptor '/home/virtualkris2/ros2_ws/install/three_legged_bot/share/three_legged_bot/package.dsv'
[0.449s] INFO:colcon.colcon_core.shell:Creating package script '/home/virtualkris2/ros2_ws/install/three_legged_bot/share/three_legged_bot/package.sh'
[0.449s] INFO:colcon.colcon_core.shell:Creating package script '/home/virtualkris2/ros2_ws/install/three_legged_bot/share/three_legged_bot/package.bash'
[0.449s] INFO:colcon.colcon_core.shell:Creating package script '/home/virtualkris2/ros2_ws/install/three_legged_bot/share/three_legged_bot/package.zsh'
[0.449s] Level 1:colcon.colcon_core.environment:create_file_with_runtime_dependencies(/home/virtualkris2/ros2_ws/install/three_legged_bot/share/colcon-core/packages/three_legged_bot)
[0.461s] Level 1:colcon.colcon_core.environment:create_environment_scripts_only(three_legged_bot)
[0.461s] Level 1:colcon.colcon_core.environment:checking '/home/virtualkris2/ros2_ws/install/three_legged_bot' for CMake module files
[0.462s] Level 1:colcon.colcon_core.environment:checking '/home/virtualkris2/ros2_ws/install/three_legged_bot' for CMake config files
[0.462s] Level 1:colcon.colcon_core.shell:create_environment_hook('three_legged_bot', 'cmake_prefix_path')
[0.462s] INFO:colcon.colcon_core.shell:Creating environment hook '/home/virtualkris2/ros2_ws/install/three_legged_bot/share/three_legged_bot/hook/cmake_prefix_path.ps1'
[0.462s] INFO:colcon.colcon_core.shell:Creating environment descriptor '/home/virtualkris2/ros2_ws/install/three_legged_bot/share/three_legged_bot/hook/cmake_prefix_path.dsv'
[0.462s] INFO:colcon.colcon_core.shell:Creating environment hook '/home/virtualkris2/ros2_ws/install/three_legged_bot/share/three_legged_bot/hook/cmake_prefix_path.sh'
[0.462s] Level 1:colcon.colcon_core.environment:checking '/home/virtualkris2/ros2_ws/install/three_legged_bot/lib'
[0.462s] Level 1:colcon.colcon_core.environment:checking '/home/virtualkris2/ros2_ws/install/three_legged_bot/bin'
[0.462s] Level 1:colcon.colcon_core.environment:checking '/home/virtualkris2/ros2_ws/install/three_legged_bot/lib/pkgconfig/three_legged_bot.pc'
[0.463s] Level 1:colcon.colcon_core.environment:checking '/home/virtualkris2/ros2_ws/install/three_legged_bot/lib/python3.10/site-packages'
[0.463s] Level 1:colcon.colcon_core.environment:checking '/home/virtualkris2/ros2_ws/install/three_legged_bot/bin'
[0.463s] INFO:colcon.colcon_core.shell:Creating package script '/home/virtualkris2/ros2_ws/install/three_legged_bot/share/three_legged_bot/package.ps1'
[0.463s] INFO:colcon.colcon_core.shell:Creating package descriptor '/home/virtualkris2/ros2_ws/install/three_legged_bot/share/three_legged_bot/package.dsv'
[0.463s] INFO:colcon.colcon_core.shell:Creating package script '/home/virtualkris2/ros2_ws/install/three_legged_bot/share/three_legged_bot/package.sh'
[0.463s] INFO:colcon.colcon_core.shell:Creating package script '/home/virtualkris2/ros2_ws/install/three_legged_bot/share/three_legged_bot/package.bash'
[0.464s] INFO:colcon.colcon_core.shell:Creating package script '/home/virtualkris2/ros2_ws/install/three_legged_bot/share/three_legged_bot/package.zsh'
[0.464s] Level 1:colcon.colcon_core.environment:create_file_with_runtime_dependencies(/home/virtualkris2/ros2_ws/install/three_legged_bot/share/colcon-core/packages/three_legged_bot)
[2.260s] DEBUG:colcon.colcon_core.event_handler.log_command:Invoked command in '/home/virtualkris2/ros2_ws/build/boost_asio' returned '0': CMAKE_PREFIX_PATH=/home/virtualkris2/ros2_ws/install/boost_asio:/opt/ros/humble:/home/virtualkris2/ros2_ws/install/tripod7:/home/virtualkris2/ros2_ws/install/three_legged_bot:/home/virtualkris2/ros2_ws/install/core_interfaces /usr/bin/cmake --build /home/virtualkris2/ros2_ws/build/boost_asio -- -j24 -l24
[2.270s] DEBUG:colcon.colcon_core.event_handler.log_command:Invoking command in '/home/virtualkris2/ros2_ws/build/boost_asio': CMAKE_PREFIX_PATH=/home/virtualkris2/ros2_ws/install/boost_asio:/opt/ros/humble:/home/virtualkris2/ros2_ws/install/tripod7:/home/virtualkris2/ros2_ws/install/three_legged_bot:/home/virtualkris2/ros2_ws/install/core_interfaces /usr/bin/cmake --install /home/virtualkris2/ros2_ws/build/boost_asio
[2.276s] Level 1:colcon.colcon_core.environment:create_environment_scripts_only(boost_asio)
[2.277s] Level 1:colcon.colcon_core.environment:checking '/home/virtualkris2/ros2_ws/install/boost_asio' for CMake module files
[2.277s] DEBUG:colcon.colcon_core.event_handler.log_command:Invoked command in '/home/virtualkris2/ros2_ws/build/boost_asio' returned '0': CMAKE_PREFIX_PATH=/home/virtualkris2/ros2_ws/install/boost_asio:/opt/ros/humble:/home/virtualkris2/ros2_ws/install/tripod7:/home/virtualkris2/ros2_ws/install/three_legged_bot:/home/virtualkris2/ros2_ws/install/core_interfaces /usr/bin/cmake --install /home/virtualkris2/ros2_ws/build/boost_asio
[2.277s] Level 1:colcon.colcon_core.environment:checking '/home/virtualkris2/ros2_ws/install/boost_asio' for CMake config files
[2.277s] Level 1:colcon.colcon_core.shell:create_environment_hook('boost_asio', 'cmake_prefix_path')
[2.277s] INFO:colcon.colcon_core.shell:Creating environment hook '/home/virtualkris2/ros2_ws/install/boost_asio/share/boost_asio/hook/cmake_prefix_path.ps1'
[2.277s] INFO:colcon.colcon_core.shell:Creating environment descriptor '/home/virtualkris2/ros2_ws/install/boost_asio/share/boost_asio/hook/cmake_prefix_path.dsv'
[2.278s] INFO:colcon.colcon_core.shell:Creating environment hook '/home/virtualkris2/ros2_ws/install/boost_asio/share/boost_asio/hook/cmake_prefix_path.sh'
[2.278s] Level 1:colcon.colcon_core.environment:checking '/home/virtualkris2/ros2_ws/install/boost_asio/lib'
[2.278s] Level 1:colcon.colcon_core.environment:checking '/home/virtualkris2/ros2_ws/install/boost_asio/bin'
[2.278s] Level 1:colcon.colcon_core.environment:checking '/home/virtualkris2/ros2_ws/install/boost_asio/lib/pkgconfig/boost_asio.pc'
[2.278s] Level 1:colcon.colcon_core.environment:checking '/home/virtualkris2/ros2_ws/install/boost_asio/lib/python3.10/site-packages'
[2.278s] Level 1:colcon.colcon_core.environment:checking '/home/virtualkris2/ros2_ws/install/boost_asio/bin'
[2.278s] INFO:colcon.colcon_core.shell:Creating package script '/home/virtualkris2/ros2_ws/install/boost_asio/share/boost_asio/package.ps1'
[2.278s] INFO:colcon.colcon_core.shell:Creating package descriptor '/home/virtualkris2/ros2_ws/install/boost_asio/share/boost_asio/package.dsv'
[2.278s] INFO:colcon.colcon_core.shell:Creating package script '/home/virtualkris2/ros2_ws/install/boost_asio/share/boost_asio/package.sh'
[2.279s] INFO:colcon.colcon_core.shell:Creating package script '/home/virtualkris2/ros2_ws/install/boost_asio/share/boost_asio/package.bash'
[2.279s] INFO:colcon.colcon_core.shell:Creating package script '/home/virtualkris2/ros2_ws/install/boost_asio/share/boost_asio/package.zsh'
[2.279s] Level 1:colcon.colcon_core.environment:create_file_with_runtime_dependencies(/home/virtualkris2/ros2_ws/install/boost_asio/share/colcon-core/packages/boost_asio)
[2.289s] Level 1:colcon.colcon_core.environment:create_environment_scripts_only(boost_asio)
[2.289s] Level 1:colcon.colcon_core.environment:checking '/home/virtualkris2/ros2_ws/install/boost_asio' for CMake module files
[2.290s] Level 1:colcon.colcon_core.environment:checking '/home/virtualkris2/ros2_ws/install/boost_asio' for CMake config files
[2.290s] Level 1:colcon.colcon_core.shell:create_environment_hook('boost_asio', 'cmake_prefix_path')
[2.290s] INFO:colcon.colcon_core.shell:Creating environment hook '/home/virtualkris2/ros2_ws/install/boost_asio/share/boost_asio/hook/cmake_prefix_path.ps1'
[2.290s] INFO:colcon.colcon_core.shell:Creating environment descriptor '/home/virtualkris2/ros2_ws/install/boost_asio/share/boost_asio/hook/cmake_prefix_path.dsv'
[2.290s] INFO:colcon.colcon_core.shell:Creating environment hook '/home/virtualkris2/ros2_ws/install/boost_asio/share/boost_asio/hook/cmake_prefix_path.sh'
[2.290s] Level 1:colcon.colcon_core.environment:checking '/home/virtualkris2/ros2_ws/install/boost_asio/lib'
[2.290s] Level 1:colcon.colcon_core.environment:checking '/home/virtualkris2/ros2_ws/install/boost_asio/bin'
[2.290s] Level 1:colcon.colcon_core.environment:checking '/home/virtualkris2/ros2_ws/install/boost_asio/lib/pkgconfig/boost_asio.pc'
[2.291s] Level 1:colcon.colcon_core.environment:checking '/home/virtualkris2/ros2_ws/install/boost_asio/lib/python3.10/site-packages'
[2.291s] Level 1:colcon.colcon_core.environment:checking '/home/virtualkris2/ros2_ws/install/boost_asio/bin'
[2.291s] INFO:colcon.colcon_core.shell:Creating package script '/home/virtualkris2/ros2_ws/install/boost_asio/share/boost_asio/package.ps1'
[2.291s] INFO:colcon.colcon_core.shell:Creating package descriptor '/home/virtualkris2/ros2_ws/install/boost_asio/share/boost_asio/package.dsv'
[2.291s] INFO:colcon.colcon_core.shell:Creating package script '/home/virtualkris2/ros2_ws/install/boost_asio/share/boost_asio/package.sh'
[2.291s] INFO:colcon.colcon_core.shell:Creating package script '/home/virtualkris2/ros2_ws/install/boost_asio/share/boost_asio/package.bash'
[2.291s] INFO:colcon.colcon_core.shell:Creating package script '/home/virtualkris2/ros2_ws/install/boost_asio/share/boost_asio/package.zsh'
[2.291s] Level 1:colcon.colcon_core.environment:create_file_with_runtime_dependencies(/home/virtualkris2/ros2_ws/install/boost_asio/share/colcon-core/packages/boost_asio)
[2.292s] DEBUG:colcon.colcon_parallel_executor.executor.parallel:closing loop
[2.292s] DEBUG:colcon.colcon_parallel_executor.executor.parallel:loop closed
[2.292s] DEBUG:colcon.colcon_parallel_executor.executor.parallel:run_until_complete finished with '0'
[2.292s] DEBUG:colcon.colcon_core.event_reactor:joining thread
[2.316s] INFO:colcon.colcon_core.plugin_system:Skipping extension 'colcon_notification.desktop_notification.notify_send': Could not find 'notify-send'
[2.316s] INFO:colcon.colcon_core.plugin_system:Skipping extension 'colcon_notification.desktop_notification.terminal_notifier': Not used on non-Darwin systems
[2.316s] INFO:colcon.colcon_core.plugin_system:Skipping extension 'colcon_notification.desktop_notification.win32': Not used on non-Windows systems
[2.316s] INFO:colcon.colcon_notification.desktop_notification:Sending desktop notification using 'notify2'
[2.316s] DEBUG:colcon.colcon_notification.desktop_notification.notify2:Failed to initialize notify2: org.freedesktop.DBus.Error.FileNotFound: Failed to connect to socket /run/user/1000/bus: No such file or directory
[2.316s] DEBUG:colcon.colcon_core.event_reactor:joined thread
[2.317s] INFO:colcon.colcon_core.shell:Creating prefix script '/home/virtualkris2/ros2_ws/install/local_setup.ps1'
[2.317s] INFO:colcon.colcon_core.shell:Creating prefix util module '/home/virtualkris2/ros2_ws/install/_local_setup_util_ps1.py'
[2.318s] INFO:colcon.colcon_core.shell:Creating prefix chain script '/home/virtualkris2/ros2_ws/install/setup.ps1'
[2.318s] INFO:colcon.colcon_core.shell:Creating prefix script '/home/virtualkris2/ros2_ws/install/local_setup.sh'
[2.318s] INFO:colcon.colcon_core.shell:Creating prefix util module '/home/virtualkris2/ros2_ws/install/_local_setup_util_sh.py'
[2.319s] INFO:colcon.colcon_core.shell:Creating prefix chain script '/home/virtualkris2/ros2_ws/install/setup.sh'
[2.319s] INFO:colcon.colcon_core.shell:Creating prefix script '/home/virtualkris2/ros2_ws/install/local_setup.bash'
[2.319s] INFO:colcon.colcon_core.shell:Creating prefix chain script '/home/virtualkris2/ros2_ws/install/setup.bash'
[2.319s] INFO:colcon.colcon_core.shell:Creating prefix script '/home/virtualkris2/ros2_ws/install/local_setup.zsh'
[2.320s] INFO:colcon.colcon_core.shell:Creating prefix chain script '/home/virtualkris2/ros2_ws/install/setup.zsh'
