[0.009s] Invoking command in '/home/user/ros2_ws/build/three_legged_bot': CMAKE_PREFIX_PATH=/home/user/ros2_ws/install/core_interfaces:/home/user/ros2_ws/install/three_legged_bot:/opt/ros/humble /usr/bin/cmake /home/user/ros2_ws/src/three_legged_bot -DCMAKE_INSTALL_PREFIX=/home/user/ros2_ws/install/three_legged_bot
[0.021s] -- Found ament_cmake: 1.3.10 (/opt/ros/humble/share/ament_cmake/cmake)
[0.134s] -- Override CMake install command with custom implementation using symlinks instead of copying resources
[0.141s] -- Found rclcpp: 16.0.10 (/opt/ros/humble/share/rclcpp/cmake)
[0.169s] -- Found rosidl_generator_c: 3.1.5 (/opt/ros/humble/share/rosidl_generator_c/cmake)
[0.171s] -- Found rosidl_adapter: 3.1.5 (/opt/ros/humble/share/rosidl_adapter/cmake)
[0.178s] -- Found rosidl_generator_cpp: 3.1.5 (/opt/ros/humble/share/rosidl_generator_cpp/cmake)
[0.188s] -- Using all available rosidl_typesupport_c: rosidl_typesupport_fastrtps_c;rosidl_typesupport_introspection_c
[0.202s] -- Using all available rosidl_typesupport_cpp: rosidl_typesupport_fastrtps_cpp;rosidl_typesupport_introspection_cpp
[0.231s] -- Found rmw_implementation_cmake: 6.1.2 (/opt/ros/humble/share/rmw_implementation_cmake/cmake)
[0.233s] -- Found rmw_fastrtps_cpp: 6.2.7 (/opt/ros/humble/share/rmw_fastrtps_cpp/cmake)
[0.323s] -- Using RMW implementation 'rmw_fastrtps_cpp' as default
[0.368s] -- Found core_interfaces: 0.0.0 (/home/user/ros2_ws/install/core_interfaces/share/core_interfaces/cmake)
[0.379s] -- Found ament_lint_auto: 0.12.11 (/opt/ros/humble/share/ament_lint_auto/cmake)
[0.444s] -- Added test 'cppcheck' to perform static code analysis on C / C++ code
[0.444s] -- Configured cppcheck include dirs: 
[0.444s] -- Configured cppcheck exclude dirs and/or files: 
[0.444s] -- Added test 'lint_cmake' to check CMake code style
[0.445s] -- Added test 'uncrustify' to check C / C++ code style
[0.445s] -- Configured uncrustify additional arguments: 
[0.446s] -- Added test 'xmllint' to check XML markup files
[0.447s] -- Configuring done
[0.461s] -- Generating done
[0.463s] -- Build files have been written to: /home/user/ros2_ws/build/three_legged_bot
[0.470s] Invoked command in '/home/user/ros2_ws/build/three_legged_bot' returned '0': CMAKE_PREFIX_PATH=/home/user/ros2_ws/install/core_interfaces:/home/user/ros2_ws/install/three_legged_bot:/opt/ros/humble /usr/bin/cmake /home/user/ros2_ws/src/three_legged_bot -DCMAKE_INSTALL_PREFIX=/home/user/ros2_ws/install/three_legged_bot
[0.472s] Invoking command in '/home/user/ros2_ws/build/three_legged_bot': CMAKE_PREFIX_PATH=/home/user/ros2_ws/install/core_interfaces:/home/user/ros2_ws/install/three_legged_bot:/opt/ros/humble /usr/bin/cmake --build /home/user/ros2_ws/build/three_legged_bot -- -j4 -l4
[0.524s] [35m[1mConsolidate compiler generated dependencies of target client[0m
[0.524s] [35m[1mConsolidate compiler generated dependencies of target server2[0m
[0.525s] [35m[1mConsolidate compiler generated dependencies of target server1[0m
[0.525s] [35m[1mConsolidate compiler generated dependencies of target server3[0m
[0.551s] [ 18%] Built target client
[0.558s] [ 45%] Built target server2
[0.558s] [ 72%] Built target server1
[0.559s] [100%] Built target server3
[0.569s] Invoked command in '/home/user/ros2_ws/build/three_legged_bot' returned '0': CMAKE_PREFIX_PATH=/home/user/ros2_ws/install/core_interfaces:/home/user/ros2_ws/install/three_legged_bot:/opt/ros/humble /usr/bin/cmake --build /home/user/ros2_ws/build/three_legged_bot -- -j4 -l4
[0.604s] Invoking command in '/home/user/ros2_ws/build/three_legged_bot': CMAKE_PREFIX_PATH=/home/user/ros2_ws/install/core_interfaces:/home/user/ros2_ws/install/three_legged_bot:/opt/ros/humble /usr/bin/cmake --install /home/user/ros2_ws/build/three_legged_bot
[0.613s] -- Install configuration: ""
[0.613s] -- Execute custom install script
[0.614s] -- Up-to-date symlink: /home/user/ros2_ws/install/three_legged_bot/lib/three_legged_bot/server1
[0.614s] -- Up-to-date symlink: /home/user/ros2_ws/install/three_legged_bot/lib/three_legged_bot/server2
[0.614s] -- Up-to-date symlink: /home/user/ros2_ws/install/three_legged_bot/lib/three_legged_bot/server3
[0.614s] -- Up-to-date symlink: /home/user/ros2_ws/install/three_legged_bot/lib/three_legged_bot/client
[0.615s] -- Up-to-date symlink: /home/user/ros2_ws/install/three_legged_bot/share/ament_index/resource_index/package_run_dependencies/three_legged_bot
[0.615s] -- Up-to-date symlink: /home/user/ros2_ws/install/three_legged_bot/share/ament_index/resource_index/parent_prefix_path/three_legged_bot
[0.615s] -- Up-to-date symlink: /home/user/ros2_ws/install/three_legged_bot/share/three_legged_bot/environment/ament_prefix_path.sh
[0.615s] -- Up-to-date symlink: /home/user/ros2_ws/install/three_legged_bot/share/three_legged_bot/environment/ament_prefix_path.dsv
[0.615s] -- Up-to-date symlink: /home/user/ros2_ws/install/three_legged_bot/share/three_legged_bot/environment/path.sh
[0.615s] -- Up-to-date symlink: /home/user/ros2_ws/install/three_legged_bot/share/three_legged_bot/environment/path.dsv
[0.615s] -- Up-to-date symlink: /home/user/ros2_ws/install/three_legged_bot/share/three_legged_bot/local_setup.bash
[0.616s] -- Up-to-date symlink: /home/user/ros2_ws/install/three_legged_bot/share/three_legged_bot/local_setup.sh
[0.616s] -- Up-to-date symlink: /home/user/ros2_ws/install/three_legged_bot/share/three_legged_bot/local_setup.zsh
[0.616s] -- Up-to-date symlink: /home/user/ros2_ws/install/three_legged_bot/share/three_legged_bot/local_setup.dsv
[0.616s] -- Symlinking: /home/user/ros2_ws/install/three_legged_bot/share/three_legged_bot/package.dsv
[0.626s] -- Up-to-date symlink: /home/user/ros2_ws/install/three_legged_bot/share/ament_index/resource_index/packages/three_legged_bot
[0.626s] -- Up-to-date symlink: /home/user/ros2_ws/install/three_legged_bot/share/three_legged_bot/cmake/three_legged_botConfig.cmake
[0.626s] -- Up-to-date symlink: /home/user/ros2_ws/install/three_legged_bot/share/three_legged_bot/cmake/three_legged_botConfig-version.cmake
[0.627s] -- Up-to-date symlink: /home/user/ros2_ws/install/three_legged_bot/share/three_legged_bot/package.xml
[0.629s] Invoked command in '/home/user/ros2_ws/build/three_legged_bot' returned '0': CMAKE_PREFIX_PATH=/home/user/ros2_ws/install/core_interfaces:/home/user/ros2_ws/install/three_legged_bot:/opt/ros/humble /usr/bin/cmake --install /home/user/ros2_ws/build/three_legged_bot
