[0.017s] Invoking command in '/home/user/ros2_ws/build/three_legged_bot': CMAKE_PREFIX_PATH=/home/user/ros2_ws/install/core_interfaces:/home/user/ros2_ws/install/three_legged_bot:/opt/ros/humble /usr/bin/cmake --build /home/user/ros2_ws/build/three_legged_bot -- -j4 -l4
[0.042s] -- Found ament_cmake: 1.3.10 (/opt/ros/humble/share/ament_cmake/cmake)
[0.160s] -- Override CMake install command with custom implementation using symlinks instead of copying resources
[0.167s] -- Found rclcpp: 16.0.10 (/opt/ros/humble/share/rclcpp/cmake)
[0.201s] -- Found rosidl_generator_c: 3.1.5 (/opt/ros/humble/share/rosidl_generator_c/cmake)
[0.204s] -- Found rosidl_adapter: 3.1.5 (/opt/ros/humble/share/rosidl_adapter/cmake)
[0.210s] -- Found rosidl_generator_cpp: 3.1.5 (/opt/ros/humble/share/rosidl_generator_cpp/cmake)
[0.221s] -- Using all available rosidl_typesupport_c: rosidl_typesupport_fastrtps_c;rosidl_typesupport_introspection_c
[0.234s] -- Using all available rosidl_typesupport_cpp: rosidl_typesupport_fastrtps_cpp;rosidl_typesupport_introspection_cpp
[0.265s] -- Found rmw_implementation_cmake: 6.1.2 (/opt/ros/humble/share/rmw_implementation_cmake/cmake)
[0.266s] -- Found rmw_fastrtps_cpp: 6.2.7 (/opt/ros/humble/share/rmw_fastrtps_cpp/cmake)
[0.370s] -- Using RMW implementation 'rmw_fastrtps_cpp' as default
[0.427s] -- Found core_interfaces: 0.0.0 (/home/user/ros2_ws/install/core_interfaces/share/core_interfaces/cmake)
[0.438s] -- Found std_srvs: 4.2.4 (/opt/ros/humble/share/std_srvs/cmake)
[0.451s] -- Found ament_lint_auto: 0.12.11 (/opt/ros/humble/share/ament_lint_auto/cmake)
[0.528s] -- Added test 'cppcheck' to perform static code analysis on C / C++ code
[0.528s] -- Configured cppcheck include dirs: 
[0.528s] -- Configured cppcheck exclude dirs and/or files: 
[0.529s] -- Added test 'lint_cmake' to check CMake code style
[0.530s] -- Added test 'uncrustify' to check C / C++ code style
[0.530s] -- Configured uncrustify additional arguments: 
[0.531s] -- Added test 'xmllint' to check XML markup files
[0.532s] -- Configuring done
[0.557s] -- Generating done
[0.561s] -- Build files have been written to: /home/user/ros2_ws/build/three_legged_bot
[0.593s] [35m[1mConsolidate compiler generated dependencies of target server1[0m
[0.594s] [35m[1mConsolidate compiler generated dependencies of target server2[0m
[0.606s] [35m[1mConsolidate compiler generated dependencies of target server3[0m
[0.606s] [35m[1mConsolidate compiler generated dependencies of target client[0m
[0.625s] [  7%] [32mBuilding CXX object CMakeFiles/server1.dir/src/leg1.cpp.o[0m
[0.628s] [ 30%] Built target server2
[0.645s] [ 46%] Built target client
[0.652s] [ 69%] [32mBuilding CXX object CMakeFiles/leg1.dir/src/leg1.cpp.o[0m
[0.652s] [ 76%] Built target server3
[1.433s] [01m[K/home/user/ros2_ws/src/three_legged_bot/src/leg1.cpp:20:10:[m[K [01;31m[Kfatal error: [m[Kcore_interfaces/srv/ui_motor.hpp: No such file or directory
[1.433s]    20 | #include [01;31m[K"core_interfaces/srv/ui_motor.hpp"[m[K
[1.433s]       |          [01;31m[K^~~~~~~~~~~~~~~~~~~~~~~~~~~~~~~~~~[m[K
[1.433s] compilation terminated.
[1.438s] gmake[2]: *** [CMakeFiles/leg1.dir/build.make:76: CMakeFiles/leg1.dir/src/leg1.cpp.o] Error 1
[1.440s] gmake[1]: *** [CMakeFiles/Makefile2:249: CMakeFiles/leg1.dir/all] Error 2
[1.440s] gmake[1]: *** Waiting for unfinished jobs....
[6.791s] [ 84%] [32m[1mLinking CXX executable server1[0m
[7.022s] [ 92%] Built target server1
[7.023s] gmake: *** [Makefile:146: all] Error 2
[7.026s] Invoked command in '/home/user/ros2_ws/build/three_legged_bot' returned '2': CMAKE_PREFIX_PATH=/home/user/ros2_ws/install/core_interfaces:/home/user/ros2_ws/install/three_legged_bot:/opt/ros/humble /usr/bin/cmake --build /home/user/ros2_ws/build/three_legged_bot -- -j4 -l4
