[0.099s] DEBUG:colcon:Command line arguments: ['/usr/bin/colcon', 'build']
[0.100s] DEBUG:colcon:Parsed command line arguments: Namespace(log_base=None, log_level=None, verb_name='build', build_base='build', install_base='install', merge_install=False, symlink_install=False, test_result_base=None, continue_on_error=False, executor='parallel', parallel_workers=4, event_handlers=None, ignore_user_meta=False, metas=['./colcon.meta'], base_paths=['.'], packages_ignore=None, packages_ignore_regex=None, paths=None, packages_up_to=None, packages_up_to_regex=None, packages_above=None, packages_above_and_dependencies=None, packages_above_depth=None, packages_select_by_dep=None, packages_skip_by_dep=None, packages_skip_up_to=None, packages_select_build_failed=False, packages_skip_build_finished=False, packages_select_test_failures=False, packages_skip_test_passed=False, packages_select=None, packages_skip=None, packages_select_regex=None, packages_skip_regex=None, packages_start=None, packages_end=None, allow_overriding=[], cmake_args=None, cmake_target=None, cmake_target_skip_unavailable=False, cmake_clean_cache=False, cmake_clean_first=False, cmake_force_configure=False, ament_cmake_args=None, catkin_cmake_args=None, catkin_skip_building_tests=False, mixin_files=None, mixin=None, verb_parser=<colcon_mixin.mixin.mixin_argument.MixinArgumentDecorator object at 0x744bcf0063b0>, verb_extension=<colcon_core.verb.build.BuildVerb object at 0x744bcf005cc0>, main=<bound method BuildVerb.main of <colcon_core.verb.build.BuildVerb object at 0x744bcf005cc0>>, mixin_verb=('build',))
[0.256s] Level 1:colcon.colcon_core.package_discovery:discover_packages(colcon_meta) check parameters
[0.256s] Level 1:colcon.colcon_core.package_discovery:discover_packages(recursive) check parameters
[0.256s] Level 1:colcon.colcon_core.package_discovery:discover_packages(ignore) check parameters
[0.256s] Level 1:colcon.colcon_core.package_discovery:discover_packages(path) check parameters
[0.256s] Level 1:colcon.colcon_core.package_discovery:discover_packages(colcon_meta) discover
[0.256s] Level 1:colcon.colcon_core.package_discovery:discover_packages(recursive) discover
[0.256s] INFO:colcon.colcon_core.package_discovery:Crawling recursively for packages in '/home/user/ros2_ws'
[0.256s] Level 1:colcon.colcon_core.package_identification:_identify(.) by extensions ['ignore', 'ignore_ament_install']
[0.256s] Level 1:colcon.colcon_core.package_identification:_identify(.) by extension 'ignore'
[0.256s] Level 1:colcon.colcon_core.package_identification:_identify(.) by extension 'ignore_ament_install'
[0.256s] Level 1:colcon.colcon_core.package_identification:_identify(.) by extensions ['colcon_pkg']
[0.256s] Level 1:colcon.colcon_core.package_identification:_identify(.) by extension 'colcon_pkg'
[0.256s] Level 1:colcon.colcon_core.package_identification:_identify(.) by extensions ['colcon_meta']
[0.256s] Level 1:colcon.colcon_core.package_identification:_identify(.) by extension 'colcon_meta'
[0.256s] Level 1:colcon.colcon_core.package_identification:_identify(.) by extensions ['ros']
[0.256s] Level 1:colcon.colcon_core.package_identification:_identify(.) by extension 'ros'
[0.267s] Level 1:colcon.colcon_core.package_identification:_identify(.) by extensions ['cmake', 'python']
[0.267s] Level 1:colcon.colcon_core.package_identification:_identify(.) by extension 'cmake'
[0.267s] Level 1:colcon.colcon_core.package_identification:_identify(.) by extension 'python'
[0.267s] Level 1:colcon.colcon_core.package_identification:_identify(.) by extensions ['python_setup_py']
[0.267s] Level 1:colcon.colcon_core.package_identification:_identify(.) by extension 'python_setup_py'
[0.267s] Level 1:colcon.colcon_core.package_identification:_identify(20230220212506f) by extensions ['ignore', 'ignore_ament_install']
[0.267s] Level 1:colcon.colcon_core.package_identification:_identify(20230220212506f) by extension 'ignore'
[0.267s] Level 1:colcon.colcon_core.package_identification:_identify(20230220212506f) by extension 'ignore_ament_install'
[0.267s] Level 1:colcon.colcon_core.package_identification:_identify(20230220212506f) by extensions ['colcon_pkg']
[0.267s] Level 1:colcon.colcon_core.package_identification:_identify(20230220212506f) by extension 'colcon_pkg'
[0.267s] Level 1:colcon.colcon_core.package_identification:_identify(20230220212506f) by extensions ['colcon_meta']
[0.267s] Level 1:colcon.colcon_core.package_identification:_identify(20230220212506f) by extension 'colcon_meta'
[0.267s] Level 1:colcon.colcon_core.package_identification:_identify(20230220212506f) by extensions ['ros']
[0.267s] Level 1:colcon.colcon_core.package_identification:_identify(20230220212506f) by extension 'ros'
[0.268s] Level 1:colcon.colcon_core.package_identification:_identify(20230220212506f) by extensions ['cmake', 'python']
[0.268s] Level 1:colcon.colcon_core.package_identification:_identify(20230220212506f) by extension 'cmake'
[0.268s] Level 1:colcon.colcon_core.package_identification:_identify(20230220212506f) by extension 'python'
[0.268s] Level 1:colcon.colcon_core.package_identification:_identify(20230220212506f) by extensions ['python_setup_py']
[0.268s] Level 1:colcon.colcon_core.package_identification:_identify(20230220212506f) by extension 'python_setup_py'
[0.268s] Level 1:colcon.colcon_core.package_identification:_identify(build) by extensions ['ignore', 'ignore_ament_install']
[0.268s] Level 1:colcon.colcon_core.package_identification:_identify(build) by extension 'ignore'
[0.268s] Level 1:colcon.colcon_core.package_identification:_identify(build) ignored
[0.268s] Level 1:colcon.colcon_core.package_identification:_identify(install) by extensions ['ignore', 'ignore_ament_install']
[0.268s] Level 1:colcon.colcon_core.package_identification:_identify(install) by extension 'ignore'
[0.268s] Level 1:colcon.colcon_core.package_identification:_identify(install) ignored
[0.268s] Level 1:colcon.colcon_core.package_identification:_identify(log) by extensions ['ignore', 'ignore_ament_install']
[0.268s] Level 1:colcon.colcon_core.package_identification:_identify(log) by extension 'ignore'
[0.268s] Level 1:colcon.colcon_core.package_identification:_identify(log) ignored
[0.268s] Level 1:colcon.colcon_core.package_identification:_identify(src) by extensions ['ignore', 'ignore_ament_install']
[0.268s] Level 1:colcon.colcon_core.package_identification:_identify(src) by extension 'ignore'
[0.268s] Level 1:colcon.colcon_core.package_identification:_identify(src) by extension 'ignore_ament_install'
[0.268s] Level 1:colcon.colcon_core.package_identification:_identify(src) by extensions ['colcon_pkg']
[0.269s] Level 1:colcon.colcon_core.package_identification:_identify(src) by extension 'colcon_pkg'
[0.269s] Level 1:colcon.colcon_core.package_identification:_identify(src) by extensions ['colcon_meta']
[0.269s] Level 1:colcon.colcon_core.package_identification:_identify(src) by extension 'colcon_meta'
[0.269s] Level 1:colcon.colcon_core.package_identification:_identify(src) by extensions ['ros']
[0.269s] Level 1:colcon.colcon_core.package_identification:_identify(src) by extension 'ros'
[0.269s] Level 1:colcon.colcon_core.package_identification:_identify(src) by extensions ['cmake', 'python']
[0.269s] Level 1:colcon.colcon_core.package_identification:_identify(src) by extension 'cmake'
[0.269s] Level 1:colcon.colcon_core.package_identification:_identify(src) by extension 'python'
[0.269s] Level 1:colcon.colcon_core.package_identification:_identify(src) by extensions ['python_setup_py']
[0.269s] Level 1:colcon.colcon_core.package_identification:_identify(src) by extension 'python_setup_py'
[0.269s] Level 1:colcon.colcon_core.package_identification:_identify(src/core_interfaces) by extensions ['ignore', 'ignore_ament_install']
[0.269s] Level 1:colcon.colcon_core.package_identification:_identify(src/core_interfaces) by extension 'ignore'
[0.269s] Level 1:colcon.colcon_core.package_identification:_identify(src/core_interfaces) by extension 'ignore_ament_install'
[0.269s] Level 1:colcon.colcon_core.package_identification:_identify(src/core_interfaces) by extensions ['colcon_pkg']
[0.269s] Level 1:colcon.colcon_core.package_identification:_identify(src/core_interfaces) by extension 'colcon_pkg'
[0.269s] Level 1:colcon.colcon_core.package_identification:_identify(src/core_interfaces) by extensions ['colcon_meta']
[0.269s] Level 1:colcon.colcon_core.package_identification:_identify(src/core_interfaces) by extension 'colcon_meta'
[0.269s] Level 1:colcon.colcon_core.package_identification:_identify(src/core_interfaces) by extensions ['ros']
[0.269s] Level 1:colcon.colcon_core.package_identification:_identify(src/core_interfaces) by extension 'ros'
[0.271s] DEBUG:colcon.colcon_core.package_identification:Package 'src/core_interfaces' with type 'ros.ament_cmake' and name 'core_interfaces'
[0.271s] Level 1:colcon.colcon_core.package_identification:_identify(src/three_legged_bot) by extensions ['ignore', 'ignore_ament_install']
[0.272s] Level 1:colcon.colcon_core.package_identification:_identify(src/three_legged_bot) by extension 'ignore'
[0.272s] Level 1:colcon.colcon_core.package_identification:_identify(src/three_legged_bot) by extension 'ignore_ament_install'
[0.272s] Level 1:colcon.colcon_core.package_identification:_identify(src/three_legged_bot) by extensions ['colcon_pkg']
[0.272s] Level 1:colcon.colcon_core.package_identification:_identify(src/three_legged_bot) by extension 'colcon_pkg'
[0.272s] Level 1:colcon.colcon_core.package_identification:_identify(src/three_legged_bot) by extensions ['colcon_meta']
[0.272s] Level 1:colcon.colcon_core.package_identification:_identify(src/three_legged_bot) by extension 'colcon_meta'
[0.272s] Level 1:colcon.colcon_core.package_identification:_identify(src/three_legged_bot) by extensions ['ros']
[0.272s] Level 1:colcon.colcon_core.package_identification:_identify(src/three_legged_bot) by extension 'ros'
[0.272s] DEBUG:colcon.colcon_core.package_identification:Package 'src/three_legged_bot' with type 'ros.ament_cmake' and name 'three_legged_bot'
[0.272s] Level 1:colcon.colcon_core.package_discovery:discover_packages(recursive) using defaults
[0.273s] Level 1:colcon.colcon_core.package_discovery:discover_packages(ignore) discover
[0.273s] Level 1:colcon.colcon_core.package_discovery:discover_packages(ignore) using defaults
[0.273s] Level 1:colcon.colcon_core.package_discovery:discover_packages(path) discover
[0.273s] Level 1:colcon.colcon_core.package_discovery:discover_packages(path) using defaults
[0.300s] Level 1:colcon.colcon_core.package_discovery:discover_packages(prefix_path) check parameters
[0.301s] Level 1:colcon.colcon_core.package_discovery:discover_packages(prefix_path) discover
[0.302s] DEBUG:colcon.colcon_installed_package_information.package_discovery:Found 2 installed packages in /home/user/ros2_ws/install
[0.303s] DEBUG:colcon.colcon_installed_package_information.package_discovery:Found 319 installed packages in /opt/ros/humble
[0.305s] Level 1:colcon.colcon_core.package_discovery:discover_packages(prefix_path) using defaults
[0.345s] Level 5:colcon.colcon_core.verb:set package 'core_interfaces' build argument 'cmake_args' from command line to 'None'
[0.345s] Level 5:colcon.colcon_core.verb:set package 'core_interfaces' build argument 'cmake_target' from command line to 'None'
[0.345s] Level 5:colcon.colcon_core.verb:set package 'core_interfaces' build argument 'cmake_target_skip_unavailable' from command line to 'False'
[0.345s] Level 5:colcon.colcon_core.verb:set package 'core_interfaces' build argument 'cmake_clean_cache' from command line to 'False'
[0.345s] Level 5:colcon.colcon_core.verb:set package 'core_interfaces' build argument 'cmake_clean_first' from command line to 'False'
[0.345s] Level 5:colcon.colcon_core.verb:set package 'core_interfaces' build argument 'cmake_force_configure' from command line to 'False'
[0.345s] Level 5:colcon.colcon_core.verb:set package 'core_interfaces' build argument 'ament_cmake_args' from command line to 'None'
[0.345s] Level 5:colcon.colcon_core.verb:set package 'core_interfaces' build argument 'catkin_cmake_args' from command line to 'None'
[0.345s] Level 5:colcon.colcon_core.verb:set package 'core_interfaces' build argument 'catkin_skip_building_tests' from command line to 'False'
[0.345s] DEBUG:colcon.colcon_core.verb:Building package 'core_interfaces' with the following arguments: {'ament_cmake_args': None, 'build_base': '/home/user/ros2_ws/build/core_interfaces', 'catkin_cmake_args': None, 'catkin_skip_building_tests': False, 'cmake_args': None, 'cmake_clean_cache': False, 'cmake_clean_first': False, 'cmake_force_configure': False, 'cmake_target': None, 'cmake_target_skip_unavailable': False, 'install_base': '/home/user/ros2_ws/install/core_interfaces', 'merge_install': False, 'path': '/home/user/ros2_ws/src/core_interfaces', 'symlink_install': False, 'test_result_base': None}
[0.346s] Level 5:colcon.colcon_core.verb:set package 'three_legged_bot' build argument 'cmake_args' from command line to 'None'
[0.346s] Level 5:colcon.colcon_core.verb:set package 'three_legged_bot' build argument 'cmake_target' from command line to 'None'
[0.346s] Level 5:colcon.colcon_core.verb:set package 'three_legged_bot' build argument 'cmake_target_skip_unavailable' from command line to 'False'
[0.346s] Level 5:colcon.colcon_core.verb:set package 'three_legged_bot' build argument 'cmake_clean_cache' from command line to 'False'
[0.346s] Level 5:colcon.colcon_core.verb:set package 'three_legged_bot' build argument 'cmake_clean_first' from command line to 'False'
[0.346s] Level 5:colcon.colcon_core.verb:set package 'three_legged_bot' build argument 'cmake_force_configure' from command line to 'False'
[0.346s] Level 5:colcon.colcon_core.verb:set package 'three_legged_bot' build argument 'ament_cmake_args' from command line to 'None'
[0.346s] Level 5:colcon.colcon_core.verb:set package 'three_legged_bot' build argument 'catkin_cmake_args' from command line to 'None'
[0.346s] Level 5:colcon.colcon_core.verb:set package 'three_legged_bot' build argument 'catkin_skip_building_tests' from command line to 'False'
[0.346s] DEBUG:colcon.colcon_core.verb:Building package 'three_legged_bot' with the following arguments: {'ament_cmake_args': None, 'build_base': '/home/user/ros2_ws/build/three_legged_bot', 'catkin_cmake_args': None, 'catkin_skip_building_tests': False, 'cmake_args': None, 'cmake_clean_cache': False, 'cmake_clean_first': False, 'cmake_force_configure': False, 'cmake_target': None, 'cmake_target_skip_unavailable': False, 'install_base': '/home/user/ros2_ws/install/three_legged_bot', 'merge_install': False, 'path': '/home/user/ros2_ws/src/three_legged_bot', 'symlink_install': False, 'test_result_base': None}
[0.346s] INFO:colcon.colcon_core.executor:Executing jobs using 'parallel' executor
[0.347s] DEBUG:colcon.colcon_parallel_executor.executor.parallel:run_until_complete
[0.347s] INFO:colcon.colcon_ros.task.ament_cmake.build:Building ROS package in '/home/user/ros2_ws/src/core_interfaces' with build type 'ament_cmake'
[0.347s] INFO:colcon.colcon_cmake.task.cmake.build:Building CMake package in '/home/user/ros2_ws/src/core_interfaces'
[0.349s] INFO:colcon.colcon_core.plugin_system:Skipping extension 'colcon_core.shell.bat': Not used on non-Windows systems
[0.349s] INFO:colcon.colcon_core.shell:Skip shell extension 'powershell' for command environment: Not usable outside of PowerShell
[0.349s] DEBUG:colcon.colcon_core.shell:Skip shell extension 'dsv' for command environment
[0.358s] DEBUG:colcon.colcon_core.event_handler.log_command:Invoking command in '/home/user/ros2_ws/build/core_interfaces': CMAKE_PREFIX_PATH=${CMAKE_PREFIX_PATH}:/opt/ros/humble /usr/bin/cmake --build /home/user/ros2_ws/build/core_interfaces -- -j4 -l4
[0.739s] DEBUG:colcon.colcon_core.event_handler.log_command:Invoked command in '/home/user/ros2_ws/build/core_interfaces' returned '0': CMAKE_PREFIX_PATH=${CMAKE_PREFIX_PATH}:/opt/ros/humble /usr/bin/cmake --build /home/user/ros2_ws/build/core_interfaces -- -j4 -l4
[0.815s] DEBUG:colcon.colcon_core.event_handler.log_command:Invoking command in '/home/user/ros2_ws/build/core_interfaces': CMAKE_PREFIX_PATH=${CMAKE_PREFIX_PATH}:/opt/ros/humble /usr/bin/cmake --install /home/user/ros2_ws/build/core_interfaces
[0.885s] Level 1:colcon.colcon_core.environment:create_environment_scripts_only(core_interfaces)
[0.886s] DEBUG:colcon.colcon_core.event_handler.log_command:Invoked command in '/home/user/ros2_ws/build/core_interfaces' returned '0': CMAKE_PREFIX_PATH=${CMAKE_PREFIX_PATH}:/opt/ros/humble /usr/bin/cmake --install /home/user/ros2_ws/build/core_interfaces
[0.888s] Level 1:colcon.colcon_core.environment:checking '/home/user/ros2_ws/install/core_interfaces' for CMake module files
[0.889s] Level 1:colcon.colcon_core.environment:checking '/home/user/ros2_ws/install/core_interfaces' for CMake config files
[0.889s] Level 1:colcon.colcon_core.shell:create_environment_hook('core_interfaces', 'cmake_prefix_path')
[0.890s] INFO:colcon.colcon_core.shell:Creating environment hook '/home/user/ros2_ws/install/core_interfaces/share/core_interfaces/hook/cmake_prefix_path.ps1'
[0.890s] INFO:colcon.colcon_core.shell:Creating environment descriptor '/home/user/ros2_ws/install/core_interfaces/share/core_interfaces/hook/cmake_prefix_path.dsv'
[0.891s] INFO:colcon.colcon_core.shell:Creating environment hook '/home/user/ros2_ws/install/core_interfaces/share/core_interfaces/hook/cmake_prefix_path.sh'
[0.892s] Level 1:colcon.colcon_core.environment:checking '/home/user/ros2_ws/install/core_interfaces/lib'
[0.892s] Level 1:colcon.colcon_core.shell:create_environment_hook('core_interfaces', 'ld_library_path_lib')
[0.892s] INFO:colcon.colcon_core.shell:Creating environment hook '/home/user/ros2_ws/install/core_interfaces/share/core_interfaces/hook/ld_library_path_lib.ps1'
[0.893s] INFO:colcon.colcon_core.shell:Creating environment descriptor '/home/user/ros2_ws/install/core_interfaces/share/core_interfaces/hook/ld_library_path_lib.dsv'
[0.893s] INFO:colcon.colcon_core.shell:Creating environment hook '/home/user/ros2_ws/install/core_interfaces/share/core_interfaces/hook/ld_library_path_lib.sh'
[0.893s] Level 1:colcon.colcon_core.environment:checking '/home/user/ros2_ws/install/core_interfaces/bin'
[0.893s] Level 1:colcon.colcon_core.environment:checking '/home/user/ros2_ws/install/core_interfaces/lib/pkgconfig/core_interfaces.pc'
[0.894s] Level 1:colcon.colcon_core.environment:checking '/home/user/ros2_ws/install/core_interfaces/lib/python3.10/site-packages'
[0.894s] Level 1:colcon.colcon_core.environment:checking '/home/user/ros2_ws/install/core_interfaces/bin'
[0.894s] INFO:colcon.colcon_core.shell:Creating package script '/home/user/ros2_ws/install/core_interfaces/share/core_interfaces/package.ps1'
[0.895s] INFO:colcon.colcon_core.shell:Creating package descriptor '/home/user/ros2_ws/install/core_interfaces/share/core_interfaces/package.dsv'
[0.895s] INFO:colcon.colcon_core.shell:Creating package script '/home/user/ros2_ws/install/core_interfaces/share/core_interfaces/package.sh'
[0.896s] INFO:colcon.colcon_core.shell:Creating package script '/home/user/ros2_ws/install/core_interfaces/share/core_interfaces/package.bash'
[0.897s] INFO:colcon.colcon_core.shell:Creating package script '/home/user/ros2_ws/install/core_interfaces/share/core_interfaces/package.zsh'
[0.897s] Level 1:colcon.colcon_core.environment:create_file_with_runtime_dependencies(/home/user/ros2_ws/install/core_interfaces/share/colcon-core/packages/core_interfaces)
[0.967s] Level 1:colcon.colcon_core.environment:create_environment_scripts_only(core_interfaces)
[0.968s] Level 1:colcon.colcon_core.environment:checking '/home/user/ros2_ws/install/core_interfaces' for CMake module files
[0.969s] Level 1:colcon.colcon_core.environment:checking '/home/user/ros2_ws/install/core_interfaces' for CMake config files
[0.969s] Level 1:colcon.colcon_core.shell:create_environment_hook('core_interfaces', 'cmake_prefix_path')
[0.970s] INFO:colcon.colcon_core.shell:Creating environment hook '/home/user/ros2_ws/install/core_interfaces/share/core_interfaces/hook/cmake_prefix_path.ps1'
[0.971s] INFO:colcon.colcon_core.shell:Creating environment descriptor '/home/user/ros2_ws/install/core_interfaces/share/core_interfaces/hook/cmake_prefix_path.dsv'
[0.971s] INFO:colcon.colcon_core.shell:Creating environment hook '/home/user/ros2_ws/install/core_interfaces/share/core_interfaces/hook/cmake_prefix_path.sh'
[0.972s] Level 1:colcon.colcon_core.environment:checking '/home/user/ros2_ws/install/core_interfaces/lib'
[0.972s] Level 1:colcon.colcon_core.shell:create_environment_hook('core_interfaces', 'ld_library_path_lib')
[0.973s] INFO:colcon.colcon_core.shell:Creating environment hook '/home/user/ros2_ws/install/core_interfaces/share/core_interfaces/hook/ld_library_path_lib.ps1'
[0.973s] INFO:colcon.colcon_core.shell:Creating environment descriptor '/home/user/ros2_ws/install/core_interfaces/share/core_interfaces/hook/ld_library_path_lib.dsv'
[0.974s] INFO:colcon.colcon_core.shell:Creating environment hook '/home/user/ros2_ws/install/core_interfaces/share/core_interfaces/hook/ld_library_path_lib.sh'
[0.974s] Level 1:colcon.colcon_core.environment:checking '/home/user/ros2_ws/install/core_interfaces/bin'
[0.975s] Level 1:colcon.colcon_core.environment:checking '/home/user/ros2_ws/install/core_interfaces/lib/pkgconfig/core_interfaces.pc'
[0.975s] Level 1:colcon.colcon_core.environment:checking '/home/user/ros2_ws/install/core_interfaces/lib/python3.10/site-packages'
[0.975s] Level 1:colcon.colcon_core.environment:checking '/home/user/ros2_ws/install/core_interfaces/bin'
[0.976s] INFO:colcon.colcon_core.shell:Creating package script '/home/user/ros2_ws/install/core_interfaces/share/core_interfaces/package.ps1'
[0.977s] INFO:colcon.colcon_core.shell:Creating package descriptor '/home/user/ros2_ws/install/core_interfaces/share/core_interfaces/package.dsv'
[0.978s] INFO:colcon.colcon_core.shell:Creating package script '/home/user/ros2_ws/install/core_interfaces/share/core_interfaces/package.sh'
[0.978s] INFO:colcon.colcon_core.shell:Creating package script '/home/user/ros2_ws/install/core_interfaces/share/core_interfaces/package.bash'
[0.979s] INFO:colcon.colcon_core.shell:Creating package script '/home/user/ros2_ws/install/core_interfaces/share/core_interfaces/package.zsh'
[0.979s] Level 1:colcon.colcon_core.environment:create_file_with_runtime_dependencies(/home/user/ros2_ws/install/core_interfaces/share/colcon-core/packages/core_interfaces)
[0.979s] INFO:colcon.colcon_ros.task.ament_cmake.build:Building ROS package in '/home/user/ros2_ws/src/three_legged_bot' with build type 'ament_cmake'
[0.979s] INFO:colcon.colcon_cmake.task.cmake.build:Building CMake package in '/home/user/ros2_ws/src/three_legged_bot'
[0.980s] INFO:colcon.colcon_core.shell:Skip shell extension 'powershell' for command environment: Not usable outside of PowerShell
[0.980s] DEBUG:colcon.colcon_core.shell:Skip shell extension 'dsv' for command environment
[0.990s] DEBUG:colcon.colcon_core.event_handler.log_command:Invoking command in '/home/user/ros2_ws/build/three_legged_bot': CMAKE_PREFIX_PATH=/home/user/ros2_ws/install/core_interfaces:/home/user/ros2_ws/install/three_legged_bot:/opt/ros/humble /usr/bin/cmake --build /home/user/ros2_ws/build/three_legged_bot -- -j4 -l4
[6.790s] DEBUG:colcon.colcon_core.event_handler.log_command:Invoked command in '/home/user/ros2_ws/build/three_legged_bot' returned '0': CMAKE_PREFIX_PATH=/home/user/ros2_ws/install/core_interfaces:/home/user/ros2_ws/install/three_legged_bot:/opt/ros/humble /usr/bin/cmake --build /home/user/ros2_ws/build/three_legged_bot -- -j4 -l4
[6.828s] DEBUG:colcon.colcon_core.event_handler.log_command:Invoking command in '/home/user/ros2_ws/build/three_legged_bot': CMAKE_PREFIX_PATH=/home/user/ros2_ws/install/core_interfaces:/home/user/ros2_ws/install/three_legged_bot:/opt/ros/humble /usr/bin/cmake --install /home/user/ros2_ws/build/three_legged_bot
[6.851s] Level 1:colcon.colcon_core.environment:create_environment_scripts_only(three_legged_bot)
[6.851s] Level 1:colcon.colcon_core.environment:checking '/home/user/ros2_ws/install/three_legged_bot' for CMake module files
[6.852s] DEBUG:colcon.colcon_core.event_handler.log_command:Invoked command in '/home/user/ros2_ws/build/three_legged_bot' returned '0': CMAKE_PREFIX_PATH=/home/user/ros2_ws/install/core_interfaces:/home/user/ros2_ws/install/three_legged_bot:/opt/ros/humble /usr/bin/cmake --install /home/user/ros2_ws/build/three_legged_bot
[6.853s] Level 1:colcon.colcon_core.environment:checking '/home/user/ros2_ws/install/three_legged_bot' for CMake config files
[6.853s] Level 1:colcon.colcon_core.shell:create_environment_hook('three_legged_bot', 'cmake_prefix_path')
[6.853s] INFO:colcon.colcon_core.shell:Creating environment hook '/home/user/ros2_ws/install/three_legged_bot/share/three_legged_bot/hook/cmake_prefix_path.ps1'
[6.854s] INFO:colcon.colcon_core.shell:Creating environment descriptor '/home/user/ros2_ws/install/three_legged_bot/share/three_legged_bot/hook/cmake_prefix_path.dsv'
[6.855s] INFO:colcon.colcon_core.shell:Creating environment hook '/home/user/ros2_ws/install/three_legged_bot/share/three_legged_bot/hook/cmake_prefix_path.sh'
[6.856s] Level 1:colcon.colcon_core.environment:checking '/home/user/ros2_ws/install/three_legged_bot/lib'
[6.856s] Level 1:colcon.colcon_core.environment:checking '/home/user/ros2_ws/install/three_legged_bot/bin'
[6.856s] Level 1:colcon.colcon_core.environment:checking '/home/user/ros2_ws/install/three_legged_bot/lib/pkgconfig/three_legged_bot.pc'
[6.856s] Level 1:colcon.colcon_core.environment:checking '/home/user/ros2_ws/install/three_legged_bot/lib/python3.10/site-packages'
[6.857s] Level 1:colcon.colcon_core.environment:checking '/home/user/ros2_ws/install/three_legged_bot/bin'
[6.857s] INFO:colcon.colcon_core.shell:Creating package script '/home/user/ros2_ws/install/three_legged_bot/share/three_legged_bot/package.ps1'
[6.858s] INFO:colcon.colcon_core.shell:Creating package descriptor '/home/user/ros2_ws/install/three_legged_bot/share/three_legged_bot/package.dsv'
[6.859s] INFO:colcon.colcon_core.shell:Creating package script '/home/user/ros2_ws/install/three_legged_bot/share/three_legged_bot/package.sh'
[6.859s] INFO:colcon.colcon_core.shell:Creating package script '/home/user/ros2_ws/install/three_legged_bot/share/three_legged_bot/package.bash'
[6.860s] INFO:colcon.colcon_core.shell:Creating package script '/home/user/ros2_ws/install/three_legged_bot/share/three_legged_bot/package.zsh'
[6.860s] Level 1:colcon.colcon_core.environment:create_file_with_runtime_dependencies(/home/user/ros2_ws/install/three_legged_bot/share/colcon-core/packages/three_legged_bot)
[6.896s] Level 1:colcon.colcon_core.environment:create_environment_scripts_only(three_legged_bot)
[6.897s] Level 1:colcon.colcon_core.environment:checking '/home/user/ros2_ws/install/three_legged_bot' for CMake module files
[6.897s] Level 1:colcon.colcon_core.environment:checking '/home/user/ros2_ws/install/three_legged_bot' for CMake config files
[6.898s] Level 1:colcon.colcon_core.shell:create_environment_hook('three_legged_bot', 'cmake_prefix_path')
[6.898s] INFO:colcon.colcon_core.shell:Creating environment hook '/home/user/ros2_ws/install/three_legged_bot/share/three_legged_bot/hook/cmake_prefix_path.ps1'
[6.898s] INFO:colcon.colcon_core.shell:Creating environment descriptor '/home/user/ros2_ws/install/three_legged_bot/share/three_legged_bot/hook/cmake_prefix_path.dsv'
[6.899s] INFO:colcon.colcon_core.shell:Creating environment hook '/home/user/ros2_ws/install/three_legged_bot/share/three_legged_bot/hook/cmake_prefix_path.sh'
[6.899s] Level 1:colcon.colcon_core.environment:checking '/home/user/ros2_ws/install/three_legged_bot/lib'
[6.900s] Level 1:colcon.colcon_core.environment:checking '/home/user/ros2_ws/install/three_legged_bot/bin'
[6.900s] Level 1:colcon.colcon_core.environment:checking '/home/user/ros2_ws/install/three_legged_bot/lib/pkgconfig/three_legged_bot.pc'
[6.900s] Level 1:colcon.colcon_core.environment:checking '/home/user/ros2_ws/install/three_legged_bot/lib/python3.10/site-packages'
[6.900s] Level 1:colcon.colcon_core.environment:checking '/home/user/ros2_ws/install/three_legged_bot/bin'
[6.900s] INFO:colcon.colcon_core.shell:Creating package script '/home/user/ros2_ws/install/three_legged_bot/share/three_legged_bot/package.ps1'
[6.901s] INFO:colcon.colcon_core.shell:Creating package descriptor '/home/user/ros2_ws/install/three_legged_bot/share/three_legged_bot/package.dsv'
[6.902s] INFO:colcon.colcon_core.shell:Creating package script '/home/user/ros2_ws/install/three_legged_bot/share/three_legged_bot/package.sh'
[6.902s] INFO:colcon.colcon_core.shell:Creating package script '/home/user/ros2_ws/install/three_legged_bot/share/three_legged_bot/package.bash'
[6.903s] INFO:colcon.colcon_core.shell:Creating package script '/home/user/ros2_ws/install/three_legged_bot/share/three_legged_bot/package.zsh'
[6.904s] Level 1:colcon.colcon_core.environment:create_file_with_runtime_dependencies(/home/user/ros2_ws/install/three_legged_bot/share/colcon-core/packages/three_legged_bot)
[6.904s] DEBUG:colcon.colcon_parallel_executor.executor.parallel:closing loop
[6.905s] DEBUG:colcon.colcon_parallel_executor.executor.parallel:loop closed
[6.905s] DEBUG:colcon.colcon_parallel_executor.executor.parallel:run_until_complete finished with '0'
[6.905s] DEBUG:colcon.colcon_core.event_reactor:joining thread
[6.911s] INFO:colcon.colcon_core.plugin_system:Skipping extension 'colcon_notification.desktop_notification.terminal_notifier': Not used on non-Darwin systems
[6.911s] INFO:colcon.colcon_core.plugin_system:Skipping extension 'colcon_notification.desktop_notification.win32': Not used on non-Windows systems
[6.911s] INFO:colcon.colcon_notification.desktop_notification:Sending desktop notification using 'notify2'
[6.925s] DEBUG:colcon.colcon_core.event_reactor:joined thread
[6.926s] INFO:colcon.colcon_core.shell:Creating prefix script '/home/user/ros2_ws/install/local_setup.ps1'
[6.928s] INFO:colcon.colcon_core.shell:Creating prefix util module '/home/user/ros2_ws/install/_local_setup_util_ps1.py'
[6.930s] INFO:colcon.colcon_core.shell:Creating prefix chain script '/home/user/ros2_ws/install/setup.ps1'
[6.932s] INFO:colcon.colcon_core.shell:Creating prefix script '/home/user/ros2_ws/install/local_setup.sh'
[6.932s] INFO:colcon.colcon_core.shell:Creating prefix util module '/home/user/ros2_ws/install/_local_setup_util_sh.py'
[6.933s] INFO:colcon.colcon_core.shell:Creating prefix chain script '/home/user/ros2_ws/install/setup.sh'
[6.935s] INFO:colcon.colcon_core.shell:Creating prefix script '/home/user/ros2_ws/install/local_setup.bash'
[6.936s] INFO:colcon.colcon_core.shell:Creating prefix chain script '/home/user/ros2_ws/install/setup.bash'
[6.937s] INFO:colcon.colcon_core.shell:Creating prefix script '/home/user/ros2_ws/install/local_setup.zsh'
[6.937s] INFO:colcon.colcon_core.shell:Creating prefix chain script '/home/user/ros2_ws/install/setup.zsh'
