[0.010s] Invoking command in '/home/user/ros2_ws/build/core_interfaces': CMAKE_PREFIX_PATH=${CMAKE_PREFIX_PATH}:/opt/ros/humble /usr/bin/cmake --build /home/user/ros2_ws/build/core_interfaces -- -j4 -l4
[0.074s] [  9%] Built target core_interfaces__cpp
[0.074s] [ 12%] Built target core_interfaces__rosidl_generator_c
[0.088s] [ 12%] Built target ament_cmake_python_symlink_core_interfaces
[0.104s] [ 41%] Built target core_interfaces__rosidl_typesupport_cpp
[0.105s] [ 41%] Built target core_interfaces__rosidl_typesupport_introspection_cpp
[0.105s] [ 41%] Built target core_interfaces__rosidl_typesupport_fastrtps_cpp
[0.115s] [ 51%] Built target core_interfaces__rosidl_typesupport_fastrtps_c
[0.126s] [ 70%] Built target core_interfaces__rosidl_typesupport_c
[0.126s] [ 70%] Built target core_interfaces__rosidl_typesupport_introspection_c
[0.146s] [ 70%] Built target core_interfaces
[0.167s] [ 74%] Built target core_interfaces__py
[0.188s] [ 80%] Built target core_interfaces__rosidl_generator_py
[0.214s] [ 87%] Built target core_interfaces__rosidl_typesupport_fastrtps_c__pyext
[0.214s] [ 93%] Built target core_interfaces__rosidl_typesupport_introspection_c__pyext
[0.214s] [100%] Built target core_interfaces__rosidl_typesupport_c__pyext
[0.353s] running egg_info
[0.354s] writing core_interfaces.egg-info/PKG-INFO
[0.354s] writing dependency_links to core_interfaces.egg-info/dependency_links.txt
[0.354s] writing top-level names to core_interfaces.egg-info/top_level.txt
[0.356s] reading manifest file 'core_interfaces.egg-info/SOURCES.txt'
[0.357s] writing manifest file 'core_interfaces.egg-info/SOURCES.txt'
[0.381s] [100%] Built target ament_cmake_python_build_core_interfaces_egg
[0.391s] Invoked command in '/home/user/ros2_ws/build/core_interfaces' returned '0': CMAKE_PREFIX_PATH=${CMAKE_PREFIX_PATH}:/opt/ros/humble /usr/bin/cmake --build /home/user/ros2_ws/build/core_interfaces -- -j4 -l4
[0.467s] Invoking command in '/home/user/ros2_ws/build/core_interfaces': CMAKE_PREFIX_PATH=${CMAKE_PREFIX_PATH}:/opt/ros/humble /usr/bin/cmake --install /home/user/ros2_ws/build/core_interfaces
[0.477s] -- Install configuration: ""
[0.477s] -- Execute custom install script
[0.478s] -- Up-to-date symlink: /home/user/ros2_ws/install/core_interfaces/share/ament_index/resource_index/rosidl_interfaces/core_interfaces
[0.478s] -- Up-to-date symlink: /home/user/ros2_ws/install/core_interfaces/include/core_interfaces/core_interfaces/msg/rosidl_generator_c__visibility_control.h
[0.479s] -- Up-to-date symlink: /home/user/ros2_ws/install/core_interfaces/include/core_interfaces/core_interfaces/srv/detail/ui_motor__functions.h
[0.479s] -- Up-to-date symlink: /home/user/ros2_ws/install/core_interfaces/include/core_interfaces/core_interfaces/srv/detail/ui_motor__struct.h
[0.479s] -- Up-to-date symlink: /home/user/ros2_ws/install/core_interfaces/include/core_interfaces/core_interfaces/srv/detail/ui_motor__type_support.h
[0.479s] -- Up-to-date symlink: /home/user/ros2_ws/install/core_interfaces/include/core_interfaces/core_interfaces/srv/ui_motor.h
[0.479s] -- Up-to-date symlink: /home/user/ros2_ws/install/core_interfaces/share/core_interfaces/environment/library_path.sh
[0.480s] -- Up-to-date symlink: /home/user/ros2_ws/install/core_interfaces/share/core_interfaces/environment/library_path.dsv
[0.480s] -- Up-to-date symlink: /home/user/ros2_ws/install/core_interfaces/include/core_interfaces/core_interfaces/msg/rosidl_typesupport_fastrtps_c__visibility_control.h
[0.480s] -- Up-to-date symlink: /home/user/ros2_ws/install/core_interfaces/include/core_interfaces/core_interfaces/srv/detail/ui_motor__rosidl_typesupport_fastrtps_c.h
[0.480s] -- Up-to-date symlink: /home/user/ros2_ws/install/core_interfaces/include/core_interfaces/core_interfaces/msg/rosidl_typesupport_introspection_c__visibility_control.h
[0.481s] -- Up-to-date symlink: /home/user/ros2_ws/install/core_interfaces/include/core_interfaces/core_interfaces/srv/detail/ui_motor__rosidl_typesupport_introspection_c.h
[0.481s] -- Up-to-date symlink: /home/user/ros2_ws/install/core_interfaces/include/core_interfaces/core_interfaces/srv/detail/ui_motor__builder.hpp
[0.481s] -- Up-to-date symlink: /home/user/ros2_ws/install/core_interfaces/include/core_interfaces/core_interfaces/srv/detail/ui_motor__struct.hpp
[0.481s] -- Up-to-date symlink: /home/user/ros2_ws/install/core_interfaces/include/core_interfaces/core_interfaces/srv/detail/ui_motor__traits.hpp
[0.481s] -- Up-to-date symlink: /home/user/ros2_ws/install/core_interfaces/include/core_interfaces/core_interfaces/srv/ui_motor.hpp
[0.482s] -- Up-to-date symlink: /home/user/ros2_ws/install/core_interfaces/include/core_interfaces/core_interfaces/msg/rosidl_typesupport_fastrtps_cpp__visibility_control.h
[0.482s] -- Up-to-date symlink: /home/user/ros2_ws/install/core_interfaces/include/core_interfaces/core_interfaces/srv/detail/ui_motor__rosidl_typesupport_fastrtps_cpp.hpp
[0.482s] -- Up-to-date symlink: /home/user/ros2_ws/install/core_interfaces/include/core_interfaces/core_interfaces/srv/detail/ui_motor__rosidl_typesupport_introspection_cpp.hpp
[0.482s] -- Up-to-date symlink: /home/user/ros2_ws/install/core_interfaces/share/core_interfaces/environment/pythonpath.sh
[0.482s] -- Up-to-date symlink: /home/user/ros2_ws/install/core_interfaces/share/core_interfaces/environment/pythonpath.dsv
[0.483s] -- Up-to-date symlink: /home/user/ros2_ws/install/core_interfaces/local/lib/python3.10/dist-packages/core_interfaces-0.0.0-py3.10.egg-info/PKG-INFO
[0.483s] -- Up-to-date symlink: /home/user/ros2_ws/install/core_interfaces/local/lib/python3.10/dist-packages/core_interfaces-0.0.0-py3.10.egg-info/SOURCES.txt
[0.483s] -- Up-to-date symlink: /home/user/ros2_ws/install/core_interfaces/local/lib/python3.10/dist-packages/core_interfaces-0.0.0-py3.10.egg-info/dependency_links.txt
[0.483s] -- Up-to-date symlink: /home/user/ros2_ws/install/core_interfaces/local/lib/python3.10/dist-packages/core_interfaces-0.0.0-py3.10.egg-info/top_level.txt
[0.483s] -- Up-to-date symlink: /home/user/ros2_ws/install/core_interfaces/local/lib/python3.10/dist-packages/core_interfaces/__init__.py
[0.483s] -- Up-to-date symlink: /home/user/ros2_ws/install/core_interfaces/local/lib/python3.10/dist-packages/core_interfaces/_core_interfaces_s.ep.rosidl_typesupport_c.c
[0.484s] -- Up-to-date symlink: /home/user/ros2_ws/install/core_interfaces/local/lib/python3.10/dist-packages/core_interfaces/_core_interfaces_s.ep.rosidl_typesupport_fastrtps_c.c
[0.484s] -- Up-to-date symlink: /home/user/ros2_ws/install/core_interfaces/local/lib/python3.10/dist-packages/core_interfaces/_core_interfaces_s.ep.rosidl_typesupport_introspection_c.c
[0.484s] -- Up-to-date symlink: /home/user/ros2_ws/install/core_interfaces/local/lib/python3.10/dist-packages/core_interfaces/core_interfaces_s__rosidl_typesupport_c.cpython-310-x86_64-linux-gnu.so
[0.484s] -- Up-to-date symlink: /home/user/ros2_ws/install/core_interfaces/local/lib/python3.10/dist-packages/core_interfaces/core_interfaces_s__rosidl_typesupport_fastrtps_c.cpython-310-x86_64-linux-gnu.so
[0.484s] -- Up-to-date symlink: /home/user/ros2_ws/install/core_interfaces/local/lib/python3.10/dist-packages/core_interfaces/core_interfaces_s__rosidl_typesupport_introspection_c.cpython-310-x86_64-linux-gnu.so
[0.484s] -- Up-to-date symlink: /home/user/ros2_ws/install/core_interfaces/local/lib/python3.10/dist-packages/core_interfaces/libcore_interfaces__rosidl_generator_py.so
[0.484s] -- Up-to-date symlink: /home/user/ros2_ws/install/core_interfaces/local/lib/python3.10/dist-packages/core_interfaces/srv/__init__.py
[0.484s] -- Up-to-date symlink: /home/user/ros2_ws/install/core_interfaces/local/lib/python3.10/dist-packages/core_interfaces/srv/_ui_motor.py
[0.484s] -- Up-to-date symlink: /home/user/ros2_ws/install/core_interfaces/local/lib/python3.10/dist-packages/core_interfaces/srv/_ui_motor_s.c
[0.485s] -- Up-to-date symlink: /home/user/ros2_ws/install/core_interfaces/local/lib/python3.10/dist-packages/core_interfaces/core_interfaces_s__rosidl_typesupport_fastrtps_c.cpython-310-x86_64-linux-gnu.so
[0.485s] -- Up-to-date symlink: /home/user/ros2_ws/install/core_interfaces/local/lib/python3.10/dist-packages/core_interfaces/core_interfaces_s__rosidl_typesupport_introspection_c.cpython-310-x86_64-linux-gnu.so
[0.485s] -- Up-to-date symlink: /home/user/ros2_ws/install/core_interfaces/local/lib/python3.10/dist-packages/core_interfaces/core_interfaces_s__rosidl_typesupport_c.cpython-310-x86_64-linux-gnu.so
[0.485s] -- Up-to-date symlink: /home/user/ros2_ws/install/core_interfaces/share/core_interfaces/srv/UiMotor.idl
[0.486s] -- Up-to-date symlink: /home/user/ros2_ws/install/core_interfaces/share/core_interfaces/srv/UiMotor.srv
[0.486s] -- Up-to-date symlink: /home/user/ros2_ws/install/core_interfaces/share/core_interfaces/srv/UiMotor_Request.msg
[0.486s] -- Up-to-date symlink: /home/user/ros2_ws/install/core_interfaces/share/core_interfaces/srv/UiMotor_Response.msg
[0.486s] -- Up-to-date symlink: /home/user/ros2_ws/install/core_interfaces/share/ament_index/resource_index/package_run_dependencies/core_interfaces
[0.486s] -- Up-to-date symlink: /home/user/ros2_ws/install/core_interfaces/share/ament_index/resource_index/parent_prefix_path/core_interfaces
[0.486s] -- Up-to-date symlink: /home/user/ros2_ws/install/core_interfaces/share/core_interfaces/environment/ament_prefix_path.sh
[0.487s] -- Up-to-date symlink: /home/user/ros2_ws/install/core_interfaces/share/core_interfaces/environment/ament_prefix_path.dsv
[0.487s] -- Up-to-date symlink: /home/user/ros2_ws/install/core_interfaces/share/core_interfaces/environment/path.sh
[0.487s] -- Up-to-date symlink: /home/user/ros2_ws/install/core_interfaces/share/core_interfaces/environment/path.dsv
[0.487s] -- Up-to-date symlink: /home/user/ros2_ws/install/core_interfaces/share/core_interfaces/local_setup.bash
[0.487s] -- Up-to-date symlink: /home/user/ros2_ws/install/core_interfaces/share/core_interfaces/local_setup.sh
[0.487s] -- Up-to-date symlink: /home/user/ros2_ws/install/core_interfaces/share/core_interfaces/local_setup.zsh
[0.487s] -- Up-to-date symlink: /home/user/ros2_ws/install/core_interfaces/share/core_interfaces/local_setup.dsv
[0.487s] -- Symlinking: /home/user/ros2_ws/install/core_interfaces/share/core_interfaces/package.dsv
[0.496s] -- Up-to-date symlink: /home/user/ros2_ws/install/core_interfaces/share/ament_index/resource_index/packages/core_interfaces
[0.496s] -- Up-to-date symlink: /home/user/ros2_ws/install/core_interfaces/share/core_interfaces/cmake/rosidl_cmake-extras.cmake
[0.497s] -- Up-to-date symlink: /home/user/ros2_ws/install/core_interfaces/share/core_interfaces/cmake/ament_cmake_export_include_directories-extras.cmake
[0.497s] -- Up-to-date symlink: /home/user/ros2_ws/install/core_interfaces/share/core_interfaces/cmake/ament_cmake_export_libraries-extras.cmake
[0.497s] -- Up-to-date symlink: /home/user/ros2_ws/install/core_interfaces/share/core_interfaces/cmake/ament_cmake_export_targets-extras.cmake
[0.497s] -- Up-to-date symlink: /home/user/ros2_ws/install/core_interfaces/share/core_interfaces/cmake/rosidl_cmake_export_typesupport_targets-extras.cmake
[0.497s] -- Up-to-date symlink: /home/user/ros2_ws/install/core_interfaces/share/core_interfaces/cmake/ament_cmake_export_dependencies-extras.cmake
[0.497s] -- Up-to-date symlink: /home/user/ros2_ws/install/core_interfaces/share/core_interfaces/cmake/rosidl_cmake_export_typesupport_libraries-extras.cmake
[0.497s] -- Up-to-date symlink: /home/user/ros2_ws/install/core_interfaces/share/core_interfaces/cmake/core_interfacesConfig.cmake
[0.498s] -- Up-to-date symlink: /home/user/ros2_ws/install/core_interfaces/share/core_interfaces/cmake/core_interfacesConfig-version.cmake
[0.498s] -- Up-to-date symlink: /home/user/ros2_ws/install/core_interfaces/share/core_interfaces/package.xml
[0.498s] -- Up-to-date: /home/user/ros2_ws/install/core_interfaces/lib/libcore_interfaces__rosidl_generator_c.so
[0.498s] -- Up-to-date: /home/user/ros2_ws/install/core_interfaces/lib/libcore_interfaces__rosidl_typesupport_fastrtps_c.so
[0.498s] -- Up-to-date: /home/user/ros2_ws/install/core_interfaces/lib/libcore_interfaces__rosidl_typesupport_introspection_c.so
[0.499s] -- Up-to-date: /home/user/ros2_ws/install/core_interfaces/lib/libcore_interfaces__rosidl_typesupport_c.so
[0.499s] -- Up-to-date: /home/user/ros2_ws/install/core_interfaces/lib/libcore_interfaces__rosidl_typesupport_fastrtps_cpp.so
[0.499s] -- Up-to-date: /home/user/ros2_ws/install/core_interfaces/lib/libcore_interfaces__rosidl_typesupport_introspection_cpp.so
[0.499s] -- Up-to-date: /home/user/ros2_ws/install/core_interfaces/lib/libcore_interfaces__rosidl_typesupport_cpp.so
[0.530s] Listing '/home/user/ros2_ws/install/core_interfaces/local/lib/python3.10/dist-packages/core_interfaces'...
[0.530s] Listing '/home/user/ros2_ws/install/core_interfaces/local/lib/python3.10/dist-packages/core_interfaces/srv'...
[0.535s] -- Up-to-date: /home/user/ros2_ws/install/core_interfaces/lib/libcore_interfaces__rosidl_generator_py.so
[0.535s] -- Up-to-date: /home/user/ros2_ws/install/core_interfaces/share/core_interfaces/cmake/export_core_interfaces__rosidl_generator_cExport.cmake
[0.535s] -- Up-to-date: /home/user/ros2_ws/install/core_interfaces/share/core_interfaces/cmake/export_core_interfaces__rosidl_generator_cExport-noconfig.cmake
[0.535s] -- Up-to-date: /home/user/ros2_ws/install/core_interfaces/share/core_interfaces/cmake/export_core_interfaces__rosidl_typesupport_fastrtps_cExport.cmake
[0.535s] -- Up-to-date: /home/user/ros2_ws/install/core_interfaces/share/core_interfaces/cmake/export_core_interfaces__rosidl_typesupport_fastrtps_cExport-noconfig.cmake
[0.535s] -- Up-to-date: /home/user/ros2_ws/install/core_interfaces/share/core_interfaces/cmake/core_interfaces__rosidl_typesupport_introspection_cExport.cmake
[0.535s] -- Up-to-date: /home/user/ros2_ws/install/core_interfaces/share/core_interfaces/cmake/core_interfaces__rosidl_typesupport_introspection_cExport-noconfig.cmake
[0.536s] -- Up-to-date: /home/user/ros2_ws/install/core_interfaces/share/core_interfaces/cmake/core_interfaces__rosidl_typesupport_cExport.cmake
[0.536s] -- Up-to-date: /home/user/ros2_ws/install/core_interfaces/share/core_interfaces/cmake/core_interfaces__rosidl_typesupport_cExport-noconfig.cmake
[0.536s] -- Up-to-date: /home/user/ros2_ws/install/core_interfaces/share/core_interfaces/cmake/export_core_interfaces__rosidl_generator_cppExport.cmake
[0.536s] -- Up-to-date: /home/user/ros2_ws/install/core_interfaces/share/core_interfaces/cmake/export_core_interfaces__rosidl_typesupport_fastrtps_cppExport.cmake
[0.536s] -- Up-to-date: /home/user/ros2_ws/install/core_interfaces/share/core_interfaces/cmake/export_core_interfaces__rosidl_typesupport_fastrtps_cppExport-noconfig.cmake
[0.536s] -- Up-to-date: /home/user/ros2_ws/install/core_interfaces/share/core_interfaces/cmake/core_interfaces__rosidl_typesupport_introspection_cppExport.cmake
[0.536s] -- Up-to-date: /home/user/ros2_ws/install/core_interfaces/share/core_interfaces/cmake/core_interfaces__rosidl_typesupport_introspection_cppExport-noconfig.cmake
[0.536s] -- Up-to-date: /home/user/ros2_ws/install/core_interfaces/share/core_interfaces/cmake/core_interfaces__rosidl_typesupport_cppExport.cmake
[0.536s] -- Up-to-date: /home/user/ros2_ws/install/core_interfaces/share/core_interfaces/cmake/core_interfaces__rosidl_typesupport_cppExport-noconfig.cmake
[0.536s] -- Up-to-date: /home/user/ros2_ws/install/core_interfaces/share/core_interfaces/cmake/export_core_interfaces__rosidl_generator_pyExport.cmake
[0.536s] -- Up-to-date: /home/user/ros2_ws/install/core_interfaces/share/core_interfaces/cmake/export_core_interfaces__rosidl_generator_pyExport-noconfig.cmake
[0.538s] Invoked command in '/home/user/ros2_ws/build/core_interfaces' returned '0': CMAKE_PREFIX_PATH=${CMAKE_PREFIX_PATH}:/opt/ros/humble /usr/bin/cmake --install /home/user/ros2_ws/build/core_interfaces
