[0.006s] Invoking command in '/home/virtualkris2/ros2_ws/build/tripod_robot': CMAKE_PREFIX_PATH=/opt/ros/humble:${CMAKE_PREFIX_PATH} /usr/bin/cmake /home/virtualkris2/ros2_ws/src/tripod7 -DCMAKE_INSTALL_PREFIX=/home/virtualkris2/ros2_ws/install/tripod_robot
[0.064s] -- The C compiler identification is GNU 11.4.0
[0.290s] -- The CXX compiler identification is GNU 11.4.0
[0.440s] -- Detecting C compiler ABI info
[0.501s] -- Detecting C compiler ABI info - done
[0.504s] -- Check for working C compiler: /usr/bin/cc - skipped
[0.504s] -- Detecting C compile features
[0.504s] -- Detecting C compile features - done
[0.506s] -- Detecting CXX compiler ABI info
[0.571s] -- Detecting CXX compiler ABI info - done
[0.575s] -- Check for working CXX compiler: /usr/bin/c++ - skipped
[0.575s] -- Detecting CXX compile features
[0.575s] -- Detecting CXX compile features - done
[0.576s] -- Found ament_cmake: 1.3.10 (/opt/ros/humble/share/ament_cmake/cmake)
[0.642s] -- Found Python3: /usr/bin/python3 (found version "3.10.12") found components: Interpreter 
[0.709s] [31mCMake Error at /opt/ros/humble/share/ament_cmake_core/cmake/core/ament_package_xml.cmake:53 (message):
[0.709s]   ament_package_xml() package name 'tripod_robot' in '/package.xml' does not
[0.709s]   match current PROJECT_NAME 'tripod7'.  You must call project() with the
[0.709s]   same package name before.
[0.709s] Call Stack (most recent call first):
[0.709s]   /opt/ros/humble/share/ament_cmake_core/cmake/core/ament_package.cmake:63 (ament_package_xml)
[0.709s]   CMakeLists.txt:15 (ament_package)
[0.709s] 
[0.709s] [0m
[0.709s] -- Configuring incomplete, errors occurred!
[0.709s] See also "/home/virtualkris2/ros2_ws/build/tripod_robot/CMakeFiles/CMakeOutput.log".
[0.711s] Invoked command in '/home/virtualkris2/ros2_ws/build/tripod_robot' returned '1': CMAKE_PREFIX_PATH=/opt/ros/humble:${CMAKE_PREFIX_PATH} /usr/bin/cmake /home/virtualkris2/ros2_ws/src/tripod7 -DCMAKE_INSTALL_PREFIX=/home/virtualkris2/ros2_ws/install/tripod_robot
