[0.036s] Invoking command in '/home/virtualkris2/ros2_ws/build/three_legged_bot': AMENT_PREFIX_PATH=/home/virtualkris2/ros2_ws/install/core_interfaces:${AMENT_PREFIX_PATH} CMAKE_PREFIX_PATH=/home/virtualkris2/ros2_ws/install/core_interfaces:/opt/ros/humble:${CMAKE_PREFIX_PATH} LD_LIBRARY_PATH=/home/virtualkris2/ros2_ws/install/core_interfaces/lib:${LD_LIBRARY_PATH} PYTHONPATH=/home/virtualkris2/ros2_ws/install/core_interfaces/local/lib/python3.10/dist-packages:${PYTHONPATH} /usr/bin/cmake --build /home/virtualkris2/ros2_ws/build/three_legged_bot -- -j24 -l24
[0.051s] [35m[1mConsolidate compiler generated dependencies of target client[0m
[0.052s] [35m[1mConsolidate compiler generated dependencies of target server3[0m
[0.054s] [35m[1mConsolidate compiler generated dependencies of target server2[0m
[0.054s] [35m[1mConsolidate compiler generated dependencies of target server1[0m
[0.062s] [ 18%] Built target client
[0.064s] [ 45%] Built target server2
[0.068s] [ 72%] Built target server3
[0.068s] [100%] Built target server1
[0.072s] Invoked command in '/home/virtualkris2/ros2_ws/build/three_legged_bot' returned '0': AMENT_PREFIX_PATH=/home/virtualkris2/ros2_ws/install/core_interfaces:${AMENT_PREFIX_PATH} CMAKE_PREFIX_PATH=/home/virtualkris2/ros2_ws/install/core_interfaces:/opt/ros/humble:${CMAKE_PREFIX_PATH} LD_LIBRARY_PATH=/home/virtualkris2/ros2_ws/install/core_interfaces/lib:${LD_LIBRARY_PATH} PYTHONPATH=/home/virtualkris2/ros2_ws/install/core_interfaces/local/lib/python3.10/dist-packages:${PYTHONPATH} /usr/bin/cmake --build /home/virtualkris2/ros2_ws/build/three_legged_bot -- -j24 -l24
[0.083s] Invoking command in '/home/virtualkris2/ros2_ws/build/three_legged_bot': AMENT_PREFIX_PATH=/home/virtualkris2/ros2_ws/install/core_interfaces:${AMENT_PREFIX_PATH} CMAKE_PREFIX_PATH=/home/virtualkris2/ros2_ws/install/core_interfaces:/opt/ros/humble:${CMAKE_PREFIX_PATH} LD_LIBRARY_PATH=/home/virtualkris2/ros2_ws/install/core_interfaces/lib:${LD_LIBRARY_PATH} PYTHONPATH=/home/virtualkris2/ros2_ws/install/core_interfaces/local/lib/python3.10/dist-packages:${PYTHONPATH} /usr/bin/cmake --install /home/virtualkris2/ros2_ws/build/three_legged_bot
[0.086s] -- Install configuration: ""
[0.086s] -- Up-to-date: /home/virtualkris2/ros2_ws/install/three_legged_bot/lib/three_legged_bot/server1
[0.086s] -- Up-to-date: /home/virtualkris2/ros2_ws/install/three_legged_bot/lib/three_legged_bot/server2
[0.086s] -- Up-to-date: /home/virtualkris2/ros2_ws/install/three_legged_bot/lib/three_legged_bot/server3
[0.086s] -- Up-to-date: /home/virtualkris2/ros2_ws/install/three_legged_bot/lib/three_legged_bot/client
[0.086s] -- Up-to-date: /home/virtualkris2/ros2_ws/install/three_legged_bot/share/ament_index/resource_index/package_run_dependencies/three_legged_bot
[0.086s] -- Up-to-date: /home/virtualkris2/ros2_ws/install/three_legged_bot/share/ament_index/resource_index/parent_prefix_path/three_legged_bot
[0.086s] -- Up-to-date: /home/virtualkris2/ros2_ws/install/three_legged_bot/share/three_legged_bot/environment/ament_prefix_path.sh
[0.086s] -- Up-to-date: /home/virtualkris2/ros2_ws/install/three_legged_bot/share/three_legged_bot/environment/ament_prefix_path.dsv
[0.086s] -- Up-to-date: /home/virtualkris2/ros2_ws/install/three_legged_bot/share/three_legged_bot/environment/path.sh
[0.087s] -- Up-to-date: /home/virtualkris2/ros2_ws/install/three_legged_bot/share/three_legged_bot/environment/path.dsv
[0.087s] -- Up-to-date: /home/virtualkris2/ros2_ws/install/three_legged_bot/share/three_legged_bot/local_setup.bash
[0.087s] -- Up-to-date: /home/virtualkris2/ros2_ws/install/three_legged_bot/share/three_legged_bot/local_setup.sh
[0.087s] -- Up-to-date: /home/virtualkris2/ros2_ws/install/three_legged_bot/share/three_legged_bot/local_setup.zsh
[0.087s] -- Up-to-date: /home/virtualkris2/ros2_ws/install/three_legged_bot/share/three_legged_bot/local_setup.dsv
[0.087s] -- Installing: /home/virtualkris2/ros2_ws/install/three_legged_bot/share/three_legged_bot/package.dsv
[0.087s] -- Up-to-date: /home/virtualkris2/ros2_ws/install/three_legged_bot/share/ament_index/resource_index/packages/three_legged_bot
[0.087s] -- Up-to-date: /home/virtualkris2/ros2_ws/install/three_legged_bot/share/three_legged_bot/cmake/three_legged_botConfig.cmake
[0.087s] -- Up-to-date: /home/virtualkris2/ros2_ws/install/three_legged_bot/share/three_legged_bot/cmake/three_legged_botConfig-version.cmake
[0.087s] -- Up-to-date: /home/virtualkris2/ros2_ws/install/three_legged_bot/share/three_legged_bot/package.xml
[0.088s] Invoked command in '/home/virtualkris2/ros2_ws/build/three_legged_bot' returned '0': AMENT_PREFIX_PATH=/home/virtualkris2/ros2_ws/install/core_interfaces:${AMENT_PREFIX_PATH} CMAKE_PREFIX_PATH=/home/virtualkris2/ros2_ws/install/core_interfaces:/opt/ros/humble:${CMAKE_PREFIX_PATH} LD_LIBRARY_PATH=/home/virtualkris2/ros2_ws/install/core_interfaces/lib:${LD_LIBRARY_PATH} PYTHONPATH=/home/virtualkris2/ros2_ws/install/core_interfaces/local/lib/python3.10/dist-packages:${PYTHONPATH} /usr/bin/cmake --install /home/virtualkris2/ros2_ws/build/three_legged_bot
