[0.006s] Invoking command in '/home/virtualkris2/ros2_ws/src/boost_asio/build/boost_asio': CMAKE_PREFIX_PATH=/opt/ros/humble:${CMAKE_PREFIX_PATH} /usr/bin/cmake /home/virtualkris2/ros2_ws/src/boost_asio -DCMAKE_INSTALL_PREFIX=/home/virtualkris2/ros2_ws/src/boost_asio/install/boost_asio
[0.056s] -- The C compiler identification is GNU 11.4.0
[0.221s] -- The CXX compiler identification is GNU 11.4.0
[0.338s] -- Detecting C compiler ABI info
[0.389s] -- Detecting C compiler ABI info - done
[0.393s] -- Check for working C compiler: /usr/bin/cc - skipped
[0.393s] -- Detecting C compile features
[0.393s] -- Detecting C compile features - done
[0.395s] -- Detecting CXX compiler ABI info
[0.453s] -- Detecting CXX compiler ABI info - done
[0.456s] -- Check for working CXX compiler: /usr/bin/c++ - skipped
[0.456s] -- Detecting CXX compile features
[0.457s] -- Detecting CXX compile features - done
[0.458s] -- Found rclcpp: 16.0.10 (/opt/ros/humble/share/rclcpp/cmake)
[0.521s] -- Found Python3: /usr/bin/python3 (found version "3.10.12") found components: Interpreter 
[0.615s] -- Found rosidl_generator_c: 3.1.5 (/opt/ros/humble/share/rosidl_generator_c/cmake)
[0.617s] -- Found rosidl_adapter: 3.1.5 (/opt/ros/humble/share/rosidl_adapter/cmake)
[0.621s] -- Found rosidl_generator_cpp: 3.1.5 (/opt/ros/humble/share/rosidl_generator_cpp/cmake)
[0.626s] -- Using all available rosidl_typesupport_c: rosidl_typesupport_fastrtps_c;rosidl_typesupport_introspection_c
[0.633s] -- Using all available rosidl_typesupport_cpp: rosidl_typesupport_fastrtps_cpp;rosidl_typesupport_introspection_cpp
[0.650s] -- Found rmw_implementation_cmake: 6.1.2 (/opt/ros/humble/share/rmw_implementation_cmake/cmake)
[0.651s] -- Found rmw_fastrtps_cpp: 6.2.7 (/opt/ros/humble/share/rmw_fastrtps_cpp/cmake)
[1.106s] -- Found OpenSSL: /usr/lib/x86_64-linux-gnu/libcrypto.so (found version "3.0.2")  
[1.610s] -- Found FastRTPS: /opt/ros/humble/include  
[2.564s] -- Using RMW implementation 'rmw_fastrtps_cpp' as default
[2.567s] -- Looking for pthread.h
[2.620s] -- Looking for pthread.h - found
[2.621s] -- Performing Test CMAKE_HAVE_LIBC_PTHREAD
[2.674s] -- Performing Test CMAKE_HAVE_LIBC_PTHREAD - Success
[2.674s] -- Found Threads: TRUE  
[2.702s] -- Found Boost: /usr/lib/x86_64-linux-gnu/cmake/Boost-1.74.0/BoostConfig.cmake (found version "1.74.0") found components: system serialization 
[2.705s] -- Found ament_lint_auto: 0.12.11 (/opt/ros/humble/share/ament_lint_auto/cmake)
[2.739s] -- Added test 'cppcheck' to perform static code analysis on C / C++ code
[2.739s] -- Configured cppcheck include dirs: 
[2.739s] -- Configured cppcheck exclude dirs and/or files: 
[2.740s] -- Added test 'lint_cmake' to check CMake code style
[2.741s] -- Added test 'uncrustify' to check C / C++ code style
[2.741s] -- Configured uncrustify additional arguments: 
[2.741s] -- Added test 'xmllint' to check XML markup files
[2.742s] -- Configuring done
[2.748s] -- Generating done
[2.749s] -- Build files have been written to: /home/virtualkris2/ros2_ws/src/boost_asio/build/boost_asio
[2.753s] Invoked command in '/home/virtualkris2/ros2_ws/src/boost_asio/build/boost_asio' returned '0': CMAKE_PREFIX_PATH=/opt/ros/humble:${CMAKE_PREFIX_PATH} /usr/bin/cmake /home/virtualkris2/ros2_ws/src/boost_asio -DCMAKE_INSTALL_PREFIX=/home/virtualkris2/ros2_ws/src/boost_asio/install/boost_asio
[2.754s] Invoking command in '/home/virtualkris2/ros2_ws/src/boost_asio/build/boost_asio': CMAKE_PREFIX_PATH=/opt/ros/humble:${CMAKE_PREFIX_PATH} /usr/bin/cmake --build /home/virtualkris2/ros2_ws/src/boost_asio/build/boost_asio -- -j24 -l24
[2.771s] [ 50%] [32mBuilding CXX object CMakeFiles/serial.dir/src/serial.cpp.o[0m
[3.740s] [100%] [32m[1mLinking CXX executable serial[0m
[3.834s] [100%] Built target serial
[3.838s] Invoked command in '/home/virtualkris2/ros2_ws/src/boost_asio/build/boost_asio' returned '0': CMAKE_PREFIX_PATH=/opt/ros/humble:${CMAKE_PREFIX_PATH} /usr/bin/cmake --build /home/virtualkris2/ros2_ws/src/boost_asio/build/boost_asio -- -j24 -l24
[3.851s] Invoking command in '/home/virtualkris2/ros2_ws/src/boost_asio/build/boost_asio': CMAKE_PREFIX_PATH=/opt/ros/humble:${CMAKE_PREFIX_PATH} /usr/bin/cmake --install /home/virtualkris2/ros2_ws/src/boost_asio/build/boost_asio
[3.853s] -- Install configuration: ""
[3.853s] -- Installing: /home/virtualkris2/ros2_ws/src/boost_asio/install/boost_asio/lib/boost_asio/serial
[3.853s] -- Set runtime path of "/home/virtualkris2/ros2_ws/src/boost_asio/install/boost_asio/lib/boost_asio/serial" to ""
[3.854s] -- Installing: /home/virtualkris2/ros2_ws/src/boost_asio/install/boost_asio/share/ament_index/resource_index/package_run_dependencies/boost_asio
[3.854s] -- Installing: /home/virtualkris2/ros2_ws/src/boost_asio/install/boost_asio/share/ament_index/resource_index/parent_prefix_path/boost_asio
[3.854s] -- Installing: /home/virtualkris2/ros2_ws/src/boost_asio/install/boost_asio/share/boost_asio/environment/ament_prefix_path.sh
[3.854s] -- Installing: /home/virtualkris2/ros2_ws/src/boost_asio/install/boost_asio/share/boost_asio/environment/ament_prefix_path.dsv
[3.854s] -- Installing: /home/virtualkris2/ros2_ws/src/boost_asio/install/boost_asio/share/boost_asio/environment/path.sh
[3.854s] -- Installing: /home/virtualkris2/ros2_ws/src/boost_asio/install/boost_asio/share/boost_asio/environment/path.dsv
[3.855s] -- Installing: /home/virtualkris2/ros2_ws/src/boost_asio/install/boost_asio/share/boost_asio/local_setup.bash
[3.855s] -- Installing: /home/virtualkris2/ros2_ws/src/boost_asio/install/boost_asio/share/boost_asio/local_setup.sh
[3.855s] -- Installing: /home/virtualkris2/ros2_ws/src/boost_asio/install/boost_asio/share/boost_asio/local_setup.zsh
[3.855s] -- Installing: /home/virtualkris2/ros2_ws/src/boost_asio/install/boost_asio/share/boost_asio/local_setup.dsv
[3.855s] -- Installing: /home/virtualkris2/ros2_ws/src/boost_asio/install/boost_asio/share/boost_asio/package.dsv
[3.855s] -- Installing: /home/virtualkris2/ros2_ws/src/boost_asio/install/boost_asio/share/ament_index/resource_index/packages/boost_asio
[3.855s] -- Installing: /home/virtualkris2/ros2_ws/src/boost_asio/install/boost_asio/share/boost_asio/cmake/boost_asioConfig.cmake
[3.855s] -- Installing: /home/virtualkris2/ros2_ws/src/boost_asio/install/boost_asio/share/boost_asio/cmake/boost_asioConfig-version.cmake
[3.855s] -- Installing: /home/virtualkris2/ros2_ws/src/boost_asio/install/boost_asio/share/boost_asio/package.xml
[3.856s] Invoked command in '/home/virtualkris2/ros2_ws/src/boost_asio/build/boost_asio' returned '0': CMAKE_PREFIX_PATH=/opt/ros/humble:${CMAKE_PREFIX_PATH} /usr/bin/cmake --install /home/virtualkris2/ros2_ws/src/boost_asio/build/boost_asio
