[0.006s] Invoking command in '/home/virtualkris2/ros2_ws/build/tripod7': /usr/bin/cmake /home/virtualkris2/ros2_ws/src/tripod7 -DCATKIN_INSTALL_INTO_PREFIX_ROOT=0 -DCMAKE_INSTALL_PREFIX=/home/virtualkris2/ros2_ws/install/tripod7
[0.037s] [0mCMake Deprecation Warning at CMakeLists.txt:1 (cmake_minimum_required):
[0.037s]   Compatibility with CMake < 2.8.12 will be removed from a future version of
[0.037s]   CMake.
[0.037s] 
[0.037s]   Update the VERSION argument <min> value or use a ...<max> suffix to tell
[0.037s]   CMake that the project does not need compatibility with older versions.
[0.037s] 
[0.037s] [0m
[0.695s] [31mCMake Error at CMakeLists.txt:5 (find_package):
[0.695s]   By not providing "Findcatkin.cmake" in CMAKE_MODULE_PATH this project has
[0.695s]   asked CMake to find a package configuration file provided by "catkin", but
[0.695s]   CMake did not find one.
[0.695s] 
[0.695s]   Could not find a package configuration file provided by "catkin" with any
[0.695s]   of the following names:
[0.695s] 
[0.695s]     catkinConfig.cmake
[0.695s]     catkin-config.cmake
[0.695s] 
[0.695s]   Add the installation prefix of "catkin" to CMAKE_PREFIX_PATH or set
[0.695s]   "catkin_DIR" to a directory containing one of the above files.  If "catkin"
[0.695s]   provides a separate development package or SDK, be sure it has been
[0.695s]   installed.
[0.695s] 
[0.695s] [0m
[0.695s] -- Configuring incomplete, errors occurred!
[0.695s] See also "/home/virtualkris2/ros2_ws/build/tripod7/CMakeFiles/CMakeOutput.log".
[0.696s] Invoked command in '/home/virtualkris2/ros2_ws/build/tripod7' returned '1': /usr/bin/cmake /home/virtualkris2/ros2_ws/src/tripod7 -DCATKIN_INSTALL_INTO_PREFIX_ROOT=0 -DCMAKE_INSTALL_PREFIX=/home/virtualkris2/ros2_ws/install/tripod7
