[  3%] [34m[1mGenerating C code for ROS interfaces[0m
[  6%] [34m[1mGenerating C++ code for ROS interfaces[0m
[  6%] Built target ament_cmake_python_copy_core_interfaces
running egg_info
creating core_interfaces.egg-info
writing core_interfaces.egg-info/PKG-INFO
writing dependency_links to core_interfaces.egg-info/dependency_links.txt
writing top-level names to core_interfaces.egg-info/top_level.txt
writing manifest file 'core_interfaces.egg-info/SOURCES.txt'
reading manifest file 'core_interfaces.egg-info/SOURCES.txt'
writing manifest file 'core_interfaces.egg-info/SOURCES.txt'
[  6%] Built target ament_cmake_python_build_core_interfaces_egg
[  9%] [32mBuilding C object CMakeFiles/core_interfaces__rosidl_generator_c.dir/rosidl_generator_c/core_interfaces/srv/detail/ui_motor__functions.c.o[0m
[  9%] Built target core_interfaces__cpp
[ 12%] [34m[1mGenerating C++ type support for eProsima Fast-RTPS[0m
[ 16%] [34m[1mGenerating C++ type support dispatch for ROS interfaces[0m
[ 19%] [34m[1mGenerating C++ introspection for ROS interfaces[0m
[ 22%] [32m[1mLinking C shared library libcore_interfaces__rosidl_generator_c.so[0m
[ 25%] [32mBuilding CXX object CMakeFiles/core_interfaces__rosidl_typesupport_cpp.dir/rosidl_typesupport_cpp/core_interfaces/srv/ui_motor__type_support.cpp.o[0m
[ 25%] Built target core_interfaces__rosidl_generator_c
[ 29%] [32mBuilding CXX object CMakeFiles/core_interfaces__rosidl_typesupport_introspection_cpp.dir/rosidl_typesupport_introspection_cpp/core_interfaces/srv/detail/ui_motor__type_support.cpp.o[0m
[ 32%] [34m[1mGenerating C type support for eProsima Fast-RTPS[0m
[ 35%] [34m[1mGenerating C introspection for ROS interfaces[0m
[ 38%] [34m[1mGenerating C type support dispatch for ROS interfaces[0m
[ 41%] [32mBuilding CXX object CMakeFiles/core_interfaces__rosidl_typesupport_fastrtps_cpp.dir/rosidl_typesupport_fastrtps_cpp/core_interfaces/srv/detail/dds_fastrtps/ui_motor__type_support.cpp.o[0m
[ 45%] [32mBuilding CXX object CMakeFiles/core_interfaces__rosidl_typesupport_c.dir/rosidl_typesupport_c/core_interfaces/srv/ui_motor__type_support.cpp.o[0m
[ 48%] [32mBuilding C object CMakeFiles/core_interfaces__rosidl_typesupport_introspection_c.dir/rosidl_typesupport_introspection_c/core_interfaces/srv/detail/ui_motor__type_support.c.o[0m
[ 51%] [32m[1mLinking CXX shared library libcore_interfaces__rosidl_typesupport_c.so[0m
[ 54%] [32mBuilding CXX object CMakeFiles/core_interfaces__rosidl_typesupport_fastrtps_c.dir/rosidl_typesupport_fastrtps_c/core_interfaces/srv/detail/ui_motor__type_support_c.cpp.o[0m
[ 58%] [32m[1mLinking CXX shared library libcore_interfaces__rosidl_typesupport_cpp.so[0m
[ 61%] [32m[1mLinking C shared library libcore_interfaces__rosidl_typesupport_introspection_c.so[0m
[ 64%] [32m[1mLinking CXX shared library libcore_interfaces__rosidl_typesupport_introspection_cpp.so[0m
[ 64%] Built target core_interfaces__rosidl_typesupport_c
[ 64%] Built target core_interfaces__rosidl_typesupport_introspection_c
[ 64%] Built target core_interfaces__rosidl_typesupport_cpp
[ 67%] [32m[1mLinking CXX shared library libcore_interfaces__rosidl_typesupport_fastrtps_cpp.so[0m
[ 67%] Built target core_interfaces__rosidl_typesupport_introspection_cpp
[ 67%] Built target core_interfaces__rosidl_typesupport_fastrtps_cpp
[ 70%] [32m[1mLinking CXX shared library libcore_interfaces__rosidl_typesupport_fastrtps_c.so[0m
[ 70%] Built target core_interfaces__rosidl_typesupport_fastrtps_c
[ 70%] Built target core_interfaces
[ 74%] [34m[1mGenerating Python code for ROS interfaces[0m
[ 74%] Built target core_interfaces__py
[ 77%] [32mBuilding C object CMakeFiles/core_interfaces__rosidl_generator_py.dir/rosidl_generator_py/core_interfaces/srv/_ui_motor_s.c.o[0m
[ 80%] [32m[1mLinking C shared library rosidl_generator_py/core_interfaces/libcore_interfaces__rosidl_generator_py.so[0m
[ 80%] Built target core_interfaces__rosidl_generator_py
[ 87%] [32mBuilding C object CMakeFiles/core_interfaces__rosidl_typesupport_fastrtps_c__pyext.dir/rosidl_generator_py/core_interfaces/_core_interfaces_s.ep.rosidl_typesupport_fastrtps_c.c.o[0m
[ 83%] [32mBuilding C object CMakeFiles/core_interfaces__rosidl_typesupport_introspection_c__pyext.dir/rosidl_generator_py/core_interfaces/_core_interfaces_s.ep.rosidl_typesupport_introspection_c.c.o[0m
[ 90%] [32mBuilding C object CMakeFiles/core_interfaces__rosidl_typesupport_c__pyext.dir/rosidl_generator_py/core_interfaces/_core_interfaces_s.ep.rosidl_typesupport_c.c.o[0m
[ 93%] [32m[1mLinking C shared library rosidl_generator_py/core_interfaces/core_interfaces_s__rosidl_typesupport_fastrtps_c.cpython-310-x86_64-linux-gnu.so[0m
[ 96%] [32m[1mLinking C shared library rosidl_generator_py/core_interfaces/core_interfaces_s__rosidl_typesupport_c.cpython-310-x86_64-linux-gnu.so[0m
[100%] [32m[1mLinking C shared library rosidl_generator_py/core_interfaces/core_interfaces_s__rosidl_typesupport_introspection_c.cpython-310-x86_64-linux-gnu.so[0m
[100%] Built target core_interfaces__rosidl_typesupport_c__pyext
[100%] Built target core_interfaces__rosidl_typesupport_fastrtps_c__pyext
[100%] Built target core_interfaces__rosidl_typesupport_introspection_c__pyext
-- Install configuration: ""
-- Installing: /home/virtualkris2/ros2_ws/install/core_interfaces/share/ament_index/resource_index/rosidl_interfaces/core_interfaces
-- Installing: /home/virtualkris2/ros2_ws/install/core_interfaces/include/core_interfaces/core_interfaces
-- Installing: /home/virtualkris2/ros2_ws/install/core_interfaces/include/core_interfaces/core_interfaces/msg
-- Installing: /home/virtualkris2/ros2_ws/install/core_interfaces/include/core_interfaces/core_interfaces/msg/rosidl_generator_c__visibility_control.h
-- Installing: /home/virtualkris2/ros2_ws/install/core_interfaces/include/core_interfaces/core_interfaces/srv
-- Installing: /home/virtualkris2/ros2_ws/install/core_interfaces/include/core_interfaces/core_interfaces/srv/detail
-- Installing: /home/virtualkris2/ros2_ws/install/core_interfaces/include/core_interfaces/core_interfaces/srv/detail/ui_motor__functions.h
-- Installing: /home/virtualkris2/ros2_ws/install/core_interfaces/include/core_interfaces/core_interfaces/srv/detail/ui_motor__functions.c
-- Installing: /home/virtualkris2/ros2_ws/install/core_interfaces/include/core_interfaces/core_interfaces/srv/detail/ui_motor__struct.h
-- Installing: /home/virtualkris2/ros2_ws/install/core_interfaces/include/core_interfaces/core_interfaces/srv/detail/ui_motor__type_support.h
-- Installing: /home/virtualkris2/ros2_ws/install/core_interfaces/include/core_interfaces/core_interfaces/srv/ui_motor.h
-- Installing: /home/virtualkris2/ros2_ws/install/core_interfaces/share/core_interfaces/environment/library_path.sh
-- Installing: /home/virtualkris2/ros2_ws/install/core_interfaces/share/core_interfaces/environment/library_path.dsv
-- Installing: /home/virtualkris2/ros2_ws/install/core_interfaces/lib/libcore_interfaces__rosidl_generator_c.so
-- Set runtime path of "/home/virtualkris2/ros2_ws/install/core_interfaces/lib/libcore_interfaces__rosidl_generator_c.so" to ""
-- Up-to-date: /home/virtualkris2/ros2_ws/install/core_interfaces/include/core_interfaces/core_interfaces
-- Up-to-date: /home/virtualkris2/ros2_ws/install/core_interfaces/include/core_interfaces/core_interfaces/msg
-- Installing: /home/virtualkris2/ros2_ws/install/core_interfaces/include/core_interfaces/core_interfaces/msg/rosidl_typesupport_fastrtps_c__visibility_control.h
-- Up-to-date: /home/virtualkris2/ros2_ws/install/core_interfaces/include/core_interfaces/core_interfaces/srv
-- Up-to-date: /home/virtualkris2/ros2_ws/install/core_interfaces/include/core_interfaces/core_interfaces/srv/detail
-- Installing: /home/virtualkris2/ros2_ws/install/core_interfaces/include/core_interfaces/core_interfaces/srv/detail/ui_motor__rosidl_typesupport_fastrtps_c.h
-- Installing: /home/virtualkris2/ros2_ws/install/core_interfaces/lib/libcore_interfaces__rosidl_typesupport_fastrtps_c.so
-- Set runtime path of "/home/virtualkris2/ros2_ws/install/core_interfaces/lib/libcore_interfaces__rosidl_typesupport_fastrtps_c.so" to ""
-- Up-to-date: /home/virtualkris2/ros2_ws/install/core_interfaces/include/core_interfaces/core_interfaces
-- Up-to-date: /home/virtualkris2/ros2_ws/install/core_interfaces/include/core_interfaces/core_interfaces/msg
-- Installing: /home/virtualkris2/ros2_ws/install/core_interfaces/include/core_interfaces/core_interfaces/msg/rosidl_typesupport_introspection_c__visibility_control.h
-- Up-to-date: /home/virtualkris2/ros2_ws/install/core_interfaces/include/core_interfaces/core_interfaces/srv
-- Up-to-date: /home/virtualkris2/ros2_ws/install/core_interfaces/include/core_interfaces/core_interfaces/srv/detail
-- Installing: /home/virtualkris2/ros2_ws/install/core_interfaces/include/core_interfaces/core_interfaces/srv/detail/ui_motor__type_support.c
-- Installing: /home/virtualkris2/ros2_ws/install/core_interfaces/include/core_interfaces/core_interfaces/srv/detail/ui_motor__rosidl_typesupport_introspection_c.h
-- Installing: /home/virtualkris2/ros2_ws/install/core_interfaces/lib/libcore_interfaces__rosidl_typesupport_introspection_c.so
-- Set runtime path of "/home/virtualkris2/ros2_ws/install/core_interfaces/lib/libcore_interfaces__rosidl_typesupport_introspection_c.so" to ""
-- Installing: /home/virtualkris2/ros2_ws/install/core_interfaces/lib/libcore_interfaces__rosidl_typesupport_c.so
-- Set runtime path of "/home/virtualkris2/ros2_ws/install/core_interfaces/lib/libcore_interfaces__rosidl_typesupport_c.so" to ""
-- Up-to-date: /home/virtualkris2/ros2_ws/install/core_interfaces/include/core_interfaces/core_interfaces
-- Up-to-date: /home/virtualkris2/ros2_ws/install/core_interfaces/include/core_interfaces/core_interfaces/srv
-- Up-to-date: /home/virtualkris2/ros2_ws/install/core_interfaces/include/core_interfaces/core_interfaces/srv/detail
-- Installing: /home/virtualkris2/ros2_ws/install/core_interfaces/include/core_interfaces/core_interfaces/srv/detail/ui_motor__struct.hpp
-- Installing: /home/virtualkris2/ros2_ws/install/core_interfaces/include/core_interfaces/core_interfaces/srv/detail/ui_motor__builder.hpp
-- Installing: /home/virtualkris2/ros2_ws/install/core_interfaces/include/core_interfaces/core_interfaces/srv/detail/ui_motor__traits.hpp
-- Installing: /home/virtualkris2/ros2_ws/install/core_interfaces/include/core_interfaces/core_interfaces/srv/ui_motor.hpp
-- Up-to-date: /home/virtualkris2/ros2_ws/install/core_interfaces/include/core_interfaces/core_interfaces
-- Up-to-date: /home/virtualkris2/ros2_ws/install/core_interfaces/include/core_interfaces/core_interfaces/msg
-- Installing: /home/virtualkris2/ros2_ws/install/core_interfaces/include/core_interfaces/core_interfaces/msg/rosidl_typesupport_fastrtps_cpp__visibility_control.h
-- Up-to-date: /home/virtualkris2/ros2_ws/install/core_interfaces/include/core_interfaces/core_interfaces/srv
-- Up-to-date: /home/virtualkris2/ros2_ws/install/core_interfaces/include/core_interfaces/core_interfaces/srv/detail
-- Installing: /home/virtualkris2/ros2_ws/install/core_interfaces/include/core_interfaces/core_interfaces/srv/detail/ui_motor__rosidl_typesupport_fastrtps_cpp.hpp
-- Installing: /home/virtualkris2/ros2_ws/install/core_interfaces/include/core_interfaces/core_interfaces/srv/detail/dds_fastrtps
-- Installing: /home/virtualkris2/ros2_ws/install/core_interfaces/lib/libcore_interfaces__rosidl_typesupport_fastrtps_cpp.so
-- Set runtime path of "/home/virtualkris2/ros2_ws/install/core_interfaces/lib/libcore_interfaces__rosidl_typesupport_fastrtps_cpp.so" to ""
-- Up-to-date: /home/virtualkris2/ros2_ws/install/core_interfaces/include/core_interfaces/core_interfaces
-- Up-to-date: /home/virtualkris2/ros2_ws/install/core_interfaces/include/core_interfaces/core_interfaces/srv
-- Up-to-date: /home/virtualkris2/ros2_ws/install/core_interfaces/include/core_interfaces/core_interfaces/srv/detail
-- Installing: /home/virtualkris2/ros2_ws/install/core_interfaces/include/core_interfaces/core_interfaces/srv/detail/ui_motor__rosidl_typesupport_introspection_cpp.hpp
-- Installing: /home/virtualkris2/ros2_ws/install/core_interfaces/include/core_interfaces/core_interfaces/srv/detail/ui_motor__type_support.cpp
-- Installing: /home/virtualkris2/ros2_ws/install/core_interfaces/lib/libcore_interfaces__rosidl_typesupport_introspection_cpp.so
-- Set runtime path of "/home/virtualkris2/ros2_ws/install/core_interfaces/lib/libcore_interfaces__rosidl_typesupport_introspection_cpp.so" to ""
-- Installing: /home/virtualkris2/ros2_ws/install/core_interfaces/lib/libcore_interfaces__rosidl_typesupport_cpp.so
-- Set runtime path of "/home/virtualkris2/ros2_ws/install/core_interfaces/lib/libcore_interfaces__rosidl_typesupport_cpp.so" to ""
-- Installing: /home/virtualkris2/ros2_ws/install/core_interfaces/share/core_interfaces/environment/pythonpath.sh
-- Installing: /home/virtualkris2/ros2_ws/install/core_interfaces/share/core_interfaces/environment/pythonpath.dsv
-- Installing: /home/virtualkris2/ros2_ws/install/core_interfaces/local/lib/python3.10/dist-packages/core_interfaces-0.0.0-py3.10.egg-info
-- Installing: /home/virtualkris2/ros2_ws/install/core_interfaces/local/lib/python3.10/dist-packages/core_interfaces-0.0.0-py3.10.egg-info/SOURCES.txt
-- Installing: /home/virtualkris2/ros2_ws/install/core_interfaces/local/lib/python3.10/dist-packages/core_interfaces-0.0.0-py3.10.egg-info/PKG-INFO
-- Installing: /home/virtualkris2/ros2_ws/install/core_interfaces/local/lib/python3.10/dist-packages/core_interfaces-0.0.0-py3.10.egg-info/top_level.txt
-- Installing: /home/virtualkris2/ros2_ws/install/core_interfaces/local/lib/python3.10/dist-packages/core_interfaces-0.0.0-py3.10.egg-info/dependency_links.txt
-- Installing: /home/virtualkris2/ros2_ws/install/core_interfaces/local/lib/python3.10/dist-packages/core_interfaces
-- Installing: /home/virtualkris2/ros2_ws/install/core_interfaces/local/lib/python3.10/dist-packages/core_interfaces/_core_interfaces_s.ep.rosidl_typesupport_c.c
-- Installing: /home/virtualkris2/ros2_ws/install/core_interfaces/local/lib/python3.10/dist-packages/core_interfaces/__init__.py
-- Installing: /home/virtualkris2/ros2_ws/install/core_interfaces/local/lib/python3.10/dist-packages/core_interfaces/core_interfaces_s__rosidl_typesupport_introspection_c.cpython-310-x86_64-linux-gnu.so
-- Installing: /home/virtualkris2/ros2_ws/install/core_interfaces/local/lib/python3.10/dist-packages/core_interfaces/_core_interfaces_s.ep.rosidl_typesupport_fastrtps_c.c
-- Installing: /home/virtualkris2/ros2_ws/install/core_interfaces/local/lib/python3.10/dist-packages/core_interfaces/_core_interfaces_s.ep.rosidl_typesupport_introspection_c.c
-- Installing: /home/virtualkris2/ros2_ws/install/core_interfaces/local/lib/python3.10/dist-packages/core_interfaces/core_interfaces_s__rosidl_typesupport_fastrtps_c.cpython-310-x86_64-linux-gnu.so
-- Installing: /home/virtualkris2/ros2_ws/install/core_interfaces/local/lib/python3.10/dist-packages/core_interfaces/srv
-- Installing: /home/virtualkris2/ros2_ws/install/core_interfaces/local/lib/python3.10/dist-packages/core_interfaces/srv/__init__.py
-- Installing: /home/virtualkris2/ros2_ws/install/core_interfaces/local/lib/python3.10/dist-packages/core_interfaces/srv/_ui_motor.py
-- Installing: /home/virtualkris2/ros2_ws/install/core_interfaces/local/lib/python3.10/dist-packages/core_interfaces/srv/_ui_motor_s.c
-- Installing: /home/virtualkris2/ros2_ws/install/core_interfaces/local/lib/python3.10/dist-packages/core_interfaces/core_interfaces_s__rosidl_typesupport_c.cpython-310-x86_64-linux-gnu.so
-- Installing: /home/virtualkris2/ros2_ws/install/core_interfaces/local/lib/python3.10/dist-packages/core_interfaces/libcore_interfaces__rosidl_generator_py.so
Listing '/home/virtualkris2/ros2_ws/install/core_interfaces/local/lib/python3.10/dist-packages/core_interfaces'...
Compiling '/home/virtualkris2/ros2_ws/install/core_interfaces/local/lib/python3.10/dist-packages/core_interfaces/__init__.py'...
Listing '/home/virtualkris2/ros2_ws/install/core_interfaces/local/lib/python3.10/dist-packages/core_interfaces/srv'...
Compiling '/home/virtualkris2/ros2_ws/install/core_interfaces/local/lib/python3.10/dist-packages/core_interfaces/srv/__init__.py'...
Compiling '/home/virtualkris2/ros2_ws/install/core_interfaces/local/lib/python3.10/dist-packages/core_interfaces/srv/_ui_motor.py'...
-- Installing: /home/virtualkris2/ros2_ws/install/core_interfaces/local/lib/python3.10/dist-packages/core_interfaces/core_interfaces_s__rosidl_typesupport_fastrtps_c.cpython-310-x86_64-linux-gnu.so
-- Set runtime path of "/home/virtualkris2/ros2_ws/install/core_interfaces/local/lib/python3.10/dist-packages/core_interfaces/core_interfaces_s__rosidl_typesupport_fastrtps_c.cpython-310-x86_64-linux-gnu.so" to ""
-- Installing: /home/virtualkris2/ros2_ws/install/core_interfaces/local/lib/python3.10/dist-packages/core_interfaces/core_interfaces_s__rosidl_typesupport_introspection_c.cpython-310-x86_64-linux-gnu.so
-- Set runtime path of "/home/virtualkris2/ros2_ws/install/core_interfaces/local/lib/python3.10/dist-packages/core_interfaces/core_interfaces_s__rosidl_typesupport_introspection_c.cpython-310-x86_64-linux-gnu.so" to ""
-- Installing: /home/virtualkris2/ros2_ws/install/core_interfaces/local/lib/python3.10/dist-packages/core_interfaces/core_interfaces_s__rosidl_typesupport_c.cpython-310-x86_64-linux-gnu.so
-- Set runtime path of "/home/virtualkris2/ros2_ws/install/core_interfaces/local/lib/python3.10/dist-packages/core_interfaces/core_interfaces_s__rosidl_typesupport_c.cpython-310-x86_64-linux-gnu.so" to ""
-- Installing: /home/virtualkris2/ros2_ws/install/core_interfaces/lib/libcore_interfaces__rosidl_generator_py.so
-- Set runtime path of "/home/virtualkris2/ros2_ws/install/core_interfaces/lib/libcore_interfaces__rosidl_generator_py.so" to ""
-- Installing: /home/virtualkris2/ros2_ws/install/core_interfaces/share/core_interfaces/srv/UiMotor.idl
-- Installing: /home/virtualkris2/ros2_ws/install/core_interfaces/share/core_interfaces/srv/UiMotor.srv
-- Installing: /home/virtualkris2/ros2_ws/install/core_interfaces/share/core_interfaces/srv/UiMotor_Request.msg
-- Installing: /home/virtualkris2/ros2_ws/install/core_interfaces/share/core_interfaces/srv/UiMotor_Response.msg
-- Installing: /home/virtualkris2/ros2_ws/install/core_interfaces/share/ament_index/resource_index/package_run_dependencies/core_interfaces
-- Installing: /home/virtualkris2/ros2_ws/install/core_interfaces/share/ament_index/resource_index/parent_prefix_path/core_interfaces
-- Installing: /home/virtualkris2/ros2_ws/install/core_interfaces/share/core_interfaces/environment/ament_prefix_path.sh
-- Installing: /home/virtualkris2/ros2_ws/install/core_interfaces/share/core_interfaces/environment/ament_prefix_path.dsv
-- Installing: /home/virtualkris2/ros2_ws/install/core_interfaces/share/core_interfaces/environment/path.sh
-- Installing: /home/virtualkris2/ros2_ws/install/core_interfaces/share/core_interfaces/environment/path.dsv
-- Installing: /home/virtualkris2/ros2_ws/install/core_interfaces/share/core_interfaces/local_setup.bash
-- Installing: /home/virtualkris2/ros2_ws/install/core_interfaces/share/core_interfaces/local_setup.sh
-- Installing: /home/virtualkris2/ros2_ws/install/core_interfaces/share/core_interfaces/local_setup.zsh
-- Installing: /home/virtualkris2/ros2_ws/install/core_interfaces/share/core_interfaces/local_setup.dsv
-- Installing: /home/virtualkris2/ros2_ws/install/core_interfaces/share/core_interfaces/package.dsv
-- Installing: /home/virtualkris2/ros2_ws/install/core_interfaces/share/ament_index/resource_index/packages/core_interfaces
-- Installing: /home/virtualkris2/ros2_ws/install/core_interfaces/share/core_interfaces/cmake/export_core_interfaces__rosidl_generator_cExport.cmake
-- Installing: /home/virtualkris2/ros2_ws/install/core_interfaces/share/core_interfaces/cmake/export_core_interfaces__rosidl_generator_cExport-noconfig.cmake
-- Installing: /home/virtualkris2/ros2_ws/install/core_interfaces/share/core_interfaces/cmake/export_core_interfaces__rosidl_typesupport_fastrtps_cExport.cmake
-- Installing: /home/virtualkris2/ros2_ws/install/core_interfaces/share/core_interfaces/cmake/export_core_interfaces__rosidl_typesupport_fastrtps_cExport-noconfig.cmake
-- Installing: /home/virtualkris2/ros2_ws/install/core_interfaces/share/core_interfaces/cmake/core_interfaces__rosidl_typesupport_introspection_cExport.cmake
-- Installing: /home/virtualkris2/ros2_ws/install/core_interfaces/share/core_interfaces/cmake/core_interfaces__rosidl_typesupport_introspection_cExport-noconfig.cmake
-- Installing: /home/virtualkris2/ros2_ws/install/core_interfaces/share/core_interfaces/cmake/core_interfaces__rosidl_typesupport_cExport.cmake
-- Installing: /home/virtualkris2/ros2_ws/install/core_interfaces/share/core_interfaces/cmake/core_interfaces__rosidl_typesupport_cExport-noconfig.cmake
-- Installing: /home/virtualkris2/ros2_ws/install/core_interfaces/share/core_interfaces/cmake/export_core_interfaces__rosidl_generator_cppExport.cmake
-- Installing: /home/virtualkris2/ros2_ws/install/core_interfaces/share/core_interfaces/cmake/export_core_interfaces__rosidl_typesupport_fastrtps_cppExport.cmake
-- Installing: /home/virtualkris2/ros2_ws/install/core_interfaces/share/core_interfaces/cmake/export_core_interfaces__rosidl_typesupport_fastrtps_cppExport-noconfig.cmake
-- Installing: /home/virtualkris2/ros2_ws/install/core_interfaces/share/core_interfaces/cmake/core_interfaces__rosidl_typesupport_introspection_cppExport.cmake
-- Installing: /home/virtualkris2/ros2_ws/install/core_interfaces/share/core_interfaces/cmake/core_interfaces__rosidl_typesupport_introspection_cppExport-noconfig.cmake
-- Installing: /home/virtualkris2/ros2_ws/install/core_interfaces/share/core_interfaces/cmake/core_interfaces__rosidl_typesupport_cppExport.cmake
-- Installing: /home/virtualkris2/ros2_ws/install/core_interfaces/share/core_interfaces/cmake/core_interfaces__rosidl_typesupport_cppExport-noconfig.cmake
-- Installing: /home/virtualkris2/ros2_ws/install/core_interfaces/share/core_interfaces/cmake/export_core_interfaces__rosidl_generator_pyExport.cmake
-- Installing: /home/virtualkris2/ros2_ws/install/core_interfaces/share/core_interfaces/cmake/export_core_interfaces__rosidl_generator_pyExport-noconfig.cmake
-- Installing: /home/virtualkris2/ros2_ws/install/core_interfaces/share/core_interfaces/cmake/rosidl_cmake-extras.cmake
-- Installing: /home/virtualkris2/ros2_ws/install/core_interfaces/share/core_interfaces/cmake/ament_cmake_export_include_directories-extras.cmake
-- Installing: /home/virtualkris2/ros2_ws/install/core_interfaces/share/core_interfaces/cmake/ament_cmake_export_libraries-extras.cmake
-- Installing: /home/virtualkris2/ros2_ws/install/core_interfaces/share/core_interfaces/cmake/ament_cmake_export_targets-extras.cmake
-- Installing: /home/virtualkris2/ros2_ws/install/core_interfaces/share/core_interfaces/cmake/rosidl_cmake_export_typesupport_targets-extras.cmake
-- Installing: /home/virtualkris2/ros2_ws/install/core_interfaces/share/core_interfaces/cmake/ament_cmake_export_dependencies-extras.cmake
-- Installing: /home/virtualkris2/ros2_ws/install/core_interfaces/share/core_interfaces/cmake/rosidl_cmake_export_typesupport_libraries-extras.cmake
-- Installing: /home/virtualkris2/ros2_ws/install/core_interfaces/share/core_interfaces/cmake/core_interfacesConfig.cmake
-- Installing: /home/virtualkris2/ros2_ws/install/core_interfaces/share/core_interfaces/cmake/core_interfacesConfig-version.cmake
-- Installing: /home/virtualkris2/ros2_ws/install/core_interfaces/share/core_interfaces/package.xml
