[0.006s] Invoking command in '/home/virtualkris2/ros2_ws/build/core_interfaces': CMAKE_PREFIX_PATH=/opt/ros/humble:${CMAKE_PREFIX_PATH} /usr/bin/cmake --build /home/virtualkris2/ros2_ws/build/core_interfaces -- -j24 -l24
[0.019s] [  3%] [34m[1mGenerating C code for ROS interfaces[0m
[0.022s] [  6%] [34m[1mGenerating C++ code for ROS interfaces[0m
[0.027s] [  6%] Built target ament_cmake_python_copy_core_interfaces
[0.122s] running egg_info
[0.122s] creating core_interfaces.egg-info
[0.122s] writing core_interfaces.egg-info/PKG-INFO
[0.122s] writing dependency_links to core_interfaces.egg-info/dependency_links.txt
[0.122s] writing top-level names to core_interfaces.egg-info/top_level.txt
[0.122s] writing manifest file 'core_interfaces.egg-info/SOURCES.txt'
[0.124s] reading manifest file 'core_interfaces.egg-info/SOURCES.txt'
[0.125s] writing manifest file 'core_interfaces.egg-info/SOURCES.txt'
[0.136s] [  6%] Built target ament_cmake_python_build_core_interfaces_egg
[0.163s] [  9%] [32mBuilding C object CMakeFiles/core_interfaces__rosidl_generator_c.dir/rosidl_generator_c/core_interfaces/srv/detail/ui_motor__functions.c.o[0m
[0.163s] [  9%] Built target core_interfaces__cpp
[0.167s] [ 12%] [34m[1mGenerating C++ type support for eProsima Fast-RTPS[0m
[0.167s] [ 16%] [34m[1mGenerating C++ type support dispatch for ROS interfaces[0m
[0.167s] [ 19%] [34m[1mGenerating C++ introspection for ROS interfaces[0m
[0.208s] [ 22%] [32m[1mLinking C shared library libcore_interfaces__rosidl_generator_c.so[0m
[0.271s] [ 25%] [32mBuilding CXX object CMakeFiles/core_interfaces__rosidl_typesupport_cpp.dir/rosidl_typesupport_cpp/core_interfaces/srv/ui_motor__type_support.cpp.o[0m
[0.275s] [ 25%] Built target core_interfaces__rosidl_generator_c
[0.278s] [ 29%] [32mBuilding CXX object CMakeFiles/core_interfaces__rosidl_typesupport_introspection_cpp.dir/rosidl_typesupport_introspection_cpp/core_interfaces/srv/detail/ui_motor__type_support.cpp.o[0m
[0.279s] [ 32%] [34m[1mGenerating C type support for eProsima Fast-RTPS[0m
[0.279s] [ 35%] [34m[1mGenerating C introspection for ROS interfaces[0m
[0.279s] [ 38%] [34m[1mGenerating C type support dispatch for ROS interfaces[0m
[0.284s] [ 41%] [32mBuilding CXX object CMakeFiles/core_interfaces__rosidl_typesupport_fastrtps_cpp.dir/rosidl_typesupport_fastrtps_cpp/core_interfaces/srv/detail/dds_fastrtps/ui_motor__type_support.cpp.o[0m
[0.382s] [ 45%] [32mBuilding CXX object CMakeFiles/core_interfaces__rosidl_typesupport_c.dir/rosidl_typesupport_c/core_interfaces/srv/ui_motor__type_support.cpp.o[0m
[0.395s] [ 48%] [32mBuilding C object CMakeFiles/core_interfaces__rosidl_typesupport_introspection_c.dir/rosidl_typesupport_introspection_c/core_interfaces/srv/detail/ui_motor__type_support.c.o[0m
[0.395s] [ 51%] [32m[1mLinking CXX shared library libcore_interfaces__rosidl_typesupport_c.so[0m
[0.398s] [ 54%] [32mBuilding CXX object CMakeFiles/core_interfaces__rosidl_typesupport_fastrtps_c.dir/rosidl_typesupport_fastrtps_c/core_interfaces/srv/detail/ui_motor__type_support_c.cpp.o[0m
[0.407s] [ 58%] [32m[1mLinking CXX shared library libcore_interfaces__rosidl_typesupport_cpp.so[0m
[0.410s] [ 61%] [32m[1mLinking C shared library libcore_interfaces__rosidl_typesupport_introspection_c.so[0m
[0.452s] [ 64%] [32m[1mLinking CXX shared library libcore_interfaces__rosidl_typesupport_introspection_cpp.so[0m
[0.456s] [ 64%] Built target core_interfaces__rosidl_typesupport_c
[0.463s] [ 64%] Built target core_interfaces__rosidl_typesupport_introspection_c
[0.466s] [ 64%] Built target core_interfaces__rosidl_typesupport_cpp
[0.471s] [ 67%] [32m[1mLinking CXX shared library libcore_interfaces__rosidl_typesupport_fastrtps_cpp.so[0m
[0.499s] [ 67%] Built target core_interfaces__rosidl_typesupport_introspection_cpp
[0.531s] [ 67%] Built target core_interfaces__rosidl_typesupport_fastrtps_cpp
[0.533s] [ 70%] [32m[1mLinking CXX shared library libcore_interfaces__rosidl_typesupport_fastrtps_c.so[0m
[0.590s] [ 70%] Built target core_interfaces__rosidl_typesupport_fastrtps_c
[0.597s] [ 70%] Built target core_interfaces
[0.603s] [ 74%] [34m[1mGenerating Python code for ROS interfaces[0m
[0.761s] [ 74%] Built target core_interfaces__py
[0.767s] [ 77%] [32mBuilding C object CMakeFiles/core_interfaces__rosidl_generator_py.dir/rosidl_generator_py/core_interfaces/srv/_ui_motor_s.c.o[0m
[0.843s] [ 80%] [32m[1mLinking C shared library rosidl_generator_py/core_interfaces/libcore_interfaces__rosidl_generator_py.so[0m
[0.891s] [ 80%] Built target core_interfaces__rosidl_generator_py
[0.898s] [ 87%] [32mBuilding C object CMakeFiles/core_interfaces__rosidl_typesupport_fastrtps_c__pyext.dir/rosidl_generator_py/core_interfaces/_core_interfaces_s.ep.rosidl_typesupport_fastrtps_c.c.o[0m
[0.898s] [ 83%] [32mBuilding C object CMakeFiles/core_interfaces__rosidl_typesupport_introspection_c__pyext.dir/rosidl_generator_py/core_interfaces/_core_interfaces_s.ep.rosidl_typesupport_introspection_c.c.o[0m
[0.900s] [ 90%] [32mBuilding C object CMakeFiles/core_interfaces__rosidl_typesupport_c__pyext.dir/rosidl_generator_py/core_interfaces/_core_interfaces_s.ep.rosidl_typesupport_c.c.o[0m
[0.937s] [ 93%] [32m[1mLinking C shared library rosidl_generator_py/core_interfaces/core_interfaces_s__rosidl_typesupport_fastrtps_c.cpython-310-x86_64-linux-gnu.so[0m
[0.937s] [ 96%] [32m[1mLinking C shared library rosidl_generator_py/core_interfaces/core_interfaces_s__rosidl_typesupport_c.cpython-310-x86_64-linux-gnu.so[0m
[0.943s] [100%] [32m[1mLinking C shared library rosidl_generator_py/core_interfaces/core_interfaces_s__rosidl_typesupport_introspection_c.cpython-310-x86_64-linux-gnu.so[0m
[0.977s] [100%] Built target core_interfaces__rosidl_typesupport_c__pyext
[0.978s] [100%] Built target core_interfaces__rosidl_typesupport_fastrtps_c__pyext
[0.992s] [100%] Built target core_interfaces__rosidl_typesupport_introspection_c__pyext
[0.996s] Invoked command in '/home/virtualkris2/ros2_ws/build/core_interfaces' returned '0': CMAKE_PREFIX_PATH=/opt/ros/humble:${CMAKE_PREFIX_PATH} /usr/bin/cmake --build /home/virtualkris2/ros2_ws/build/core_interfaces -- -j24 -l24
[1.017s] Invoking command in '/home/virtualkris2/ros2_ws/build/core_interfaces': CMAKE_PREFIX_PATH=/opt/ros/humble:${CMAKE_PREFIX_PATH} /usr/bin/cmake --install /home/virtualkris2/ros2_ws/build/core_interfaces
[1.020s] -- Install configuration: ""
[1.020s] -- Installing: /home/virtualkris2/ros2_ws/install/core_interfaces/share/ament_index/resource_index/rosidl_interfaces/core_interfaces
[1.020s] -- Installing: /home/virtualkris2/ros2_ws/install/core_interfaces/include/core_interfaces/core_interfaces
[1.020s] -- Installing: /home/virtualkris2/ros2_ws/install/core_interfaces/include/core_interfaces/core_interfaces/msg
[1.020s] -- Installing: /home/virtualkris2/ros2_ws/install/core_interfaces/include/core_interfaces/core_interfaces/msg/rosidl_generator_c__visibility_control.h
[1.020s] -- Installing: /home/virtualkris2/ros2_ws/install/core_interfaces/include/core_interfaces/core_interfaces/srv
[1.020s] -- Installing: /home/virtualkris2/ros2_ws/install/core_interfaces/include/core_interfaces/core_interfaces/srv/detail
[1.020s] -- Installing: /home/virtualkris2/ros2_ws/install/core_interfaces/include/core_interfaces/core_interfaces/srv/detail/ui_motor__functions.h
[1.021s] -- Installing: /home/virtualkris2/ros2_ws/install/core_interfaces/include/core_interfaces/core_interfaces/srv/detail/ui_motor__functions.c
[1.021s] -- Installing: /home/virtualkris2/ros2_ws/install/core_interfaces/include/core_interfaces/core_interfaces/srv/detail/ui_motor__struct.h
[1.021s] -- Installing: /home/virtualkris2/ros2_ws/install/core_interfaces/include/core_interfaces/core_interfaces/srv/detail/ui_motor__type_support.h
[1.021s] -- Installing: /home/virtualkris2/ros2_ws/install/core_interfaces/include/core_interfaces/core_interfaces/srv/ui_motor.h
[1.021s] -- Installing: /home/virtualkris2/ros2_ws/install/core_interfaces/share/core_interfaces/environment/library_path.sh
[1.021s] -- Installing: /home/virtualkris2/ros2_ws/install/core_interfaces/share/core_interfaces/environment/library_path.dsv
[1.021s] -- Installing: /home/virtualkris2/ros2_ws/install/core_interfaces/lib/libcore_interfaces__rosidl_generator_c.so
[1.021s] -- Set runtime path of "/home/virtualkris2/ros2_ws/install/core_interfaces/lib/libcore_interfaces__rosidl_generator_c.so" to ""
[1.021s] -- Up-to-date: /home/virtualkris2/ros2_ws/install/core_interfaces/include/core_interfaces/core_interfaces
[1.021s] -- Up-to-date: /home/virtualkris2/ros2_ws/install/core_interfaces/include/core_interfaces/core_interfaces/msg
[1.021s] -- Installing: /home/virtualkris2/ros2_ws/install/core_interfaces/include/core_interfaces/core_interfaces/msg/rosidl_typesupport_fastrtps_c__visibility_control.h
[1.021s] -- Up-to-date: /home/virtualkris2/ros2_ws/install/core_interfaces/include/core_interfaces/core_interfaces/srv
[1.022s] -- Up-to-date: /home/virtualkris2/ros2_ws/install/core_interfaces/include/core_interfaces/core_interfaces/srv/detail
[1.022s] -- Installing: /home/virtualkris2/ros2_ws/install/core_interfaces/include/core_interfaces/core_interfaces/srv/detail/ui_motor__rosidl_typesupport_fastrtps_c.h
[1.022s] -- Installing: /home/virtualkris2/ros2_ws/install/core_interfaces/lib/libcore_interfaces__rosidl_typesupport_fastrtps_c.so
[1.022s] -- Set runtime path of "/home/virtualkris2/ros2_ws/install/core_interfaces/lib/libcore_interfaces__rosidl_typesupport_fastrtps_c.so" to ""
[1.022s] -- Up-to-date: /home/virtualkris2/ros2_ws/install/core_interfaces/include/core_interfaces/core_interfaces
[1.022s] -- Up-to-date: /home/virtualkris2/ros2_ws/install/core_interfaces/include/core_interfaces/core_interfaces/msg
[1.022s] -- Installing: /home/virtualkris2/ros2_ws/install/core_interfaces/include/core_interfaces/core_interfaces/msg/rosidl_typesupport_introspection_c__visibility_control.h
[1.022s] -- Up-to-date: /home/virtualkris2/ros2_ws/install/core_interfaces/include/core_interfaces/core_interfaces/srv
[1.022s] -- Up-to-date: /home/virtualkris2/ros2_ws/install/core_interfaces/include/core_interfaces/core_interfaces/srv/detail
[1.022s] -- Installing: /home/virtualkris2/ros2_ws/install/core_interfaces/include/core_interfaces/core_interfaces/srv/detail/ui_motor__type_support.c
[1.022s] -- Installing: /home/virtualkris2/ros2_ws/install/core_interfaces/include/core_interfaces/core_interfaces/srv/detail/ui_motor__rosidl_typesupport_introspection_c.h
[1.022s] -- Installing: /home/virtualkris2/ros2_ws/install/core_interfaces/lib/libcore_interfaces__rosidl_typesupport_introspection_c.so
[1.022s] -- Set runtime path of "/home/virtualkris2/ros2_ws/install/core_interfaces/lib/libcore_interfaces__rosidl_typesupport_introspection_c.so" to ""
[1.022s] -- Installing: /home/virtualkris2/ros2_ws/install/core_interfaces/lib/libcore_interfaces__rosidl_typesupport_c.so
[1.022s] -- Set runtime path of "/home/virtualkris2/ros2_ws/install/core_interfaces/lib/libcore_interfaces__rosidl_typesupport_c.so" to ""
[1.022s] -- Up-to-date: /home/virtualkris2/ros2_ws/install/core_interfaces/include/core_interfaces/core_interfaces
[1.022s] -- Up-to-date: /home/virtualkris2/ros2_ws/install/core_interfaces/include/core_interfaces/core_interfaces/srv
[1.023s] -- Up-to-date: /home/virtualkris2/ros2_ws/install/core_interfaces/include/core_interfaces/core_interfaces/srv/detail
[1.023s] -- Installing: /home/virtualkris2/ros2_ws/install/core_interfaces/include/core_interfaces/core_interfaces/srv/detail/ui_motor__struct.hpp
[1.023s] -- Installing: /home/virtualkris2/ros2_ws/install/core_interfaces/include/core_interfaces/core_interfaces/srv/detail/ui_motor__builder.hpp
[1.023s] -- Installing: /home/virtualkris2/ros2_ws/install/core_interfaces/include/core_interfaces/core_interfaces/srv/detail/ui_motor__traits.hpp
[1.023s] -- Installing: /home/virtualkris2/ros2_ws/install/core_interfaces/include/core_interfaces/core_interfaces/srv/ui_motor.hpp
[1.023s] -- Up-to-date: /home/virtualkris2/ros2_ws/install/core_interfaces/include/core_interfaces/core_interfaces
[1.023s] -- Up-to-date: /home/virtualkris2/ros2_ws/install/core_interfaces/include/core_interfaces/core_interfaces/msg
[1.023s] -- Installing: /home/virtualkris2/ros2_ws/install/core_interfaces/include/core_interfaces/core_interfaces/msg/rosidl_typesupport_fastrtps_cpp__visibility_control.h
[1.023s] -- Up-to-date: /home/virtualkris2/ros2_ws/install/core_interfaces/include/core_interfaces/core_interfaces/srv
[1.023s] -- Up-to-date: /home/virtualkris2/ros2_ws/install/core_interfaces/include/core_interfaces/core_interfaces/srv/detail
[1.023s] -- Installing: /home/virtualkris2/ros2_ws/install/core_interfaces/include/core_interfaces/core_interfaces/srv/detail/ui_motor__rosidl_typesupport_fastrtps_cpp.hpp
[1.023s] -- Installing: /home/virtualkris2/ros2_ws/install/core_interfaces/include/core_interfaces/core_interfaces/srv/detail/dds_fastrtps
[1.023s] -- Installing: /home/virtualkris2/ros2_ws/install/core_interfaces/lib/libcore_interfaces__rosidl_typesupport_fastrtps_cpp.so
[1.023s] -- Set runtime path of "/home/virtualkris2/ros2_ws/install/core_interfaces/lib/libcore_interfaces__rosidl_typesupport_fastrtps_cpp.so" to ""
[1.023s] -- Up-to-date: /home/virtualkris2/ros2_ws/install/core_interfaces/include/core_interfaces/core_interfaces
[1.023s] -- Up-to-date: /home/virtualkris2/ros2_ws/install/core_interfaces/include/core_interfaces/core_interfaces/srv
[1.023s] -- Up-to-date: /home/virtualkris2/ros2_ws/install/core_interfaces/include/core_interfaces/core_interfaces/srv/detail
[1.023s] -- Installing: /home/virtualkris2/ros2_ws/install/core_interfaces/include/core_interfaces/core_interfaces/srv/detail/ui_motor__rosidl_typesupport_introspection_cpp.hpp
[1.024s] -- Installing: /home/virtualkris2/ros2_ws/install/core_interfaces/include/core_interfaces/core_interfaces/srv/detail/ui_motor__type_support.cpp
[1.024s] -- Installing: /home/virtualkris2/ros2_ws/install/core_interfaces/lib/libcore_interfaces__rosidl_typesupport_introspection_cpp.so
[1.024s] -- Set runtime path of "/home/virtualkris2/ros2_ws/install/core_interfaces/lib/libcore_interfaces__rosidl_typesupport_introspection_cpp.so" to ""
[1.024s] -- Installing: /home/virtualkris2/ros2_ws/install/core_interfaces/lib/libcore_interfaces__rosidl_typesupport_cpp.so
[1.024s] -- Set runtime path of "/home/virtualkris2/ros2_ws/install/core_interfaces/lib/libcore_interfaces__rosidl_typesupport_cpp.so" to ""
[1.024s] -- Installing: /home/virtualkris2/ros2_ws/install/core_interfaces/share/core_interfaces/environment/pythonpath.sh
[1.024s] -- Installing: /home/virtualkris2/ros2_ws/install/core_interfaces/share/core_interfaces/environment/pythonpath.dsv
[1.024s] -- Installing: /home/virtualkris2/ros2_ws/install/core_interfaces/local/lib/python3.10/dist-packages/core_interfaces-0.0.0-py3.10.egg-info
[1.024s] -- Installing: /home/virtualkris2/ros2_ws/install/core_interfaces/local/lib/python3.10/dist-packages/core_interfaces-0.0.0-py3.10.egg-info/SOURCES.txt
[1.024s] -- Installing: /home/virtualkris2/ros2_ws/install/core_interfaces/local/lib/python3.10/dist-packages/core_interfaces-0.0.0-py3.10.egg-info/PKG-INFO
[1.024s] -- Installing: /home/virtualkris2/ros2_ws/install/core_interfaces/local/lib/python3.10/dist-packages/core_interfaces-0.0.0-py3.10.egg-info/top_level.txt
[1.024s] -- Installing: /home/virtualkris2/ros2_ws/install/core_interfaces/local/lib/python3.10/dist-packages/core_interfaces-0.0.0-py3.10.egg-info/dependency_links.txt
[1.024s] -- Installing: /home/virtualkris2/ros2_ws/install/core_interfaces/local/lib/python3.10/dist-packages/core_interfaces
[1.024s] -- Installing: /home/virtualkris2/ros2_ws/install/core_interfaces/local/lib/python3.10/dist-packages/core_interfaces/_core_interfaces_s.ep.rosidl_typesupport_c.c
[1.024s] -- Installing: /home/virtualkris2/ros2_ws/install/core_interfaces/local/lib/python3.10/dist-packages/core_interfaces/__init__.py
[1.024s] -- Installing: /home/virtualkris2/ros2_ws/install/core_interfaces/local/lib/python3.10/dist-packages/core_interfaces/core_interfaces_s__rosidl_typesupport_introspection_c.cpython-310-x86_64-linux-gnu.so
[1.024s] -- Installing: /home/virtualkris2/ros2_ws/install/core_interfaces/local/lib/python3.10/dist-packages/core_interfaces/_core_interfaces_s.ep.rosidl_typesupport_fastrtps_c.c
[1.024s] -- Installing: /home/virtualkris2/ros2_ws/install/core_interfaces/local/lib/python3.10/dist-packages/core_interfaces/_core_interfaces_s.ep.rosidl_typesupport_introspection_c.c
[1.024s] -- Installing: /home/virtualkris2/ros2_ws/install/core_interfaces/local/lib/python3.10/dist-packages/core_interfaces/core_interfaces_s__rosidl_typesupport_fastrtps_c.cpython-310-x86_64-linux-gnu.so
[1.024s] -- Installing: /home/virtualkris2/ros2_ws/install/core_interfaces/local/lib/python3.10/dist-packages/core_interfaces/srv
[1.024s] -- Installing: /home/virtualkris2/ros2_ws/install/core_interfaces/local/lib/python3.10/dist-packages/core_interfaces/srv/__init__.py
[1.024s] -- Installing: /home/virtualkris2/ros2_ws/install/core_interfaces/local/lib/python3.10/dist-packages/core_interfaces/srv/_ui_motor.py
[1.024s] -- Installing: /home/virtualkris2/ros2_ws/install/core_interfaces/local/lib/python3.10/dist-packages/core_interfaces/srv/_ui_motor_s.c
[1.024s] -- Installing: /home/virtualkris2/ros2_ws/install/core_interfaces/local/lib/python3.10/dist-packages/core_interfaces/core_interfaces_s__rosidl_typesupport_c.cpython-310-x86_64-linux-gnu.so
[1.024s] -- Installing: /home/virtualkris2/ros2_ws/install/core_interfaces/local/lib/python3.10/dist-packages/core_interfaces/libcore_interfaces__rosidl_generator_py.so
[1.039s] Listing '/home/virtualkris2/ros2_ws/install/core_interfaces/local/lib/python3.10/dist-packages/core_interfaces'...
[1.039s] Compiling '/home/virtualkris2/ros2_ws/install/core_interfaces/local/lib/python3.10/dist-packages/core_interfaces/__init__.py'...
[1.039s] Listing '/home/virtualkris2/ros2_ws/install/core_interfaces/local/lib/python3.10/dist-packages/core_interfaces/srv'...
[1.040s] Compiling '/home/virtualkris2/ros2_ws/install/core_interfaces/local/lib/python3.10/dist-packages/core_interfaces/srv/__init__.py'...
[1.040s] Compiling '/home/virtualkris2/ros2_ws/install/core_interfaces/local/lib/python3.10/dist-packages/core_interfaces/srv/_ui_motor.py'...
[1.041s] -- Installing: /home/virtualkris2/ros2_ws/install/core_interfaces/local/lib/python3.10/dist-packages/core_interfaces/core_interfaces_s__rosidl_typesupport_fastrtps_c.cpython-310-x86_64-linux-gnu.so
[1.042s] -- Set runtime path of "/home/virtualkris2/ros2_ws/install/core_interfaces/local/lib/python3.10/dist-packages/core_interfaces/core_interfaces_s__rosidl_typesupport_fastrtps_c.cpython-310-x86_64-linux-gnu.so" to ""
[1.042s] -- Installing: /home/virtualkris2/ros2_ws/install/core_interfaces/local/lib/python3.10/dist-packages/core_interfaces/core_interfaces_s__rosidl_typesupport_introspection_c.cpython-310-x86_64-linux-gnu.so
[1.042s] -- Set runtime path of "/home/virtualkris2/ros2_ws/install/core_interfaces/local/lib/python3.10/dist-packages/core_interfaces/core_interfaces_s__rosidl_typesupport_introspection_c.cpython-310-x86_64-linux-gnu.so" to ""
[1.042s] -- Installing: /home/virtualkris2/ros2_ws/install/core_interfaces/local/lib/python3.10/dist-packages/core_interfaces/core_interfaces_s__rosidl_typesupport_c.cpython-310-x86_64-linux-gnu.so
[1.042s] -- Set runtime path of "/home/virtualkris2/ros2_ws/install/core_interfaces/local/lib/python3.10/dist-packages/core_interfaces/core_interfaces_s__rosidl_typesupport_c.cpython-310-x86_64-linux-gnu.so" to ""
[1.042s] -- Installing: /home/virtualkris2/ros2_ws/install/core_interfaces/lib/libcore_interfaces__rosidl_generator_py.so
[1.042s] -- Set runtime path of "/home/virtualkris2/ros2_ws/install/core_interfaces/lib/libcore_interfaces__rosidl_generator_py.so" to ""
[1.042s] -- Installing: /home/virtualkris2/ros2_ws/install/core_interfaces/share/core_interfaces/srv/UiMotor.idl
[1.042s] -- Installing: /home/virtualkris2/ros2_ws/install/core_interfaces/share/core_interfaces/srv/UiMotor.srv
[1.042s] -- Installing: /home/virtualkris2/ros2_ws/install/core_interfaces/share/core_interfaces/srv/UiMotor_Request.msg
[1.042s] -- Installing: /home/virtualkris2/ros2_ws/install/core_interfaces/share/core_interfaces/srv/UiMotor_Response.msg
[1.042s] -- Installing: /home/virtualkris2/ros2_ws/install/core_interfaces/share/ament_index/resource_index/package_run_dependencies/core_interfaces
[1.042s] -- Installing: /home/virtualkris2/ros2_ws/install/core_interfaces/share/ament_index/resource_index/parent_prefix_path/core_interfaces
[1.043s] -- Installing: /home/virtualkris2/ros2_ws/install/core_interfaces/share/core_interfaces/environment/ament_prefix_path.sh
[1.043s] -- Installing: /home/virtualkris2/ros2_ws/install/core_interfaces/share/core_interfaces/environment/ament_prefix_path.dsv
[1.043s] -- Installing: /home/virtualkris2/ros2_ws/install/core_interfaces/share/core_interfaces/environment/path.sh
[1.043s] -- Installing: /home/virtualkris2/ros2_ws/install/core_interfaces/share/core_interfaces/environment/path.dsv
[1.043s] -- Installing: /home/virtualkris2/ros2_ws/install/core_interfaces/share/core_interfaces/local_setup.bash
[1.043s] -- Installing: /home/virtualkris2/ros2_ws/install/core_interfaces/share/core_interfaces/local_setup.sh
[1.043s] -- Installing: /home/virtualkris2/ros2_ws/install/core_interfaces/share/core_interfaces/local_setup.zsh
[1.043s] -- Installing: /home/virtualkris2/ros2_ws/install/core_interfaces/share/core_interfaces/local_setup.dsv
[1.043s] -- Installing: /home/virtualkris2/ros2_ws/install/core_interfaces/share/core_interfaces/package.dsv
[1.043s] -- Installing: /home/virtualkris2/ros2_ws/install/core_interfaces/share/ament_index/resource_index/packages/core_interfaces
[1.043s] -- Installing: /home/virtualkris2/ros2_ws/install/core_interfaces/share/core_interfaces/cmake/export_core_interfaces__rosidl_generator_cExport.cmake
[1.043s] -- Installing: /home/virtualkris2/ros2_ws/install/core_interfaces/share/core_interfaces/cmake/export_core_interfaces__rosidl_generator_cExport-noconfig.cmake
[1.043s] -- Installing: /home/virtualkris2/ros2_ws/install/core_interfaces/share/core_interfaces/cmake/export_core_interfaces__rosidl_typesupport_fastrtps_cExport.cmake
[1.043s] -- Installing: /home/virtualkris2/ros2_ws/install/core_interfaces/share/core_interfaces/cmake/export_core_interfaces__rosidl_typesupport_fastrtps_cExport-noconfig.cmake
[1.043s] -- Installing: /home/virtualkris2/ros2_ws/install/core_interfaces/share/core_interfaces/cmake/core_interfaces__rosidl_typesupport_introspection_cExport.cmake
[1.044s] -- Installing: /home/virtualkris2/ros2_ws/install/core_interfaces/share/core_interfaces/cmake/core_interfaces__rosidl_typesupport_introspection_cExport-noconfig.cmake
[1.044s] -- Installing: /home/virtualkris2/ros2_ws/install/core_interfaces/share/core_interfaces/cmake/core_interfaces__rosidl_typesupport_cExport.cmake
[1.044s] -- Installing: /home/virtualkris2/ros2_ws/install/core_interfaces/share/core_interfaces/cmake/core_interfaces__rosidl_typesupport_cExport-noconfig.cmake
[1.044s] -- Installing: /home/virtualkris2/ros2_ws/install/core_interfaces/share/core_interfaces/cmake/export_core_interfaces__rosidl_generator_cppExport.cmake
[1.044s] -- Installing: /home/virtualkris2/ros2_ws/install/core_interfaces/share/core_interfaces/cmake/export_core_interfaces__rosidl_typesupport_fastrtps_cppExport.cmake
[1.044s] -- Installing: /home/virtualkris2/ros2_ws/install/core_interfaces/share/core_interfaces/cmake/export_core_interfaces__rosidl_typesupport_fastrtps_cppExport-noconfig.cmake
[1.044s] -- Installing: /home/virtualkris2/ros2_ws/install/core_interfaces/share/core_interfaces/cmake/core_interfaces__rosidl_typesupport_introspection_cppExport.cmake
[1.044s] -- Installing: /home/virtualkris2/ros2_ws/install/core_interfaces/share/core_interfaces/cmake/core_interfaces__rosidl_typesupport_introspection_cppExport-noconfig.cmake
[1.044s] -- Installing: /home/virtualkris2/ros2_ws/install/core_interfaces/share/core_interfaces/cmake/core_interfaces__rosidl_typesupport_cppExport.cmake
[1.044s] -- Installing: /home/virtualkris2/ros2_ws/install/core_interfaces/share/core_interfaces/cmake/core_interfaces__rosidl_typesupport_cppExport-noconfig.cmake
[1.044s] -- Installing: /home/virtualkris2/ros2_ws/install/core_interfaces/share/core_interfaces/cmake/export_core_interfaces__rosidl_generator_pyExport.cmake
[1.044s] -- Installing: /home/virtualkris2/ros2_ws/install/core_interfaces/share/core_interfaces/cmake/export_core_interfaces__rosidl_generator_pyExport-noconfig.cmake
[1.044s] -- Installing: /home/virtualkris2/ros2_ws/install/core_interfaces/share/core_interfaces/cmake/rosidl_cmake-extras.cmake
[1.044s] -- Installing: /home/virtualkris2/ros2_ws/install/core_interfaces/share/core_interfaces/cmake/ament_cmake_export_include_directories-extras.cmake
[1.044s] -- Installing: /home/virtualkris2/ros2_ws/install/core_interfaces/share/core_interfaces/cmake/ament_cmake_export_libraries-extras.cmake
[1.045s] -- Installing: /home/virtualkris2/ros2_ws/install/core_interfaces/share/core_interfaces/cmake/ament_cmake_export_targets-extras.cmake
[1.045s] -- Installing: /home/virtualkris2/ros2_ws/install/core_interfaces/share/core_interfaces/cmake/rosidl_cmake_export_typesupport_targets-extras.cmake
[1.045s] -- Installing: /home/virtualkris2/ros2_ws/install/core_interfaces/share/core_interfaces/cmake/ament_cmake_export_dependencies-extras.cmake
[1.045s] -- Installing: /home/virtualkris2/ros2_ws/install/core_interfaces/share/core_interfaces/cmake/rosidl_cmake_export_typesupport_libraries-extras.cmake
[1.045s] -- Installing: /home/virtualkris2/ros2_ws/install/core_interfaces/share/core_interfaces/cmake/core_interfacesConfig.cmake
[1.045s] -- Installing: /home/virtualkris2/ros2_ws/install/core_interfaces/share/core_interfaces/cmake/core_interfacesConfig-version.cmake
[1.045s] -- Installing: /home/virtualkris2/ros2_ws/install/core_interfaces/share/core_interfaces/package.xml
[1.045s] Invoked command in '/home/virtualkris2/ros2_ws/build/core_interfaces' returned '0': CMAKE_PREFIX_PATH=/opt/ros/humble:${CMAKE_PREFIX_PATH} /usr/bin/cmake --install /home/virtualkris2/ros2_ws/build/core_interfaces
