[0.006s] Invoking command in '/home/virtualkris2/ros2_ws/build/tripod7': /usr/bin/cmake /home/virtualkris2/ros2_ws/src/tripod7 -DCATKIN_INSTALL_INTO_PREFIX_ROOT=0 -DCMAKE_INSTALL_PREFIX=/home/virtualkris2/ros2_ws/install/tripod7
[0.057s] -- The C compiler identification is GNU 11.4.0
[0.239s] -- The CXX compiler identification is GNU 11.4.0
[0.355s] -- Detecting C compiler ABI info
[0.406s] -- Detecting C compiler ABI info - done
[0.410s] -- Check for working C compiler: /usr/bin/cc - skipped
[0.410s] -- Detecting C compile features
[0.410s] -- Detecting C compile features - done
[0.412s] -- Detecting CXX compiler ABI info
[0.468s] -- Detecting CXX compiler ABI info - done
[0.472s] -- Check for working CXX compiler: /usr/bin/c++ - skipped
[0.472s] -- Detecting CXX compile features
[0.472s] -- Detecting CXX compile features - done
[0.473s] -- Found ament_cmake: 1.3.10 (/opt/ros/humble/share/ament_cmake/cmake)
[0.536s] -- Found Python3: /usr/bin/python3 (found version "3.10.12") found components: Interpreter 
[0.600s] -- Configuring done
[0.601s] -- Generating done
[0.601s] [33mCMake Warning:
[0.601s]   Manually-specified variables were not used by the project:
[0.601s] 
[0.601s]     CATKIN_INSTALL_INTO_PREFIX_ROOT
[0.601s] 
[0.601s] [0m
[0.601s] -- Build files have been written to: /home/virtualkris2/ros2_ws/build/tripod7
[0.603s] Invoked command in '/home/virtualkris2/ros2_ws/build/tripod7' returned '0': /usr/bin/cmake /home/virtualkris2/ros2_ws/src/tripod7 -DCATKIN_INSTALL_INTO_PREFIX_ROOT=0 -DCMAKE_INSTALL_PREFIX=/home/virtualkris2/ros2_ws/install/tripod7
[0.604s] Invoking command in '/home/virtualkris2/ros2_ws/build/tripod7': /usr/bin/cmake --build /home/virtualkris2/ros2_ws/build/tripod7 -- -j24 -l24
[0.617s] Invoked command in '/home/virtualkris2/ros2_ws/build/tripod7' returned '0': /usr/bin/cmake --build /home/virtualkris2/ros2_ws/build/tripod7 -- -j24 -l24
[0.636s] Invoking command in '/home/virtualkris2/ros2_ws/build/tripod7': /usr/bin/cmake --install /home/virtualkris2/ros2_ws/build/tripod7
[0.638s] -- Install configuration: ""
[0.639s] -- Installing: /home/virtualkris2/ros2_ws/install/tripod7/share/tripod7/config
[0.639s] -- Installing: /home/virtualkris2/ros2_ws/install/tripod7/share/tripod7/config/joint_names_tripod7.yaml
[0.639s] -- Installing: /home/virtualkris2/ros2_ws/install/tripod7/share/tripod7/config/joint_names_tripod7.yaml:Zone.Identifier:Zone.Identifier
[0.639s] -- Installing: /home/virtualkris2/ros2_ws/install/tripod7/share/tripod7/config/joint_names_tripod7.yaml:Zone.Identifier
[0.639s] -- Installing: /home/virtualkris2/ros2_ws/install/tripod7/share/tripod7/launch
[0.639s] -- Installing: /home/virtualkris2/ros2_ws/install/tripod7/share/tripod7/launch/gazebo.launch:Zone.Identifier:Zone.Identifier
[0.639s] -- Installing: /home/virtualkris2/ros2_ws/install/tripod7/share/tripod7/launch/control.launch.py
[0.639s] -- Installing: /home/virtualkris2/ros2_ws/install/tripod7/share/tripod7/launch/robot_description.launch.py
[0.639s] -- Installing: /home/virtualkris2/ros2_ws/install/tripod7/share/tripod7/launch/display.launch.py
[0.639s] -- Installing: /home/virtualkris2/ros2_ws/install/tripod7/share/tripod7/launch/control.launch:Zone.Identifier
[0.639s] -- Installing: /home/virtualkris2/ros2_ws/install/tripod7/share/tripod7/launch/display.launch:Zone.Identifier
[0.639s] -- Installing: /home/virtualkris2/ros2_ws/install/tripod7/share/tripod7/launch/gazebo.launch:Zone.Identifier
[0.639s] -- Installing: /home/virtualkris2/ros2_ws/install/tripod7/share/tripod7/launch/gazebo.launch.py
[0.639s] -- Installing: /home/virtualkris2/ros2_ws/install/tripod7/share/tripod7/launch/display.launch:Zone.Identifier:Zone.Identifier
[0.640s] -- Installing: /home/virtualkris2/ros2_ws/install/tripod7/share/tripod7/launch/robot_description.launch:Zone.Identifier
[0.640s] -- Installing: /home/virtualkris2/ros2_ws/install/tripod7/share/tripod7/meshes
[0.640s] -- Installing: /home/virtualkris2/ros2_ws/install/tripod7/share/tripod7/meshes/lsec02.STL:Zone.Identifier
[0.640s] -- Installing: /home/virtualkris2/ros2_ws/install/tripod7/share/tripod7/meshes/hsec02.STL:Zone.Identifier:Zone.Identifier
[0.640s] -- Installing: /home/virtualkris2/ros2_ws/install/tripod7/share/tripod7/meshes/hsec02.STL
[0.640s] -- Installing: /home/virtualkris2/ros2_ws/install/tripod7/share/tripod7/meshes/hsec01.STL
[0.640s] -- Installing: /home/virtualkris2/ros2_ws/install/tripod7/share/tripod7/meshes/sec01.STL:Zone.Identifier
[0.640s] -- Installing: /home/virtualkris2/ros2_ws/install/tripod7/share/tripod7/meshes/hsec02.STL:Zone.Identifier
[0.640s] -- Installing: /home/virtualkris2/ros2_ws/install/tripod7/share/tripod7/meshes/sec02.STL:Zone.Identifier
[0.640s] -- Installing: /home/virtualkris2/ros2_ws/install/tripod7/share/tripod7/meshes/sec01.STL
[0.640s] -- Installing: /home/virtualkris2/ros2_ws/install/tripod7/share/tripod7/meshes/lsec01.STL
[0.644s] -- Installing: /home/virtualkris2/ros2_ws/install/tripod7/share/tripod7/meshes/base_link.STL:Zone.Identifier:Zone.Identifier
[0.644s] -- Installing: /home/virtualkris2/ros2_ws/install/tripod7/share/tripod7/meshes/base_link.STL:Zone.Identifier
[0.644s] -- Installing: /home/virtualkris2/ros2_ws/install/tripod7/share/tripod7/meshes/lsec02.STL
[0.647s] -- Installing: /home/virtualkris2/ros2_ws/install/tripod7/share/tripod7/meshes/sec03.STL:Zone.Identifier:Zone.Identifier
[0.647s] -- Installing: /home/virtualkris2/ros2_ws/install/tripod7/share/tripod7/meshes/lsec01.STL:Zone.Identifier
[0.647s] -- Installing: /home/virtualkris2/ros2_ws/install/tripod7/share/tripod7/meshes/sec03.STL
[0.647s] -- Installing: /home/virtualkris2/ros2_ws/install/tripod7/share/tripod7/meshes/sec03.STL:Zone.Identifier
[0.647s] -- Installing: /home/virtualkris2/ros2_ws/install/tripod7/share/tripod7/meshes/sec02.STL
[0.647s] -- Installing: /home/virtualkris2/ros2_ws/install/tripod7/share/tripod7/meshes/hsec03.STL:Zone.Identifier
[0.647s] -- Installing: /home/virtualkris2/ros2_ws/install/tripod7/share/tripod7/meshes/base_link.STL
[0.648s] -- Installing: /home/virtualkris2/ros2_ws/install/tripod7/share/tripod7/meshes/lsec03.STL:Zone.Identifier
[0.648s] -- Installing: /home/virtualkris2/ros2_ws/install/tripod7/share/tripod7/meshes/hsec01.STL:Zone.Identifier
[0.648s] -- Installing: /home/virtualkris2/ros2_ws/install/tripod7/share/tripod7/meshes/hsec01.STL:Zone.Identifier:Zone.Identifier
[0.648s] -- Installing: /home/virtualkris2/ros2_ws/install/tripod7/share/tripod7/meshes/lsec02.STL:Zone.Identifier:Zone.Identifier
[0.648s] -- Installing: /home/virtualkris2/ros2_ws/install/tripod7/share/tripod7/meshes/lsec01.STL:Zone.Identifier:Zone.Identifier
[0.648s] -- Installing: /home/virtualkris2/ros2_ws/install/tripod7/share/tripod7/meshes/sec02.STL:Zone.Identifier:Zone.Identifier
[0.648s] -- Installing: /home/virtualkris2/ros2_ws/install/tripod7/share/tripod7/meshes/hsec03.STL
[0.648s] -- Installing: /home/virtualkris2/ros2_ws/install/tripod7/share/tripod7/meshes/lsec03.STL
[0.652s] -- Installing: /home/virtualkris2/ros2_ws/install/tripod7/share/tripod7/meshes/lsec03.STL:Zone.Identifier:Zone.Identifier
[0.652s] -- Installing: /home/virtualkris2/ros2_ws/install/tripod7/share/tripod7/meshes/hsec03.STL:Zone.Identifier:Zone.Identifier
[0.652s] -- Installing: /home/virtualkris2/ros2_ws/install/tripod7/share/tripod7/meshes/sec01.STL:Zone.Identifier:Zone.Identifier
[0.652s] -- Installing: /home/virtualkris2/ros2_ws/install/tripod7/share/tripod7/urdf
[0.652s] -- Installing: /home/virtualkris2/ros2_ws/install/tripod7/share/tripod7/urdf/tripod7.csv:Zone.Identifier:Zone.Identifier
[0.652s] -- Installing: /home/virtualkris2/ros2_ws/install/tripod7/share/tripod7/urdf/tripod7.csv:Zone.Identifier
[0.652s] -- Installing: /home/virtualkris2/ros2_ws/install/tripod7/share/tripod7/urdf/tripod7.urdf
[0.652s] -- Installing: /home/virtualkris2/ros2_ws/install/tripod7/share/tripod7/urdf/tripod7.csv
[0.652s] -- Installing: /home/virtualkris2/ros2_ws/install/tripod7/share/tripod7/urdf/tripod7.urdf:Zone.Identifier:Zone.Identifier
[0.652s] -- Installing: /home/virtualkris2/ros2_ws/install/tripod7/share/tripod7/urdf/tripod7.urdf:Zone.Identifier
[0.652s] -- Installing: /home/virtualkris2/ros2_ws/install/tripod7/share/ament_index/resource_index/package_run_dependencies/tripod7
[0.652s] -- Installing: /home/virtualkris2/ros2_ws/install/tripod7/share/ament_index/resource_index/parent_prefix_path/tripod7
[0.653s] -- Installing: /home/virtualkris2/ros2_ws/install/tripod7/share/tripod7/environment/ament_prefix_path.sh
[0.653s] -- Installing: /home/virtualkris2/ros2_ws/install/tripod7/share/tripod7/environment/ament_prefix_path.dsv
[0.653s] -- Installing: /home/virtualkris2/ros2_ws/install/tripod7/share/tripod7/environment/path.sh
[0.653s] -- Installing: /home/virtualkris2/ros2_ws/install/tripod7/share/tripod7/environment/path.dsv
[0.653s] -- Installing: /home/virtualkris2/ros2_ws/install/tripod7/share/tripod7/local_setup.bash
[0.653s] -- Installing: /home/virtualkris2/ros2_ws/install/tripod7/share/tripod7/local_setup.sh
[0.653s] -- Installing: /home/virtualkris2/ros2_ws/install/tripod7/share/tripod7/local_setup.zsh
[0.653s] -- Installing: /home/virtualkris2/ros2_ws/install/tripod7/share/tripod7/local_setup.dsv
[0.653s] -- Installing: /home/virtualkris2/ros2_ws/install/tripod7/share/tripod7/package.dsv
[0.653s] -- Installing: /home/virtualkris2/ros2_ws/install/tripod7/share/ament_index/resource_index/packages/tripod7
[0.653s] -- Installing: /home/virtualkris2/ros2_ws/install/tripod7/share/tripod7/cmake/tripod7Config.cmake
[0.653s] -- Installing: /home/virtualkris2/ros2_ws/install/tripod7/share/tripod7/cmake/tripod7Config-version.cmake
[0.653s] -- Installing: /home/virtualkris2/ros2_ws/install/tripod7/share/tripod7/package.xml
[0.654s] Invoked command in '/home/virtualkris2/ros2_ws/build/tripod7' returned '0': /usr/bin/cmake --install /home/virtualkris2/ros2_ws/build/tripod7
