-- Install configuration: ""
-- Up-to-date: /home/virtualkris2/ros2_ws/install/tripod7/share/tripod7/config
-- Up-to-date: /home/virtualkris2/ros2_ws/install/tripod7/share/tripod7/config/joint_names_tripod7.yaml
-- Up-to-date: /home/virtualkris2/ros2_ws/install/tripod7/share/tripod7/config/joint_names_tripod7.yaml:Zone.Identifier:Zone.Identifier
-- Up-to-date: /home/virtualkris2/ros2_ws/install/tripod7/share/tripod7/config/joint_names_tripod7.yaml:Zone.Identifier
-- Up-to-date: /home/virtualkris2/ros2_ws/install/tripod7/share/tripod7/launch
-- Up-to-date: /home/virtualkris2/ros2_ws/install/tripod7/share/tripod7/launch/gazebo.launch:Zone.Identifier:Zone.Identifier
-- Up-to-date: /home/virtualkris2/ros2_ws/install/tripod7/share/tripod7/launch/control.launch.py
-- Up-to-date: /home/virtualkris2/ros2_ws/install/tripod7/share/tripod7/launch/robot_description.launch.py
-- Up-to-date: /home/virtualkris2/ros2_ws/install/tripod7/share/tripod7/launch/display.launch.py
-- Up-to-date: /home/virtualkris2/ros2_ws/install/tripod7/share/tripod7/launch/control.launch:Zone.Identifier
-- Up-to-date: /home/virtualkris2/ros2_ws/install/tripod7/share/tripod7/launch/display.launch:Zone.Identifier
-- Up-to-date: /home/virtualkris2/ros2_ws/install/tripod7/share/tripod7/launch/gazebo.launch:Zone.Identifier
-- Up-to-date: /home/virtualkris2/ros2_ws/install/tripod7/share/tripod7/launch/gazebo.launch.py
-- Up-to-date: /home/virtualkris2/ros2_ws/install/tripod7/share/tripod7/launch/display.launch:Zone.Identifier:Zone.Identifier
-- Up-to-date: /home/virtualkris2/ros2_ws/install/tripod7/share/tripod7/launch/robot_description.launch:Zone.Identifier
-- Up-to-date: /home/virtualkris2/ros2_ws/install/tripod7/share/tripod7/meshes
-- Up-to-date: /home/virtualkris2/ros2_ws/install/tripod7/share/tripod7/meshes/lsec02.STL:Zone.Identifier
-- Up-to-date: /home/virtualkris2/ros2_ws/install/tripod7/share/tripod7/meshes/hsec02.STL:Zone.Identifier:Zone.Identifier
-- Up-to-date: /home/virtualkris2/ros2_ws/install/tripod7/share/tripod7/meshes/hsec02.STL
-- Up-to-date: /home/virtualkris2/ros2_ws/install/tripod7/share/tripod7/meshes/hsec01.STL
-- Up-to-date: /home/virtualkris2/ros2_ws/install/tripod7/share/tripod7/meshes/sec01.STL:Zone.Identifier
-- Up-to-date: /home/virtualkris2/ros2_ws/install/tripod7/share/tripod7/meshes/hsec02.STL:Zone.Identifier
-- Up-to-date: /home/virtualkris2/ros2_ws/install/tripod7/share/tripod7/meshes/sec02.STL:Zone.Identifier
-- Up-to-date: /home/virtualkris2/ros2_ws/install/tripod7/share/tripod7/meshes/sec01.STL
-- Up-to-date: /home/virtualkris2/ros2_ws/install/tripod7/share/tripod7/meshes/lsec01.STL
-- Up-to-date: /home/virtualkris2/ros2_ws/install/tripod7/share/tripod7/meshes/base_link.STL:Zone.Identifier:Zone.Identifier
-- Up-to-date: /home/virtualkris2/ros2_ws/install/tripod7/share/tripod7/meshes/base_link.STL:Zone.Identifier
-- Up-to-date: /home/virtualkris2/ros2_ws/install/tripod7/share/tripod7/meshes/lsec02.STL
-- Up-to-date: /home/virtualkris2/ros2_ws/install/tripod7/share/tripod7/meshes/sec03.STL:Zone.Identifier:Zone.Identifier
-- Up-to-date: /home/virtualkris2/ros2_ws/install/tripod7/share/tripod7/meshes/lsec01.STL:Zone.Identifier
-- Up-to-date: /home/virtualkris2/ros2_ws/install/tripod7/share/tripod7/meshes/sec03.STL
-- Up-to-date: /home/virtualkris2/ros2_ws/install/tripod7/share/tripod7/meshes/sec03.STL:Zone.Identifier
-- Up-to-date: /home/virtualkris2/ros2_ws/install/tripod7/share/tripod7/meshes/sec02.STL
-- Up-to-date: /home/virtualkris2/ros2_ws/install/tripod7/share/tripod7/meshes/hsec03.STL:Zone.Identifier
-- Up-to-date: /home/virtualkris2/ros2_ws/install/tripod7/share/tripod7/meshes/base_link.STL
-- Up-to-date: /home/virtualkris2/ros2_ws/install/tripod7/share/tripod7/meshes/lsec03.STL:Zone.Identifier
-- Up-to-date: /home/virtualkris2/ros2_ws/install/tripod7/share/tripod7/meshes/hsec01.STL:Zone.Identifier
-- Up-to-date: /home/virtualkris2/ros2_ws/install/tripod7/share/tripod7/meshes/hsec01.STL:Zone.Identifier:Zone.Identifier
-- Up-to-date: /home/virtualkris2/ros2_ws/install/tripod7/share/tripod7/meshes/lsec02.STL:Zone.Identifier:Zone.Identifier
-- Up-to-date: /home/virtualkris2/ros2_ws/install/tripod7/share/tripod7/meshes/lsec01.STL:Zone.Identifier:Zone.Identifier
-- Up-to-date: /home/virtualkris2/ros2_ws/install/tripod7/share/tripod7/meshes/sec02.STL:Zone.Identifier:Zone.Identifier
-- Up-to-date: /home/virtualkris2/ros2_ws/install/tripod7/share/tripod7/meshes/hsec03.STL
-- Up-to-date: /home/virtualkris2/ros2_ws/install/tripod7/share/tripod7/meshes/lsec03.STL
-- Up-to-date: /home/virtualkris2/ros2_ws/install/tripod7/share/tripod7/meshes/lsec03.STL:Zone.Identifier:Zone.Identifier
-- Up-to-date: /home/virtualkris2/ros2_ws/install/tripod7/share/tripod7/meshes/hsec03.STL:Zone.Identifier:Zone.Identifier
-- Up-to-date: /home/virtualkris2/ros2_ws/install/tripod7/share/tripod7/meshes/sec01.STL:Zone.Identifier:Zone.Identifier
-- Up-to-date: /home/virtualkris2/ros2_ws/install/tripod7/share/tripod7/urdf
-- Up-to-date: /home/virtualkris2/ros2_ws/install/tripod7/share/tripod7/urdf/tripod7.csv:Zone.Identifier:Zone.Identifier
-- Up-to-date: /home/virtualkris2/ros2_ws/install/tripod7/share/tripod7/urdf/tripod7.csv:Zone.Identifier
-- Up-to-date: /home/virtualkris2/ros2_ws/install/tripod7/share/tripod7/urdf/tripod7.urdf
-- Up-to-date: /home/virtualkris2/ros2_ws/install/tripod7/share/tripod7/urdf/tripod7.csv
-- Up-to-date: /home/virtualkris2/ros2_ws/install/tripod7/share/tripod7/urdf/tripod7.urdf:Zone.Identifier:Zone.Identifier
-- Up-to-date: /home/virtualkris2/ros2_ws/install/tripod7/share/tripod7/urdf/tripod7.urdf:Zone.Identifier
-- Up-to-date: /home/virtualkris2/ros2_ws/install/tripod7/share/ament_index/resource_index/package_run_dependencies/tripod7
-- Up-to-date: /home/virtualkris2/ros2_ws/install/tripod7/share/ament_index/resource_index/parent_prefix_path/tripod7
-- Up-to-date: /home/virtualkris2/ros2_ws/install/tripod7/share/tripod7/environment/ament_prefix_path.sh
-- Up-to-date: /home/virtualkris2/ros2_ws/install/tripod7/share/tripod7/environment/ament_prefix_path.dsv
-- Up-to-date: /home/virtualkris2/ros2_ws/install/tripod7/share/tripod7/environment/path.sh
-- Up-to-date: /home/virtualkris2/ros2_ws/install/tripod7/share/tripod7/environment/path.dsv
-- Up-to-date: /home/virtualkris2/ros2_ws/install/tripod7/share/tripod7/local_setup.bash
-- Up-to-date: /home/virtualkris2/ros2_ws/install/tripod7/share/tripod7/local_setup.sh
-- Up-to-date: /home/virtualkris2/ros2_ws/install/tripod7/share/tripod7/local_setup.zsh
-- Up-to-date: /home/virtualkris2/ros2_ws/install/tripod7/share/tripod7/local_setup.dsv
-- Up-to-date: /home/virtualkris2/ros2_ws/install/tripod7/share/tripod7/package.dsv
-- Up-to-date: /home/virtualkris2/ros2_ws/install/tripod7/share/ament_index/resource_index/packages/tripod7
-- Up-to-date: /home/virtualkris2/ros2_ws/install/tripod7/share/tripod7/cmake/tripod7Config.cmake
-- Up-to-date: /home/virtualkris2/ros2_ws/install/tripod7/share/tripod7/cmake/tripod7Config-version.cmake
-- Up-to-date: /home/virtualkris2/ros2_ws/install/tripod7/share/tripod7/package.xml
