-- Found rclcpp: 16.0.10 (/opt/ros/humble/share/rclcpp/cmake)
-- Found rosidl_generator_c: 3.1.5 (/opt/ros/humble/share/rosidl_generator_c/cmake)
-- Found rosidl_adapter: 3.1.5 (/opt/ros/humble/share/rosidl_adapter/cmake)
-- Found rosidl_generator_cpp: 3.1.5 (/opt/ros/humble/share/rosidl_generator_cpp/cmake)
-- Using all available rosidl_typesupport_c: rosidl_typesupport_fastrtps_c;rosidl_typesupport_introspection_c
-- Using all available rosidl_typesupport_cpp: rosidl_typesupport_fastrtps_cpp;rosidl_typesupport_introspection_cpp
-- Found rmw_implementation_cmake: 6.1.2 (/opt/ros/humble/share/rmw_implementation_cmake/cmake)
-- Found rmw_fastrtps_cpp: 6.2.7 (/opt/ros/humble/share/rmw_fastrtps_cpp/cmake)
-- Found OpenSSL: /usr/lib/x86_64-linux-gnu/libcrypto.so (found version "3.0.2")  
-- Found FastRTPS: /opt/ros/humble/include  
-- Using RMW implementation 'rmw_fastrtps_cpp' as default
-- Looking for pthread.h
-- Looking for pthread.h - found
-- Performing Test CMAKE_HAVE_LIBC_PTHREAD
-- Performing Test CMAKE_HAVE_LIBC_PTHREAD - Success
-- Found Threads: TRUE  
-- Found ament_lint_auto: 0.12.11 (/opt/ros/humble/share/ament_lint_auto/cmake)
-- Added test 'cppcheck' to perform static code analysis on C / C++ code
-- Configured cppcheck include dirs: 
-- Configured cppcheck exclude dirs and/or files: 
-- Added test 'flake8' to check Python code syntax and style conventions
-- Added test 'lint_cmake' to check CMake code style
-- Added test 'pep257' to check Python code against some of the docstring style conventions in PEP 257
-- Added test 'uncrustify' to check C / C++ code style
-- Configured uncrustify additional arguments: 
-- Added test 'xmllint' to check XML markup files
-- Configuring done
-- Generating done
-- Build files have been written to: /home/virtualkris2/ros2_ws/build/boost_asio
[ 50%] [32mBuilding CXX object CMakeFiles/serial.dir/src/serial.cpp.o[0m
[100%] [32m[1mLinking CXX executable serial[0m
[100%] Built target serial
-- Install configuration: ""
-- Installing: /home/virtualkris2/ros2_ws/install/boost_asio/lib/boost_asio/serial
-- Set runtime path of "/home/virtualkris2/ros2_ws/install/boost_asio/lib/boost_asio/serial" to ""
-- Installing: /home/virtualkris2/ros2_ws/install/boost_asio/share/ament_index/resource_index/package_run_dependencies/boost_asio
-- Installing: /home/virtualkris2/ros2_ws/install/boost_asio/share/ament_index/resource_index/parent_prefix_path/boost_asio
-- Installing: /home/virtualkris2/ros2_ws/install/boost_asio/share/boost_asio/environment/ament_prefix_path.sh
-- Installing: /home/virtualkris2/ros2_ws/install/boost_asio/share/boost_asio/environment/ament_prefix_path.dsv
-- Installing: /home/virtualkris2/ros2_ws/install/boost_asio/share/boost_asio/environment/path.sh
-- Installing: /home/virtualkris2/ros2_ws/install/boost_asio/share/boost_asio/environment/path.dsv
-- Installing: /home/virtualkris2/ros2_ws/install/boost_asio/share/boost_asio/local_setup.bash
-- Installing: /home/virtualkris2/ros2_ws/install/boost_asio/share/boost_asio/local_setup.sh
-- Installing: /home/virtualkris2/ros2_ws/install/boost_asio/share/boost_asio/local_setup.zsh
-- Installing: /home/virtualkris2/ros2_ws/install/boost_asio/share/boost_asio/local_setup.dsv
-- Installing: /home/virtualkris2/ros2_ws/install/boost_asio/share/boost_asio/package.dsv
-- Installing: /home/virtualkris2/ros2_ws/install/boost_asio/share/ament_index/resource_index/packages/boost_asio
-- Installing: /home/virtualkris2/ros2_ws/install/boost_asio/share/boost_asio/cmake/boost_asioConfig.cmake
-- Installing: /home/virtualkris2/ros2_ws/install/boost_asio/share/boost_asio/cmake/boost_asioConfig-version.cmake
-- Installing: /home/virtualkris2/ros2_ws/install/boost_asio/share/boost_asio/package.xml
