[0.006s] Invoking command in '/home/virtualkris2/ros2_ws/build/boost_asio': CMAKE_PREFIX_PATH=/opt/ros/humble:${CMAKE_PREFIX_PATH} /usr/bin/cmake /home/virtualkris2/ros2_ws/src/boost_asio -DCMAKE_INSTALL_PREFIX=/home/virtualkris2/ros2_ws/install/boost_asio
[0.010s] -- Found rclcpp: 16.0.10 (/opt/ros/humble/share/rclcpp/cmake)
[0.148s] -- Found rosidl_generator_c: 3.1.5 (/opt/ros/humble/share/rosidl_generator_c/cmake)
[0.150s] -- Found rosidl_adapter: 3.1.5 (/opt/ros/humble/share/rosidl_adapter/cmake)
[0.154s] -- Found rosidl_generator_cpp: 3.1.5 (/opt/ros/humble/share/rosidl_generator_cpp/cmake)
[0.159s] -- Using all available rosidl_typesupport_c: rosidl_typesupport_fastrtps_c;rosidl_typesupport_introspection_c
[0.165s] -- Using all available rosidl_typesupport_cpp: rosidl_typesupport_fastrtps_cpp;rosidl_typesupport_introspection_cpp
[0.183s] -- Found rmw_implementation_cmake: 6.1.2 (/opt/ros/humble/share/rmw_implementation_cmake/cmake)
[0.184s] -- Found rmw_fastrtps_cpp: 6.2.7 (/opt/ros/humble/share/rmw_fastrtps_cpp/cmake)
[0.827s] -- Found OpenSSL: /usr/lib/x86_64-linux-gnu/libcrypto.so (found version "3.0.2")  
[1.416s] -- Found FastRTPS: /opt/ros/humble/include  
[2.421s] -- Using RMW implementation 'rmw_fastrtps_cpp' as default
[2.425s] -- Looking for pthread.h
[2.480s] -- Looking for pthread.h - found
[2.480s] -- Performing Test CMAKE_HAVE_LIBC_PTHREAD
[2.536s] -- Performing Test CMAKE_HAVE_LIBC_PTHREAD - Success
[2.536s] -- Found Threads: TRUE  
[2.566s] -- Found ament_lint_auto: 0.12.11 (/opt/ros/humble/share/ament_lint_auto/cmake)
[2.601s] -- Added test 'cppcheck' to perform static code analysis on C / C++ code
[2.601s] -- Configured cppcheck include dirs: 
[2.601s] -- Configured cppcheck exclude dirs and/or files: 
[2.601s] -- Added test 'flake8' to check Python code syntax and style conventions
[2.602s] -- Added test 'lint_cmake' to check CMake code style
[2.603s] -- Added test 'pep257' to check Python code against some of the docstring style conventions in PEP 257
[2.605s] -- Added test 'uncrustify' to check C / C++ code style
[2.605s] -- Configured uncrustify additional arguments: 
[2.605s] -- Added test 'xmllint' to check XML markup files
[2.606s] -- Configuring done
[2.609s] -- Generating done
[2.610s] -- Build files have been written to: /home/virtualkris2/ros2_ws/build/boost_asio
[2.614s] Invoked command in '/home/virtualkris2/ros2_ws/build/boost_asio' returned '0': CMAKE_PREFIX_PATH=/opt/ros/humble:${CMAKE_PREFIX_PATH} /usr/bin/cmake /home/virtualkris2/ros2_ws/src/boost_asio -DCMAKE_INSTALL_PREFIX=/home/virtualkris2/ros2_ws/install/boost_asio
[2.615s] Invoking command in '/home/virtualkris2/ros2_ws/build/boost_asio': CMAKE_PREFIX_PATH=/opt/ros/humble:${CMAKE_PREFIX_PATH} /usr/bin/cmake --build /home/virtualkris2/ros2_ws/build/boost_asio -- -j24 -l24
[2.632s] [ 50%] [32mBuilding CXX object CMakeFiles/serial.dir/src/serial.cpp.o[0m
[3.612s] [100%] [32m[1mLinking CXX executable serial[0m
[3.704s] [100%] Built target serial
[3.708s] Invoked command in '/home/virtualkris2/ros2_ws/build/boost_asio' returned '0': CMAKE_PREFIX_PATH=/opt/ros/humble:${CMAKE_PREFIX_PATH} /usr/bin/cmake --build /home/virtualkris2/ros2_ws/build/boost_asio -- -j24 -l24
[3.721s] Invoking command in '/home/virtualkris2/ros2_ws/build/boost_asio': CMAKE_PREFIX_PATH=/opt/ros/humble:${CMAKE_PREFIX_PATH} /usr/bin/cmake --install /home/virtualkris2/ros2_ws/build/boost_asio
[3.723s] -- Install configuration: ""
[3.723s] -- Installing: /home/virtualkris2/ros2_ws/install/boost_asio/lib/boost_asio/serial
[3.723s] -- Set runtime path of "/home/virtualkris2/ros2_ws/install/boost_asio/lib/boost_asio/serial" to ""
[3.724s] -- Installing: /home/virtualkris2/ros2_ws/install/boost_asio/share/ament_index/resource_index/package_run_dependencies/boost_asio
[3.724s] -- Installing: /home/virtualkris2/ros2_ws/install/boost_asio/share/ament_index/resource_index/parent_prefix_path/boost_asio
[3.724s] -- Installing: /home/virtualkris2/ros2_ws/install/boost_asio/share/boost_asio/environment/ament_prefix_path.sh
[3.724s] -- Installing: /home/virtualkris2/ros2_ws/install/boost_asio/share/boost_asio/environment/ament_prefix_path.dsv
[3.724s] -- Installing: /home/virtualkris2/ros2_ws/install/boost_asio/share/boost_asio/environment/path.sh
[3.724s] -- Installing: /home/virtualkris2/ros2_ws/install/boost_asio/share/boost_asio/environment/path.dsv
[3.724s] -- Installing: /home/virtualkris2/ros2_ws/install/boost_asio/share/boost_asio/local_setup.bash
[3.724s] -- Installing: /home/virtualkris2/ros2_ws/install/boost_asio/share/boost_asio/local_setup.sh
[3.724s] -- Installing: /home/virtualkris2/ros2_ws/install/boost_asio/share/boost_asio/local_setup.zsh
[3.724s] -- Installing: /home/virtualkris2/ros2_ws/install/boost_asio/share/boost_asio/local_setup.dsv
[3.725s] -- Installing: /home/virtualkris2/ros2_ws/install/boost_asio/share/boost_asio/package.dsv
[3.725s] -- Installing: /home/virtualkris2/ros2_ws/install/boost_asio/share/ament_index/resource_index/packages/boost_asio
[3.725s] -- Installing: /home/virtualkris2/ros2_ws/install/boost_asio/share/boost_asio/cmake/boost_asioConfig.cmake
[3.725s] -- Installing: /home/virtualkris2/ros2_ws/install/boost_asio/share/boost_asio/cmake/boost_asioConfig-version.cmake
[3.725s] -- Installing: /home/virtualkris2/ros2_ws/install/boost_asio/share/boost_asio/package.xml
[3.726s] Invoked command in '/home/virtualkris2/ros2_ws/build/boost_asio' returned '0': CMAKE_PREFIX_PATH=/opt/ros/humble:${CMAKE_PREFIX_PATH} /usr/bin/cmake --install /home/virtualkris2/ros2_ws/build/boost_asio
