[0.033s] Invoking command in '/home/virtualkris2/ros2_ws/build/three_legged_bot': CMAKE_PREFIX_PATH=/home/virtualkris2/ros2_ws/install/core_interfaces:/home/virtualkris2/ros2_ws/install/boost_asio:/opt/ros/humble:/home/virtualkris2/ros2_ws/install/tripod7:/home/virtualkris2/ros2_ws/install/three_legged_bot /usr/bin/cmake --build /home/virtualkris2/ros2_ws/build/three_legged_bot -- -j24 -l24
[0.055s] [ 18%] Built target client
[0.055s] [ 45%] Built target server1
[0.056s] [ 72%] Built target server2
[0.057s] [100%] Built target server3
[0.060s] Invoked command in '/home/virtualkris2/ros2_ws/build/three_legged_bot' returned '0': CMAKE_PREFIX_PATH=/home/virtualkris2/ros2_ws/install/core_interfaces:/home/virtualkris2/ros2_ws/install/boost_asio:/opt/ros/humble:/home/virtualkris2/ros2_ws/install/tripod7:/home/virtualkris2/ros2_ws/install/three_legged_bot /usr/bin/cmake --build /home/virtualkris2/ros2_ws/build/three_legged_bot -- -j24 -l24
[0.073s] Invoking command in '/home/virtualkris2/ros2_ws/build/three_legged_bot': CMAKE_PREFIX_PATH=/home/virtualkris2/ros2_ws/install/core_interfaces:/home/virtualkris2/ros2_ws/install/boost_asio:/opt/ros/humble:/home/virtualkris2/ros2_ws/install/tripod7:/home/virtualkris2/ros2_ws/install/three_legged_bot /usr/bin/cmake --install /home/virtualkris2/ros2_ws/build/three_legged_bot
[0.076s] -- Install configuration: ""
[0.076s] -- Up-to-date: /home/virtualkris2/ros2_ws/install/three_legged_bot/lib/three_legged_bot/server1
[0.076s] -- Up-to-date: /home/virtualkris2/ros2_ws/install/three_legged_bot/lib/three_legged_bot/server2
[0.076s] -- Up-to-date: /home/virtualkris2/ros2_ws/install/three_legged_bot/lib/three_legged_bot/server3
[0.076s] -- Up-to-date: /home/virtualkris2/ros2_ws/install/three_legged_bot/lib/three_legged_bot/client
[0.076s] -- Up-to-date: /home/virtualkris2/ros2_ws/install/three_legged_bot/share/ament_index/resource_index/package_run_dependencies/three_legged_bot
[0.076s] -- Up-to-date: /home/virtualkris2/ros2_ws/install/three_legged_bot/share/ament_index/resource_index/parent_prefix_path/three_legged_bot
[0.076s] -- Up-to-date: /home/virtualkris2/ros2_ws/install/three_legged_bot/share/three_legged_bot/environment/ament_prefix_path.sh
[0.076s] -- Up-to-date: /home/virtualkris2/ros2_ws/install/three_legged_bot/share/three_legged_bot/environment/ament_prefix_path.dsv
[0.077s] -- Up-to-date: /home/virtualkris2/ros2_ws/install/three_legged_bot/share/three_legged_bot/environment/path.sh
[0.077s] -- Up-to-date: /home/virtualkris2/ros2_ws/install/three_legged_bot/share/three_legged_bot/environment/path.dsv
[0.077s] -- Up-to-date: /home/virtualkris2/ros2_ws/install/three_legged_bot/share/three_legged_bot/local_setup.bash
[0.077s] -- Up-to-date: /home/virtualkris2/ros2_ws/install/three_legged_bot/share/three_legged_bot/local_setup.sh
[0.077s] -- Up-to-date: /home/virtualkris2/ros2_ws/install/three_legged_bot/share/three_legged_bot/local_setup.zsh
[0.077s] -- Up-to-date: /home/virtualkris2/ros2_ws/install/three_legged_bot/share/three_legged_bot/local_setup.dsv
[0.077s] -- Installing: /home/virtualkris2/ros2_ws/install/three_legged_bot/share/three_legged_bot/package.dsv
[0.077s] -- Up-to-date: /home/virtualkris2/ros2_ws/install/three_legged_bot/share/ament_index/resource_index/packages/three_legged_bot
[0.077s] -- Up-to-date: /home/virtualkris2/ros2_ws/install/three_legged_bot/share/three_legged_bot/cmake/three_legged_botConfig.cmake
[0.077s] -- Up-to-date: /home/virtualkris2/ros2_ws/install/three_legged_bot/share/three_legged_bot/cmake/three_legged_botConfig-version.cmake
[0.077s] -- Up-to-date: /home/virtualkris2/ros2_ws/install/three_legged_bot/share/three_legged_bot/package.xml
[0.078s] Invoked command in '/home/virtualkris2/ros2_ws/build/three_legged_bot' returned '0': CMAKE_PREFIX_PATH=/home/virtualkris2/ros2_ws/install/core_interfaces:/home/virtualkris2/ros2_ws/install/boost_asio:/opt/ros/humble:/home/virtualkris2/ros2_ws/install/tripod7:/home/virtualkris2/ros2_ws/install/three_legged_bot /usr/bin/cmake --install /home/virtualkris2/ros2_ws/build/three_legged_bot
