[0.011s] Invoking command in '/home/user/ros2_ws/build/three_legged_bot': CMAKE_PREFIX_PATH=/home/user/ros2_ws/install/core_interfaces:/home/user/ros2_ws/install/three_legged_bot:/opt/ros/humble /usr/bin/cmake --build /home/user/ros2_ws/build/three_legged_bot -- -j4 -l4
[0.040s] -- Found ament_cmake: 1.3.10 (/opt/ros/humble/share/ament_cmake/cmake)
[0.172s] -- Override CMake install command with custom implementation using symlinks instead of copying resources
[0.179s] -- Found rclcpp: 16.0.10 (/opt/ros/humble/share/rclcpp/cmake)
[0.205s] -- Found rosidl_generator_c: 3.1.5 (/opt/ros/humble/share/rosidl_generator_c/cmake)
[0.207s] -- Found rosidl_adapter: 3.1.5 (/opt/ros/humble/share/rosidl_adapter/cmake)
[0.213s] -- Found rosidl_generator_cpp: 3.1.5 (/opt/ros/humble/share/rosidl_generator_cpp/cmake)
[0.222s] -- Using all available rosidl_typesupport_c: rosidl_typesupport_fastrtps_c;rosidl_typesupport_introspection_c
[0.234s] -- Using all available rosidl_typesupport_cpp: rosidl_typesupport_fastrtps_cpp;rosidl_typesupport_introspection_cpp
[0.265s] -- Found rmw_implementation_cmake: 6.1.2 (/opt/ros/humble/share/rmw_implementation_cmake/cmake)
[0.267s] -- Found rmw_fastrtps_cpp: 6.2.7 (/opt/ros/humble/share/rmw_fastrtps_cpp/cmake)
[0.363s] -- Using RMW implementation 'rmw_fastrtps_cpp' as default
[0.409s] -- Found core_interfaces: 0.0.0 (/home/user/ros2_ws/install/core_interfaces/share/core_interfaces/cmake)
[0.418s] -- Found std_srvs: 4.2.4 (/opt/ros/humble/share/std_srvs/cmake)
[0.431s] -- Found ament_lint_auto: 0.12.11 (/opt/ros/humble/share/ament_lint_auto/cmake)
[0.495s] -- Added test 'cppcheck' to perform static code analysis on C / C++ code
[0.496s] -- Configured cppcheck include dirs: 
[0.496s] -- Configured cppcheck exclude dirs and/or files: 
[0.497s] -- Added test 'lint_cmake' to check CMake code style
[0.498s] -- Added test 'uncrustify' to check C / C++ code style
[0.498s] -- Configured uncrustify additional arguments: 
[0.498s] -- Added test 'xmllint' to check XML markup files
[0.501s] -- Configuring done
[0.504s] [31mCMake Error at CMakeLists.txt:34 (add_executable):
[0.504s]   Cannot find source file:
[0.504s] 
[0.504s]     src/Semaphore.cpp
[0.505s] 
[0.505s]   Tried extensions .c .C .c++ .cc .cpp .cxx .cu .mpp .m .M .mm .ixx .cppm .h
[0.505s]   .hh .h++ .hm .hpp .hxx .in .txx .f .F .for .f77 .f90 .f95 .f03 .hip .ispc
[0.505s] 
[0.505s] [0m
[0.505s] [31mCMake Error at CMakeLists.txt:34 (add_executable):
[0.505s]   No SOURCES given to target: leg1
[0.506s] 
[0.506s] [0m
[0.506s] [0mCMake Generate step failed.  Build files cannot be regenerated correctly.[0m
[0.516s] gmake: *** [Makefile:440: cmake_check_build_system] Error 1
[0.520s] Invoked command in '/home/user/ros2_ws/build/three_legged_bot' returned '2': CMAKE_PREFIX_PATH=/home/user/ros2_ws/install/core_interfaces:/home/user/ros2_ws/install/three_legged_bot:/opt/ros/humble /usr/bin/cmake --build /home/user/ros2_ws/build/three_legged_bot -- -j4 -l4
