[0.008s] Invoking command in '/home/user/ros2_ws/build/three_legged_bot': AMENT_PREFIX_PATH=/home/user/ros2_ws/install/core_interfaces:${AMENT_PREFIX_PATH} CMAKE_PREFIX_PATH=/home/user/ros2_ws/install/core_interfaces:/opt/ros/humble LD_LIBRARY_PATH=/home/user/ros2_ws/install/core_interfaces/lib:${LD_LIBRARY_PATH} PYTHONPATH=/home/user/ros2_ws/install/core_interfaces/local/lib/python3.10/dist-packages:${PYTHONPATH} /usr/bin/cmake /home/user/ros2_ws/src/three_legged_bot -DAMENT_CMAKE_SYMLINK_INSTALL=1 -DCMAKE_INSTALL_PREFIX=/home/user/ros2_ws/install/three_legged_bot
[0.059s] -- The C compiler identification is GNU 11.4.0
[0.109s] -- The CXX compiler identification is GNU 11.4.0
[0.115s] -- Detecting C compiler ABI info
[0.177s] -- Detecting C compiler ABI info - done
[0.184s] -- Check for working C compiler: /usr/bin/cc - skipped
[0.184s] -- Detecting C compile features
[0.185s] -- Detecting C compile features - done
[0.188s] -- Detecting CXX compiler ABI info
[0.262s] -- Detecting CXX compiler ABI info - done
[0.270s] -- Check for working CXX compiler: /usr/bin/c++ - skipped
[0.270s] -- Detecting CXX compile features
[0.271s] -- Detecting CXX compile features - done
[0.274s] -- Found ament_cmake: 1.3.10 (/opt/ros/humble/share/ament_cmake/cmake)
[0.416s] -- Found Python3: /usr/bin/python3 (found version "3.10.12") found components: Interpreter 
[0.475s] -- Override CMake install command with custom implementation using symlinks instead of copying resources
[0.497s] -- Found rclcpp: 16.0.10 (/opt/ros/humble/share/rclcpp/cmake)
[0.534s] -- Found rosidl_generator_c: 3.1.5 (/opt/ros/humble/share/rosidl_generator_c/cmake)
[0.539s] -- Found rosidl_adapter: 3.1.5 (/opt/ros/humble/share/rosidl_adapter/cmake)
[0.547s] -- Found rosidl_generator_cpp: 3.1.5 (/opt/ros/humble/share/rosidl_generator_cpp/cmake)
[0.558s] -- Using all available rosidl_typesupport_c: rosidl_typesupport_fastrtps_c;rosidl_typesupport_introspection_c
[0.572s] -- Using all available rosidl_typesupport_cpp: rosidl_typesupport_fastrtps_cpp;rosidl_typesupport_introspection_cpp
[0.611s] -- Found rmw_implementation_cmake: 6.1.2 (/opt/ros/humble/share/rmw_implementation_cmake/cmake)
[0.614s] -- Found rmw_fastrtps_cpp: 6.2.7 (/opt/ros/humble/share/rmw_fastrtps_cpp/cmake)
[0.686s] -- Found OpenSSL: /usr/lib/x86_64-linux-gnu/libcrypto.so (found version "3.0.2")  
[0.711s] -- Found FastRTPS: /opt/ros/humble/include  
[0.748s] -- Using RMW implementation 'rmw_fastrtps_cpp' as default
[0.756s] -- Looking for pthread.h
[0.821s] -- Looking for pthread.h - found
[0.821s] -- Performing Test CMAKE_HAVE_LIBC_PTHREAD
[0.890s] -- Performing Test CMAKE_HAVE_LIBC_PTHREAD - Success
[0.891s] -- Found Threads: TRUE  
[0.937s] -- Found core_interfaces: 0.0.0 (/home/user/ros2_ws/install/core_interfaces/share/core_interfaces/cmake)
[0.949s] -- Found ament_lint_auto: 0.12.11 (/opt/ros/humble/share/ament_lint_auto/cmake)
[1.023s] -- Added test 'cppcheck' to perform static code analysis on C / C++ code
[1.023s] -- Configured cppcheck include dirs: 
[1.023s] -- Configured cppcheck exclude dirs and/or files: 
[1.024s] -- Added test 'lint_cmake' to check CMake code style
[1.025s] -- Added test 'uncrustify' to check C / C++ code style
[1.025s] -- Configured uncrustify additional arguments: 
[1.025s] -- Added test 'xmllint' to check XML markup files
[1.026s] -- Configuring done
[1.041s] -- Generating done
[1.042s] -- Build files have been written to: /home/user/ros2_ws/build/three_legged_bot
[1.051s] Invoked command in '/home/user/ros2_ws/build/three_legged_bot' returned '0': AMENT_PREFIX_PATH=/home/user/ros2_ws/install/core_interfaces:${AMENT_PREFIX_PATH} CMAKE_PREFIX_PATH=/home/user/ros2_ws/install/core_interfaces:/opt/ros/humble LD_LIBRARY_PATH=/home/user/ros2_ws/install/core_interfaces/lib:${LD_LIBRARY_PATH} PYTHONPATH=/home/user/ros2_ws/install/core_interfaces/local/lib/python3.10/dist-packages:${PYTHONPATH} /usr/bin/cmake /home/user/ros2_ws/src/three_legged_bot -DAMENT_CMAKE_SYMLINK_INSTALL=1 -DCMAKE_INSTALL_PREFIX=/home/user/ros2_ws/install/three_legged_bot
[1.051s] Invoking command in '/home/user/ros2_ws/build/three_legged_bot': AMENT_PREFIX_PATH=/home/user/ros2_ws/install/core_interfaces:${AMENT_PREFIX_PATH} CMAKE_PREFIX_PATH=/home/user/ros2_ws/install/core_interfaces:/opt/ros/humble LD_LIBRARY_PATH=/home/user/ros2_ws/install/core_interfaces/lib:${LD_LIBRARY_PATH} PYTHONPATH=/home/user/ros2_ws/install/core_interfaces/local/lib/python3.10/dist-packages:${PYTHONPATH} /usr/bin/cmake --build /home/user/ros2_ws/build/three_legged_bot -- -j4 -l4
[1.118s] [ 18%] [32mBuilding CXX object CMakeFiles/server2.dir/src/leg2.cpp.o[0m
[1.118s] [ 18%] [32mBuilding CXX object CMakeFiles/client.dir/src/userinterface_client.cpp.o[0m
[1.119s] [ 36%] [32mBuilding CXX object CMakeFiles/server1.dir/src/leg1.cpp.o[0m
[1.119s] [ 36%] [32mBuilding CXX object CMakeFiles/server3.dir/src/leg3.cpp.o[0m
[6.033s] [ 45%] [32m[1mLinking CXX executable client[0m
[6.249s] [ 45%] Built target client
[6.259s] [ 54%] [32mBuilding CXX object CMakeFiles/server3.dir/src/semaphore.cpp.o[0m
[6.768s] [ 63%] [32mBuilding CXX object CMakeFiles/server1.dir/src/semaphore.cpp.o[0m
[7.218s] [ 72%] [32mBuilding CXX object CMakeFiles/server2.dir/src/semaphore.cpp.o[0m
[8.576s] [ 81%] [32m[1mLinking CXX executable server1[0m
[8.809s] [ 81%] Built target server1
[8.859s] [ 90%] [32m[1mLinking CXX executable server2[0m
[8.938s] [100%] [32m[1mLinking CXX executable server3[0m
[9.067s] [100%] Built target server2
[9.139s] [100%] Built target server3
[9.148s] Invoked command in '/home/user/ros2_ws/build/three_legged_bot' returned '0': AMENT_PREFIX_PATH=/home/user/ros2_ws/install/core_interfaces:${AMENT_PREFIX_PATH} CMAKE_PREFIX_PATH=/home/user/ros2_ws/install/core_interfaces:/opt/ros/humble LD_LIBRARY_PATH=/home/user/ros2_ws/install/core_interfaces/lib:${LD_LIBRARY_PATH} PYTHONPATH=/home/user/ros2_ws/install/core_interfaces/local/lib/python3.10/dist-packages:${PYTHONPATH} /usr/bin/cmake --build /home/user/ros2_ws/build/three_legged_bot -- -j4 -l4
[9.178s] Invoking command in '/home/user/ros2_ws/build/three_legged_bot': AMENT_PREFIX_PATH=/home/user/ros2_ws/install/core_interfaces:${AMENT_PREFIX_PATH} CMAKE_PREFIX_PATH=/home/user/ros2_ws/install/core_interfaces:/opt/ros/humble LD_LIBRARY_PATH=/home/user/ros2_ws/install/core_interfaces/lib:${LD_LIBRARY_PATH} PYTHONPATH=/home/user/ros2_ws/install/core_interfaces/local/lib/python3.10/dist-packages:${PYTHONPATH} /usr/bin/cmake --install /home/user/ros2_ws/build/three_legged_bot
[9.185s] -- Install configuration: ""
[9.186s] -- Execute custom install script
[9.186s] -- Symlinking: /home/user/ros2_ws/install/three_legged_bot/lib/three_legged_bot/server1
[9.199s] -- Symlinking: /home/user/ros2_ws/install/three_legged_bot/lib/three_legged_bot/server2
[9.208s] -- Symlinking: /home/user/ros2_ws/install/three_legged_bot/lib/three_legged_bot/server3
[9.215s] -- Symlinking: /home/user/ros2_ws/install/three_legged_bot/lib/three_legged_bot/client
[9.223s] -- Symlinking: /home/user/ros2_ws/install/three_legged_bot/share/ament_index/resource_index/package_run_dependencies/three_legged_bot
[9.231s] -- Symlinking: /home/user/ros2_ws/install/three_legged_bot/share/ament_index/resource_index/parent_prefix_path/three_legged_bot
[9.238s] -- Symlinking: /home/user/ros2_ws/install/three_legged_bot/share/three_legged_bot/environment/ament_prefix_path.sh
[9.245s] -- Symlinking: /home/user/ros2_ws/install/three_legged_bot/share/three_legged_bot/environment/ament_prefix_path.dsv
[9.253s] -- Symlinking: /home/user/ros2_ws/install/three_legged_bot/share/three_legged_bot/environment/path.sh
[9.260s] -- Symlinking: /home/user/ros2_ws/install/three_legged_bot/share/three_legged_bot/environment/path.dsv
[9.268s] -- Symlinking: /home/user/ros2_ws/install/three_legged_bot/share/three_legged_bot/local_setup.bash
[9.275s] -- Symlinking: /home/user/ros2_ws/install/three_legged_bot/share/three_legged_bot/local_setup.sh
[9.283s] -- Symlinking: /home/user/ros2_ws/install/three_legged_bot/share/three_legged_bot/local_setup.zsh
[9.290s] -- Symlinking: /home/user/ros2_ws/install/three_legged_bot/share/three_legged_bot/local_setup.dsv
[9.298s] -- Symlinking: /home/user/ros2_ws/install/three_legged_bot/share/three_legged_bot/package.dsv
[9.306s] -- Symlinking: /home/user/ros2_ws/install/three_legged_bot/share/ament_index/resource_index/packages/three_legged_bot
[9.314s] -- Symlinking: /home/user/ros2_ws/install/three_legged_bot/share/three_legged_bot/cmake/three_legged_botConfig.cmake
[9.321s] -- Symlinking: /home/user/ros2_ws/install/three_legged_bot/share/three_legged_bot/cmake/three_legged_botConfig-version.cmake
[9.329s] -- Symlinking: /home/user/ros2_ws/install/three_legged_bot/share/three_legged_bot/package.xml
[9.339s] Invoked command in '/home/user/ros2_ws/build/three_legged_bot' returned '0': AMENT_PREFIX_PATH=/home/user/ros2_ws/install/core_interfaces:${AMENT_PREFIX_PATH} CMAKE_PREFIX_PATH=/home/user/ros2_ws/install/core_interfaces:/opt/ros/humble LD_LIBRARY_PATH=/home/user/ros2_ws/install/core_interfaces/lib:${LD_LIBRARY_PATH} PYTHONPATH=/home/user/ros2_ws/install/core_interfaces/local/lib/python3.10/dist-packages:${PYTHONPATH} /usr/bin/cmake --install /home/user/ros2_ws/build/three_legged_bot
