[0.007s] Invoking command in '/home/virtualkris2/ros2_ws/build/boost_asio': CMAKE_PREFIX_PATH=/home/virtualkris2/ros2_ws/install/boost_asio:/opt/ros/humble:/home/virtualkris2/ros2_ws/install/tripod7:/home/virtualkris2/ros2_ws/install/three_legged_bot:/home/virtualkris2/ros2_ws/install/core_interfaces /usr/bin/cmake --build /home/virtualkris2/ros2_ws/build/boost_asio -- -j24 -l24
[0.015s] -- Found rclcpp: 16.0.10 (/opt/ros/humble/share/rclcpp/cmake)
[0.127s] -- Found rosidl_generator_c: 3.1.5 (/opt/ros/humble/share/rosidl_generator_c/cmake)
[0.128s] -- Found rosidl_adapter: 3.1.5 (/opt/ros/humble/share/rosidl_adapter/cmake)
[0.130s] -- Found rosidl_generator_cpp: 3.1.5 (/opt/ros/humble/share/rosidl_generator_cpp/cmake)
[0.135s] -- Using all available rosidl_typesupport_c: rosidl_typesupport_fastrtps_c;rosidl_typesupport_introspection_c
[0.140s] -- Using all available rosidl_typesupport_cpp: rosidl_typesupport_fastrtps_cpp;rosidl_typesupport_introspection_cpp
[0.155s] -- Found rmw_implementation_cmake: 6.1.2 (/opt/ros/humble/share/rmw_implementation_cmake/cmake)
[0.155s] -- Found rmw_fastrtps_cpp: 6.2.7 (/opt/ros/humble/share/rmw_fastrtps_cpp/cmake)
[2.006s] -- Using RMW implementation 'rmw_fastrtps_cpp' as default
[2.034s] -- Found ament_lint_auto: 0.12.11 (/opt/ros/humble/share/ament_lint_auto/cmake)
[2.067s] -- Added test 'cppcheck' to perform static code analysis on C / C++ code
[2.067s] -- Configured cppcheck include dirs: 
[2.067s] -- Configured cppcheck exclude dirs and/or files: 
[2.067s] -- Added test 'flake8' to check Python code syntax and style conventions
[2.068s] -- Added test 'lint_cmake' to check CMake code style
[2.068s] -- Added test 'pep257' to check Python code against some of the docstring style conventions in PEP 257
[2.070s] -- Added test 'uncrustify' to check C / C++ code style
[2.070s] -- Configured uncrustify additional arguments: 
[2.070s] -- Added test 'xmllint' to check XML markup files
[2.071s] -- Configuring done
[2.074s] -- Generating done
[2.075s] -- Build files have been written to: /home/virtualkris2/ros2_ws/build/boost_asio
[2.086s] [35m[1mConsolidate compiler generated dependencies of target serial[0m
[2.095s] [100%] Built target serial
[2.099s] Invoked command in '/home/virtualkris2/ros2_ws/build/boost_asio' returned '0': CMAKE_PREFIX_PATH=/home/virtualkris2/ros2_ws/install/boost_asio:/opt/ros/humble:/home/virtualkris2/ros2_ws/install/tripod7:/home/virtualkris2/ros2_ws/install/three_legged_bot:/home/virtualkris2/ros2_ws/install/core_interfaces /usr/bin/cmake --build /home/virtualkris2/ros2_ws/build/boost_asio -- -j24 -l24
[2.109s] Invoking command in '/home/virtualkris2/ros2_ws/build/boost_asio': CMAKE_PREFIX_PATH=/home/virtualkris2/ros2_ws/install/boost_asio:/opt/ros/humble:/home/virtualkris2/ros2_ws/install/tripod7:/home/virtualkris2/ros2_ws/install/three_legged_bot:/home/virtualkris2/ros2_ws/install/core_interfaces /usr/bin/cmake --install /home/virtualkris2/ros2_ws/build/boost_asio
[2.112s] -- Install configuration: ""
[2.112s] -- Up-to-date: /home/virtualkris2/ros2_ws/install/boost_asio/lib/boost_asio/serial
[2.113s] -- Installing: /home/virtualkris2/ros2_ws/install/boost_asio/share/ament_index/resource_index/package_run_dependencies/boost_asio
[2.113s] -- Installing: /home/virtualkris2/ros2_ws/install/boost_asio/share/ament_index/resource_index/parent_prefix_path/boost_asio
[2.113s] -- Up-to-date: /home/virtualkris2/ros2_ws/install/boost_asio/share/boost_asio/environment/ament_prefix_path.sh
[2.113s] -- Installing: /home/virtualkris2/ros2_ws/install/boost_asio/share/boost_asio/environment/ament_prefix_path.dsv
[2.113s] -- Up-to-date: /home/virtualkris2/ros2_ws/install/boost_asio/share/boost_asio/environment/path.sh
[2.113s] -- Installing: /home/virtualkris2/ros2_ws/install/boost_asio/share/boost_asio/environment/path.dsv
[2.113s] -- Up-to-date: /home/virtualkris2/ros2_ws/install/boost_asio/share/boost_asio/local_setup.bash
[2.114s] -- Up-to-date: /home/virtualkris2/ros2_ws/install/boost_asio/share/boost_asio/local_setup.sh
[2.114s] -- Up-to-date: /home/virtualkris2/ros2_ws/install/boost_asio/share/boost_asio/local_setup.zsh
[2.114s] -- Installing: /home/virtualkris2/ros2_ws/install/boost_asio/share/boost_asio/local_setup.dsv
[2.114s] -- Installing: /home/virtualkris2/ros2_ws/install/boost_asio/share/boost_asio/package.dsv
[2.114s] -- Up-to-date: /home/virtualkris2/ros2_ws/install/boost_asio/share/ament_index/resource_index/packages/boost_asio
[2.114s] -- Up-to-date: /home/virtualkris2/ros2_ws/install/boost_asio/share/boost_asio/cmake/boost_asioConfig.cmake
[2.114s] -- Up-to-date: /home/virtualkris2/ros2_ws/install/boost_asio/share/boost_asio/cmake/boost_asioConfig-version.cmake
[2.114s] -- Installing: /home/virtualkris2/ros2_ws/install/boost_asio/share/boost_asio/package.xml
[2.115s] Invoked command in '/home/virtualkris2/ros2_ws/build/boost_asio' returned '0': CMAKE_PREFIX_PATH=/home/virtualkris2/ros2_ws/install/boost_asio:/opt/ros/humble:/home/virtualkris2/ros2_ws/install/tripod7:/home/virtualkris2/ros2_ws/install/three_legged_bot:/home/virtualkris2/ros2_ws/install/core_interfaces /usr/bin/cmake --install /home/virtualkris2/ros2_ws/build/boost_asio
