[0.091s] DEBUG:colcon:Command line arguments: ['/home/virtualkris2/.local/bin/colcon', 'build', '--packages-select', 'boost_asio']
[0.091s] DEBUG:colcon:Parsed command line arguments: Namespace(log_base=None, log_level=None, verb_name='build', build_base='build', install_base='install', merge_install=False, symlink_install=False, test_result_base=None, continue_on_error=False, executor='parallel', parallel_workers=24, event_handlers=None, ignore_user_meta=False, metas=['./colcon.meta'], base_paths=['.'], packages_ignore=None, packages_ignore_regex=None, paths=None, packages_up_to=None, packages_up_to_regex=None, packages_above=None, packages_above_and_dependencies=None, packages_above_depth=None, packages_select_by_dep=None, packages_skip_by_dep=None, packages_skip_up_to=None, packages_select_build_failed=False, packages_skip_build_finished=False, packages_select_test_failures=False, packages_skip_test_passed=False, packages_select=['boost_asio'], packages_skip=None, packages_select_regex=None, packages_skip_regex=None, packages_start=None, packages_end=None, cmake_args=None, cmake_target=None, cmake_target_skip_unavailable=False, cmake_clean_cache=False, cmake_clean_first=False, cmake_force_configure=False, ament_cmake_args=None, catkin_cmake_args=None, catkin_skip_building_tests=False, verb_parser=<colcon_defaults.argument_parser.defaults.DefaultArgumentsDecorator object at 0x7f8fcc038cd0>, verb_extension=<colcon_core.verb.build.BuildVerb object at 0x7f8fcc038880>, main=<bound method BuildVerb.main of <colcon_core.verb.build.BuildVerb object at 0x7f8fcc038880>>)
[0.144s] Level 1:colcon.colcon_core.package_discovery:discover_packages(colcon_meta) check parameters
[0.144s] Level 1:colcon.colcon_core.package_discovery:discover_packages(recursive) check parameters
[0.144s] Level 1:colcon.colcon_core.package_discovery:discover_packages(ignore) check parameters
[0.144s] Level 1:colcon.colcon_core.package_discovery:discover_packages(path) check parameters
[0.144s] Level 1:colcon.colcon_core.package_discovery:discover_packages(colcon_meta) discover
[0.144s] Level 1:colcon.colcon_core.package_discovery:discover_packages(recursive) discover
[0.144s] INFO:colcon.colcon_core.package_discovery:Crawling recursively for packages in '/home/virtualkris2/ros2_ws/src/boost_asio'
[0.144s] Level 1:colcon.colcon_core.package_identification:_identify(.) by extensions ['ignore', 'ignore_ament_install']
[0.144s] Level 1:colcon.colcon_core.package_identification:_identify(.) by extension 'ignore'
[0.144s] Level 1:colcon.colcon_core.package_identification:_identify(.) by extension 'ignore_ament_install'
[0.144s] Level 1:colcon.colcon_core.package_identification:_identify(.) by extensions ['colcon_pkg']
[0.144s] Level 1:colcon.colcon_core.package_identification:_identify(.) by extension 'colcon_pkg'
[0.144s] Level 1:colcon.colcon_core.package_identification:_identify(.) by extensions ['colcon_meta']
[0.144s] Level 1:colcon.colcon_core.package_identification:_identify(.) by extension 'colcon_meta'
[0.144s] Level 1:colcon.colcon_core.package_identification:_identify(.) by extensions ['ros']
[0.144s] Level 1:colcon.colcon_core.package_identification:_identify(.) by extension 'ros'
[0.150s] DEBUG:colcon.colcon_core.package_identification:Package '.' with type 'ros.ament_cmake' and name 'boost_asio'
[0.150s] Level 1:colcon.colcon_core.package_discovery:discover_packages(recursive) using defaults
[0.150s] Level 1:colcon.colcon_core.package_discovery:discover_packages(ignore) discover
[0.150s] Level 1:colcon.colcon_core.package_discovery:discover_packages(ignore) using defaults
[0.150s] Level 1:colcon.colcon_core.package_discovery:discover_packages(path) discover
[0.150s] Level 1:colcon.colcon_core.package_discovery:discover_packages(path) using defaults
[0.160s] Level 5:colcon.colcon_core.verb:set package 'boost_asio' build argument 'cmake_args' from command line to 'None'
[0.160s] Level 5:colcon.colcon_core.verb:set package 'boost_asio' build argument 'cmake_target' from command line to 'None'
[0.160s] Level 5:colcon.colcon_core.verb:set package 'boost_asio' build argument 'cmake_target_skip_unavailable' from command line to 'False'
[0.160s] Level 5:colcon.colcon_core.verb:set package 'boost_asio' build argument 'cmake_clean_cache' from command line to 'False'
[0.160s] Level 5:colcon.colcon_core.verb:set package 'boost_asio' build argument 'cmake_clean_first' from command line to 'False'
[0.160s] Level 5:colcon.colcon_core.verb:set package 'boost_asio' build argument 'cmake_force_configure' from command line to 'False'
[0.160s] Level 5:colcon.colcon_core.verb:set package 'boost_asio' build argument 'ament_cmake_args' from command line to 'None'
[0.160s] Level 5:colcon.colcon_core.verb:set package 'boost_asio' build argument 'catkin_cmake_args' from command line to 'None'
[0.160s] Level 5:colcon.colcon_core.verb:set package 'boost_asio' build argument 'catkin_skip_building_tests' from command line to 'False'
[0.160s] DEBUG:colcon.colcon_core.verb:Building package 'boost_asio' with the following arguments: {'ament_cmake_args': None, 'build_base': '/home/virtualkris2/ros2_ws/src/boost_asio/build/boost_asio', 'catkin_cmake_args': None, 'catkin_skip_building_tests': False, 'cmake_args': None, 'cmake_clean_cache': False, 'cmake_clean_first': False, 'cmake_force_configure': False, 'cmake_target': None, 'cmake_target_skip_unavailable': False, 'install_base': '/home/virtualkris2/ros2_ws/src/boost_asio/install/boost_asio', 'merge_install': False, 'path': '/home/virtualkris2/ros2_ws/src/boost_asio', 'symlink_install': False, 'test_result_base': None}
[0.160s] INFO:colcon.colcon_core.executor:Executing jobs using 'parallel' executor
[0.160s] DEBUG:colcon.colcon_parallel_executor.executor.parallel:run_until_complete
[0.160s] INFO:colcon.colcon_ros.task.ament_cmake.build:Building ROS package in '/home/virtualkris2/ros2_ws/src/boost_asio' with build type 'ament_cmake'
[0.161s] INFO:colcon.colcon_cmake.task.cmake.build:Building CMake package in '/home/virtualkris2/ros2_ws/src/boost_asio'
[0.162s] INFO:colcon.colcon_core.plugin_system:Skipping extension 'colcon_core.shell.bat': Not used on non-Windows systems
[0.162s] INFO:colcon.colcon_core.shell:Skip shell extension 'powershell' for command environment: Not usable outside of PowerShell
[0.162s] DEBUG:colcon.colcon_core.shell:Skip shell extension 'dsv' for command environment
[0.167s] DEBUG:colcon.colcon_core.event_handler.log_command:Invoking command in '/home/virtualkris2/ros2_ws/src/boost_asio/build/boost_asio': CMAKE_PREFIX_PATH=/opt/ros/humble:${CMAKE_PREFIX_PATH} /usr/bin/cmake /home/virtualkris2/ros2_ws/src/boost_asio -DCMAKE_INSTALL_PREFIX=/home/virtualkris2/ros2_ws/src/boost_asio/install/boost_asio
[2.914s] DEBUG:colcon.colcon_core.event_handler.log_command:Invoked command in '/home/virtualkris2/ros2_ws/src/boost_asio/build/boost_asio' returned '0': CMAKE_PREFIX_PATH=/opt/ros/humble:${CMAKE_PREFIX_PATH} /usr/bin/cmake /home/virtualkris2/ros2_ws/src/boost_asio -DCMAKE_INSTALL_PREFIX=/home/virtualkris2/ros2_ws/src/boost_asio/install/boost_asio
[2.915s] DEBUG:colcon.colcon_core.event_handler.log_command:Invoking command in '/home/virtualkris2/ros2_ws/src/boost_asio/build/boost_asio': CMAKE_PREFIX_PATH=/opt/ros/humble:${CMAKE_PREFIX_PATH} /usr/bin/cmake --build /home/virtualkris2/ros2_ws/src/boost_asio/build/boost_asio -- -j24 -l24
[3.999s] DEBUG:colcon.colcon_core.event_handler.log_command:Invoked command in '/home/virtualkris2/ros2_ws/src/boost_asio/build/boost_asio' returned '0': CMAKE_PREFIX_PATH=/opt/ros/humble:${CMAKE_PREFIX_PATH} /usr/bin/cmake --build /home/virtualkris2/ros2_ws/src/boost_asio/build/boost_asio -- -j24 -l24
[4.012s] DEBUG:colcon.colcon_core.event_handler.log_command:Invoking command in '/home/virtualkris2/ros2_ws/src/boost_asio/build/boost_asio': CMAKE_PREFIX_PATH=/opt/ros/humble:${CMAKE_PREFIX_PATH} /usr/bin/cmake --install /home/virtualkris2/ros2_ws/src/boost_asio/build/boost_asio
[4.017s] Level 1:colcon.colcon_core.environment:create_environment_scripts_only(boost_asio)
[4.017s] DEBUG:colcon.colcon_core.event_handler.log_command:Invoked command in '/home/virtualkris2/ros2_ws/src/boost_asio/build/boost_asio' returned '0': CMAKE_PREFIX_PATH=/opt/ros/humble:${CMAKE_PREFIX_PATH} /usr/bin/cmake --install /home/virtualkris2/ros2_ws/src/boost_asio/build/boost_asio
[4.018s] Level 1:colcon.colcon_core.environment:checking '/home/virtualkris2/ros2_ws/src/boost_asio/install/boost_asio' for CMake module files
[4.018s] Level 1:colcon.colcon_core.environment:checking '/home/virtualkris2/ros2_ws/src/boost_asio/install/boost_asio' for CMake config files
[4.018s] Level 1:colcon.colcon_core.shell:create_environment_hook('boost_asio', 'cmake_prefix_path')
[4.018s] INFO:colcon.colcon_core.shell:Creating environment hook '/home/virtualkris2/ros2_ws/src/boost_asio/install/boost_asio/share/boost_asio/hook/cmake_prefix_path.ps1'
[4.018s] INFO:colcon.colcon_core.shell:Creating environment descriptor '/home/virtualkris2/ros2_ws/src/boost_asio/install/boost_asio/share/boost_asio/hook/cmake_prefix_path.dsv'
[4.019s] INFO:colcon.colcon_core.shell:Creating environment hook '/home/virtualkris2/ros2_ws/src/boost_asio/install/boost_asio/share/boost_asio/hook/cmake_prefix_path.sh'
[4.019s] Level 1:colcon.colcon_core.environment:checking '/home/virtualkris2/ros2_ws/src/boost_asio/install/boost_asio/lib'
[4.019s] Level 1:colcon.colcon_core.environment:checking '/home/virtualkris2/ros2_ws/src/boost_asio/install/boost_asio/bin'
[4.019s] Level 1:colcon.colcon_core.environment:checking '/home/virtualkris2/ros2_ws/src/boost_asio/install/boost_asio/lib/pkgconfig/boost_asio.pc'
[4.020s] Level 1:colcon.colcon_core.environment:checking '/home/virtualkris2/ros2_ws/src/boost_asio/install/boost_asio/lib/python3.10/site-packages'
[4.020s] Level 1:colcon.colcon_core.environment:checking '/home/virtualkris2/ros2_ws/src/boost_asio/install/boost_asio/bin'
[4.020s] INFO:colcon.colcon_core.shell:Creating package script '/home/virtualkris2/ros2_ws/src/boost_asio/install/boost_asio/share/boost_asio/package.ps1'
[4.020s] INFO:colcon.colcon_core.shell:Creating package descriptor '/home/virtualkris2/ros2_ws/src/boost_asio/install/boost_asio/share/boost_asio/package.dsv'
[4.021s] INFO:colcon.colcon_core.shell:Creating package script '/home/virtualkris2/ros2_ws/src/boost_asio/install/boost_asio/share/boost_asio/package.sh'
[4.021s] INFO:colcon.colcon_core.shell:Creating package script '/home/virtualkris2/ros2_ws/src/boost_asio/install/boost_asio/share/boost_asio/package.bash'
[4.021s] INFO:colcon.colcon_core.shell:Creating package script '/home/virtualkris2/ros2_ws/src/boost_asio/install/boost_asio/share/boost_asio/package.zsh'
[4.021s] Level 1:colcon.colcon_core.environment:create_file_with_runtime_dependencies(/home/virtualkris2/ros2_ws/src/boost_asio/install/boost_asio/share/colcon-core/packages/boost_asio)
[4.030s] Level 1:colcon.colcon_core.environment:create_environment_scripts_only(boost_asio)
[4.030s] Level 1:colcon.colcon_core.environment:checking '/home/virtualkris2/ros2_ws/src/boost_asio/install/boost_asio' for CMake module files
[4.030s] Level 1:colcon.colcon_core.environment:checking '/home/virtualkris2/ros2_ws/src/boost_asio/install/boost_asio' for CMake config files
[4.030s] Level 1:colcon.colcon_core.shell:create_environment_hook('boost_asio', 'cmake_prefix_path')
[4.030s] INFO:colcon.colcon_core.shell:Creating environment hook '/home/virtualkris2/ros2_ws/src/boost_asio/install/boost_asio/share/boost_asio/hook/cmake_prefix_path.ps1'
[4.031s] INFO:colcon.colcon_core.shell:Creating environment descriptor '/home/virtualkris2/ros2_ws/src/boost_asio/install/boost_asio/share/boost_asio/hook/cmake_prefix_path.dsv'
[4.031s] INFO:colcon.colcon_core.shell:Creating environment hook '/home/virtualkris2/ros2_ws/src/boost_asio/install/boost_asio/share/boost_asio/hook/cmake_prefix_path.sh'
[4.031s] Level 1:colcon.colcon_core.environment:checking '/home/virtualkris2/ros2_ws/src/boost_asio/install/boost_asio/lib'
[4.031s] Level 1:colcon.colcon_core.environment:checking '/home/virtualkris2/ros2_ws/src/boost_asio/install/boost_asio/bin'
[4.031s] Level 1:colcon.colcon_core.environment:checking '/home/virtualkris2/ros2_ws/src/boost_asio/install/boost_asio/lib/pkgconfig/boost_asio.pc'
[4.031s] Level 1:colcon.colcon_core.environment:checking '/home/virtualkris2/ros2_ws/src/boost_asio/install/boost_asio/lib/python3.10/site-packages'
[4.031s] Level 1:colcon.colcon_core.environment:checking '/home/virtualkris2/ros2_ws/src/boost_asio/install/boost_asio/bin'
[4.031s] INFO:colcon.colcon_core.shell:Creating package script '/home/virtualkris2/ros2_ws/src/boost_asio/install/boost_asio/share/boost_asio/package.ps1'
[4.031s] INFO:colcon.colcon_core.shell:Creating package descriptor '/home/virtualkris2/ros2_ws/src/boost_asio/install/boost_asio/share/boost_asio/package.dsv'
[4.032s] INFO:colcon.colcon_core.shell:Creating package script '/home/virtualkris2/ros2_ws/src/boost_asio/install/boost_asio/share/boost_asio/package.sh'
[4.032s] INFO:colcon.colcon_core.shell:Creating package script '/home/virtualkris2/ros2_ws/src/boost_asio/install/boost_asio/share/boost_asio/package.bash'
[4.032s] INFO:colcon.colcon_core.shell:Creating package script '/home/virtualkris2/ros2_ws/src/boost_asio/install/boost_asio/share/boost_asio/package.zsh'
[4.032s] Level 1:colcon.colcon_core.environment:create_file_with_runtime_dependencies(/home/virtualkris2/ros2_ws/src/boost_asio/install/boost_asio/share/colcon-core/packages/boost_asio)
[4.032s] DEBUG:colcon.colcon_parallel_executor.executor.parallel:closing loop
[4.032s] DEBUG:colcon.colcon_parallel_executor.executor.parallel:loop closed
[4.032s] DEBUG:colcon.colcon_parallel_executor.executor.parallel:run_until_complete finished with '0'
[4.032s] DEBUG:colcon.colcon_core.event_reactor:joining thread
[4.058s] INFO:colcon.colcon_core.plugin_system:Skipping extension 'colcon_notification.desktop_notification.notify_send': Could not find 'notify-send'
[4.058s] INFO:colcon.colcon_core.plugin_system:Skipping extension 'colcon_notification.desktop_notification.terminal_notifier': Not used on non-Darwin systems
[4.058s] INFO:colcon.colcon_core.plugin_system:Skipping extension 'colcon_notification.desktop_notification.win32': Not used on non-Windows systems
[4.058s] INFO:colcon.colcon_notification.desktop_notification:Sending desktop notification using 'notify2'
[4.058s] DEBUG:colcon.colcon_notification.desktop_notification.notify2:Failed to initialize notify2: org.freedesktop.DBus.Error.FileNotFound: Failed to connect to socket /run/user/1000/bus: No such file or directory
[4.058s] DEBUG:colcon.colcon_core.event_reactor:joined thread
[4.058s] INFO:colcon.colcon_core.shell:Creating prefix script '/home/virtualkris2/ros2_ws/src/boost_asio/install/local_setup.ps1'
[4.059s] INFO:colcon.colcon_core.shell:Creating prefix util module '/home/virtualkris2/ros2_ws/src/boost_asio/install/_local_setup_util_ps1.py'
[4.059s] INFO:colcon.colcon_core.shell:Creating prefix chain script '/home/virtualkris2/ros2_ws/src/boost_asio/install/setup.ps1'
[4.060s] INFO:colcon.colcon_core.shell:Creating prefix script '/home/virtualkris2/ros2_ws/src/boost_asio/install/local_setup.sh'
[4.060s] INFO:colcon.colcon_core.shell:Creating prefix util module '/home/virtualkris2/ros2_ws/src/boost_asio/install/_local_setup_util_sh.py'
[4.060s] INFO:colcon.colcon_core.shell:Creating prefix chain script '/home/virtualkris2/ros2_ws/src/boost_asio/install/setup.sh'
[4.060s] INFO:colcon.colcon_core.shell:Creating prefix script '/home/virtualkris2/ros2_ws/src/boost_asio/install/local_setup.bash'
[4.060s] INFO:colcon.colcon_core.shell:Creating prefix chain script '/home/virtualkris2/ros2_ws/src/boost_asio/install/setup.bash'
[4.061s] INFO:colcon.colcon_core.shell:Creating prefix script '/home/virtualkris2/ros2_ws/src/boost_asio/install/local_setup.zsh'
[4.061s] INFO:colcon.colcon_core.shell:Creating prefix chain script '/home/virtualkris2/ros2_ws/src/boost_asio/install/setup.zsh'
