-- The C compiler identification is GNU 11.4.0
-- The CXX compiler identification is GNU 11.4.0
-- Detecting C compiler ABI info
-- Detecting C compiler ABI info - done
-- Check for working C compiler: /usr/bin/cc - skipped
-- Detecting C compile features
-- Detecting C compile features - done
-- Detecting CXX compiler ABI info
-- Detecting CXX compiler ABI info - done
-- Check for working CXX compiler: /usr/bin/c++ - skipped
-- Detecting CXX compile features
-- Detecting CXX compile features - done
-- Found ament_cmake: 1.3.10 (/opt/ros/humble/share/ament_cmake/cmake)
-- Found Python3: /usr/bin/python3 (found version "3.10.12") found components: Interpreter 
-- Found rclcpp: 16.0.10 (/opt/ros/humble/share/rclcpp/cmake)
-- Found rosidl_generator_c: 3.1.5 (/opt/ros/humble/share/rosidl_generator_c/cmake)
-- Found rosidl_adapter: 3.1.5 (/opt/ros/humble/share/rosidl_adapter/cmake)
-- Found rosidl_generator_cpp: 3.1.5 (/opt/ros/humble/share/rosidl_generator_cpp/cmake)
-- Using all available rosidl_typesupport_c: rosidl_typesupport_fastrtps_c;rosidl_typesupport_introspection_c
-- Using all available rosidl_typesupport_cpp: rosidl_typesupport_fastrtps_cpp;rosidl_typesupport_introspection_cpp
-- Found rmw_implementation_cmake: 6.1.2 (/opt/ros/humble/share/rmw_implementation_cmake/cmake)
-- Found rmw_fastrtps_cpp: 6.2.7 (/opt/ros/humble/share/rmw_fastrtps_cpp/cmake)
-- Found OpenSSL: /usr/lib/x86_64-linux-gnu/libcrypto.so (found version "3.0.2")  
-- Found FastRTPS: /opt/ros/humble/include  
-- Using RMW implementation 'rmw_fastrtps_cpp' as default
-- Looking for pthread.h
-- Looking for pthread.h - found
-- Performing Test CMAKE_HAVE_LIBC_PTHREAD
-- Performing Test CMAKE_HAVE_LIBC_PTHREAD - Success
-- Found Threads: TRUE  
-- Found core_interfaces: 0.0.0 (/home/virtualkris2/ros2_ws/install/core_interfaces/share/core_interfaces/cmake)
-- Found ament_lint_auto: 0.12.11 (/opt/ros/humble/share/ament_lint_auto/cmake)
-- Added test 'cppcheck' to perform static code analysis on C / C++ code
-- Configured cppcheck include dirs: 
-- Configured cppcheck exclude dirs and/or files: 
-- Added test 'lint_cmake' to check CMake code style
-- Added test 'uncrustify' to check C / C++ code style
-- Configured uncrustify additional arguments: 
-- Added test 'xmllint' to check XML markup files
-- Configuring done
-- Generating done
-- Build files have been written to: /home/virtualkris2/ros2_ws/build/three_legged_bot
[  9%] [32mBuilding CXX object CMakeFiles/client.dir/src/userinterface_client.cpp.o[0m
[ 18%] [32mBuilding CXX object CMakeFiles/server3.dir/src/semaphore.cpp.o[0m
[ 27%] [32mBuilding CXX object CMakeFiles/server1.dir/src/leg1.cpp.o[0m
[ 36%] [32mBuilding CXX object CMakeFiles/server1.dir/src/semaphore.cpp.o[0m
[ 45%] [32mBuilding CXX object CMakeFiles/server2.dir/src/semaphore.cpp.o[0m
[ 54%] [32mBuilding CXX object CMakeFiles/server2.dir/src/leg2.cpp.o[0m
[ 63%] [32mBuilding CXX object CMakeFiles/server3.dir/src/leg3.cpp.o[0m
[ 72%] [32m[1mLinking CXX executable client[0m
[ 72%] Built target client
[ 81%] [32m[1mLinking CXX executable server2[0m
[ 90%] [32m[1mLinking CXX executable server3[0m
[100%] [32m[1mLinking CXX executable server1[0m
[100%] Built target server2
[100%] Built target server3
[100%] Built target server1
-- Install configuration: ""
-- Installing: /home/virtualkris2/ros2_ws/install/three_legged_bot/lib/three_legged_bot/server1
-- Set runtime path of "/home/virtualkris2/ros2_ws/install/three_legged_bot/lib/three_legged_bot/server1" to ""
-- Installing: /home/virtualkris2/ros2_ws/install/three_legged_bot/lib/three_legged_bot/server2
-- Set runtime path of "/home/virtualkris2/ros2_ws/install/three_legged_bot/lib/three_legged_bot/server2" to ""
-- Installing: /home/virtualkris2/ros2_ws/install/three_legged_bot/lib/three_legged_bot/server3
-- Set runtime path of "/home/virtualkris2/ros2_ws/install/three_legged_bot/lib/three_legged_bot/server3" to ""
-- Installing: /home/virtualkris2/ros2_ws/install/three_legged_bot/lib/three_legged_bot/client
-- Set runtime path of "/home/virtualkris2/ros2_ws/install/three_legged_bot/lib/three_legged_bot/client" to ""
-- Installing: /home/virtualkris2/ros2_ws/install/three_legged_bot/share/ament_index/resource_index/package_run_dependencies/three_legged_bot
-- Installing: /home/virtualkris2/ros2_ws/install/three_legged_bot/share/ament_index/resource_index/parent_prefix_path/three_legged_bot
-- Installing: /home/virtualkris2/ros2_ws/install/three_legged_bot/share/three_legged_bot/environment/ament_prefix_path.sh
-- Installing: /home/virtualkris2/ros2_ws/install/three_legged_bot/share/three_legged_bot/environment/ament_prefix_path.dsv
-- Installing: /home/virtualkris2/ros2_ws/install/three_legged_bot/share/three_legged_bot/environment/path.sh
-- Installing: /home/virtualkris2/ros2_ws/install/three_legged_bot/share/three_legged_bot/environment/path.dsv
-- Installing: /home/virtualkris2/ros2_ws/install/three_legged_bot/share/three_legged_bot/local_setup.bash
-- Installing: /home/virtualkris2/ros2_ws/install/three_legged_bot/share/three_legged_bot/local_setup.sh
-- Installing: /home/virtualkris2/ros2_ws/install/three_legged_bot/share/three_legged_bot/local_setup.zsh
-- Installing: /home/virtualkris2/ros2_ws/install/three_legged_bot/share/three_legged_bot/local_setup.dsv
-- Installing: /home/virtualkris2/ros2_ws/install/three_legged_bot/share/three_legged_bot/package.dsv
-- Installing: /home/virtualkris2/ros2_ws/install/three_legged_bot/share/ament_index/resource_index/packages/three_legged_bot
-- Installing: /home/virtualkris2/ros2_ws/install/three_legged_bot/share/three_legged_bot/cmake/three_legged_botConfig.cmake
-- Installing: /home/virtualkris2/ros2_ws/install/three_legged_bot/share/three_legged_bot/cmake/three_legged_botConfig-version.cmake
-- Installing: /home/virtualkris2/ros2_ws/install/three_legged_bot/share/three_legged_bot/package.xml
